{"C:\\Users\\Sofiat\\Desktop\\tutorial\\backhelloBooks\\server\\test\\book.js":{"path":"C:\\Users\\Sofiat\\Desktop\\tutorial\\backhelloBooks\\server\\test\\book.js","statementMap":{"0":{"start":{"line":3,"column":12},"end":{"line":3,"column":27}},"1":{"start":{"line":5,"column":13},"end":{"line":5,"column":42}},"2":{"start":{"line":7,"column":17},"end":{"line":7,"column":37}},"3":{"start":{"line":9,"column":18},"end":{"line":9,"column":52}},"4":{"start":{"line":11,"column":11},"end":{"line":11,"column":31}},"5":{"start":{"line":13,"column":12},"end":{"line":13,"column":40}},"6":{"start":{"line":15,"column":39},"end":{"line":15,"column":93}},"7":{"start":{"line":17,"column":13},"end":{"line":17,"column":34}},"8":{"start":{"line":19,"column":0},"end":{"line":139,"column":3}},"9":{"start":{"line":20,"column":14},"end":{"line":20,"column":175}},"10":{"start":{"line":21,"column":19},"end":{"line":21,"column":181}},"11":{"start":{"line":23,"column":15},"end":{"line":23,"column":17}},"12":{"start":{"line":24,"column":19},"end":{"line":24,"column":83}},"13":{"start":{"line":26,"column":4},"end":{"line":28,"column":5}},"14":{"start":{"line":27,"column":6},"end":{"line":27,"column":75}},"15":{"start":{"line":29,"column":4},"end":{"line":29,"column":16}},"16":{"start":{"line":33,"column":2},"end":{"line":40,"column":5}},"17":{"start":{"line":34,"column":4},"end":{"line":39,"column":7}},"18":{"start":{"line":35,"column":6},"end":{"line":38,"column":9}},"19":{"start":{"line":36,"column":8},"end":{"line":36,"column":42}},"20":{"start":{"line":37,"column":8},"end":{"line":37,"column":15}},"21":{"start":{"line":43,"column":2},"end":{"line":64,"column":5}},"22":{"start":{"line":44,"column":4},"end":{"line":63,"column":7}},"23":{"start":{"line":45,"column":17},"end":{"line":57,"column":7}},"24":{"start":{"line":58,"column":6},"end":{"line":62,"column":9}},"25":{"start":{"line":59,"column":8},"end":{"line":59,"column":42}},"26":{"start":{"line":60,"column":8},"end":{"line":60,"column":69}},"27":{"start":{"line":61,"column":8},"end":{"line":61,"column":15}},"28":{"start":{"line":69,"column":2},"end":{"line":86,"column":5}},"29":{"start":{"line":70,"column":4},"end":{"line":85,"column":7}},"30":{"start":{"line":71,"column":17},"end":{"line":79,"column":7}},"31":{"start":{"line":80,"column":6},"end":{"line":84,"column":9}},"32":{"start":{"line":81,"column":8},"end":{"line":81,"column":42}},"33":{"start":{"line":83,"column":8},"end":{"line":83,"column":15}},"34":{"start":{"line":90,"column":2},"end":{"line":97,"column":5}},"35":{"start":{"line":91,"column":4},"end":{"line":96,"column":7}},"36":{"start":{"line":92,"column":6},"end":{"line":95,"column":9}},"37":{"start":{"line":93,"column":8},"end":{"line":93,"column":42}},"38":{"start":{"line":94,"column":8},"end":{"line":94,"column":15}},"39":{"start":{"line":99,"column":2},"end":{"line":107,"column":5}},"40":{"start":{"line":100,"column":4},"end":{"line":106,"column":7}},"41":{"start":{"line":101,"column":6},"end":{"line":105,"column":9}},"42":{"start":{"line":102,"column":8},"end":{"line":102,"column":42}},"43":{"start":{"line":103,"column":8},"end":{"line":103,"column":57}},"44":{"start":{"line":104,"column":8},"end":{"line":104,"column":15}},"45":{"start":{"line":111,"column":2},"end":{"line":126,"column":5}},"46":{"start":{"line":112,"column":4},"end":{"line":125,"column":7}},"47":{"start":{"line":113,"column":17},"end":{"line":119,"column":7}},"48":{"start":{"line":120,"column":6},"end":{"line":124,"column":9}},"49":{"start":{"line":121,"column":8},"end":{"line":121,"column":42}},"50":{"start":{"line":123,"column":8},"end":{"line":123,"column":15}},"51":{"start":{"line":130,"column":2},"end":{"line":138,"column":5}},"52":{"start":{"line":131,"column":4},"end":{"line":137,"column":7}},"53":{"start":{"line":132,"column":15},"end":{"line":132,"column":17}},"54":{"start":{"line":133,"column":6},"end":{"line":136,"column":9}},"55":{"start":{"line":134,"column":8},"end":{"line":134,"column":42}},"56":{"start":{"line":135,"column":8},"end":{"line":135,"column":15}}},"fnMap":{"0":{"name":"_interopRequireDefault","decl":{"start":{"line":15,"column":9},"end":{"line":15,"column":31}},"loc":{"start":{"line":15,"column":37},"end":{"line":15,"column":95}},"line":15},"1":{"name":"(anonymous_1)","decl":{"start":{"line":19,"column":37},"end":{"line":19,"column":38}},"loc":{"start":{"line":19,"column":49},"end":{"line":139,"column":1}},"line":19},"2":{"name":"makeText","decl":{"start":{"line":22,"column":11},"end":{"line":22,"column":19}},"loc":{"start":{"line":22,"column":22},"end":{"line":30,"column":3}},"line":22},"3":{"name":"(anonymous_3)","decl":{"start":{"line":33,"column":47},"end":{"line":33,"column":48}},"loc":{"start":{"line":33,"column":59},"end":{"line":40,"column":3}},"line":33},"4":{"name":"(anonymous_4)","decl":{"start":{"line":34,"column":27},"end":{"line":34,"column":28}},"loc":{"start":{"line":34,"column":43},"end":{"line":39,"column":5}},"line":34},"5":{"name":"(anonymous_5)","decl":{"start":{"line":35,"column":107},"end":{"line":35,"column":108}},"loc":{"start":{"line":35,"column":127},"end":{"line":38,"column":7}},"line":35},"6":{"name":"(anonymous_6)","decl":{"start":{"line":43,"column":79},"end":{"line":43,"column":80}},"loc":{"start":{"line":43,"column":91},"end":{"line":64,"column":3}},"line":43},"7":{"name":"(anonymous_7)","decl":{"start":{"line":44,"column":29},"end":{"line":44,"column":30}},"loc":{"start":{"line":44,"column":45},"end":{"line":63,"column":5}},"line":44},"8":{"name":"(anonymous_8)","decl":{"start":{"line":58,"column":90},"end":{"line":58,"column":91}},"loc":{"start":{"line":58,"column":110},"end":{"line":62,"column":7}},"line":58},"9":{"name":"(anonymous_9)","decl":{"start":{"line":69,"column":77},"end":{"line":69,"column":78}},"loc":{"start":{"line":69,"column":89},"end":{"line":86,"column":3}},"line":69},"10":{"name":"(anonymous_10)","decl":{"start":{"line":70,"column":38},"end":{"line":70,"column":39}},"loc":{"start":{"line":70,"column":54},"end":{"line":85,"column":5}},"line":70},"11":{"name":"(anonymous_11)","decl":{"start":{"line":80,"column":90},"end":{"line":80,"column":91}},"loc":{"start":{"line":80,"column":110},"end":{"line":84,"column":7}},"line":80},"12":{"name":"(anonymous_12)","decl":{"start":{"line":90,"column":63},"end":{"line":90,"column":64}},"loc":{"start":{"line":90,"column":75},"end":{"line":97,"column":3}},"line":90},"13":{"name":"(anonymous_13)","decl":{"start":{"line":91,"column":38},"end":{"line":91,"column":39}},"loc":{"start":{"line":91,"column":54},"end":{"line":96,"column":5}},"line":91},"14":{"name":"(anonymous_14)","decl":{"start":{"line":92,"column":109},"end":{"line":92,"column":110}},"loc":{"start":{"line":92,"column":129},"end":{"line":95,"column":7}},"line":92},"15":{"name":"(anonymous_15)","decl":{"start":{"line":99,"column":71},"end":{"line":99,"column":72}},"loc":{"start":{"line":99,"column":83},"end":{"line":107,"column":3}},"line":99},"16":{"name":"(anonymous_16)","decl":{"start":{"line":100,"column":32},"end":{"line":100,"column":33}},"loc":{"start":{"line":100,"column":48},"end":{"line":106,"column":5}},"line":100},"17":{"name":"(anonymous_17)","decl":{"start":{"line":101,"column":111},"end":{"line":101,"column":112}},"loc":{"start":{"line":101,"column":131},"end":{"line":105,"column":7}},"line":101},"18":{"name":"(anonymous_18)","decl":{"start":{"line":111,"column":62},"end":{"line":111,"column":63}},"loc":{"start":{"line":111,"column":74},"end":{"line":126,"column":3}},"line":111},"19":{"name":"(anonymous_19)","decl":{"start":{"line":112,"column":35},"end":{"line":112,"column":36}},"loc":{"start":{"line":112,"column":51},"end":{"line":125,"column":5}},"line":112},"20":{"name":"(anonymous_20)","decl":{"start":{"line":120,"column":84},"end":{"line":120,"column":85}},"loc":{"start":{"line":120,"column":104},"end":{"line":124,"column":7}},"line":120},"21":{"name":"(anonymous_21)","decl":{"start":{"line":130,"column":82},"end":{"line":130,"column":83}},"loc":{"start":{"line":130,"column":94},"end":{"line":138,"column":3}},"line":130},"22":{"name":"(anonymous_22)","decl":{"start":{"line":131,"column":55},"end":{"line":131,"column":56}},"loc":{"start":{"line":131,"column":71},"end":{"line":137,"column":5}},"line":131},"23":{"name":"(anonymous_23)","decl":{"start":{"line":133,"column":105},"end":{"line":133,"column":106}},"loc":{"start":{"line":133,"column":125},"end":{"line":136,"column":7}},"line":133}},"branchMap":{"0":{"loc":{"start":{"line":15,"column":46},"end":{"line":15,"column":92}},"type":"cond-expr","locations":[{"start":{"line":15,"column":70},"end":{"line":15,"column":73}},{"start":{"line":15,"column":76},"end":{"line":15,"column":92}}],"line":15},"1":{"loc":{"start":{"line":15,"column":46},"end":{"line":15,"column":67}},"type":"binary-expr","locations":[{"start":{"line":15,"column":46},"end":{"line":15,"column":49}},{"start":{"line":15,"column":53},"end":{"line":15,"column":67}}],"line":15}},"s":{"0":1,"1":1,"2":1,"3":1,"4":1,"5":1,"6":3,"7":1,"8":1,"9":1,"10":1,"11":9,"12":9,"13":9,"14":45,"15":9,"16":1,"17":1,"18":1,"19":1,"20":0,"21":1,"22":1,"23":1,"24":1,"25":1,"26":0,"27":0,"28":1,"29":1,"30":1,"31":1,"32":1,"33":0,"34":1,"35":1,"36":1,"37":1,"38":0,"39":1,"40":1,"41":1,"42":1,"43":0,"44":0,"45":1,"46":1,"47":1,"48":1,"49":1,"50":0,"51":1,"52":1,"53":1,"54":1,"55":1,"56":0},"f":{"0":3,"1":1,"2":9,"3":1,"4":1,"5":1,"6":1,"7":1,"8":1,"9":1,"10":1,"11":1,"12":1,"13":1,"14":1,"15":1,"16":1,"17":1,"18":1,"19":1,"20":1,"21":1,"22":1,"23":1},"b":{"0":[0,3],"1":[3,3]},"_coverageSchema":"332fd63041d2c1bcb487cc26dd0d5f7d97098a6c","hash":"a6b51be19788b07aebce1723b6bf683e33e0a053","contentHash":"6ec18c0b6d63e5d8d17a4755f677c6b1_11.1.0"},"C:\\Users\\Sofiat\\Desktop\\tutorial\\backhelloBooks\\app.js":{"path":"C:\\Users\\Sofiat\\Desktop\\tutorial\\backhelloBooks\\app.js","statementMap":{"0":{"start":{"line":3,"column":15},"end":{"line":3,"column":33}},"1":{"start":{"line":5,"column":16},"end":{"line":5,"column":48}},"2":{"start":{"line":7,"column":14},"end":{"line":7,"column":31}},"3":{"start":{"line":9,"column":15},"end":{"line":9,"column":46}},"4":{"start":{"line":11,"column":18},"end":{"line":11,"column":40}},"5":{"start":{"line":13,"column":19},"end":{"line":13,"column":54}},"6":{"start":{"line":15,"column":14},"end":{"line":15,"column":40}},"7":{"start":{"line":17,"column":15},"end":{"line":17,"column":46}},"8":{"start":{"line":19,"column":12},"end":{"line":19,"column":43}},"9":{"start":{"line":21,"column":13},"end":{"line":21,"column":42}},"10":{"start":{"line":23,"column":18},"end":{"line":23,"column":55}},"11":{"start":{"line":25,"column":19},"end":{"line":25,"column":54}},"12":{"start":{"line":27,"column":39},"end":{"line":27,"column":93}},"13":{"start":{"line":30,"column":10},"end":{"line":30,"column":34}},"14":{"start":{"line":33,"column":0},"end":{"line":33,"column":38}},"15":{"start":{"line":36,"column":0},"end":{"line":36,"column":37}},"16":{"start":{"line":37,"column":0},"end":{"line":37,"column":62}},"17":{"start":{"line":38,"column":0},"end":{"line":38,"column":58}},"18":{"start":{"line":39,"column":0},"end":{"line":39,"column":67}},"19":{"start":{"line":43,"column":0},"end":{"line":43,"column":65}},"20":{"start":{"line":45,"column":0},"end":{"line":49,"column":3}},"21":{"start":{"line":46,"column":2},"end":{"line":48,"column":5}},"22":{"start":{"line":51,"column":0},"end":{"line":51,"column":21}}},"fnMap":{"0":{"name":"_interopRequireDefault","decl":{"start":{"line":27,"column":9},"end":{"line":27,"column":31}},"loc":{"start":{"line":27,"column":37},"end":{"line":27,"column":95}},"line":27},"1":{"name":"(anonymous_1)","decl":{"start":{"line":45,"column":13},"end":{"line":45,"column":14}},"loc":{"start":{"line":45,"column":33},"end":{"line":49,"column":1}},"line":45}},"branchMap":{"0":{"loc":{"start":{"line":27,"column":46},"end":{"line":27,"column":92}},"type":"cond-expr","locations":[{"start":{"line":27,"column":70},"end":{"line":27,"column":73}},{"start":{"line":27,"column":76},"end":{"line":27,"column":92}}],"line":27},"1":{"loc":{"start":{"line":27,"column":46},"end":{"line":27,"column":67}},"type":"binary-expr","locations":[{"start":{"line":27,"column":46},"end":{"line":27,"column":49}},{"start":{"line":27,"column":53},"end":{"line":27,"column":67}}],"line":27}},"s":{"0":1,"1":1,"2":1,"3":1,"4":1,"5":1,"6":1,"7":1,"8":1,"9":1,"10":1,"11":1,"12":6,"13":1,"14":1,"15":1,"16":1,"17":1,"18":1,"19":1,"20":1,"21":0,"22":1},"f":{"0":6,"1":0},"b":{"0":[3,3],"1":[6,6]},"_coverageSchema":"332fd63041d2c1bcb487cc26dd0d5f7d97098a6c","hash":"d95a1bfb429912336307a985f1fa7abdd82a30ea","contentHash":"c67df45edbaab3132d9cd29134b0f3d5_11.1.0"},"C:\\Users\\Sofiat\\Desktop\\tutorial\\backhelloBooks\\server\\routes\\index.js":{"path":"C:\\Users\\Sofiat\\Desktop\\tutorial\\backhelloBooks\\server\\routes\\index.js","statementMap":{"0":{"start":{"line":3,"column":0},"end":{"line":5,"column":3}},"1":{"start":{"line":7,"column":12},"end":{"line":7,"column":42}},"2":{"start":{"line":9,"column":13},"end":{"line":9,"column":42}},"3":{"start":{"line":11,"column":12},"end":{"line":11,"column":42}},"4":{"start":{"line":13,"column":13},"end":{"line":13,"column":42}},"5":{"start":{"line":15,"column":16},"end":{"line":15,"column":50}},"6":{"start":{"line":17,"column":17},"end":{"line":17,"column":50}},"7":{"start":{"line":19,"column":39},"end":{"line":19,"column":93}},"8":{"start":{"line":21,"column":13},"end":{"line":59,"column":1}},"9":{"start":{"line":22,"column":2},"end":{"line":26,"column":5}},"10":{"start":{"line":23,"column":4},"end":{"line":25,"column":7}},"11":{"start":{"line":29,"column":2},"end":{"line":29,"column":58}},"12":{"start":{"line":30,"column":2},"end":{"line":30,"column":56}},"13":{"start":{"line":34,"column":2},"end":{"line":34,"column":102}},"14":{"start":{"line":35,"column":2},"end":{"line":35,"column":69}},"15":{"start":{"line":36,"column":2},"end":{"line":36,"column":81}},"16":{"start":{"line":37,"column":2},"end":{"line":37,"column":102}},"17":{"start":{"line":38,"column":2},"end":{"line":38,"column":106}},"18":{"start":{"line":41,"column":2},"end":{"line":41,"column":111}},"19":{"start":{"line":42,"column":2},"end":{"line":42,"column":101}},"20":{"start":{"line":43,"column":2},"end":{"line":43,"column":112}},"21":{"start":{"line":44,"column":2},"end":{"line":44,"column":110}},"22":{"start":{"line":45,"column":2},"end":{"line":45,"column":114}},"23":{"start":{"line":48,"column":2},"end":{"line":48,"column":105}},"24":{"start":{"line":49,"column":2},"end":{"line":49,"column":104}},"25":{"start":{"line":50,"column":2},"end":{"line":50,"column":94}},"26":{"start":{"line":51,"column":2},"end":{"line":51,"column":95}},"27":{"start":{"line":54,"column":2},"end":{"line":58,"column":5}},"28":{"start":{"line":55,"column":4},"end":{"line":57,"column":7}},"29":{"start":{"line":61,"column":0},"end":{"line":61,"column":25}}},"fnMap":{"0":{"name":"_interopRequireDefault","decl":{"start":{"line":19,"column":9},"end":{"line":19,"column":31}},"loc":{"start":{"line":19,"column":37},"end":{"line":19,"column":95}},"line":19},"1":{"name":"routes","decl":{"start":{"line":21,"column":22},"end":{"line":21,"column":28}},"loc":{"start":{"line":21,"column":57},"end":{"line":59,"column":1}},"line":21},"2":{"name":"(anonymous_2)","decl":{"start":{"line":22,"column":18},"end":{"line":22,"column":19}},"loc":{"start":{"line":22,"column":38},"end":{"line":26,"column":3}},"line":22},"3":{"name":"(anonymous_3)","decl":{"start":{"line":54,"column":35},"end":{"line":54,"column":36}},"loc":{"start":{"line":54,"column":55},"end":{"line":58,"column":3}},"line":54}},"branchMap":{"0":{"loc":{"start":{"line":19,"column":46},"end":{"line":19,"column":92}},"type":"cond-expr","locations":[{"start":{"line":19,"column":70},"end":{"line":19,"column":73}},{"start":{"line":19,"column":76},"end":{"line":19,"column":92}}],"line":19},"1":{"loc":{"start":{"line":19,"column":46},"end":{"line":19,"column":67}},"type":"binary-expr","locations":[{"start":{"line":19,"column":46},"end":{"line":19,"column":49}},{"start":{"line":19,"column":53},"end":{"line":19,"column":67}}],"line":19}},"s":{"0":1,"1":1,"2":1,"3":1,"4":1,"5":1,"6":1,"7":3,"8":1,"9":1,"10":0,"11":1,"12":1,"13":1,"14":1,"15":1,"16":1,"17":1,"18":1,"19":1,"20":1,"21":1,"22":1,"23":1,"24":1,"25":1,"26":1,"27":1,"28":0,"29":1},"f":{"0":3,"1":1,"2":0,"3":0},"b":{"0":[3,0],"1":[3,3]},"_coverageSchema":"332fd63041d2c1bcb487cc26dd0d5f7d97098a6c","hash":"6ced9136404f010ee31d771368e2b7136af63e26","contentHash":"05d2c50a69feb98cffbe1d16592f0c32_11.1.0"},"C:\\Users\\Sofiat\\Desktop\\tutorial\\backhelloBooks\\server\\controllers\\book.js":{"path":"C:\\Users\\Sofiat\\Desktop\\tutorial\\backhelloBooks\\server\\controllers\\book.js","statementMap":{"0":{"start":{"line":3,"column":0},"end":{"line":5,"column":3}},"1":{"start":{"line":7,"column":13},"end":{"line":7,"column":39}},"2":{"start":{"line":9,"column":14},"end":{"line":9,"column":44}},"3":{"start":{"line":11,"column":39},"end":{"line":11,"column":93}},"4":{"start":{"line":13,"column":11},"end":{"line":13,"column":31}},"5":{"start":{"line":15,"column":0},"end":{"line":110,"column":2}},"6":{"start":{"line":18,"column":4},"end":{"line":33,"column":7}},"7":{"start":{"line":30,"column":6},"end":{"line":30,"column":90}},"8":{"start":{"line":32,"column":6},"end":{"line":32,"column":41}},"9":{"start":{"line":39,"column":4},"end":{"line":43,"column":7}},"10":{"start":{"line":40,"column":6},"end":{"line":40,"column":73}},"11":{"start":{"line":42,"column":6},"end":{"line":42,"column":41}},"12":{"start":{"line":49,"column":4},"end":{"line":58,"column":7}},"13":{"start":{"line":50,"column":6},"end":{"line":54,"column":7}},"14":{"start":{"line":51,"column":8},"end":{"line":53,"column":11}},"15":{"start":{"line":55,"column":6},"end":{"line":55,"column":40}},"16":{"start":{"line":57,"column":6},"end":{"line":57,"column":41}},"17":{"start":{"line":64,"column":4},"end":{"line":89,"column":7}},"18":{"start":{"line":65,"column":6},"end":{"line":69,"column":7}},"19":{"start":{"line":66,"column":8},"end":{"line":68,"column":11}},"20":{"start":{"line":70,"column":6},"end":{"line":86,"column":9}},"21":{"start":{"line":82,"column":8},"end":{"line":82,"column":42}},"22":{"start":{"line":85,"column":8},"end":{"line":85,"column":43}},"23":{"start":{"line":88,"column":6},"end":{"line":88,"column":41}},"24":{"start":{"line":95,"column":4},"end":{"line":108,"column":7}},"25":{"start":{"line":96,"column":6},"end":{"line":100,"column":7}},"26":{"start":{"line":97,"column":8},"end":{"line":99,"column":11}},"27":{"start":{"line":101,"column":6},"end":{"line":105,"column":9}},"28":{"start":{"line":102,"column":8},"end":{"line":102,"column":79}},"29":{"start":{"line":104,"column":8},"end":{"line":104,"column":43}},"30":{"start":{"line":107,"column":6},"end":{"line":107,"column":41}}},"fnMap":{"0":{"name":"_interopRequireDefault","decl":{"start":{"line":11,"column":9},"end":{"line":11,"column":31}},"loc":{"start":{"line":11,"column":37},"end":{"line":11,"column":95}},"line":11},"1":{"name":"create","decl":{"start":{"line":17,"column":19},"end":{"line":17,"column":25}},"loc":{"start":{"line":17,"column":36},"end":{"line":34,"column":3}},"line":17},"2":{"name":"(anonymous_2)","decl":{"start":{"line":29,"column":12},"end":{"line":29,"column":13}},"loc":{"start":{"line":29,"column":28},"end":{"line":31,"column":5}},"line":29},"3":{"name":"(anonymous_3)","decl":{"start":{"line":31,"column":13},"end":{"line":31,"column":14}},"loc":{"start":{"line":31,"column":30},"end":{"line":33,"column":5}},"line":31},"4":{"name":"list","decl":{"start":{"line":38,"column":17},"end":{"line":38,"column":21}},"loc":{"start":{"line":38,"column":32},"end":{"line":44,"column":3}},"line":38},"5":{"name":"(anonymous_5)","decl":{"start":{"line":39,"column":27},"end":{"line":39,"column":28}},"loc":{"start":{"line":39,"column":43},"end":{"line":41,"column":5}},"line":39},"6":{"name":"(anonymous_6)","decl":{"start":{"line":41,"column":13},"end":{"line":41,"column":14}},"loc":{"start":{"line":41,"column":30},"end":{"line":43,"column":5}},"line":41},"7":{"name":"retrieve","decl":{"start":{"line":48,"column":21},"end":{"line":48,"column":29}},"loc":{"start":{"line":48,"column":40},"end":{"line":59,"column":3}},"line":48},"8":{"name":"(anonymous_8)","decl":{"start":{"line":49,"column":49},"end":{"line":49,"column":50}},"loc":{"start":{"line":49,"column":65},"end":{"line":56,"column":5}},"line":49},"9":{"name":"(anonymous_9)","decl":{"start":{"line":56,"column":13},"end":{"line":56,"column":14}},"loc":{"start":{"line":56,"column":30},"end":{"line":58,"column":5}},"line":56},"10":{"name":"update","decl":{"start":{"line":63,"column":19},"end":{"line":63,"column":25}},"loc":{"start":{"line":63,"column":36},"end":{"line":90,"column":3}},"line":63},"11":{"name":"(anonymous_11)","decl":{"start":{"line":64,"column":49},"end":{"line":64,"column":50}},"loc":{"start":{"line":64,"column":65},"end":{"line":87,"column":5}},"line":64},"12":{"name":"(anonymous_12)","decl":{"start":{"line":81,"column":14},"end":{"line":81,"column":15}},"loc":{"start":{"line":81,"column":26},"end":{"line":83,"column":7}},"line":81},"13":{"name":"(anonymous_13)","decl":{"start":{"line":84,"column":13},"end":{"line":84,"column":14}},"loc":{"start":{"line":84,"column":30},"end":{"line":86,"column":7}},"line":84},"14":{"name":"(anonymous_14)","decl":{"start":{"line":87,"column":13},"end":{"line":87,"column":14}},"loc":{"start":{"line":87,"column":30},"end":{"line":89,"column":5}},"line":87},"15":{"name":"destroy","decl":{"start":{"line":94,"column":20},"end":{"line":94,"column":27}},"loc":{"start":{"line":94,"column":38},"end":{"line":109,"column":3}},"line":94},"16":{"name":"(anonymous_16)","decl":{"start":{"line":95,"column":49},"end":{"line":95,"column":50}},"loc":{"start":{"line":95,"column":65},"end":{"line":106,"column":5}},"line":95},"17":{"name":"(anonymous_17)","decl":{"start":{"line":101,"column":33},"end":{"line":101,"column":34}},"loc":{"start":{"line":101,"column":45},"end":{"line":103,"column":7}},"line":101},"18":{"name":"(anonymous_18)","decl":{"start":{"line":103,"column":15},"end":{"line":103,"column":16}},"loc":{"start":{"line":103,"column":32},"end":{"line":105,"column":7}},"line":103},"19":{"name":"(anonymous_19)","decl":{"start":{"line":106,"column":13},"end":{"line":106,"column":14}},"loc":{"start":{"line":106,"column":30},"end":{"line":108,"column":5}},"line":106}},"branchMap":{"0":{"loc":{"start":{"line":11,"column":46},"end":{"line":11,"column":92}},"type":"cond-expr","locations":[{"start":{"line":11,"column":70},"end":{"line":11,"column":73}},{"start":{"line":11,"column":76},"end":{"line":11,"column":92}}],"line":11},"1":{"loc":{"start":{"line":11,"column":46},"end":{"line":11,"column":67}},"type":"binary-expr","locations":[{"start":{"line":11,"column":46},"end":{"line":11,"column":49}},{"start":{"line":11,"column":53},"end":{"line":11,"column":67}}],"line":11},"2":{"loc":{"start":{"line":50,"column":6},"end":{"line":54,"column":7}},"type":"if","locations":[{"start":{"line":50,"column":6},"end":{"line":54,"column":7}},{"start":{"line":50,"column":6},"end":{"line":54,"column":7}}],"line":50},"3":{"loc":{"start":{"line":65,"column":6},"end":{"line":69,"column":7}},"type":"if","locations":[{"start":{"line":65,"column":6},"end":{"line":69,"column":7}},{"start":{"line":65,"column":6},"end":{"line":69,"column":7}}],"line":65},"4":{"loc":{"start":{"line":71,"column":15},"end":{"line":71,"column":43}},"type":"binary-expr","locations":[{"start":{"line":71,"column":15},"end":{"line":71,"column":29}},{"start":{"line":71,"column":33},"end":{"line":71,"column":43}}],"line":71},"5":{"loc":{"start":{"line":72,"column":21},"end":{"line":72,"column":61}},"type":"binary-expr","locations":[{"start":{"line":72,"column":21},"end":{"line":72,"column":41}},{"start":{"line":72,"column":45},"end":{"line":72,"column":61}}],"line":72},"6":{"loc":{"start":{"line":73,"column":18},"end":{"line":73,"column":52}},"type":"binary-expr","locations":[{"start":{"line":73,"column":18},"end":{"line":73,"column":35}},{"start":{"line":73,"column":39},"end":{"line":73,"column":52}}],"line":73},"7":{"loc":{"start":{"line":74,"column":18},"end":{"line":74,"column":52}},"type":"binary-expr","locations":[{"start":{"line":74,"column":18},"end":{"line":74,"column":35}},{"start":{"line":74,"column":39},"end":{"line":74,"column":52}}],"line":74},"8":{"loc":{"start":{"line":75,"column":15},"end":{"line":75,"column":43}},"type":"binary-expr","locations":[{"start":{"line":75,"column":15},"end":{"line":75,"column":29}},{"start":{"line":75,"column":33},"end":{"line":75,"column":43}}],"line":75},"9":{"loc":{"start":{"line":76,"column":16},"end":{"line":76,"column":46}},"type":"binary-expr","locations":[{"start":{"line":76,"column":16},"end":{"line":76,"column":31}},{"start":{"line":76,"column":35},"end":{"line":76,"column":46}}],"line":76},"10":{"loc":{"start":{"line":77,"column":14},"end":{"line":77,"column":40}},"type":"binary-expr","locations":[{"start":{"line":77,"column":14},"end":{"line":77,"column":27}},{"start":{"line":77,"column":31},"end":{"line":77,"column":40}}],"line":77},"11":{"loc":{"start":{"line":78,"column":21},"end":{"line":78,"column":57}},"type":"binary-expr","locations":[{"start":{"line":78,"column":21},"end":{"line":78,"column":37}},{"start":{"line":78,"column":41},"end":{"line":78,"column":57}}],"line":78},"12":{"loc":{"start":{"line":79,"column":19},"end":{"line":79,"column":55}},"type":"binary-expr","locations":[{"start":{"line":79,"column":19},"end":{"line":79,"column":37}},{"start":{"line":79,"column":41},"end":{"line":79,"column":55}}],"line":79},"13":{"loc":{"start":{"line":80,"column":18},"end":{"line":80,"column":48}},"type":"binary-expr","locations":[{"start":{"line":80,"column":18},"end":{"line":80,"column":31}},{"start":{"line":80,"column":35},"end":{"line":80,"column":48}}],"line":80},"14":{"loc":{"start":{"line":96,"column":6},"end":{"line":100,"column":7}},"type":"if","locations":[{"start":{"line":96,"column":6},"end":{"line":100,"column":7}},{"start":{"line":96,"column":6},"end":{"line":100,"column":7}}],"line":96}},"s":{"0":1,"1":1,"2":1,"3":1,"4":1,"5":1,"6":0,"7":0,"8":0,"9":0,"10":0,"11":0,"12":0,"13":0,"14":0,"15":0,"16":0,"17":0,"18":0,"19":0,"20":0,"21":0,"22":0,"23":0,"24":0,"25":0,"26":0,"27":0,"28":0,"29":0,"30":0},"f":{"0":1,"1":0,"2":0,"3":0,"4":0,"5":0,"6":0,"7":0,"8":0,"9":0,"10":0,"11":0,"12":0,"13":0,"14":0,"15":0,"16":0,"17":0,"18":0,"19":0},"b":{"0":[1,0],"1":[1,1],"2":[0,0],"3":[0,0],"4":[0,0],"5":[0,0],"6":[0,0],"7":[0,0],"8":[0,0],"9":[0,0],"10":[0,0],"11":[0,0],"12":[0,0],"13":[0,0],"14":[0,0]},"_coverageSchema":"332fd63041d2c1bcb487cc26dd0d5f7d97098a6c","hash":"de83d36d7447a47014d19f83a173a30aca049f2b","contentHash":"1b76f72b350f8d9e37fe8c334cdc8e5f_11.1.0"},"C:\\Users\\Sofiat\\Desktop\\tutorial\\backhelloBooks\\server\\models\\index.js":{"path":"C:\\Users\\Sofiat\\Desktop\\tutorial\\backhelloBooks\\server\\models\\index.js","statementMap":{"0":{"start":{"line":3,"column":0},"end":{"line":5,"column":3}},"1":{"start":{"line":7,"column":10},"end":{"line":7,"column":23}},"2":{"start":{"line":9,"column":11},"end":{"line":9,"column":38}},"3":{"start":{"line":11,"column":12},"end":{"line":11,"column":27}},"4":{"start":{"line":13,"column":13},"end":{"line":13,"column":42}},"5":{"start":{"line":15,"column":17},"end":{"line":15,"column":37}},"6":{"start":{"line":17,"column":18},"end":{"line":17,"column":52}},"7":{"start":{"line":19,"column":14},"end":{"line":19,"column":46}},"8":{"start":{"line":21,"column":15},"end":{"line":21,"column":46}},"9":{"start":{"line":23,"column":39},"end":{"line":23,"column":93}},"10":{"start":{"line":25,"column":15},"end":{"line":25,"column":55}},"11":{"start":{"line":26,"column":10},"end":{"line":26,"column":47}},"12":{"start":{"line":27,"column":13},"end":{"line":27,"column":34}},"13":{"start":{"line":28,"column":9},"end":{"line":28,"column":11}},"14":{"start":{"line":30,"column":16},"end":{"line":30,"column":22}},"15":{"start":{"line":31,"column":0},"end":{"line":35,"column":1}},"16":{"start":{"line":32,"column":2},"end":{"line":32,"column":63}},"17":{"start":{"line":34,"column":2},"end":{"line":34,"column":97}},"18":{"start":{"line":37,"column":0},"end":{"line":42,"column":3}},"19":{"start":{"line":38,"column":2},"end":{"line":38,"column":82}},"20":{"start":{"line":40,"column":14},"end":{"line":40,"column":68}},"21":{"start":{"line":41,"column":2},"end":{"line":41,"column":25}},"22":{"start":{"line":44,"column":0},"end":{"line":48,"column":3}},"23":{"start":{"line":45,"column":2},"end":{"line":47,"column":3}},"24":{"start":{"line":46,"column":4},"end":{"line":46,"column":32}},"25":{"start":{"line":50,"column":0},"end":{"line":50,"column":25}},"26":{"start":{"line":51,"column":0},"end":{"line":51,"column":35}},"27":{"start":{"line":55,"column":0},"end":{"line":55,"column":21}}},"fnMap":{"0":{"name":"_interopRequireDefault","decl":{"start":{"line":23,"column":9},"end":{"line":23,"column":31}},"loc":{"start":{"line":23,"column":37},"end":{"line":23,"column":95}},"line":23},"1":{"name":"(anonymous_1)","decl":{"start":{"line":37,"column":43},"end":{"line":37,"column":44}},"loc":{"start":{"line":37,"column":59},"end":{"line":39,"column":1}},"line":37},"2":{"name":"(anonymous_2)","decl":{"start":{"line":39,"column":11},"end":{"line":39,"column":12}},"loc":{"start":{"line":39,"column":27},"end":{"line":42,"column":1}},"line":39},"3":{"name":"(anonymous_3)","decl":{"start":{"line":44,"column":24},"end":{"line":44,"column":25}},"loc":{"start":{"line":44,"column":45},"end":{"line":48,"column":1}},"line":44}},"branchMap":{"0":{"loc":{"start":{"line":23,"column":46},"end":{"line":23,"column":92}},"type":"cond-expr","locations":[{"start":{"line":23,"column":70},"end":{"line":23,"column":73}},{"start":{"line":23,"column":76},"end":{"line":23,"column":92}}],"line":23},"1":{"loc":{"start":{"line":23,"column":46},"end":{"line":23,"column":67}},"type":"binary-expr","locations":[{"start":{"line":23,"column":46},"end":{"line":23,"column":49}},{"start":{"line":23,"column":53},"end":{"line":23,"column":67}}],"line":23},"2":{"loc":{"start":{"line":26,"column":10},"end":{"line":26,"column":47}},"type":"binary-expr","locations":[{"start":{"line":26,"column":10},"end":{"line":26,"column":30}},{"start":{"line":26,"column":34},"end":{"line":26,"column":47}}],"line":26},"3":{"loc":{"start":{"line":31,"column":0},"end":{"line":35,"column":1}},"type":"if","locations":[{"start":{"line":31,"column":0},"end":{"line":35,"column":1}},{"start":{"line":31,"column":0},"end":{"line":35,"column":1}}],"line":31},"4":{"loc":{"start":{"line":38,"column":9},"end":{"line":38,"column":81}},"type":"binary-expr","locations":[{"start":{"line":38,"column":9},"end":{"line":38,"column":32}},{"start":{"line":38,"column":36},"end":{"line":38,"column":53}},{"start":{"line":38,"column":57},"end":{"line":38,"column":81}}],"line":38},"5":{"loc":{"start":{"line":45,"column":2},"end":{"line":47,"column":3}},"type":"if","locations":[{"start":{"line":45,"column":2},"end":{"line":47,"column":3}},{"start":{"line":45,"column":2},"end":{"line":47,"column":3}}],"line":45}},"s":{"0":1,"1":1,"2":1,"3":1,"4":1,"5":1,"6":1,"7":1,"8":1,"9":4,"10":1,"11":1,"12":1,"13":1,"14":1,"15":1,"16":0,"17":1,"18":1,"19":5,"20":4,"21":4,"22":1,"23":4,"24":4,"25":1,"26":1,"27":1},"f":{"0":4,"1":5,"2":4,"3":4},"b":{"0":[0,4],"1":[4,4],"2":[1,1],"3":[0,1],"4":[5,5,4],"5":[4,0]},"_coverageSchema":"332fd63041d2c1bcb487cc26dd0d5f7d97098a6c","hash":"837d746bcaeb087683b6cbb26e9f99bf88a96d81","contentHash":"65f8882eba40507a7b7af541ecdbad65_11.1.0"},"C:\\Users\\Sofiat\\Desktop\\tutorial\\backhelloBooks\\server\\models\\book.js":{"path":"C:\\Users\\Sofiat\\Desktop\\tutorial\\backhelloBooks\\server\\models\\book.js","statementMap":{"0":{"start":{"line":3,"column":0},"end":{"line":5,"column":3}},"1":{"start":{"line":7,"column":16},"end":{"line":7,"column":37}},"2":{"start":{"line":9,"column":17},"end":{"line":9,"column":50}},"3":{"start":{"line":11,"column":39},"end":{"line":11,"column":93}},"4":{"start":{"line":13,"column":0},"end":{"line":66,"column":2}},"5":{"start":{"line":14,"column":13},"end":{"line":61,"column":4}},"6":{"start":{"line":62,"column":2},"end":{"line":64,"column":4}},"7":{"start":{"line":63,"column":4},"end":{"line":63,"column":79}},"8":{"start":{"line":65,"column":2},"end":{"line":65,"column":14}}},"fnMap":{"0":{"name":"_interopRequireDefault","decl":{"start":{"line":11,"column":9},"end":{"line":11,"column":31}},"loc":{"start":{"line":11,"column":37},"end":{"line":11,"column":95}},"line":11},"1":{"name":"(anonymous_1)","decl":{"start":{"line":13,"column":18},"end":{"line":13,"column":19}},"loc":{"start":{"line":13,"column":50},"end":{"line":66,"column":1}},"line":13},"2":{"name":"associate","decl":{"start":{"line":59,"column":26},"end":{"line":59,"column":35}},"loc":{"start":{"line":59,"column":44},"end":{"line":59,"column":46}},"line":59},"3":{"name":"(anonymous_3)","decl":{"start":{"line":62,"column":19},"end":{"line":62,"column":20}},"loc":{"start":{"line":62,"column":37},"end":{"line":64,"column":3}},"line":62}},"branchMap":{"0":{"loc":{"start":{"line":11,"column":46},"end":{"line":11,"column":92}},"type":"cond-expr","locations":[{"start":{"line":11,"column":70},"end":{"line":11,"column":73}},{"start":{"line":11,"column":76},"end":{"line":11,"column":92}}],"line":11},"1":{"loc":{"start":{"line":11,"column":46},"end":{"line":11,"column":67}},"type":"binary-expr","locations":[{"start":{"line":11,"column":46},"end":{"line":11,"column":49}},{"start":{"line":11,"column":53},"end":{"line":11,"column":67}}],"line":11}},"s":{"0":1,"1":1,"2":1,"3":1,"4":1,"5":1,"6":1,"7":1,"8":1},"f":{"0":1,"1":1,"2":0,"3":1},"b":{"0":[1,0],"1":[1,1]},"_coverageSchema":"332fd63041d2c1bcb487cc26dd0d5f7d97098a6c","hash":"52b3f151a289294ae78987b5b8e4489f3bf3d653","contentHash":"3d11bd655b8350b7e584c51a808c1ad4_11.1.0"},"C:\\Users\\Sofiat\\Desktop\\tutorial\\backhelloBooks\\server\\models\\category.js":{"path":"C:\\Users\\Sofiat\\Desktop\\tutorial\\backhelloBooks\\server\\models\\category.js","statementMap":{"0":{"start":{"line":3,"column":0},"end":{"line":5,"column":3}},"1":{"start":{"line":7,"column":12},"end":{"line":7,"column":29}},"2":{"start":{"line":9,"column":13},"end":{"line":9,"column":42}},"3":{"start":{"line":11,"column":39},"end":{"line":11,"column":93}},"4":{"start":{"line":13,"column":0},"end":{"line":26,"column":2}},"5":{"start":{"line":14,"column":17},"end":{"line":20,"column":4}},"6":{"start":{"line":22,"column":2},"end":{"line":24,"column":4}},"7":{"start":{"line":23,"column":4},"end":{"line":23,"column":60}},"8":{"start":{"line":25,"column":2},"end":{"line":25,"column":18}}},"fnMap":{"0":{"name":"_interopRequireDefault","decl":{"start":{"line":11,"column":9},"end":{"line":11,"column":31}},"loc":{"start":{"line":11,"column":37},"end":{"line":11,"column":95}},"line":11},"1":{"name":"(anonymous_1)","decl":{"start":{"line":13,"column":18},"end":{"line":13,"column":19}},"loc":{"start":{"line":13,"column":50},"end":{"line":26,"column":1}},"line":13},"2":{"name":"(anonymous_2)","decl":{"start":{"line":22,"column":23},"end":{"line":22,"column":24}},"loc":{"start":{"line":22,"column":41},"end":{"line":24,"column":3}},"line":22}},"branchMap":{"0":{"loc":{"start":{"line":11,"column":46},"end":{"line":11,"column":92}},"type":"cond-expr","locations":[{"start":{"line":11,"column":70},"end":{"line":11,"column":73}},{"start":{"line":11,"column":76},"end":{"line":11,"column":92}}],"line":11},"1":{"loc":{"start":{"line":11,"column":46},"end":{"line":11,"column":67}},"type":"binary-expr","locations":[{"start":{"line":11,"column":46},"end":{"line":11,"column":49}},{"start":{"line":11,"column":53},"end":{"line":11,"column":67}}],"line":11}},"s":{"0":1,"1":1,"2":1,"3":1,"4":1,"5":1,"6":1,"7":1,"8":1},"f":{"0":1,"1":1,"2":1},"b":{"0":[1,0],"1":[1,1]},"_coverageSchema":"332fd63041d2c1bcb487cc26dd0d5f7d97098a6c","hash":"969d6ce6a714444e167e0010c5726bb8b40adb10","contentHash":"3a18e9b7d91cc8c88776895e395a1651_11.1.0"},"C:\\Users\\Sofiat\\Desktop\\tutorial\\backhelloBooks\\server\\models\\borrowstatus.js":{"path":"C:\\Users\\Sofiat\\Desktop\\tutorial\\backhelloBooks\\server\\models\\borrowstatus.js","statementMap":{"0":{"start":{"line":3,"column":0},"end":{"line":5,"column":3}},"1":{"start":{"line":7,"column":0},"end":{"line":34,"column":2}},"2":{"start":{"line":8,"column":21},"end":{"line":27,"column":4}},"3":{"start":{"line":29,"column":2},"end":{"line":32,"column":4}},"4":{"start":{"line":30,"column":4},"end":{"line":30,"column":84}},"5":{"start":{"line":31,"column":4},"end":{"line":31,"column":84}},"6":{"start":{"line":33,"column":2},"end":{"line":33,"column":22}}},"fnMap":{"0":{"name":"(anonymous_0)","decl":{"start":{"line":7,"column":18},"end":{"line":7,"column":19}},"loc":{"start":{"line":7,"column":50},"end":{"line":34,"column":1}},"line":7},"1":{"name":"(anonymous_1)","decl":{"start":{"line":29,"column":27},"end":{"line":29,"column":28}},"loc":{"start":{"line":29,"column":45},"end":{"line":32,"column":3}},"line":29}},"branchMap":{},"s":{"0":1,"1":1,"2":1,"3":1,"4":1,"5":1,"6":1},"f":{"0":1,"1":1},"b":{},"_coverageSchema":"332fd63041d2c1bcb487cc26dd0d5f7d97098a6c","hash":"5a975a5dcd444af85ab41a5c75bc75139544a345","contentHash":"7ead057682bcb4d052fb96d12e4f6c5f_11.1.0"},"C:\\Users\\Sofiat\\Desktop\\tutorial\\backhelloBooks\\server\\models\\user.js":{"path":"C:\\Users\\Sofiat\\Desktop\\tutorial\\backhelloBooks\\server\\models\\user.js","statementMap":{"0":{"start":{"line":3,"column":0},"end":{"line":5,"column":3}},"1":{"start":{"line":7,"column":20},"end":{"line":7,"column":45}},"2":{"start":{"line":9,"column":21},"end":{"line":9,"column":58}},"3":{"start":{"line":11,"column":39},"end":{"line":11,"column":93}},"4":{"start":{"line":13,"column":19},"end":{"line":13,"column":54}},"5":{"start":{"line":15,"column":0},"end":{"line":55,"column":2}},"6":{"start":{"line":16,"column":13},"end":{"line":50,"column":4}},"7":{"start":{"line":47,"column":8},"end":{"line":47,"column":61}},"8":{"start":{"line":51,"column":2},"end":{"line":53,"column":4}},"9":{"start":{"line":52,"column":4},"end":{"line":52,"column":65}},"10":{"start":{"line":54,"column":2},"end":{"line":54,"column":14}}},"fnMap":{"0":{"name":"_interopRequireDefault","decl":{"start":{"line":11,"column":9},"end":{"line":11,"column":31}},"loc":{"start":{"line":11,"column":37},"end":{"line":11,"column":95}},"line":11},"1":{"name":"(anonymous_1)","decl":{"start":{"line":15,"column":18},"end":{"line":15,"column":19}},"loc":{"start":{"line":15,"column":50},"end":{"line":55,"column":1}},"line":15},"2":{"name":"associate","decl":{"start":{"line":45,"column":26},"end":{"line":45,"column":35}},"loc":{"start":{"line":45,"column":44},"end":{"line":48,"column":7}},"line":45},"3":{"name":"(anonymous_3)","decl":{"start":{"line":51,"column":19},"end":{"line":51,"column":20}},"loc":{"start":{"line":51,"column":37},"end":{"line":53,"column":3}},"line":51}},"branchMap":{"0":{"loc":{"start":{"line":11,"column":46},"end":{"line":11,"column":92}},"type":"cond-expr","locations":[{"start":{"line":11,"column":70},"end":{"line":11,"column":73}},{"start":{"line":11,"column":76},"end":{"line":11,"column":92}}],"line":11},"1":{"loc":{"start":{"line":11,"column":46},"end":{"line":11,"column":67}},"type":"binary-expr","locations":[{"start":{"line":11,"column":46},"end":{"line":11,"column":49}},{"start":{"line":11,"column":53},"end":{"line":11,"column":67}}],"line":11}},"s":{"0":1,"1":1,"2":1,"3":1,"4":1,"5":1,"6":1,"7":0,"8":1,"9":1,"10":1},"f":{"0":1,"1":1,"2":0,"3":1},"b":{"0":[1,0],"1":[1,1]},"_coverageSchema":"332fd63041d2c1bcb487cc26dd0d5f7d97098a6c","hash":"3e3d2faf809fbf2716273a87bd5c54054a39e0f7","contentHash":"2bf1eba4a871ceeb022392b365859dbe_11.1.0"},"C:\\Users\\Sofiat\\Desktop\\tutorial\\backhelloBooks\\server\\controllers\\user.js":{"path":"C:\\Users\\Sofiat\\Desktop\\tutorial\\backhelloBooks\\server\\controllers\\user.js","statementMap":{"0":{"start":{"line":3,"column":0},"end":{"line":5,"column":3}},"1":{"start":{"line":7,"column":20},"end":{"line":7,"column":43}},"2":{"start":{"line":9,"column":21},"end":{"line":9,"column":58}},"3":{"start":{"line":11,"column":14},"end":{"line":11,"column":31}},"4":{"start":{"line":13,"column":15},"end":{"line":13,"column":46}},"5":{"start":{"line":15,"column":14},"end":{"line":15,"column":31}},"6":{"start":{"line":17,"column":15},"end":{"line":17,"column":46}},"7":{"start":{"line":19,"column":13},"end":{"line":19,"column":39}},"8":{"start":{"line":21,"column":14},"end":{"line":21,"column":44}},"9":{"start":{"line":23,"column":39},"end":{"line":23,"column":93}},"10":{"start":{"line":25,"column":11},"end":{"line":25,"column":31}},"11":{"start":{"line":26,"column":11},"end":{"line":26,"column":31}},"12":{"start":{"line":27,"column":19},"end":{"line":27,"column":47}},"13":{"start":{"line":28,"column":0},"end":{"line":28,"column":26}},"14":{"start":{"line":29,"column":11},"end":{"line":29,"column":43}},"15":{"start":{"line":30,"column":13},"end":{"line":30,"column":37}},"16":{"start":{"line":32,"column":0},"end":{"line":226,"column":2}},"17":{"start":{"line":35,"column":20},"end":{"line":35,"column":37}},"18":{"start":{"line":36,"column":19},"end":{"line":36,"column":36}},"19":{"start":{"line":37,"column":4},"end":{"line":39,"column":5}},"20":{"start":{"line":38,"column":6},"end":{"line":38,"column":67}},"21":{"start":{"line":40,"column":4},"end":{"line":61,"column":7}},"22":{"start":{"line":41,"column":6},"end":{"line":58,"column":7}},"23":{"start":{"line":42,"column":8},"end":{"line":42,"column":69}},"24":{"start":{"line":44,"column":8},"end":{"line":57,"column":11}},"25":{"start":{"line":45,"column":10},"end":{"line":56,"column":13}},"26":{"start":{"line":53,"column":12},"end":{"line":53,"column":76}},"27":{"start":{"line":55,"column":12},"end":{"line":55,"column":47}},"28":{"start":{"line":60,"column":6},"end":{"line":60,"column":41}},"29":{"start":{"line":67,"column":4},"end":{"line":87,"column":7}},"30":{"start":{"line":70,"column":6},"end":{"line":84,"column":7}},"31":{"start":{"line":71,"column":8},"end":{"line":71,"column":60}},"32":{"start":{"line":73,"column":8},"end":{"line":83,"column":11}},"33":{"start":{"line":74,"column":10},"end":{"line":82,"column":11}},"34":{"start":{"line":75,"column":26},"end":{"line":75,"column":126}},"35":{"start":{"line":76,"column":12},"end":{"line":79,"column":33}},"36":{"start":{"line":81,"column":12},"end":{"line":81,"column":79}},"37":{"start":{"line":86,"column":6},"end":{"line":86,"column":41}},"38":{"start":{"line":93,"column":16},"end":{"line":93,"column":26}},"39":{"start":{"line":94,"column":18},"end":{"line":94,"column":66}},"40":{"start":{"line":96,"column":4},"end":{"line":138,"column":7}},"41":{"start":{"line":97,"column":6},"end":{"line":99,"column":7}},"42":{"start":{"line":98,"column":8},"end":{"line":98,"column":60}},"43":{"start":{"line":101,"column":6},"end":{"line":135,"column":9}},"44":{"start":{"line":102,"column":8},"end":{"line":104,"column":9}},"45":{"start":{"line":103,"column":10},"end":{"line":103,"column":62}},"46":{"start":{"line":106,"column":8},"end":{"line":132,"column":9}},"47":{"start":{"line":107,"column":10},"end":{"line":107,"column":66}},"48":{"start":{"line":109,"column":10},"end":{"line":131,"column":13}},"49":{"start":{"line":112,"column":12},"end":{"line":128,"column":13}},"50":{"start":{"line":113,"column":14},"end":{"line":113,"column":87}},"51":{"start":{"line":116,"column":14},"end":{"line":116,"column":59}},"52":{"start":{"line":117,"column":14},"end":{"line":127,"column":17}},"53":{"start":{"line":124,"column":16},"end":{"line":124,"column":81}},"54":{"start":{"line":126,"column":16},"end":{"line":126,"column":51}},"55":{"start":{"line":130,"column":12},"end":{"line":130,"column":47}},"56":{"start":{"line":134,"column":8},"end":{"line":134,"column":43}},"57":{"start":{"line":137,"column":6},"end":{"line":137,"column":41}},"58":{"start":{"line":144,"column":16},"end":{"line":144,"column":26}},"59":{"start":{"line":145,"column":4},"end":{"line":172,"column":7}},"60":{"start":{"line":146,"column":6},"end":{"line":148,"column":7}},"61":{"start":{"line":147,"column":8},"end":{"line":147,"column":60}},"62":{"start":{"line":149,"column":6},"end":{"line":171,"column":9}},"63":{"start":{"line":150,"column":8},"end":{"line":152,"column":9}},"64":{"start":{"line":151,"column":10},"end":{"line":151,"column":62}},"65":{"start":{"line":153,"column":8},"end":{"line":168,"column":11}},"66":{"start":{"line":154,"column":10},"end":{"line":156,"column":11}},"67":{"start":{"line":155,"column":12},"end":{"line":155,"column":74}},"68":{"start":{"line":157,"column":10},"end":{"line":157,"column":55}},"69":{"start":{"line":158,"column":10},"end":{"line":165,"column":13}},"70":{"start":{"line":162,"column":12},"end":{"line":162,"column":77}},"71":{"start":{"line":164,"column":12},"end":{"line":164,"column":47}},"72":{"start":{"line":167,"column":10},"end":{"line":167,"column":45}},"73":{"start":{"line":170,"column":8},"end":{"line":170,"column":43}},"74":{"start":{"line":178,"column":4},"end":{"line":198,"column":7}},"75":{"start":{"line":179,"column":6},"end":{"line":195,"column":7}},"76":{"start":{"line":180,"column":8},"end":{"line":180,"column":60}},"77":{"start":{"line":182,"column":8},"end":{"line":194,"column":11}},"78":{"start":{"line":183,"column":10},"end":{"line":191,"column":11}},"79":{"start":{"line":184,"column":12},"end":{"line":184,"column":80}},"80":{"start":{"line":186,"column":12},"end":{"line":190,"column":15}},"81":{"start":{"line":187,"column":14},"end":{"line":187,"column":72}},"82":{"start":{"line":189,"column":14},"end":{"line":189,"column":49}},"83":{"start":{"line":193,"column":10},"end":{"line":193,"column":45}},"84":{"start":{"line":197,"column":6},"end":{"line":197,"column":41}},"85":{"start":{"line":204,"column":4},"end":{"line":224,"column":7}},"86":{"start":{"line":205,"column":6},"end":{"line":221,"column":7}},"87":{"start":{"line":206,"column":8},"end":{"line":206,"column":60}},"88":{"start":{"line":208,"column":8},"end":{"line":220,"column":11}},"89":{"start":{"line":209,"column":10},"end":{"line":217,"column":11}},"90":{"start":{"line":210,"column":12},"end":{"line":210,"column":80}},"91":{"start":{"line":212,"column":12},"end":{"line":216,"column":15}},"92":{"start":{"line":213,"column":14},"end":{"line":213,"column":72}},"93":{"start":{"line":215,"column":14},"end":{"line":215,"column":49}},"94":{"start":{"line":219,"column":10},"end":{"line":219,"column":45}},"95":{"start":{"line":223,"column":6},"end":{"line":223,"column":41}}},"fnMap":{"0":{"name":"_interopRequireDefault","decl":{"start":{"line":23,"column":9},"end":{"line":23,"column":31}},"loc":{"start":{"line":23,"column":37},"end":{"line":23,"column":95}},"line":23},"1":{"name":"create","decl":{"start":{"line":34,"column":19},"end":{"line":34,"column":25}},"loc":{"start":{"line":34,"column":36},"end":{"line":62,"column":3}},"line":34},"2":{"name":"(anonymous_2)","decl":{"start":{"line":40,"column":58},"end":{"line":40,"column":59}},"loc":{"start":{"line":40,"column":74},"end":{"line":59,"column":5}},"line":40},"3":{"name":"(anonymous_3)","decl":{"start":{"line":44,"column":46},"end":{"line":44,"column":47}},"loc":{"start":{"line":44,"column":77},"end":{"line":57,"column":9}},"line":44},"4":{"name":"(anonymous_4)","decl":{"start":{"line":52,"column":18},"end":{"line":52,"column":19}},"loc":{"start":{"line":52,"column":30},"end":{"line":54,"column":11}},"line":52},"5":{"name":"(anonymous_5)","decl":{"start":{"line":54,"column":19},"end":{"line":54,"column":20}},"loc":{"start":{"line":54,"column":36},"end":{"line":56,"column":11}},"line":54},"6":{"name":"(anonymous_6)","decl":{"start":{"line":59,"column":13},"end":{"line":59,"column":14}},"loc":{"start":{"line":59,"column":30},"end":{"line":61,"column":5}},"line":59},"7":{"name":"login","decl":{"start":{"line":66,"column":18},"end":{"line":66,"column":23}},"loc":{"start":{"line":66,"column":34},"end":{"line":88,"column":3}},"line":66},"8":{"name":"(anonymous_8)","decl":{"start":{"line":69,"column":12},"end":{"line":69,"column":13}},"loc":{"start":{"line":69,"column":28},"end":{"line":85,"column":5}},"line":69},"9":{"name":"(anonymous_9)","decl":{"start":{"line":73,"column":67},"end":{"line":73,"column":68}},"loc":{"start":{"line":73,"column":90},"end":{"line":83,"column":9}},"line":73},"10":{"name":"(anonymous_10)","decl":{"start":{"line":85,"column":13},"end":{"line":85,"column":14}},"loc":{"start":{"line":85,"column":30},"end":{"line":87,"column":5}},"line":85},"11":{"name":"borrowBook","decl":{"start":{"line":92,"column":23},"end":{"line":92,"column":33}},"loc":{"start":{"line":92,"column":44},"end":{"line":139,"column":3}},"line":92},"12":{"name":"(anonymous_12)","decl":{"start":{"line":96,"column":42},"end":{"line":96,"column":43}},"loc":{"start":{"line":96,"column":58},"end":{"line":136,"column":5}},"line":96},"13":{"name":"(anonymous_13)","decl":{"start":{"line":101,"column":44},"end":{"line":101,"column":45}},"loc":{"start":{"line":101,"column":60},"end":{"line":133,"column":7}},"line":101},"14":{"name":"(anonymous_14)","decl":{"start":{"line":111,"column":22},"end":{"line":111,"column":23}},"loc":{"start":{"line":111,"column":46},"end":{"line":129,"column":11}},"line":111},"15":{"name":"(anonymous_15)","decl":{"start":{"line":123,"column":22},"end":{"line":123,"column":23}},"loc":{"start":{"line":123,"column":34},"end":{"line":125,"column":15}},"line":123},"16":{"name":"(anonymous_16)","decl":{"start":{"line":125,"column":23},"end":{"line":125,"column":24}},"loc":{"start":{"line":125,"column":40},"end":{"line":127,"column":15}},"line":125},"17":{"name":"(anonymous_17)","decl":{"start":{"line":129,"column":19},"end":{"line":129,"column":20}},"loc":{"start":{"line":129,"column":36},"end":{"line":131,"column":11}},"line":129},"18":{"name":"(anonymous_18)","decl":{"start":{"line":133,"column":15},"end":{"line":133,"column":16}},"loc":{"start":{"line":133,"column":32},"end":{"line":135,"column":7}},"line":133},"19":{"name":"(anonymous_19)","decl":{"start":{"line":136,"column":13},"end":{"line":136,"column":14}},"loc":{"start":{"line":136,"column":30},"end":{"line":138,"column":5}},"line":136},"20":{"name":"returnBook","decl":{"start":{"line":143,"column":23},"end":{"line":143,"column":33}},"loc":{"start":{"line":143,"column":44},"end":{"line":173,"column":3}},"line":143},"21":{"name":"(anonymous_21)","decl":{"start":{"line":145,"column":42},"end":{"line":145,"column":43}},"loc":{"start":{"line":145,"column":58},"end":{"line":172,"column":5}},"line":145},"22":{"name":"(anonymous_22)","decl":{"start":{"line":149,"column":44},"end":{"line":149,"column":45}},"loc":{"start":{"line":149,"column":60},"end":{"line":169,"column":7}},"line":149},"23":{"name":"(anonymous_23)","decl":{"start":{"line":153,"column":105},"end":{"line":153,"column":106}},"loc":{"start":{"line":153,"column":129},"end":{"line":166,"column":9}},"line":153},"24":{"name":"(anonymous_24)","decl":{"start":{"line":161,"column":18},"end":{"line":161,"column":19}},"loc":{"start":{"line":161,"column":30},"end":{"line":163,"column":11}},"line":161},"25":{"name":"(anonymous_25)","decl":{"start":{"line":163,"column":19},"end":{"line":163,"column":20}},"loc":{"start":{"line":163,"column":36},"end":{"line":165,"column":11}},"line":163},"26":{"name":"(anonymous_26)","decl":{"start":{"line":166,"column":17},"end":{"line":166,"column":18}},"loc":{"start":{"line":166,"column":34},"end":{"line":168,"column":9}},"line":166},"27":{"name":"(anonymous_27)","decl":{"start":{"line":169,"column":15},"end":{"line":169,"column":16}},"loc":{"start":{"line":169,"column":32},"end":{"line":171,"column":7}},"line":169},"28":{"name":"borrowHistory","decl":{"start":{"line":177,"column":26},"end":{"line":177,"column":39}},"loc":{"start":{"line":177,"column":50},"end":{"line":199,"column":3}},"line":177},"29":{"name":"(anonymous_29)","decl":{"start":{"line":178,"column":42},"end":{"line":178,"column":43}},"loc":{"start":{"line":178,"column":58},"end":{"line":196,"column":5}},"line":178},"30":{"name":"(anonymous_30)","decl":{"start":{"line":182,"column":77},"end":{"line":182,"column":78}},"loc":{"start":{"line":182,"column":101},"end":{"line":192,"column":9}},"line":182},"31":{"name":"(anonymous_31)","decl":{"start":{"line":186,"column":81},"end":{"line":186,"column":82}},"loc":{"start":{"line":186,"column":105},"end":{"line":188,"column":13}},"line":186},"32":{"name":"(anonymous_32)","decl":{"start":{"line":188,"column":21},"end":{"line":188,"column":22}},"loc":{"start":{"line":188,"column":38},"end":{"line":190,"column":13}},"line":188},"33":{"name":"(anonymous_33)","decl":{"start":{"line":192,"column":17},"end":{"line":192,"column":18}},"loc":{"start":{"line":192,"column":34},"end":{"line":194,"column":9}},"line":192},"34":{"name":"(anonymous_34)","decl":{"start":{"line":196,"column":13},"end":{"line":196,"column":14}},"loc":{"start":{"line":196,"column":30},"end":{"line":198,"column":5}},"line":196},"35":{"name":"booksNotReturned","decl":{"start":{"line":203,"column":29},"end":{"line":203,"column":45}},"loc":{"start":{"line":203,"column":56},"end":{"line":225,"column":3}},"line":203},"36":{"name":"(anonymous_36)","decl":{"start":{"line":204,"column":42},"end":{"line":204,"column":43}},"loc":{"start":{"line":204,"column":58},"end":{"line":222,"column":5}},"line":204},"37":{"name":"(anonymous_37)","decl":{"start":{"line":208,"column":77},"end":{"line":208,"column":78}},"loc":{"start":{"line":208,"column":101},"end":{"line":218,"column":9}},"line":208},"38":{"name":"(anonymous_38)","decl":{"start":{"line":212,"column":98},"end":{"line":212,"column":99}},"loc":{"start":{"line":212,"column":122},"end":{"line":214,"column":13}},"line":212},"39":{"name":"(anonymous_39)","decl":{"start":{"line":214,"column":21},"end":{"line":214,"column":22}},"loc":{"start":{"line":214,"column":38},"end":{"line":216,"column":13}},"line":214},"40":{"name":"(anonymous_40)","decl":{"start":{"line":218,"column":17},"end":{"line":218,"column":18}},"loc":{"start":{"line":218,"column":34},"end":{"line":220,"column":9}},"line":218},"41":{"name":"(anonymous_41)","decl":{"start":{"line":222,"column":13},"end":{"line":222,"column":14}},"loc":{"start":{"line":222,"column":30},"end":{"line":224,"column":5}},"line":222}},"branchMap":{"0":{"loc":{"start":{"line":23,"column":46},"end":{"line":23,"column":92}},"type":"cond-expr","locations":[{"start":{"line":23,"column":70},"end":{"line":23,"column":73}},{"start":{"line":23,"column":76},"end":{"line":23,"column":92}}],"line":23},"1":{"loc":{"start":{"line":23,"column":46},"end":{"line":23,"column":67}},"type":"binary-expr","locations":[{"start":{"line":23,"column":46},"end":{"line":23,"column":49}},{"start":{"line":23,"column":53},"end":{"line":23,"column":67}}],"line":23},"2":{"loc":{"start":{"line":37,"column":4},"end":{"line":39,"column":5}},"type":"if","locations":[{"start":{"line":37,"column":4},"end":{"line":39,"column":5}},{"start":{"line":37,"column":4},"end":{"line":39,"column":5}}],"line":37},"3":{"loc":{"start":{"line":41,"column":6},"end":{"line":58,"column":7}},"type":"if","locations":[{"start":{"line":41,"column":6},"end":{"line":58,"column":7}},{"start":{"line":41,"column":6},"end":{"line":58,"column":7}}],"line":41},"4":{"loc":{"start":{"line":70,"column":6},"end":{"line":84,"column":7}},"type":"if","locations":[{"start":{"line":70,"column":6},"end":{"line":84,"column":7}},{"start":{"line":70,"column":6},"end":{"line":84,"column":7}}],"line":70},"5":{"loc":{"start":{"line":74,"column":10},"end":{"line":82,"column":11}},"type":"if","locations":[{"start":{"line":74,"column":10},"end":{"line":82,"column":11}},{"start":{"line":74,"column":10},"end":{"line":82,"column":11}}],"line":74},"6":{"loc":{"start":{"line":97,"column":6},"end":{"line":99,"column":7}},"type":"if","locations":[{"start":{"line":97,"column":6},"end":{"line":99,"column":7}},{"start":{"line":97,"column":6},"end":{"line":99,"column":7}}],"line":97},"7":{"loc":{"start":{"line":102,"column":8},"end":{"line":104,"column":9}},"type":"if","locations":[{"start":{"line":102,"column":8},"end":{"line":104,"column":9}},{"start":{"line":102,"column":8},"end":{"line":104,"column":9}}],"line":102},"8":{"loc":{"start":{"line":106,"column":8},"end":{"line":132,"column":9}},"type":"if","locations":[{"start":{"line":106,"column":8},"end":{"line":132,"column":9}},{"start":{"line":106,"column":8},"end":{"line":132,"column":9}}],"line":106},"9":{"loc":{"start":{"line":112,"column":12},"end":{"line":128,"column":13}},"type":"if","locations":[{"start":{"line":112,"column":12},"end":{"line":128,"column":13}},{"start":{"line":112,"column":12},"end":{"line":128,"column":13}}],"line":112},"10":{"loc":{"start":{"line":146,"column":6},"end":{"line":148,"column":7}},"type":"if","locations":[{"start":{"line":146,"column":6},"end":{"line":148,"column":7}},{"start":{"line":146,"column":6},"end":{"line":148,"column":7}}],"line":146},"11":{"loc":{"start":{"line":150,"column":8},"end":{"line":152,"column":9}},"type":"if","locations":[{"start":{"line":150,"column":8},"end":{"line":152,"column":9}},{"start":{"line":150,"column":8},"end":{"line":152,"column":9}}],"line":150},"12":{"loc":{"start":{"line":154,"column":10},"end":{"line":156,"column":11}},"type":"if","locations":[{"start":{"line":154,"column":10},"end":{"line":156,"column":11}},{"start":{"line":154,"column":10},"end":{"line":156,"column":11}}],"line":154},"13":{"loc":{"start":{"line":159,"column":22},"end":{"line":159,"column":51}},"type":"binary-expr","locations":[{"start":{"line":159,"column":22},"end":{"line":159,"column":26}},{"start":{"line":159,"column":30},"end":{"line":159,"column":51}}],"line":159},"14":{"loc":{"start":{"line":179,"column":6},"end":{"line":195,"column":7}},"type":"if","locations":[{"start":{"line":179,"column":6},"end":{"line":195,"column":7}},{"start":{"line":179,"column":6},"end":{"line":195,"column":7}}],"line":179},"15":{"loc":{"start":{"line":183,"column":10},"end":{"line":191,"column":11}},"type":"if","locations":[{"start":{"line":183,"column":10},"end":{"line":191,"column":11}},{"start":{"line":183,"column":10},"end":{"line":191,"column":11}}],"line":183},"16":{"loc":{"start":{"line":205,"column":6},"end":{"line":221,"column":7}},"type":"if","locations":[{"start":{"line":205,"column":6},"end":{"line":221,"column":7}},{"start":{"line":205,"column":6},"end":{"line":221,"column":7}}],"line":205},"17":{"loc":{"start":{"line":209,"column":10},"end":{"line":217,"column":11}},"type":"if","locations":[{"start":{"line":209,"column":10},"end":{"line":217,"column":11}},{"start":{"line":209,"column":10},"end":{"line":217,"column":11}}],"line":209}},"s":{"0":1,"1":1,"2":1,"3":1,"4":1,"5":1,"6":1,"7":1,"8":1,"9":4,"10":1,"11":1,"12":1,"13":1,"14":1,"15":1,"16":1,"17":1,"18":1,"19":1,"20":0,"21":1,"22":0,"23":0,"24":0,"25":0,"26":0,"27":0,"28":0,"29":2,"30":0,"31":0,"32":0,"33":0,"34":0,"35":0,"36":0,"37":0,"38":0,"39":0,"40":0,"41":0,"42":0,"43":0,"44":0,"45":0,"46":0,"47":0,"48":0,"49":0,"50":0,"51":0,"52":0,"53":0,"54":0,"55":0,"56":0,"57":0,"58":0,"59":0,"60":0,"61":0,"62":0,"63":0,"64":0,"65":0,"66":0,"67":0,"68":0,"69":0,"70":0,"71":0,"72":0,"73":0,"74":0,"75":0,"76":0,"77":0,"78":0,"79":0,"80":0,"81":0,"82":0,"83":0,"84":0,"85":0,"86":0,"87":0,"88":0,"89":0,"90":0,"91":0,"92":0,"93":0,"94":0,"95":0},"f":{"0":4,"1":1,"2":0,"3":0,"4":0,"5":0,"6":0,"7":2,"8":0,"9":0,"10":0,"11":0,"12":0,"13":0,"14":0,"15":0,"16":0,"17":0,"18":0,"19":0,"20":0,"21":0,"22":0,"23":0,"24":0,"25":0,"26":0,"27":0,"28":0,"29":0,"30":0,"31":0,"32":0,"33":0,"34":0,"35":0,"36":0,"37":0,"38":0,"39":0,"40":0,"41":0},"b":{"0":[1,3],"1":[4,4],"2":[0,1],"3":[0,0],"4":[0,0],"5":[0,0],"6":[0,0],"7":[0,0],"8":[0,0],"9":[0,0],"10":[0,0],"11":[0,0],"12":[0,0],"13":[0,0],"14":[0,0],"15":[0,0],"16":[0,0],"17":[0,0]},"_coverageSchema":"332fd63041d2c1bcb487cc26dd0d5f7d97098a6c","hash":"580ef9fc2aae486f69cc09153d1703380cf391d8","contentHash":"20abd9970a84c36ab85d8348d82e15dd_11.1.0"},"C:\\Users\\Sofiat\\Desktop\\tutorial\\backhelloBooks\\server\\controllers\\category.js":{"path":"C:\\Users\\Sofiat\\Desktop\\tutorial\\backhelloBooks\\server\\controllers\\category.js","statementMap":{"0":{"start":{"line":3,"column":0},"end":{"line":5,"column":3}},"1":{"start":{"line":7,"column":13},"end":{"line":7,"column":39}},"2":{"start":{"line":9,"column":14},"end":{"line":9,"column":44}},"3":{"start":{"line":11,"column":39},"end":{"line":11,"column":93}},"4":{"start":{"line":13,"column":15},"end":{"line":13,"column":39}},"5":{"start":{"line":15,"column":0},"end":{"line":101,"column":2}},"6":{"start":{"line":19,"column":16},"end":{"line":19,"column":30}},"7":{"start":{"line":20,"column":4},"end":{"line":22,"column":5}},"8":{"start":{"line":21,"column":6},"end":{"line":21,"column":73}},"9":{"start":{"line":23,"column":4},"end":{"line":29,"column":7}},"10":{"start":{"line":26,"column":6},"end":{"line":26,"column":100}},"11":{"start":{"line":28,"column":6},"end":{"line":28,"column":41}},"12":{"start":{"line":35,"column":4},"end":{"line":39,"column":7}},"13":{"start":{"line":36,"column":6},"end":{"line":36,"column":87}},"14":{"start":{"line":38,"column":6},"end":{"line":38,"column":41}},"15":{"start":{"line":45,"column":4},"end":{"line":54,"column":7}},"16":{"start":{"line":46,"column":6},"end":{"line":50,"column":7}},"17":{"start":{"line":47,"column":8},"end":{"line":49,"column":11}},"18":{"start":{"line":51,"column":6},"end":{"line":51,"column":44}},"19":{"start":{"line":53,"column":6},"end":{"line":53,"column":41}},"20":{"start":{"line":60,"column":16},"end":{"line":60,"column":30}},"21":{"start":{"line":61,"column":4},"end":{"line":63,"column":5}},"22":{"start":{"line":62,"column":6},"end":{"line":62,"column":73}},"23":{"start":{"line":64,"column":4},"end":{"line":80,"column":7}},"24":{"start":{"line":65,"column":6},"end":{"line":69,"column":7}},"25":{"start":{"line":66,"column":8},"end":{"line":68,"column":11}},"26":{"start":{"line":70,"column":6},"end":{"line":77,"column":9}},"27":{"start":{"line":73,"column":8},"end":{"line":73,"column":46}},"28":{"start":{"line":76,"column":8},"end":{"line":76,"column":54}},"29":{"start":{"line":79,"column":6},"end":{"line":79,"column":52}},"30":{"start":{"line":86,"column":4},"end":{"line":99,"column":7}},"31":{"start":{"line":87,"column":6},"end":{"line":91,"column":7}},"32":{"start":{"line":88,"column":8},"end":{"line":90,"column":11}},"33":{"start":{"line":92,"column":6},"end":{"line":96,"column":9}},"34":{"start":{"line":93,"column":8},"end":{"line":93,"column":83}},"35":{"start":{"line":95,"column":8},"end":{"line":95,"column":43}},"36":{"start":{"line":98,"column":6},"end":{"line":98,"column":41}}},"fnMap":{"0":{"name":"_interopRequireDefault","decl":{"start":{"line":11,"column":9},"end":{"line":11,"column":31}},"loc":{"start":{"line":11,"column":37},"end":{"line":11,"column":95}},"line":11},"1":{"name":"create","decl":{"start":{"line":18,"column":19},"end":{"line":18,"column":25}},"loc":{"start":{"line":18,"column":36},"end":{"line":30,"column":3}},"line":18},"2":{"name":"(anonymous_2)","decl":{"start":{"line":25,"column":12},"end":{"line":25,"column":13}},"loc":{"start":{"line":25,"column":32},"end":{"line":27,"column":5}},"line":25},"3":{"name":"(anonymous_3)","decl":{"start":{"line":27,"column":13},"end":{"line":27,"column":14}},"loc":{"start":{"line":27,"column":30},"end":{"line":29,"column":5}},"line":27},"4":{"name":"list","decl":{"start":{"line":34,"column":17},"end":{"line":34,"column":21}},"loc":{"start":{"line":34,"column":32},"end":{"line":40,"column":3}},"line":34},"5":{"name":"(anonymous_5)","decl":{"start":{"line":35,"column":31},"end":{"line":35,"column":32}},"loc":{"start":{"line":35,"column":51},"end":{"line":37,"column":5}},"line":35},"6":{"name":"(anonymous_6)","decl":{"start":{"line":37,"column":13},"end":{"line":37,"column":14}},"loc":{"start":{"line":37,"column":30},"end":{"line":39,"column":5}},"line":37},"7":{"name":"retrieve","decl":{"start":{"line":44,"column":21},"end":{"line":44,"column":29}},"loc":{"start":{"line":44,"column":40},"end":{"line":55,"column":3}},"line":44},"8":{"name":"(anonymous_8)","decl":{"start":{"line":45,"column":52},"end":{"line":45,"column":53}},"loc":{"start":{"line":45,"column":72},"end":{"line":52,"column":5}},"line":45},"9":{"name":"(anonymous_9)","decl":{"start":{"line":52,"column":13},"end":{"line":52,"column":14}},"loc":{"start":{"line":52,"column":30},"end":{"line":54,"column":5}},"line":52},"10":{"name":"update","decl":{"start":{"line":59,"column":19},"end":{"line":59,"column":25}},"loc":{"start":{"line":59,"column":36},"end":{"line":81,"column":3}},"line":59},"11":{"name":"(anonymous_11)","decl":{"start":{"line":64,"column":52},"end":{"line":64,"column":53}},"loc":{"start":{"line":64,"column":72},"end":{"line":78,"column":5}},"line":64},"12":{"name":"(anonymous_12)","decl":{"start":{"line":72,"column":14},"end":{"line":72,"column":15}},"loc":{"start":{"line":72,"column":26},"end":{"line":74,"column":7}},"line":72},"13":{"name":"(anonymous_13)","decl":{"start":{"line":75,"column":13},"end":{"line":75,"column":14}},"loc":{"start":{"line":75,"column":30},"end":{"line":77,"column":7}},"line":75},"14":{"name":"(anonymous_14)","decl":{"start":{"line":78,"column":13},"end":{"line":78,"column":14}},"loc":{"start":{"line":78,"column":30},"end":{"line":80,"column":5}},"line":78},"15":{"name":"destroy","decl":{"start":{"line":85,"column":20},"end":{"line":85,"column":27}},"loc":{"start":{"line":85,"column":38},"end":{"line":100,"column":3}},"line":85},"16":{"name":"(anonymous_16)","decl":{"start":{"line":86,"column":52},"end":{"line":86,"column":53}},"loc":{"start":{"line":86,"column":72},"end":{"line":97,"column":5}},"line":86},"17":{"name":"(anonymous_17)","decl":{"start":{"line":92,"column":37},"end":{"line":92,"column":38}},"loc":{"start":{"line":92,"column":49},"end":{"line":94,"column":7}},"line":92},"18":{"name":"(anonymous_18)","decl":{"start":{"line":94,"column":15},"end":{"line":94,"column":16}},"loc":{"start":{"line":94,"column":32},"end":{"line":96,"column":7}},"line":94},"19":{"name":"(anonymous_19)","decl":{"start":{"line":97,"column":13},"end":{"line":97,"column":14}},"loc":{"start":{"line":97,"column":30},"end":{"line":99,"column":5}},"line":97}},"branchMap":{"0":{"loc":{"start":{"line":11,"column":46},"end":{"line":11,"column":92}},"type":"cond-expr","locations":[{"start":{"line":11,"column":70},"end":{"line":11,"column":73}},{"start":{"line":11,"column":76},"end":{"line":11,"column":92}}],"line":11},"1":{"loc":{"start":{"line":11,"column":46},"end":{"line":11,"column":67}},"type":"binary-expr","locations":[{"start":{"line":11,"column":46},"end":{"line":11,"column":49}},{"start":{"line":11,"column":53},"end":{"line":11,"column":67}}],"line":11},"2":{"loc":{"start":{"line":20,"column":4},"end":{"line":22,"column":5}},"type":"if","locations":[{"start":{"line":20,"column":4},"end":{"line":22,"column":5}},{"start":{"line":20,"column":4},"end":{"line":22,"column":5}}],"line":20},"3":{"loc":{"start":{"line":46,"column":6},"end":{"line":50,"column":7}},"type":"if","locations":[{"start":{"line":46,"column":6},"end":{"line":50,"column":7}},{"start":{"line":46,"column":6},"end":{"line":50,"column":7}}],"line":46},"4":{"loc":{"start":{"line":61,"column":4},"end":{"line":63,"column":5}},"type":"if","locations":[{"start":{"line":61,"column":4},"end":{"line":63,"column":5}},{"start":{"line":61,"column":4},"end":{"line":63,"column":5}}],"line":61},"5":{"loc":{"start":{"line":65,"column":6},"end":{"line":69,"column":7}},"type":"if","locations":[{"start":{"line":65,"column":6},"end":{"line":69,"column":7}},{"start":{"line":65,"column":6},"end":{"line":69,"column":7}}],"line":65},"6":{"loc":{"start":{"line":71,"column":15},"end":{"line":71,"column":38}},"type":"binary-expr","locations":[{"start":{"line":71,"column":15},"end":{"line":71,"column":20}},{"start":{"line":71,"column":24},"end":{"line":71,"column":38}}],"line":71},"7":{"loc":{"start":{"line":87,"column":6},"end":{"line":91,"column":7}},"type":"if","locations":[{"start":{"line":87,"column":6},"end":{"line":91,"column":7}},{"start":{"line":87,"column":6},"end":{"line":91,"column":7}}],"line":87}},"s":{"0":1,"1":1,"2":1,"3":1,"4":1,"5":1,"6":0,"7":0,"8":0,"9":0,"10":0,"11":0,"12":0,"13":0,"14":0,"15":0,"16":0,"17":0,"18":0,"19":0,"20":0,"21":0,"22":0,"23":0,"24":0,"25":0,"26":0,"27":0,"28":0,"29":0,"30":0,"31":0,"32":0,"33":0,"34":0,"35":0,"36":0},"f":{"0":1,"1":0,"2":0,"3":0,"4":0,"5":0,"6":0,"7":0,"8":0,"9":0,"10":0,"11":0,"12":0,"13":0,"14":0,"15":0,"16":0,"17":0,"18":0,"19":0},"b":{"0":[1,0],"1":[1,1],"2":[0,0],"3":[0,0],"4":[0,0],"5":[0,0],"6":[0,0],"7":[0,0]},"_coverageSchema":"332fd63041d2c1bcb487cc26dd0d5f7d97098a6c","hash":"f217592fe0a44160ccef608d76ae725376625c8d","contentHash":"8b40216d20875a7cf6ba71565ff5ebe5_11.1.0"},"C:\\Users\\Sofiat\\Desktop\\tutorial\\backhelloBooks\\server\\helper\\auth.js":{"path":"C:\\Users\\Sofiat\\Desktop\\tutorial\\backhelloBooks\\server\\helper\\auth.js","statementMap":{"0":{"start":{"line":3,"column":0},"end":{"line":5,"column":3}},"1":{"start":{"line":7,"column":20},"end":{"line":7,"column":43}},"2":{"start":{"line":9,"column":21},"end":{"line":9,"column":58}},"3":{"start":{"line":11,"column":14},"end":{"line":11,"column":31}},"4":{"start":{"line":13,"column":15},"end":{"line":13,"column":46}},"5":{"start":{"line":15,"column":39},"end":{"line":15,"column":93}},"6":{"start":{"line":17,"column":0},"end":{"line":17,"column":26}},"7":{"start":{"line":18,"column":13},"end":{"line":18,"column":37}},"8":{"start":{"line":20,"column":0},"end":{"line":39,"column":2}},"9":{"start":{"line":23,"column":15},"end":{"line":23,"column":40}},"10":{"start":{"line":24,"column":16},"end":{"line":24,"column":71}},"11":{"start":{"line":25,"column":4},"end":{"line":37,"column":5}},"12":{"start":{"line":26,"column":6},"end":{"line":34,"column":9}},"13":{"start":{"line":27,"column":8},"end":{"line":33,"column":9}},"14":{"start":{"line":28,"column":22},"end":{"line":28,"column":45}},"15":{"start":{"line":29,"column":10},"end":{"line":29,"column":51}},"16":{"start":{"line":31,"column":10},"end":{"line":31,"column":36}},"17":{"start":{"line":32,"column":10},"end":{"line":32,"column":17}},"18":{"start":{"line":36,"column":6},"end":{"line":36,"column":62}}},"fnMap":{"0":{"name":"_interopRequireDefault","decl":{"start":{"line":15,"column":9},"end":{"line":15,"column":31}},"loc":{"start":{"line":15,"column":37},"end":{"line":15,"column":95}},"line":15},"1":{"name":"authorize","decl":{"start":{"line":22,"column":22},"end":{"line":22,"column":31}},"loc":{"start":{"line":22,"column":48},"end":{"line":38,"column":3}},"line":22},"2":{"name":"(anonymous_2)","decl":{"start":{"line":26,"column":51},"end":{"line":26,"column":52}},"loc":{"start":{"line":26,"column":75},"end":{"line":34,"column":7}},"line":26}},"branchMap":{"0":{"loc":{"start":{"line":15,"column":46},"end":{"line":15,"column":92}},"type":"cond-expr","locations":[{"start":{"line":15,"column":70},"end":{"line":15,"column":73}},{"start":{"line":15,"column":76},"end":{"line":15,"column":92}}],"line":15},"1":{"loc":{"start":{"line":15,"column":46},"end":{"line":15,"column":67}},"type":"binary-expr","locations":[{"start":{"line":15,"column":46},"end":{"line":15,"column":49}},{"start":{"line":15,"column":53},"end":{"line":15,"column":67}}],"line":15},"2":{"loc":{"start":{"line":24,"column":16},"end":{"line":24,"column":71}},"type":"binary-expr","locations":[{"start":{"line":24,"column":16},"end":{"line":24,"column":30}},{"start":{"line":24,"column":34},"end":{"line":24,"column":63}},{"start":{"line":24,"column":67},"end":{"line":24,"column":71}}],"line":24},"3":{"loc":{"start":{"line":25,"column":4},"end":{"line":37,"column":5}},"type":"if","locations":[{"start":{"line":25,"column":4},"end":{"line":37,"column":5}},{"start":{"line":25,"column":4},"end":{"line":37,"column":5}}],"line":25},"4":{"loc":{"start":{"line":27,"column":8},"end":{"line":33,"column":9}},"type":"if","locations":[{"start":{"line":27,"column":8},"end":{"line":33,"column":9}},{"start":{"line":27,"column":8},"end":{"line":33,"column":9}}],"line":27}},"s":{"0":1,"1":1,"2":1,"3":1,"4":1,"5":2,"6":1,"7":1,"8":1,"9":23,"10":23,"11":23,"12":22,"13":22,"14":22,"15":22,"16":0,"17":0,"18":1},"f":{"0":2,"1":23,"2":22},"b":{"0":[0,2],"1":[2,2],"2":[23,13,1],"3":[22,1],"4":[22,0]},"_coverageSchema":"332fd63041d2c1bcb487cc26dd0d5f7d97098a6c","hash":"f65646e57bb3a768282e4f9cdae97f4c2d332e19","contentHash":"99428c8ee2bd33b52e642a2d606687bd_11.1.0"},"C:\\Users\\Sofiat\\Desktop\\tutorial\\backhelloBooks\\server\\helper\\checkadmin.js":{"path":"C:\\Users\\Sofiat\\Desktop\\tutorial\\backhelloBooks\\server\\helper\\checkadmin.js","statementMap":{"0":{"start":{"line":3,"column":0},"end":{"line":5,"column":3}},"1":{"start":{"line":6,"column":0},"end":{"line":18,"column":2}},"2":{"start":{"line":10,"column":19},"end":{"line":10,"column":29}},"3":{"start":{"line":11,"column":4},"end":{"line":16,"column":5}},"4":{"start":{"line":12,"column":20},"end":{"line":12,"column":51}},"5":{"start":{"line":13,"column":6},"end":{"line":13,"column":49}},"6":{"start":{"line":15,"column":6},"end":{"line":15,"column":13}}},"fnMap":{"0":{"name":"checkAdmin","decl":{"start":{"line":9,"column":23},"end":{"line":9,"column":33}},"loc":{"start":{"line":9,"column":50},"end":{"line":17,"column":3}},"line":9}},"branchMap":{"0":{"loc":{"start":{"line":11,"column":4},"end":{"line":16,"column":5}},"type":"if","locations":[{"start":{"line":11,"column":4},"end":{"line":16,"column":5}},{"start":{"line":11,"column":4},"end":{"line":16,"column":5}}],"line":11}},"s":{"0":1,"1":1,"2":0,"3":0,"4":0,"5":0,"6":0},"f":{"0":0},"b":{"0":[0,0]},"_coverageSchema":"332fd63041d2c1bcb487cc26dd0d5f7d97098a6c","hash":"6517ac538b5c01ff9e1098491f0d8f1c15347649","contentHash":"2bc3cdc239eed4ec2d6d64e78d42fbc2_11.1.0"},"C:\\Users\\Sofiat\\Desktop\\tutorial\\backhelloBooks\\server\\test\\category.js":{"path":"C:\\Users\\Sofiat\\Desktop\\tutorial\\backhelloBooks\\server\\test\\category.js","statementMap":{"0":{"start":{"line":3,"column":12},"end":{"line":3,"column":27}},"1":{"start":{"line":5,"column":13},"end":{"line":5,"column":42}},"2":{"start":{"line":7,"column":17},"end":{"line":7,"column":37}},"3":{"start":{"line":9,"column":18},"end":{"line":9,"column":52}},"4":{"start":{"line":11,"column":11},"end":{"line":11,"column":31}},"5":{"start":{"line":13,"column":12},"end":{"line":13,"column":40}},"6":{"start":{"line":15,"column":39},"end":{"line":15,"column":93}},"7":{"start":{"line":17,"column":13},"end":{"line":17,"column":34}},"8":{"start":{"line":19,"column":0},"end":{"line":111,"column":3}},"9":{"start":{"line":20,"column":19},"end":{"line":20,"column":181}},"10":{"start":{"line":22,"column":15},"end":{"line":22,"column":17}},"11":{"start":{"line":23,"column":19},"end":{"line":23,"column":83}},"12":{"start":{"line":25,"column":4},"end":{"line":27,"column":5}},"13":{"start":{"line":26,"column":6},"end":{"line":26,"column":75}},"14":{"start":{"line":28,"column":4},"end":{"line":28,"column":16}},"15":{"start":{"line":33,"column":2},"end":{"line":40,"column":5}},"16":{"start":{"line":34,"column":4},"end":{"line":39,"column":7}},"17":{"start":{"line":35,"column":6},"end":{"line":38,"column":9}},"18":{"start":{"line":36,"column":8},"end":{"line":36,"column":42}},"19":{"start":{"line":37,"column":8},"end":{"line":37,"column":15}},"20":{"start":{"line":43,"column":2},"end":{"line":55,"column":5}},"21":{"start":{"line":44,"column":4},"end":{"line":54,"column":7}},"22":{"start":{"line":45,"column":16},"end":{"line":48,"column":7}},"23":{"start":{"line":49,"column":6},"end":{"line":53,"column":9}},"24":{"start":{"line":50,"column":8},"end":{"line":50,"column":42}},"25":{"start":{"line":51,"column":8},"end":{"line":51,"column":72}},"26":{"start":{"line":52,"column":8},"end":{"line":52,"column":15}},"27":{"start":{"line":60,"column":2},"end":{"line":71,"column":5}},"28":{"start":{"line":61,"column":4},"end":{"line":70,"column":7}},"29":{"start":{"line":62,"column":16},"end":{"line":65,"column":7}},"30":{"start":{"line":66,"column":6},"end":{"line":69,"column":9}},"31":{"start":{"line":67,"column":8},"end":{"line":67,"column":42}},"32":{"start":{"line":68,"column":8},"end":{"line":68,"column":15}},"33":{"start":{"line":75,"column":2},"end":{"line":82,"column":5}},"34":{"start":{"line":76,"column":4},"end":{"line":81,"column":7}},"35":{"start":{"line":77,"column":6},"end":{"line":80,"column":9}},"36":{"start":{"line":78,"column":8},"end":{"line":78,"column":42}},"37":{"start":{"line":79,"column":8},"end":{"line":79,"column":15}},"38":{"start":{"line":84,"column":2},"end":{"line":92,"column":5}},"39":{"start":{"line":85,"column":4},"end":{"line":91,"column":7}},"40":{"start":{"line":86,"column":6},"end":{"line":90,"column":9}},"41":{"start":{"line":87,"column":8},"end":{"line":87,"column":42}},"42":{"start":{"line":88,"column":8},"end":{"line":88,"column":61}},"43":{"start":{"line":89,"column":8},"end":{"line":89,"column":15}},"44":{"start":{"line":96,"column":2},"end":{"line":107,"column":5}},"45":{"start":{"line":97,"column":4},"end":{"line":106,"column":7}},"46":{"start":{"line":98,"column":16},"end":{"line":101,"column":7}},"47":{"start":{"line":102,"column":6},"end":{"line":105,"column":9}},"48":{"start":{"line":103,"column":8},"end":{"line":103,"column":42}},"49":{"start":{"line":104,"column":8},"end":{"line":104,"column":15}}},"fnMap":{"0":{"name":"_interopRequireDefault","decl":{"start":{"line":15,"column":9},"end":{"line":15,"column":31}},"loc":{"start":{"line":15,"column":37},"end":{"line":15,"column":95}},"line":15},"1":{"name":"(anonymous_1)","decl":{"start":{"line":19,"column":23},"end":{"line":19,"column":24}},"loc":{"start":{"line":19,"column":35},"end":{"line":111,"column":1}},"line":19},"2":{"name":"makeText","decl":{"start":{"line":21,"column":11},"end":{"line":21,"column":19}},"loc":{"start":{"line":21,"column":22},"end":{"line":29,"column":3}},"line":21},"3":{"name":"(anonymous_3)","decl":{"start":{"line":33,"column":53},"end":{"line":33,"column":54}},"loc":{"start":{"line":33,"column":65},"end":{"line":40,"column":3}},"line":33},"4":{"name":"(anonymous_4)","decl":{"start":{"line":34,"column":32},"end":{"line":34,"column":33}},"loc":{"start":{"line":34,"column":48},"end":{"line":39,"column":5}},"line":34},"5":{"name":"(anonymous_5)","decl":{"start":{"line":35,"column":117},"end":{"line":35,"column":118}},"loc":{"start":{"line":35,"column":137},"end":{"line":38,"column":7}},"line":35},"6":{"name":"(anonymous_6)","decl":{"start":{"line":43,"column":72},"end":{"line":43,"column":73}},"loc":{"start":{"line":43,"column":84},"end":{"line":55,"column":3}},"line":43},"7":{"name":"(anonymous_7)","decl":{"start":{"line":44,"column":33},"end":{"line":44,"column":34}},"loc":{"start":{"line":44,"column":49},"end":{"line":54,"column":5}},"line":44},"8":{"name":"(anonymous_8)","decl":{"start":{"line":49,"column":94},"end":{"line":49,"column":95}},"loc":{"start":{"line":49,"column":114},"end":{"line":53,"column":7}},"line":49},"9":{"name":"(anonymous_9)","decl":{"start":{"line":60,"column":55},"end":{"line":60,"column":56}},"loc":{"start":{"line":60,"column":67},"end":{"line":71,"column":3}},"line":60},"10":{"name":"(anonymous_10)","decl":{"start":{"line":61,"column":38},"end":{"line":61,"column":39}},"loc":{"start":{"line":61,"column":54},"end":{"line":70,"column":5}},"line":61},"11":{"name":"(anonymous_11)","decl":{"start":{"line":66,"column":94},"end":{"line":66,"column":95}},"loc":{"start":{"line":66,"column":114},"end":{"line":69,"column":7}},"line":66},"12":{"name":"(anonymous_12)","decl":{"start":{"line":75,"column":66},"end":{"line":75,"column":67}},"loc":{"start":{"line":75,"column":78},"end":{"line":82,"column":3}},"line":75},"13":{"name":"(anonymou
[...]
":39},"end":{"line":7,"column":93}},"3":{"start":{"line":9,"column":13},"end":{"line":9,"column":34}},"4":{"start":{"line":11,"column":0},"end":{"line":15,"column":3}},"5":{"start":{"line":12,"column":2},"end":{"line":14,"column":5}},"6":{"start":{"line":13,"column":4},"end":{"line":13,"column":27}}},"fnMap":{"0":{"name":"_interopRequireDefault","decl":{"start":{"line":7,"column":9},"end":{"line":7,"column":31}},"loc":{"start":{"line":7,"column":37},"end":{"line":7,"column":95}},"line":7},"1":{"name":"(anonymous_1)","decl":{"start":{"line":11,"column":23},"end":{"line":11,"column":24}},"loc":{"start":{"line":11,"column":35},"end":{"line":15,"column":1}},"line":11},"2":{"name":"(anonymous_2)","decl":{"start":{"line":12,"column":24},"end":{"line":12,"column":25}},"loc":{"start":{"line":12,"column":36},"end":{"line":14,"column":3}},"line":12}},"branchMap":{"0":{"loc":{"start":{"line":7,"column":46},"end":{"line":7,"column":92}},"type":"cond-expr","locations":[{"start":{"line":7,"column":70},"end":{"line":7,"column":73}},{"start":{"line":7,"column":76},"end":{"line":7,"column":92}}],"line":7},"1":{"loc":{"start":{"line":7,"column":46},"end":{"line":7,"column":67}},"type":"binary-expr","locations":[{"start":{"line":7,"column":46},"end":{"line":7,"column":49}},{"start":{"line":7,"column":53},"end":{"line":7,"column":67}}],"line":7}},"s":{"0":1,"1":1,"2":1,"3":1,"4":1,"5":1,"6":1},"f":{"0":1,"1":1,"2":1},"b":{"0":[0,1],"1":[1,1]},"_coverageSchema":"332fd63041d2c1bcb487cc26dd0d5f7d97098a6c","hash":"ba963fa344e20bc44c110b98a8f209dcdeb244bf","contentHash":"2453c63f8d2827397579debf64a29172_11.1.0"},"C:\\Users\\Sofiat\\Desktop\\tutorial\\backhelloBooks\\server\\test\\middleware.js":{"path":"C:\\Users\\Sofiat\\Desktop\\tutorial\\backhelloBooks\\server\\test\\middleware.js","statementMap":{"0":{"start":{"line":3,"column":12},"end":{"line":3,"column":27}},"1":{"start":{"line":5,"column":13},"end":{"line":5,"column":42}},"2":{"start":{"line":7,"column":17},"end":{"line":7,"column":37}},"3":{"start":{"line":9,"column":18},"end":{"line":9,"column":52}},"4":{"start":{"line":11,"column":11},"end":{"line":11,"column":31}},"5":{"start":{"line":13,"column":12},"end":{"line":13,"column":40}},"6":{"start":{"line":15,"column":39},"end":{"line":15,"column":93}},"7":{"start":{"line":17,"column":13},"end":{"line":17,"column":34}},"8":{"start":{"line":20,"column":0},"end":{"line":79,"column":3}},"9":{"start":{"line":21,"column":18},"end":{"line":21,"column":179}},"10":{"start":{"line":22,"column":19},"end":{"line":22,"column":181}},"11":{"start":{"line":23,"column":21},"end":{"line":23,"column":36}},"12":{"start":{"line":27,"column":2},"end":{"line":35,"column":5}},"13":{"start":{"line":28,"column":4},"end":{"line":34,"column":7}},"14":{"start":{"line":29,"column":6},"end":{"line":33,"column":9}},"15":{"start":{"line":30,"column":8},"end":{"line":30,"column":42}},"16":{"start":{"line":31,"column":8},"end":{"line":31,"column":61}},"17":{"start":{"line":32,"column":8},"end":{"line":32,"column":15}},"18":{"start":{"line":39,"column":2},"end":{"line":47,"column":5}},"19":{"start":{"line":40,"column":4},"end":{"line":46,"column":7}},"20":{"start":{"line":41,"column":6},"end":{"line":45,"column":9}},"21":{"start":{"line":42,"column":8},"end":{"line":42,"column":42}},"22":{"start":{"line":43,"column":8},"end":{"line":43,"column":64}},"23":{"start":{"line":44,"column":8},"end":{"line":44,"column":15}},"24":{"start":{"line":50,"column":2},"end":{"line":57,"column":5}},"25":{"start":{"line":51,"column":4},"end":{"line":56,"column":7}},"26":{"start":{"line":52,"column":6},"end":{"line":55,"column":9}},"27":{"start":{"line":53,"column":8},"end":{"line":53,"column":42}},"28":{"start":{"line":54,"column":8},"end":{"line":54,"column":15}},"29":{"start":{"line":60,"column":2},"end":{"line":68,"column":5}},"30":{"start":{"line":61,"column":4},"end":{"line":67,"column":7}},"31":{"start":{"line":62,"column":6},"end":{"line":66,"column":9}},"32":{"start":{"line":63,"column":8},"end":{"line":63,"column":42}},"33":{"start":{"line":64,"column":8},"end":{"line":64,"column":72}},"34":{"start":{"line":65,"column":8},"end":{"line":65,"column":15}},"35":{"start":{"line":71,"column":2},"end":{"line":78,"column":5}},"36":{"start":{"line":72,"column":4},"end":{"line":77,"column":7}},"37":{"start":{"line":73,"column":6},"end":{"line":76,"column":9}},"38":{"start":{"line":74,"column":8},"end":{"line":74,"column":42}},"39":{"start":{"line":75,"column":8},"end":{"line":75,"column":15}}},"fnMap":{"0":{"name":"_interopRequireDefault","decl":{"start":{"line":15,"column":9},"end":{"line":15,"column":31}},"loc":{"start":{"line":15,"column":37},"end":{"line":15,"column":95}},"line":15},"1":{"name":"(anonymous_1)","decl":{"start":{"line":20,"column":23},"end":{"line":20,"column":24}},"loc":{"start":{"line":20,"column":35},"end":{"line":79,"column":1}},"line":20},"2":{"name":"(anonymous_2)","decl":{"start":{"line":27,"column":86},"end":{"line":27,"column":87}},"loc":{"start":{"line":27,"column":98},"end":{"line":35,"column":3}},"line":27},"3":{"name":"(anonymous_3)","decl":{"start":{"line":28,"column":36},"end":{"line":28,"column":37}},"loc":{"start":{"line":28,"column":52},"end":{"line":34,"column":5}},"line":28},"4":{"name":"(anonymous_4)","decl":{"start":{"line":29,"column":78},"end":{"line":29,"column":79}},"loc":{"start":{"line":29,"column":98},"end":{"line":33,"column":7}},"line":29},"5":{"name":"(anonymous_5)","decl":{"start":{"line":39,"column":76},"end":{"line":39,"column":77}},"loc":{"start":{"line":39,"column":88},"end":{"line":47,"column":3}},"line":39},"6":{"name":"(anonymous_6)","decl":{"start":{"line":40,"column":39},"end":{"line":40,"column":40}},"loc":{"start":{"line":40,"column":55},"end":{"line":46,"column":5}},"line":40},"7":{"name":"(anonymous_7)","decl":{"start":{"line":41,"column":114},"end":{"line":41,"column":115}},"loc":{"start":{"line":41,"column":134},"end":{"line":45,"column":7}},"line":41},"8":{"name":"(anonymous_8)","decl":{"start":{"line":50,"column":74},"end":{"line":50,"column":75}},"loc":{"start":{"line":50,"column":86},"end":{"line":57,"column":3}},"line":50},"9":{"name":"(anonymous_9)","decl":{"start":{"line":51,"column":55},"end":{"line":51,"column":56}},"loc":{"start":{"line":51,"column":71},"end":{"line":56,"column":5}},"line":51},"10":{"name":"(anonymous_10)","decl":{"start":{"line":52,"column":111},"end":{"line":52,"column":112}},"loc":{"start":{"line":52,"column":131},"end":{"line":55,"column":7}},"line":52},"11":{"name":"(anonymous_11)","decl":{"start":{"line":60,"column":86},"end":{"line":60,"column":87}},"loc":{"start":{"line":60,"column":98},"end":{"line":68,"column":3}},"line":60},"12":{"name":"(anonymous_12)","decl":{"start":{"line":61,"column":38},"end":{"line":61,"column":39}},"loc":{"start":{"line":61,"column":54},"end":{"line":67,"column":5}},"line":61},"13":{"name":"(anonymous_13)","decl":{"start":{"line":62,"column":116},"end":{"line":62,"column":117}},"loc":{"start":{"line":62,"column":136},"end":{"line":66,"column":7}},"line":62},"14":{"name":"(anonymous_14)","decl":{"start":{"line":71,"column":86},"end":{"line":71,"column":87}},"loc":{"start":{"line":71,"column":98},"end":{"line":78,"column":3}},"line":71},"15":{"name":"(anonymous_15)","decl":{"start":{"line":72,"column":62},"end":{"line":72,"column":63}},"loc":{"start":{"line":72,"column":78},"end":{"line":77,"column":5}},"line":72},"16":{"name":"(anonymous_16)","decl":{"start":{"line":73,"column":117},"end":{"line":73,"column":118}},"loc":{"start":{"line":73,"column":137},"end":{"line":76,"column":7}},"line":73}},"branchMap":{"0":{"loc":{"start":{"line":15,"column":46},"end":{"line":15,"column":92}},"type":"cond-expr","locations":[{"start":{"line":15,"column":70},"end":{"line":15,"column":73}},{"start":{"line":15,"column":76},"end":{"line":15,"column":92}}],"line":15},"1":{"loc":{"start":{"line":15,"column":46},"end":{"line":15,"column":67}},"type":"binary-expr","locations":[{"start":{"line":15,"column":46},"end":{"line":15,"column":49}},{"start":{"line":15,"column":53},"end":{"line":15,"column":67}}],"line":15}},"s":{"0":1,"1":1,"2":1,"3":1,"4":1,"5":1,"6":3,"7":1,"8":1,"9":1,"10":1,"11":1,"12":1,"13":1,"14":1,"15":1,"16":1,"17":1,"18":1,"19":1,"20":1,"21":1,"22":1,"23":1,"24":1,"25":1,"26":1,"27":1,"28":0,"29":1,"30":1,"31":1,"32":1,"33":0,"34":0,"35":1,"36":1,"37":1,"38":1,"39":0},"f":{"0":3,"1":1,"2":1,"3":1,"4":1,"5":1,"6":1,"7":1,"8":1,"9":1,"10":1,"11":1,"12":1,"13":1,"14":1,"15":1,"16":1},"b":{"0":[0,3],"1":[3,3]},"_coverageSchema":"332fd63041d2c1bcb487cc26dd0d5f7d97098a6c","hash":"5378e96f72146923f0070a569823992eebbff18d","contentHash":"eae022411800feaffaca5901630cb1a1_11.1.0"},"C:\\Users\\Sofiat\\Desktop\\tutorial\\backhelloBooks\\server\\test\\user.js":{"path":"C:\\Users\\Sofiat\\Desktop\\tutorial\\backhelloBooks\\server\\test\\user.js","statementMap":{"0":{"start":{"line":3,"column":12},"end":{"line":3,"column":27}},"1":{"start":{"line":5,"column":13},"end":{"line":5,"column":42}},"2":{"start":{"line":7,"column":17},"end":{"line":7,"column":37}},"3":{"start":{"line":9,"column":18},"end":{"line":9,"column":52}},"4":{"start":{"line":11,"column":14},"end":{"line":11,"column":31}},"5":{"start":{"line":13,"column":15},"end":{"line":13,"column":46}},"6":{"start":{"line":15,"column":11},"end":{"line":15,"column":31}},"7":{"start":{"line":17,"column":12},"end":{"line":17,"column":40}},"8":{"start":{"line":19,"column":39},"end":{"line":19,"column":93}},"9":{"start":{"line":21,"column":11},"end":{"line":21,"column":43}},"10":{"start":{"line":22,"column":13},"end":{"line":22,"column":34}},"11":{"start":{"line":24,"column":0},"end":{"line":149,"column":3}},"12":{"start":{"line":25,"column":14},"end":{"line":25,"column":24}},"13":{"start":{"line":26,"column":16},"end":{"line":26,"column":61}},"14":{"start":{"line":27,"column":14},"end":{"line":27,"column":175}},"15":{"start":{"line":29,"column":15},"end":{"line":29,"column":17}},"16":{"start":{"line":30,"column":19},"end":{"line":30,"column":83}},"17":{"start":{"line":32,"column":4},"end":{"line":34,"column":5}},"18":{"start":{"line":33,"column":6},"end":{"line":33,"column":75}},"19":{"start":{"line":35,"column":4},"end":{"line":35,"column":16}},"20":{"start":{"line":38,"column":2},"end":{"line":50,"column":5}},"21":{"start":{"line":39,"column":4},"end":{"line":49,"column":7}},"22":{"start":{"line":40,"column":17},"end":{"line":43,"column":7}},"23":{"start":{"line":44,"column":6},"end":{"line":48,"column":9}},"24":{"start":{"line":45,"column":8},"end":{"line":45,"column":57}},"25":{"start":{"line":46,"column":8},"end":{"line":46,"column":42}},"26":{"start":{"line":47,"column":8},"end":{"line":47,"column":15}},"27":{"start":{"line":53,"column":2},"end":{"line":64,"column":5}},"28":{"start":{"line":54,"column":4},"end":{"line":63,"column":7}},"29":{"start":{"line":55,"column":17},"end":{"line":58,"column":7}},"30":{"start":{"line":59,"column":6},"end":{"line":62,"column":9}},"31":{"start":{"line":60,"column":8},"end":{"line":60,"column":36}},"32":{"start":{"line":61,"column":8},"end":{"line":61,"column":15}},"33":{"start":{"line":67,"column":2},"end":{"line":84,"column":5}},"34":{"start":{"line":68,"column":4},"end":{"line":83,"column":7}},"35":{"start":{"line":69,"column":25},"end":{"line":69,"column":70}},"36":{"start":{"line":70,"column":17},"end":{"line":77,"column":7}},"37":{"start":{"line":78,"column":6},"end":{"line":82,"column":9}},"38":{"start":{"line":79,"column":8},"end":{"line":79,"column":42}},"39":{"start":{"line":80,"column":8},"end":{"line":80,"column":69}},"40":{"start":{"line":81,"column":8},"end":{"line":81,"column":15}},"41":{"start":{"line":87,"column":2},"end":{"line":103,"column":5}},"42":{"start":{"line":88,"column":4},"end":{"line":102,"column":7}},"43":{"start":{"line":89,"column":25},"end":{"line":96,"column":7}},"44":{"start":{"line":97,"column":6},"end":{"line":101,"column":9}},"45":{"start":{"line":98,"column":8},"end":{"line":98,"column":42}},"46":{"start":{"line":99,"column":8},"end":{"line":99,"column":78}},"47":{"start":{"line":100,"column":8},"end":{"line":100,"column":15}},"48":{"start":{"line":105,"column":2},"end":{"line":121,"column":5}},"49":{"start":{"line":106,"column":4},"end":{"line":120,"column":7}},"50":{"start":{"line":107,"column":26},"end":{"line":114,"column":7}},"51":{"start":{"line":115,"column":6},"end":{"line":119,"column":9}},"52":{"start":{"line":116,"column":8},"end":{"line":116,"column":42}},"53":{"start":{"line":117,"column":8},"end":{"line":117,"column":61}},"54":{"start":{"line":118,"column":8},"end":{"line":118,"column":15}},"55":{"start":{"line":123,"column":2},"end":{"line":130,"column":5}},"56":{"start":{"line":124,"column":4},"end":{"line":129,"column":7}},"57":{"start":{"line":125,"column":6},"end":{"line":128,"column":9}},"58":{"start":{"line":126,"column":8},"end":{"line":126,"column":42}},"59":{"start":{"line":127,"column":8},"end":{"line":127,"column":15}},"60":{"start":{"line":132,"column":2},"end":{"line":139,"column":5}},"61":{"start":{"line":133,"column":4},"end":{"line":138,"column":7}},"62":{"start":{"line":134,"column":6},"end":{"line":137,"column":9}},"63":{"start":{"line":135,"column":8},"end":{"line":135,"column":42}},"64":{"start":{"line":136,"column":8},"end":{"line":136,"column":15}},"65":{"start":{"line":141,"column":2},"end":{"line":148,"column":5}},"66":{"start":{"line":142,"column":4},"end":{"line":147,"column":7}},"67":{"start":{"line":143,"column":6},"end":{"line":146,"column":9}},"68":{"start":{"line":144,"column":8},"end":{"line":144,"column":42}},"69":{"start":{"line":145,"column":8},"end":{"line":145,"column":15}}},"fnMap":{"0":{"name":"_interopRequireDefault","decl":{"start":{"line":19,"column":9},"end":{"line":19,"column":31}},"loc":{"start":{"line":19,"column":37},"end":{"line":19,"column":95}},"line":19},"1":{"name":"(anonymous_1)","decl":{"start":{"line":24,"column":19},"end":{"line":24,"column":20}},"loc":{"start":{"line":24,"column":31},"end":{"line":149,"column":1}},"line":24},"2":{"name":"makeUser","decl":{"start":{"line":28,"column":11},"end":{"line":28,"column":19}},"loc":{"start":{"line":28,"column":22},"end":{"line":36,"column":3}},"line":28},"3":{"name":"(anonymous_3)","decl":{"start":{"line":38,"column":56},"end":{"line":38,"column":57}},"loc":{"start":{"line":38,"column":68},"end":{"line":50,"column":3}},"line":38},"4":{"name":"(anonymous_4)","decl":{"start":{"line":39,"column":50},"end":{"line":39,"column":51}},"loc":{"start":{"line":39,"column":66},"end":{"line":49,"column":5}},"line":39},"5":{"name":"(anonymous_5)","decl":{"start":{"line":44,"column":89},"end":{"line":44,"column":90}},"loc":{"start":{"line":44,"column":109},"end":{"line":48,"column":7}},"line":44},"6":{"name":"(anonymous_6)","decl":{"start":{"line":53,"column":67},"end":{"line":53,"column":68}},"loc":{"start":{"line":53,"column":79},"end":{"line":64,"column":3}},"line":53},"7":{"name":"(anonymous_7)","decl":{"start":{"line":54,"column":45},"end":{"line":54,"column":46}},"loc":{"start":{"line":54,"column":61},"end":{"line":63,"column":5}},"line":54},"8":{"name":"(anonymous_8)","decl":{"start":{"line":59,"column":89},"end":{"line":59,"column":90}},"loc":{"start":{"line":59,"column":109},"end":{"line":62,"column":7}},"line":59},"9":{"name":"(anonymous_9)","decl":{"start":{"line":67,"column":48},"end":{"line":67,"column":49}},"loc":{"start":{"line":67,"column":60},"end":{"line":84,"column":3}},"line":67},"10":{"name":"(anonymous_10)","decl":{"start":{"line":68,"column":28},"end":{"line":68,"column":29}},"loc":{"start":{"line":68,"column":44},"end":{"line":83,"column":5}},"line":68},"11":{"name":"(anonymous_11)","decl":{"start":{"line":78,"column":90},"end":{"line":78,"column":91}},"loc":{"start":{"line":78,"column":110},"end":{"line":82,"column":7}},"line":78},"12":{"name":"(anonymous_12)","decl":{"start":{"line":87,"column":113},"end":{"line":87,"column":114}},"loc":{"start":{"line":87,"column":125},"end":{"line":103,"column":3}},"line":87},"13":{"name":"(anonymous_13)","decl":{"start":{"line":88,"column":105},"end":{"line":88,"column":106}},"loc":{"start":{"line":88,"column":121},"end":{"line":102,"column":5}},"line":88},"14":{"name":"(anonymous_14)","decl":{"start":{"line":97,"column":108},"end":{"line":97,"column":109}},"loc":{"start":{"line":97,"column":128},"end":{"line":101,"column":7}},"line":97},"15":{"name":"(anonymous_15)","decl":{"start":{"line":105,"column":66},"end":{"line":105,"column":67}},"loc":{"start":{"line":105,"column":78},"end":{"line":121,"column":3}},"line":105},"16":{"name":"(anonymous_16)","decl":{"start":{"line":106,"column":79},"end":{"line":106,"column":80}},"loc":{"start":{"line":106,"column":95},"end":{"line":120,"column":5}},"line":106},"17":{"name":"(anonymous_17)","decl":{"start":{"line":115,"column":109},"end":{"line":115,"column":110}},"loc":{"start":{"line":115,"column":129},"end":{"line":119,"column":7}},"line":115},"18":{"name":"(anonymous_18)","decl":{"start":{"line":123,"column":61},"end":{"line":123,"column":62}},"loc":{"start":{"line":123,"column":73},"end":{"line":130,"column":3}},"line":123},"19":{"name":"(anonymous_19)","decl":{"start":{"line":124,"column":49},"end":{"line":124,"column":50}},"loc":{"start":{"line":124,"column":65},"end":{"line":129,"column":5}},"line":124},"20":{"name":"(anonymous_20)","decl":{"start":{"line":125,"column":117},"end":{"line":125,"column":118}},"loc":{"start":{"line":125,"column":137},"end":{"line":128,"column":7}},"line":125},"21":{"name":"(anonymous_21)","decl":{"start":{"line":132,"column":79},"end":{"line":132,"column":80}},"loc":{"start":{"line":132,"column":91},"end":{"line":139,"column":3}},"line":132},"22":{"name":"(anonymous_22)","decl":{"start":{"line":133,"column":49},"end":{"line":133,"column":50}},"loc":{"start":{"line":133,"column":65},"end":{"line":138,"column":5}},"line":133},"23":{"name":"(anonymous_23)","decl":{"start":{"line":134,"column":115},"end":{"line":134,"column":116}},"loc":{"start":{"line":134,"column":135},"end":{"line":137,"column":7}},"line":134},"24":{"name":"(anonymous_24)","decl":{"start":{"line":141,"column":50},"end":{"line":141,"column":51}},"loc":{"start":{"line":141,"column":62},"end":{"line":148,"column":3}},"line":141},"25":{"name":"(anonymous_25)","decl":{"start":{"line":142,"column":23},"end":{"line":142,"column":24}},"loc":{"start":{"line":142,"column":39},"end":{"line":147,"column":5}},"line":142},"26":{"name":"(anonymous_26)","decl":{"start":{"line":143,"column":111},"end":{"line":143,"column":112}},"loc":{"start":{"line":143,"column":131},"end":{"line":146,"column":7}},"line":143}},"branchMap":{"0":{"loc":{"start":{"line":19,"column":46},"end":{"line":19,"column":92}},"type":"cond-expr","locations":[{"start":{"line":19,"column":70},"end":{"line":19,"column":73}},{"start":{"line":19,"column":76},"end":{"line":19,"column":92}}],"line":19},"1":{"loc":{"start":{"line":19,"column":46},"end":{"line":19,"column":67}},"type":"binary-expr","locations":[{"start":{"line":19,"column":46},"end":{"line":19,"column":49}},{"start":{"line":19,"column":53},"end":{"line":19,"column":67}}],"line":19}},"s":{"0":1,"1":1,"2":1,"3":1,"4":1,"5":1,"6":1,"7":1,"8":4,"9":1,"10":1,"11":1,"12":1,"13":1,"14":1,"15":2,"16":2,"17":2,"18":10,"19":2,"20":1,"21":1,"22":1,"23":1,"24":0,"25":0,"26":0,"27":1,"28":1,"29":1,"30":1,"31":0,"32":0,"33":1,"34":1,"35":1,"36":1,"37":1,"38":0,"39":0,"40":0,"41":1,"42":1,"43":1,"44":1,"45":1,"46":0,"47":0,"48":1,"49":1,"50":1,"51":1,"52":1,"53":0,"54":0,"55":1,"56":1,"57":1,"58":1,"59":0,"60":1,"61":1,"62":1,"63":1,"64":0,"65":1,"66":1,"67":1,"68":1,"69":0},"f":{"0":4,"1":1,"2":2,"3":1,"4":1,"5":0,"6":1,"7":1,"8":0,"9":1,"10":1,"11":0,"12":1,"13":1,"14":1,"15":1,"16":1,"17":1,"18":1,"19":1,"20":1,"21":1,"22":1,"23":1,"24":1,"25":1,"26":1},"b":{"0":[0,4],"1":[4,4]},"_coverageSchema":"332fd63041d2c1bcb487cc26dd0d5f7d97098a6c","hash":"96af82b8bccce16458ba1d8047e46cdc9a37ab6c","contentHash":"3747a03f55b3304cde4d2f25b609fbed_11.1.0"}}