{"/Users/andeladeveloper/Documents/backhellobooks-copy/server/test/book.js":{"path":"/Users/andeladeveloper/Documents/backhellobooks-copy/server/test/book.js","statementMap":{"0":{"start":{"line":3,"column":12},"end":{"line":3,"column":27}},"1":{"start":{"line":5,"column":13},"end":{"line":5,"column":42}},"2":{"start":{"line":7,"column":17},"end":{"line":7,"column":37}},"3":{"start":{"line":9,"column":18},"end":{"line":9,"column":52}},"4":{"start":{"line":11,"column":14},"end":{"line":11,"column":31}},"5":{"start":{"line":13,"column":15},"end":{"line":13,"column":46}},"6":{"start":{"line":15,"column":11},"end":{"line":15,"column":28}},"7":{"start":{"line":17,"column":12},"end":{"line":17,"column":40}},"8":{"start":{"line":19,"column":39},"end":{"line":19,"column":93}},"9":{"start":{"line":21,"column":13},"end":{"line":21,"column":34}},"10":{"start":{"line":22,"column":0},"end":{"line":22,"column":26}},"11":{"start":{"line":24,"column":0},"end":{"line":157,"column":3}},"12":{"start":{"line":25,"column":14},"end":{"line":25,"column":36}},"13":{"start":{"line":26,"column":19},"end":{"line":26,"column":42}},"14":{"start":{"line":27,"column":17},"end":{"line":35,"column":3}},"15":{"start":{"line":28,"column":15},"end":{"line":28,"column":17}},"16":{"start":{"line":29,"column":19},"end":{"line":29,"column":83}},"17":{"start":{"line":31,"column":4},"end":{"line":33,"column":5}},"18":{"start":{"line":32,"column":6},"end":{"line":32,"column":75}},"19":{"start":{"line":34,"column":4},"end":{"line":34,"column":16}},"20":{"start":{"line":38,"column":2},"end":{"line":49,"column":5}},"21":{"start":{"line":39,"column":4},"end":{"line":48,"column":7}},"22":{"start":{"line":40,"column":6},"end":{"line":47,"column":9}},"23":{"start":{"line":41,"column":8},"end":{"line":41,"column":42}},"24":{"start":{"line":42,"column":8},"end":{"line":42,"column":52}},"25":{"start":{"line":43,"column":8},"end":{"line":43,"column":30}},"26":{"start":{"line":44,"column":8},"end":{"line":44,"column":39}},"27":{"start":{"line":45,"column":8},"end":{"line":45,"column":34}},"28":{"start":{"line":45,"column":17},"end":{"line":45,"column":34}},"29":{"start":{"line":46,"column":8},"end":{"line":46,"column":15}},"30":{"start":{"line":80,"column":2},"end":{"line":98,"column":5}},"31":{"start":{"line":81,"column":4},"end":{"line":97,"column":7}},"32":{"start":{"line":82,"column":17},"end":{"line":90,"column":7}},"33":{"start":{"line":91,"column":6},"end":{"line":96,"column":9}},"34":{"start":{"line":92,"column":8},"end":{"line":92,"column":42}},"35":{"start":{"line":93,"column":8},"end":{"line":93,"column":34}},"36":{"start":{"line":94,"column":8},"end":{"line":94,"column":34}},"37":{"start":{"line":94,"column":17},"end":{"line":94,"column":34}},"38":{"start":{"line":95,"column":8},"end":{"line":95,"column":15}},"39":{"start":{"line":102,"column":2},"end":{"line":111,"column":5}},"40":{"start":{"line":103,"column":4},"end":{"line":110,"column":7}},"41":{"start":{"line":104,"column":6},"end":{"line":109,"column":9}},"42":{"start":{"line":105,"column":8},"end":{"line":105,"column":42}},"43":{"start":{"line":106,"column":8},"end":{"line":106,"column":34}},"44":{"start":{"line":107,"column":8},"end":{"line":107,"column":34}},"45":{"start":{"line":107,"column":17},"end":{"line":107,"column":34}},"46":{"start":{"line":108,"column":8},"end":{"line":108,"column":15}},"47":{"start":{"line":113,"column":2},"end":{"line":123,"column":5}},"48":{"start":{"line":114,"column":4},"end":{"line":122,"column":7}},"49":{"start":{"line":115,"column":6},"end":{"line":121,"column":9}},"50":{"start":{"line":116,"column":8},"end":{"line":116,"column":42}},"51":{"start":{"line":117,"column":8},"end":{"line":117,"column":57}},"52":{"start":{"line":118,"column":8},"end":{"line":118,"column":34}},"53":{"start":{"line":119,"column":8},"end":{"line":119,"column":34}},"54":{"start":{"line":119,"column":17},"end":{"line":119,"column":34}},"55":{"start":{"line":120,"column":8},"end":{"line":120,"column":15}},"56":{"start":{"line":127,"column":2},"end":{"line":144,"column":5}},"57":{"start":{"line":128,"column":4},"end":{"line":143,"column":7}},"58":{"start":{"line":129,"column":17},"end":{"line":135,"column":7}},"59":{"start":{"line":136,"column":6},"end":{"line":142,"column":9}},"60":{"start":{"line":137,"column":8},"end":{"line":137,"column":42}},"61":{"start":{"line":138,"column":8},"end":{"line":138,"column":69}},"62":{"start":{"line":139,"column":8},"end":{"line":139,"column":34}},"63":{"start":{"line":140,"column":8},"end":{"line":140,"column":34}},"64":{"start":{"line":140,"column":17},"end":{"line":140,"column":34}},"65":{"start":{"line":141,"column":8},"end":{"line":141,"column":15}},"66":{"start":{"line":148,"column":2},"end":{"line":156,"column":5}},"67":{"start":{"line":149,"column":4},"end":{"line":155,"column":7}},"68":{"start":{"line":150,"column":15},"end":{"line":150,"column":18}},"69":{"start":{"line":151,"column":6},"end":{"line":154,"column":9}},"70":{"start":{"line":152,"column":8},"end":{"line":152,"column":42}},"71":{"start":{"line":153,"column":8},"end":{"line":153,"column":15}}},"fnMap":{"0":{"name":"_interopRequireDefault","decl":{"start":{"line":19,"column":9},"end":{"line":19,"column":31}},"loc":{"start":{"line":19,"column":37},"end":{"line":19,"column":95}},"line":19},"1":{"name":"(anonymous_1)","decl":{"start":{"line":24,"column":37},"end":{"line":24,"column":38}},"loc":{"start":{"line":24,"column":49},"end":{"line":157,"column":1}},"line":24},"2":{"name":"makeText","decl":{"start":{"line":27,"column":26},"end":{"line":27,"column":34}},"loc":{"start":{"line":27,"column":37},"end":{"line":35,"column":3}},"line":27},"3":{"name":"(anonymous_3)","decl":{"start":{"line":38,"column":47},"end":{"line":38,"column":48}},"loc":{"start":{"line":38,"column":59},"end":{"line":49,"column":3}},"line":38},"4":{"name":"(anonymous_4)","decl":{"start":{"line":39,"column":27},"end":{"line":39,"column":28}},"loc":{"start":{"line":39,"column":43},"end":{"line":48,"column":5}},"line":39},"5":{"name":"(anonymous_5)","decl":{"start":{"line":40,"column":107},"end":{"line":40,"column":108}},"loc":{"start":{"line":40,"column":127},"end":{"line":47,"column":7}},"line":40},"6":{"name":"(anonymous_6)","decl":{"start":{"line":80,"column":77},"end":{"line":80,"column":78}},"loc":{"start":{"line":80,"column":89},"end":{"line":98,"column":3}},"line":80},"7":{"name":"(anonymous_7)","decl":{"start":{"line":81,"column":38},"end":{"line":81,"column":39}},"loc":{"start":{"line":81,"column":54},"end":{"line":97,"column":5}},"line":81},"8":{"name":"(anonymous_8)","decl":{"start":{"line":91,"column":90},"end":{"line":91,"column":91}},"loc":{"start":{"line":91,"column":110},"end":{"line":96,"column":7}},"line":91},"9":{"name":"(anonymous_9)","decl":{"start":{"line":102,"column":63},"end":{"line":102,"column":64}},"loc":{"start":{"line":102,"column":75},"end":{"line":111,"column":3}},"line":102},"10":{"name":"(anonymous_10)","decl":{"start":{"line":103,"column":38},"end":{"line":103,"column":39}},"loc":{"start":{"line":103,"column":54},"end":{"line":110,"column":5}},"line":103},"11":{"name":"(anonymous_11)","decl":{"start":{"line":104,"column":110},"end":{"line":104,"column":111}},"loc":{"start":{"line":104,"column":130},"end":{"line":109,"column":7}},"line":104},"12":{"name":"(anonymous_12)","decl":{"start":{"line":113,"column":71},"end":{"line":113,"column":72}},"loc":{"start":{"line":113,"column":83},"end":{"line":123,"column":3}},"line":113},"13":{"name":"(anonymous_13)","decl":{"start":{"line":114,"column":32},"end":{"line":114,"column":33}},"loc":{"start":{"line":114,"column":48},"end":{"line":122,"column":5}},"line":114},"14":{"name":"(anonymous_14)","decl":{"start":{"line":115,"column":113},"end":{"line":115,"column":114}},"loc":{"start":{"line":115,"column":133},"end":{"line":121,"column":7}},"line":115},"15":{"name":"(anonymous_15)","decl":{"start":{"line":127,"column":62},"end":{"line":127,"column":63}},"loc":{"start":{"line":127,"column":74},"end":{"line":144,"column":3}},"line":127},"16":{"name":"(anonymous_16)","decl":{"start":{"line":128,"column":35},"end":{"line":128,"column":36}},"loc":{"start":{"line":128,"column":51},"end":{"line":143,"column":5}},"line":128},"17":{"name":"(anonymous_17)","decl":{"start":{"line":136,"column":85},"end":{"line":136,"column":86}},"loc":{"start":{"line":136,"column":105},"end":{"line":142,"column":7}},"line":136},"18":{"name":"(anonymous_18)","decl":{"start":{"line":148,"column":82},"end":{"line":148,"column":83}},"loc":{"start":{"line":148,"column":94},"end":{"line":156,"column":3}},"line":148},"19":{"name":"(anonymous_19)","decl":{"start":{"line":149,"column":55},"end":{"line":149,"column":56}},"loc":{"start":{"line":149,"column":71},"end":{"line":155,"column":5}},"line":149},"20":{"name":"(anonymous_20)","decl":{"start":{"line":151,"column":105},"end":{"line":151,"column":106}},"loc":{"start":{"line":151,"column":125},"end":{"line":154,"column":7}},"line":151}},"branchMap":{"0":{"loc":{"start":{"line":19,"column":46},"end":{"line":19,"column":92}},"type":"cond-expr","locations":[{"start":{"line":19,"column":70},"end":{"line":19,"column":73}},{"start":{"line":19,"column":76},"end":{"line":19,"column":92}}],"line":19},"1":{"loc":{"start":{"line":19,"column":46},"end":{"line":19,"column":67}},"type":"binary-expr","locations":[{"start":{"line":19,"column":46},"end":{"line":19,"column":49}},{"start":{"line":19,"column":53},"end":{"line":19,"column":67}}],"line":19},"2":{"loc":{"start":{"line":45,"column":8},"end":{"line":45,"column":34}},"type":"if","locations":[{"start":{"line":45,"column":8},"end":{"line":45,"column":34}},{"start":{"line":45,"column":8},"end":{"line":45,"column":34}}],"line":45},"3":{"loc":{"start":{"line":94,"column":8},"end":{"line":94,"column":34}},"type":"if","locations":[{"start":{"line":94,"column":8},"end":{"line":94,"column":34}},{"start":{"line":94,"column":8},"end":{"line":94,"column":34}}],"line":94},"4":{"loc":{"start":{"line":107,"column":8},"end":{"line":107,"column":34}},"type":"if","locations":[{"start":{"line":107,"column":8},"end":{"line":107,"column":34}},{"start":{"line":107,"column":8},"end":{"line":107,"column":34}}],"line":107},"5":{"loc":{"start":{"line":119,"column":8},"end":{"line":119,"column":34}},"type":"if","locations":[{"start":{"line":119,"column":8},"end":{"line":119,"column":34}},{"start":{"line":119,"column":8},"end":{"line":119,"column":34}}],"line":119},"6":{"loc":{"start":{"line":140,"column":8},"end":{"line":140,"column":34}},"type":"if","locations":[{"start":{"line":140,"column":8},"end":{"line":140,"column":34}},{"start":{"line":140,"column":8},"end":{"line":140,"column":34}}],"line":140}},"s":{"0":1,"1":1,"2":1,"3":1,"4":1,"5":1,"6":1,"7":1,"8":4,"9":1,"10":1,"11":1,"12":1,"13":1,"14":1,"15":6,"16":6,"17":6,"18":30,"19":6,"20":1,"21":1,"22":1,"23":1,"24":1,"25":1,"26":1,"27":1,"28":0,"29":1,"30":1,"31":1,"32":1,"33":1,"34":1,"35":1,"36":1,"37":0,"38":1,"39":1,"40":1,"41":1,"42":1,"43":1,"44":1,"45":0,"46":1,"47":1,"48":1,"49":1,"50":1,"51":1,"52":1,"53":1,"54":0,"55":1,"56":1,"57":1,"58":1,"59":1,"60":1,"61":1,"62":1,"63":1,"64":0,"65":1,"66":1,"67":1,"68":1,"69":1,"70":1,"71":1},"f":{"0":4,"1":1,"2":6,"3":1,"4":1,"5":1,"6":1,"7":1,"8":1,"9":1,"10":1,"11":1,"12":1,"13":1,"14":1,"15":1,"16":1,"17":1,"18":1,"19":1,"20":1},"b":{"0":[0,4],"1":[4,4],"2":[0,1],"3":[0,1],"4":[0,1],"5":[0,1],"6":[0,1]},"_coverageSchema":"332fd63041d2c1bcb487cc26dd0d5f7d97098a6c","hash":"c480a97a4f4691b7c585f409ddafb1073c3957e4","contentHash":"fc47635d4851fa6c46af5fa743521122_11.2.1"},"/Users/andeladeveloper/Documents/backhellobooks-copy/server/app.js":{"path":"/Users/andeladeveloper/Documents/backhellobooks-copy/server/app.js","statementMap":{"0":{"start":{"line":3,"column":15},"end":{"line":3,"column":33}},"1":{"start":{"line":5,"column":16},"end":{"line":5,"column":48}},"2":{"start":{"line":7,"column":14},"end":{"line":7,"column":31}},"3":{"start":{"line":9,"column":15},"end":{"line":9,"column":46}},"4":{"start":{"line":11,"column":12},"end":{"line":11,"column":27}},"5":{"start":{"line":13,"column":13},"end":{"line":13,"column":42}},"6":{"start":{"line":15,"column":18},"end":{"line":15,"column":40}},"7":{"start":{"line":17,"column":19},"end":{"line":17,"column":54}},"8":{"start":{"line":19,"column":14},"end":{"line":19,"column":33}},"9":{"start":{"line":21,"column":15},"end":{"line":21,"column":46}},"10":{"start":{"line":23,"column":12},"end":{"line":23,"column":36}},"11":{"start":{"line":25,"column":13},"end":{"line":25,"column":42}},"12":{"start":{"line":27,"column":18},"end":{"line":27,"column":48}},"13":{"start":{"line":29,"column":19},"end":{"line":29,"column":54}},"14":{"start":{"line":31,"column":17},"end":{"line":31,"column":46}},"15":{"start":{"line":33,"column":18},"end":{"line":33,"column":52}},"16":{"start":{"line":35,"column":20},"end":{"line":35,"column":52}},"17":{"start":{"line":37,"column":21},"end":{"line":37,"column":58}},"18":{"start":{"line":39,"column":39},"end":{"line":39,"column":93}},"19":{"start":{"line":42,"column":10},"end":{"line":42,"column":34}},"20":{"start":{"line":45,"column":0},"end":{"line":45,"column":38}},"21":{"start":{"line":48,"column":0},"end":{"line":48,"column":37}},"22":{"start":{"line":49,"column":0},"end":{"line":49,"column":61}},"23":{"start":{"line":50,"column":0},"end":{"line":50,"column":58}},"24":{"start":{"line":51,"column":0},"end":{"line":51,"column":67}},"25":{"start":{"line":52,"column":0},"end":{"line":52,"column":78}},"26":{"start":{"line":56,"column":0},"end":{"line":56,"column":110}},"27":{"start":{"line":58,"column":0},"end":{"line":60,"column":3}},"28":{"start":{"line":59,"column":2},"end":{"line":59,"column":85}},"29":{"start":{"line":62,"column":0},"end":{"line":64,"column":3}},"30":{"start":{"line":63,"column":2},"end":{"line":63,"column":86}},"31":{"start":{"line":66,"column":0},"end":{"line":66,"column":21}}},"fnMap":{"0":{"name":"_interopRequireDefault","decl":{"start":{"line":39,"column":9},"end":{"line":39,"column":31}},"loc":{"start":{"line":39,"column":37},"end":{"line":39,"column":95}},"line":39},"1":{"name":"(anonymous_1)","decl":{"start":{"line":58,"column":22},"end":{"line":58,"column":23}},"loc":{"start":{"line":58,"column":42},"end":{"line":60,"column":1}},"line":58},"2":{"name":"(anonymous_2)","decl":{"start":{"line":62,"column":13},"end":{"line":62,"column":14}},"loc":{"start":{"line":62,"column":33},"end":{"line":64,"column":1}},"line":62}},"branchMap":{"0":{"loc":{"start":{"line":39,"column":46},"end":{"line":39,"column":92}},"type":"cond-expr","locations":[{"start":{"line":39,"column":70},"end":{"line":39,"column":73}},{"start":{"line":39,"column":76},"end":{"line":39,"column":92}}],"line":39},"1":{"loc":{"start":{"line":39,"column":46},"end":{"line":39,"column":67}},"type":"binary-expr","locations":[{"start":{"line":39,"column":46},"end":{"line":39,"column":49}},{"start":{"line":39,"column":53},"end":{"line":39,"column":67}}],"line":39}},"s":{"0":1,"1":1,"2":1,"3":1,"4":1,"5":1,"6":1,"7":1,"8":1,"9":1,"10":1,"11":1,"12":1,"13":1,"14":1,"15":1,"16":1,"17":1,"18":9,"19":1,"20":1,"21":1,"22":1,"23":1,"24":1,"25":1,"26":1,"27":1,"28":0,"29":1,"30":0,"31":1},"f":{"0":9,"1":0,"2":0},"b":{"0":[5,4],"1":[9,9]},"_coverageSchema":"332fd63041d2c1bcb487cc26dd0d5f7d97098a6c","hash":"77751799081e2a29c7cd6a1540496fc434838a76","contentHash":"a0af5e3b63449304fc2e4db8509b9dbc_11.2.1"},"/Users/andeladeveloper/Documents/backhellobooks-copy/server/routes/index.js":{"path":"/Users/andeladeveloper/Documents/backhellobooks-copy/server/routes/index.js","statementMap":{"0":{"start":{"line":3,"column":0},"end":{"line":5,"column":3}},"1":{"start":{"line":7,"column":12},"end":{"line":7,"column":42}},"2":{"start":{"line":9,"column":13},"end":{"line":9,"column":42}},"3":{"start":{"line":11,"column":12},"end":{"line":11,"column":42}},"4":{"start":{"line":13,"column":13},"end":{"line":13,"column":42}},"5":{"start":{"line":15,"column":16},"end":{"line":15,"column":50}},"6":{"start":{"line":17,"column":17},"end":{"line":17,"column":50}},"7":{"start":{"line":19,"column":39},"end":{"line":19,"column":93}},"8":{"start":{"line":21,"column":13},"end":{"line":63,"column":1}},"9":{"start":{"line":22,"column":2},"end":{"line":26,"column":5}},"10":{"start":{"line":23,"column":4},"end":{"line":25,"column":7}},"11":{"start":{"line":29,"column":2},"end":{"line":29,"column":58}},"12":{"start":{"line":30,"column":2},"end":{"line":30,"column":57}},"13":{"start":{"line":31,"column":2},"end":{"line":31,"column":81}},"14":{"start":{"line":32,"column":2},"end":{"line":32,"column":68}},"15":{"start":{"line":33,"column":2},"end":{"line":33,"column":65}},"16":{"start":{"line":36,"column":2},"end":{"line":36,"column":116}},"17":{"start":{"line":37,"column":2},"end":{"line":37,"column":69}},"18":{"start":{"line":38,"column":2},"end":{"line":38,"column":96}},"19":{"start":{"line":39,"column":2},"end":{"line":39,"column":81}},"20":{"start":{"line":40,"column":2},"end":{"line":40,"column":102}},"21":{"start":{"line":41,"column":2},"end":{"line":41,"column":106}},"22":{"start":{"line":44,"column":2},"end":{"line":44,"column":111}},"23":{"start":{"line":45,"column":2},"end":{"line":45,"column":78}},"24":{"start":{"line":46,"column":2},"end":{"line":46,"column":112}},"25":{"start":{"line":47,"column":2},"end":{"line":47,"column":110}},"26":{"start":{"line":48,"column":2},"end":{"line":48,"column":114}},"27":{"start":{"line":51,"column":2},"end":{"line":51,"column":126}},"28":{"start":{"line":52,"column":2},"end":{"line":52,"column":104}},"29":{"start":{"line":53,"column":2},"end":{"line":53,"column":94}},"30":{"start":{"line":54,"column":2},"end":{"line":54,"column":95}},"31":{"start":{"line":55,"column":2},"end":{"line":55,"column":56}},"32":{"start":{"line":58,"column":2},"end":{"line":62,"column":5}},"33":{"start":{"line":59,"column":4},"end":{"line":61,"column":7}},"34":{"start":{"line":65,"column":0},"end":{"line":65,"column":25}}},"fnMap":{"0":{"name":"_interopRequireDefault","decl":{"start":{"line":19,"column":9},"end":{"line":19,"column":31}},"loc":{"start":{"line":19,"column":37},"end":{"line":19,"column":95}},"line":19},"1":{"name":"routes","decl":{"start":{"line":21,"column":22},"end":{"line":21,"column":28}},"loc":{"start":{"line":21,"column":82},"end":{"line":63,"column":1}},"line":21},"2":{"name":"(anonymous_2)","decl":{"start":{"line":22,"column":18},"end":{"line":22,"column":19}},"loc":{"start":{"line":22,"column":38},"end":{"line":26,"column":3}},"line":22},"3":{"name":"(anonymous_3)","decl":{"start":{"line":58,"column":35},"end":{"line":58,"column":36}},"loc":{"start":{"line":58,"column":55},"end":{"line":62,"column":3}},"line":58}},"branchMap":{"0":{"loc":{"start":{"line":19,"column":46},"end":{"line":19,"column":92}},"type":"cond-expr","locations":[{"start":{"line":19,"column":70},"end":{"line":19,"column":73}},{"start":{"line":19,"column":76},"end":{"line":19,"column":92}}],"line":19},"1":{"loc":{"start":{"line":19,"column":46},"end":{"line":19,"column":67}},"type":"binary-expr","locations":[{"start":{"line":19,"column":46},"end":{"line":19,"column":49}},{"start":{"line":19,"column":53},"end":{"line":19,"column":67}}],"line":19}},"s":{"0":1,"1":1,"2":1,"3":1,"4":1,"5":1,"6":1,"7":3,"8":1,"9":1,"10":0,"11":1,"12":1,"13":1,"14":1,"15":1,"16":1,"17":1,"18":1,"19":1,"20":1,"21":1,"22":1,"23":1,"24":1,"25":1,"26":1,"27":1,"28":1,"29":1,"30":1,"31":1,"32":1,"33":0,"34":1},"f":{"0":3,"1":1,"2":0,"3":0},"b":{"0":[3,0],"1":[3,3]},"_coverageSchema":"332fd63041d2c1bcb487cc26dd0d5f7d97098a6c","hash":"bdafde49a7f4a1113989a96005bff40b3b5a94c7","contentHash":"1cd1839619b4a619c43ce236404690c0_11.2.1"},"/Users/andeladeveloper/Documents/backhellobooks-copy/server/controllers/book.js":{"path":"/Users/andeladeveloper/Documents/backhellobooks-copy/server/controllers/book.js","statementMap":{"0":{"start":{"line":3,"column":0},"end":{"line":5,"column":3}},"1":{"start":{"line":7,"column":13},"end":{"line":7,"column":39}},"2":{"start":{"line":9,"column":14},"end":{"line":9,"column":44}},"3":{"start":{"line":11,"column":39},"end":{"line":11,"column":93}},"4":{"start":{"line":13,"column":11},"end":{"line":13,"column":31}},"5":{"start":{"line":14,"column":15},"end":{"line":14,"column":39}},"6":{"start":{"line":16,"column":0},"end":{"line":205,"column":2}},"7":{"start":{"line":19,"column":4},"end":{"line":23,"column":7}},"8":{"start":{"line":20,"column":6},"end":{"line":20,"column":89}},"9":{"start":{"line":22,"column":6},"end":{"line":22,"column":41}},"10":{"start":{"line":29,"column":17},"end":{"line":29,"column":41}},"11":{"start":{"line":30,"column":16},"end":{"line":30,"column":39}},"12":{"start":{"line":31,"column":4},"end":{"line":50,"column":5}},"13":{"start":{"line":32,"column":6},"end":{"line":32,"column":80}},"14":{"start":{"line":33,"column":11},"end":{"line":50,"column":5}},"15":{"start":{"line":34,"column":6},"end":{"line":34,"column":79}},"16":{"start":{"line":36,"column":6},"end":{"line":49,"column":9}},"17":{"start":{"line":37,"column":8},"end":{"line":46,"column":11}},"18":{"start":{"line":48,"column":8},"end":{"line":48,"column":43}},"19":{"start":{"line":56,"column":19},"end":{"line":56,"column":35}},"20":{"start":{"line":57,"column":4},"end":{"line":72,"column":7}},"21":{"start":{"line":58,"column":6},"end":{"line":69,"column":7}},"22":{"start":{"line":59,"column":8},"end":{"line":61,"column":11}},"23":{"start":{"line":63,"column":8},"end":{"line":68,"column":11}},"24":{"start":{"line":64,"column":10},"end":{"line":65,"column":58}},"25":{"start":{"line":67,"column":10},"end":{"line":67,"column":45}},"26":{"start":{"line":71,"column":6},"end":{"line":71,"column":41}},"27":{"start":{"line":78,"column":17},"end":{"line":78,"column":34}},"28":{"start":{"line":79,"column":4},"end":{"line":83,"column":5}},"29":{"start":{"line":80,"column":6},"end":{"line":82,"column":9}},"30":{"start":{"line":84,"column":4},"end":{"line":93,"column":7}},"31":{"start":{"line":85,"column":6},"end":{"line":89,"column":7}},"32":{"start":{"line":86,"column":8},"end":{"line":88,"column":11}},"33":{"start":{"line":90,"column":6},"end":{"line":90,"column":40}},"34":{"start":{"line":92,"column":6},"end":{"line":92,"column":41}},"35":{"start":{"line":99,"column":17},"end":{"line":99,"column":34}},"36":{"start":{"line":100,"column":4},"end":{"line":104,"column":5}},"37":{"start":{"line":101,"column":6},"end":{"line":103,"column":9}},"38":{"start":{"line":105,"column":4},"end":{"line":130,"column":7}},"39":{"start":{"line":106,"column":6},"end":{"line":110,"column":7}},"40":{"start":{"line":107,"column":8},"end":{"line":109,"column":11}},"41":{"start":{"line":111,"column":6},"end":{"line":127,"column":9}},"42":{"start":{"line":123,"column":8},"end":{"line":123,"column":91}},"43":{"start":{"line":126,"column":8},"end":{"line":126,"column":43}},"44":{"start":{"line":129,"column":6},"end":{"line":129,"column":41}},"45":{"start":{"line":136,"column":17},"end":{"line":136,"column":34}},"46":{"start":{"line":137,"column":4},"end":{"line":141,"column":5}},"47":{"start":{"line":138,"column":6},"end":{"line":140,"column":9}},"48":{"start":{"line":142,"column":4},"end":{"line":155,"column":7}},"49":{"start":{"line":143,"column":6},"end":{"line":147,"column":7}},"50":{"start":{"line":144,"column":8},"end":{"line":146,"column":11}},"51":{"start":{"line":148,"column":6},"end":{"line":152,"column":9}},"52":{"start":{"line":149,"column":8},"end":{"line":149,"column":79}},"53":{"start":{"line":151,"column":8},"end":{"line":151,"column":43}},"54":{"start":{"line":154,"column":6},"end":{"line":154,"column":41}},"55":{"start":{"line":158,"column":22},"end":{"line":158,"column":50}},"56":{"start":{"line":159,"column":19},"end":{"line":159,"column":45}},"57":{"start":{"line":160,"column":17},"end":{"line":160,"column":41}},"58":{"start":{"line":161,"column":16},"end":{"line":161,"column":39}},"59":{"start":{"line":162,"column":22},"end":{"line":168,"column":5}},"60":{"start":{"line":169,"column":4},"end":{"line":171,"column":5}},"61":{"start":{"line":170,"column":6},"end":{"line":170,"column":50}},"62":{"start":{"line":172,"column":4},"end":{"line":174,"column":5}},"63":{"start":{"line":173,"column":6},"end":{"line":173,"column":84}},"64":{"start":{"line":175,"column":4},"end":{"line":177,"column":5}},"65":{"start":{"line":176,"column":6},"end":{"line":176,"column":87}},"66":{"start":{"line":178,"column":4},"end":{"line":180,"column":5}},"67":{"start":{"line":179,"column":6},"end":{"line":179,"column":86}},"68":{"start":{"line":181,"column":4},"end":{"line":203,"column":5}},"69":{"start":{"line":182,"column":6},"end":{"line":202,"column":9}},"70":{"start":{"line":187,"column":25},"end":{"line":195,"column":9}},"71":{"start":{"line":196,"column":8},"end":{"line":198,"column":9}},"72":{"start":{"line":197,"column":10},"end":{"line":197,"column":96}},"73":{"start":{"line":199,"column":8},"end":{"line":199,"column":64}},"74":{"start":{"line":201,"column":8},"end":{"line":201,"column":51}}},"fnMap":{"0":{"name":"_interopRequireDefault","decl":{"start":{"line":11,"column":9},"end":{"line":11,"column":31}},"loc":{"start":{"line":11,"column":37},"end":{"line":11,"column":95}},"line":11},"1":{"name":"create","decl":{"start":{"line":18,"column":19},"end":{"line":18,"column":25}},"loc":{"start":{"line":18,"column":36},"end":{"line":24,"column":3}},"line":18},"2":{"name":"(anonymous_2)","decl":{"start":{"line":19,"column":38},"end":{"line":19,"column":39}},"loc":{"start":{"line":19,"column":54},"end":{"line":21,"column":5}},"line":19},"3":{"name":"(anonymous_3)","decl":{"start":{"line":21,"column":13},"end":{"line":21,"column":14}},"loc":{"start":{"line":21,"column":30},"end":{"line":23,"column":5}},"line":21},"4":{"name":"list","decl":{"start":{"line":28,"column":17},"end":{"line":28,"column":21}},"loc":{"start":{"line":28,"column":32},"end":{"line":51,"column":3}},"line":28},"5":{"name":"(anonymous_5)","decl":{"start":{"line":36,"column":90},"end":{"line":36,"column":91}},"loc":{"start":{"line":36,"column":106},"end":{"line":47,"column":7}},"line":36},"6":{"name":"(anonymous_6)","decl":{"start":{"line":47,"column":15},"end":{"line":47,"column":16}},"loc":{"start":{"line":47,"column":32},"end":{"line":49,"column":7}},"line":47},"7":{"name":"getBooksByCat","decl":{"start":{"line":55,"column":26},"end":{"line":55,"column":39}},"loc":{"start":{"line":55,"column":50},"end":{"line":73,"column":3}},"line":55},"8":{"name":"(anonymous_8)","decl":{"start":{"line":57,"column":58},"end":{"line":57,"column":59}},"loc":{"start":{"line":57,"column":78},"end":{"line":70,"column":5}},"line":57},"9":{"name":"(anonymous_9)","decl":{"start":{"line":63,"column":68},"end":{"line":63,"column":69}},"loc":{"start":{"line":63,"column":85},"end":{"line":66,"column":9}},"line":63},"10":{"name":"(anonymous_10)","decl":{"start":{"line":66,"column":17},"end":{"line":66,"column":18}},"loc":{"start":{"line":66,"column":34},"end":{"line":68,"column":9}},"line":66},"11":{"name":"(anonymous_11)","decl":{"start":{"line":70,"column":13},"end":{"line":70,"column":14}},"loc":{"start":{"line":70,"column":30},"end":{"line":72,"column":5}},"line":70},"12":{"name":"retrieve","decl":{"start":{"line":77,"column":21},"end":{"line":77,"column":29}},"loc":{"start":{"line":77,"column":40},"end":{"line":94,"column":3}},"line":77},"13":{"name":"(anonymous_13)","decl":{"start":{"line":84,"column":38},"end":{"line":84,"column":39}},"loc":{"start":{"line":84,"column":54},"end":{"line":91,"column":5}},"line":84},"14":{"name":"(anonymous_14)","decl":{"start":{"line":91,"column":13},"end":{"line":91,"column":14}},"loc":{"start":{"line":91,"column":30},"end":{"line":93,"column":5}},"line":91},"15":{"name":"update","decl":{"start":{"line":98,"column":19},"end":{"line":98,"column":25}},"loc":{"start":{"line":98,"column":36},"end":{"line":131,"column":3}},"line":98},"16":{"name":"(anonymous_16)","decl":{"start":{"line":105,"column":38},"end":{"line":105,"column":39}},"loc":{"start":{"line":105,"column":54},"end":{"line":128,"column":5}},"line":105},"17":{"name":"(anonymous_17)","decl":{"start":{"line":122,"column":14},"end":{"line":122,"column":15}},"loc":{"start":{"line":122,"column":26},"end":{"line":124,"column":7}},"line":122},"18":{"name":"(anonymous_18)","decl":{"start":{"line":125,"column":13},"end":{"line":125,"column":14}},"loc":{"start":{"line":125,"column":30},"end":{"line":127,"column":7}},"line":125},"19":{"name":"(anonymous_19)","decl":{"start":{"line":128,"column":13},"end":{"line":128,"column":14}},"loc":{"start":{"line":128,"column":30},"end":{"line":130,"column":5}},"line":128},"20":{"name":"destroy","decl":{"start":{"line":135,"column":20},"end":{"line":135,"column":27}},"loc":{"start":{"line":135,"column":38},"end":{"line":156,"column":3}},"line":135},"21":{"name":"(anonymous_21)","decl":{"start":{"line":142,"column":38},"end":{"line":142,"column":39}},"loc":{"start":{"line":142,"column":54},"end":{"line":153,"column":5}},"line":142},"22":{"name":"(anonymous_22)","decl":{"start":{"line":148,"column":33},"end":{"line":148,"column":34}},"loc":{"start":{"line":148,"column":45},"end":{"line":150,"column":7}},"line":148},"23":{"name":"(anonymous_23)","decl":{"start":{"line":150,"column":15},"end":{"line":150,"column":16}},"loc":{"start":{"line":150,"column":32},"end":{"line":152,"column":7}},"line":150},"24":{"name":"(anonymous_24)","decl":{"start":{"line":153,"column":13},"end":{"line":153,"column":14}},"loc":{"start":{"line":153,"column":30},"end":{"line":155,"column":5}},"line":153},"25":{"name":"search","decl":{"start":{"line":157,"column":19},"end":{"line":157,"column":25}},"loc":{"start":{"line":157,"column":36},"end":{"line":204,"column":3}},"line":157},"26":{"name":"(anonymous_26)","decl":{"start":{"line":186,"column":14},"end":{"line":186,"column":15}},"loc":{"start":{"line":186,"column":31},"end":{"line":200,"column":7}},"line":186},"27":{"name":"(anonymous_27)","decl":{"start":{"line":200,"column":15},"end":{"line":200,"column":16}},"loc":{"start":{"line":200,"column":32},"end":{"line":202,"column":7}},"line":200}},"branchMap":{"0":{"loc":{"start":{"line":11,"column":46},"end":{"line":11,"column":92}},"type":"cond-expr","locations":[{"start":{"line":11,"column":70},"end":{"line":11,"column":73}},{"start":{"line":11,"column":76},"end":{"line":11,"column":92}}],"line":11},"1":{"loc":{"start":{"line":11,"column":46},"end":{"line":11,"column":67}},"type":"binary-expr","locations":[{"start":{"line":11,"column":46},"end":{"line":11,"column":49}},{"start":{"line":11,"column":53},"end":{"line":11,"column":67}}],"line":11},"2":{"loc":{"start":{"line":29,"column":17},"end":{"line":29,"column":41}},"type":"binary-expr","locations":[{"start":{"line":29,"column":17},"end":{"line":29,"column":33}},{"start":{"line":29,"column":37},"end":{"line":29,"column":41}}],"line":29},"3":{"loc":{"start":{"line":30,"column":16},"end":{"line":30,"column":39}},"type":"binary-expr","locations":[{"start":{"line":30,"column":16},"end":{"line":30,"column":31}},{"start":{"line":30,"column":35},"end":{"line":30,"column":39}}],"line":30},"4":{"loc":{"start":{"line":31,"column":4},"end":{"line":50,"column":5}},"type":"if","locations":[{"start":{"line":31,"column":4},"end":{"line":50,"column":5}},{"start":{"line":31,"column":4},"end":{"line":50,"column":5}}],"line":31},"5":{"loc":{"start":{"line":31,"column":8},"end":{"line":31,"column":35}},"type":"binary-expr","locations":[{"start":{"line":31,"column":8},"end":{"line":31,"column":21}},{"start":{"line":31,"column":25},"end":{"line":31,"column":35}}],"line":31},"6":{"loc":{"start":{"line":33,"column":11},"end":{"line":50,"column":5}},"type":"if","locations":[{"start":{"line":33,"column":11},"end":{"line":50,"column":5}},{"start":{"line":33,"column":11},"end":{"line":50,"column":5}}],"line":33},"7":{"loc":{"start":{"line":33,"column":15},"end":{"line":33,"column":40}},"type":"binary-expr","locations":[{"start":{"line":33,"column":15},"end":{"line":33,"column":27}},{"start":{"line":33,"column":31},"end":{"line":33,"column":40}}],"line":33},"8":{"loc":{"start":{"line":58,"column":6},"end":{"line":69,"column":7}},"type":"if","locations":[{"start":{"line":58,"column":6},"end":{"line":69,"column":7}},{"start":{"line":58,"column":6},"end":{"line":69,"column":7}}],"line":58},"9":{"loc":{"start":{"line":79,"column":4},"end":{"line":83,"column":5}},"type":"if","locations":[{"start":{"line":79,"column":4},"end":{"line":83,"column":5}},{"start":{"line":79,"column":4},"end":{"line":83,"column":5}}],"line":79},"10":{"loc":{"start":{"line":79,"column":8},"end":{"line":79,"column":35}},"type":"binary-expr","locations":[{"start":{"line":79,"column":8},"end":{"line":79,"column":21}},{"start":{"line":79,"column":25},"end":{"line":79,"column":35}}],"line":79},"11":{"loc":{"start":{"line":85,"column":6},"end":{"line":89,"column":7}},"type":"if","locations":[{"start":{"line":85,"column":6},"end":{"line":89,"column":7}},{"start":{"line":85,"column":6},"end":{"line":89,"column":7}}],"line":85},"12":{"loc":{"start":{"line":100,"column":4},"end":{"line":104,"column":5}},"type":"if","locations":[{"start":{"line":100,"column":4},"end":{"line":104,"column":5}},{"start":{"line":100,"column":4},"end":{"line":104,"column":5}}],"line":100},"13":{"loc":{"start":{"line":100,"column":8},"end":{"line":100,"column":35}},"type":"binary-expr","locations":[{"start":{"line":100,"column":8},"end":{"line":100,"column":21}},{"start":{"line":100,"column":25},"end":{"line":100,"column":35}}],"line":100},"14":{"loc":{"start":{"line":106,"column":6},"end":{"line":110,"column":7}},"type":"if","locations":[{"start":{"line":106,"column":6},"end":{"line":110,"column":7}},{"start":{"line":106,"column":6},"end":{"line":110,"column":7}}],"line":106},"15":{"loc":{"start":{"line":112,"column":15},"end":{"line":112,"column":43}},"type":"binary-expr","locations":[{"start":{"line":112,"column":15},"end":{"line":112,"column":29}},{"start":{"line":112,"column":33},"end":{"line":112,"column":43}}],"line":112},"16":{"loc":{"start":{"line":113,"column":21},"end":{"line":113,"column":61}},"type":"binary-expr","locations":[{"start":{"line":113,"column":21},"end":{"line":113,"column":41}},{"start":{"line":113,"column":45},"end":{"line":113,"column":61}}],"line":113},"17":{"loc":{"start":{"line":114,"column":18},"end":{"line":114,"column":52}},"type":"binary-expr","locations":[{"start":{"line":114,"column":18},"end":{"line":114,"column":35}},{"start":{"line":114,"column":39},"end":{"line":114,"column":52}}],"line":114},"18":{"loc":{"start":{"line":115,"column":18},"end":{"line":115,"column":52}},"type":"binary-expr","locations":[{"start":{"line":115,"column":18},"end":{"line":115,"column":35}},{"start":{"line":115,"column":39},"end":{"line":115,"column":52}}],"line":115},"19":{"loc":{"start":{"line":116,"column":15},"end":{"line":116,"column":43}},"type":"binary-expr","locations":[{"start":{"line":116,"column":15},"end":{"line":116,"column":29}},{"start":{"line":116,"column":33},"end":{"line":116,"column":43}}],"line":116},"20":{"loc":{"start":{"line":117,"column":16},"end":{"line":117,"column":46}},"type":"binary-expr","locations":[{"start":{"line":117,"column":16},"end":{"line":117,"column":31}},{"start":{"line":117,"column":35},"end":{"line":117,"column":46}}],"line":117},"21":{"loc":{"start":{"line":118,"column":14},"end":{"line":118,"column":40}},"type":"binary-expr","locations":[{"start":{"line":118,"column":14},"end":{"line":118,"column":27}},{"start":{"line":118,"column":31},"end":{"line":118,"column":40}}],"line":118},"22":{"loc":{"start":{"line":119,"column":21},"end":{"line":119,"column":57}},"type":"binary-expr","locations":[{"start":{"line":119,"column":21},"end":{"line":119,"column":37}},{"start":{"line":119,"column":41},"end":{"line":119,"column":57}}],"line":119},"23":{"loc":{"start":{"line":120,"column":19},"end":{"line":120,"column":55}},"type":"binary-expr","locations":[{"start":{"line":120,"column":19},"end":{"line":120,"column":37}},{"start":{"line":120,"column":41},"end":{"line":120,"column":55}}],"line":120},"24":{"loc":{"start":{"line":121,"column":18},"end":{"line":121,"column":48}},"type":"binary-expr","locations":[{"start":{"line":121,"column":18},"end":{"line":121,"column":31}},{"start":{"line":121,"column":35},"end":{"line":121,"column":48}}],"line":121},"25":{"loc":{"start":{"line":137,"column":4},"end":{"line":141,"column":5}},"type":"if","locations":[{"start":{"line":137,"column":4},"end":{"line":141,"column":5}},{"start":{"line":137,"column":4},"end":{"line":141,"column":5}}],"line":137},"26":{"loc":{"start":{"line":137,"column":8},"end":{"line":137,"column":35}},"type":"binary-expr","locations":[{"start":{"line":137,"column":8},"end":{"line":137,"column":21}},{"start":{"line":137,"column":25},"end":{"line":137,"column":35}}],"line":137},"27":{"loc":{"start":{"line":143,"column":6},"end":{"line":147,"column":7}},"type":"if","locations":[{"start":{"line":143,"column":6},"end":{"line":147,"column":7}},{"start":{"line":143,"column":6},"end":{"line":147,"column":7}}],"line":143},"28":{"loc":{"start":{"line":158,"column":22},"end":{"line":158,"column":50}},"type":"binary-expr","locations":[{"start":{"line":158,"column":22},"end":{"line":158,"column":42}},{"start":{"line":158,"column":46},"end":{"line":158,"column":50}}],"line":158},"29":{"loc":{"start":{"line":159,"column":19},"end":{"line":159,"column":45}},"type":"binary-expr","locations":[{"start":{"line":159,"column":19},"end":{"line":159,"column":37}},{"start":{"line":159,"column":41},"end":{"line":159,"column":45}}],"line":159},"30":{"loc":{"start":{"line":160,"column":17},"end":{"line":160,"column":41}},"type":"binary-expr","locations":[{"start":{"line":160,"column":17},"end":{"line":160,"column":33}},{"start":{"line":160,"column":37},"end":{"line":160,"column":41}}],"line":160},"31":{"loc":{"start":{"line":161,"column":16},"end":{"line":161,"column":39}},"type":"binary-expr","locations":[{"start":{"line":161,"column":16},"end":{"line":161,"column":31}},{"start":{"line":161,"column":35},"end":{"line":161,"column":39}}],"line":161},"32":{"loc":{"start":{"line":169,"column":4},"end":{"line":171,"column":5}},"type":"if","locations":[{"start":{"line":169,"column":4},"end":{"line":171,"column":5}},{"start":{"line":169,"column":4},"end":{"line":171,"column":5}}],"line":169},"33":{"loc":{"start":{"line":172,"column":4},"end":{"line":174,"column":5}},"type":"if","locations":[{"start":{"line":172,"column":4},"end":{"line":174,"column":5}},{"start":{"line":172,"column":4},"end":{"line":174,"column":5}}],"line":172},"34":{"loc":{"start":{"line":175,"column":4},"end":{"line":177,"column":5}},"type":"if","locations":[{"start":{"line":175,"column":4},"end":{"line":177,"column":5}},{"start":{"line":175,"column":4},"end":{"line":177,"column":5}}],"line":175},"35":{"loc":{"start":{"line":175,"column":8},"end":{"line":175,"column":35}},"type":"binary-expr","locations":[{"start":{"line":175,"column":8},"end":{"line":175,"column":21}},{"start":{"line":175,"column":25},"end":{"line":175,"column":35}}],"line":175},"36":{"loc":{"start":{"line":178,"column":4},"end":{"line":180,"column":5}},"type":"if","locations":[{"start":{"line":178,"column":4},"end":{"line":180,"column":5}},{"start":{"line":178,"column":4},"end":{"line":180,"column":5}}],"line":178},"37":{"loc":{"start":{"line":178,"column":8},"end":{"line":178,"column":33}},"type":"binary-expr","locations":[{"start":{"line":178,"column":8},"end":{"line":178,"column":20}},{"start":{"line":178,"column":24},"end":{"line":178,"column":33}}],"line":178},"38":{"loc":{"start":{"line":181,"column":4},"end":{"line":203,"column":5}},"type":"if","locations":[{"start":{"line":181,"column":4},"end":{"line":203,"column":5}},{"start":{"line":181,"column":4},"end":{"line":203,"column":5}}],"line":181},"39":{"loc":{"start":{"line":196,"column":8},"end":{"line":198,"column":9}},"type":"if","locations":[{"start":{"line":196,"column":8},"end":{"line":198,"column":9}},{"start":{"line":196,"column":8},"end":{"line":198,"column":9}}],"line":196}},"s":{"0":1,"1":1,"2":1,"3":1,"4":1,"5":1,"6":1,"7":0,"8":0,"9":0,"10":2,"11":2,"12":2,"13":0,"14":2,"15":0,"16":2,"17":2,"18":0,"19":0,"20":0,"21":0,"22":0,"23":0,"24":0,"25":0,"26":0,"27":2,"28":2,"29":0,"30":2,"31":2,"32":1,"33":1,"34":0,"35":1,"36":1,"37":0,"38":1,"39":1,"40":0,"41":1,"42":1,"43":0,"44":0,"45":1,"46":1,"47":0,"48":1,"49":1,"50":1,"51":0,"52":0,"53":0,"54":0,"55":0,"56":0,"57":0,"58":0,"59":0,"60":0,"61":0,"62":0,"63":0,"64":0,"65":0,"66":0,"67":0,"68":0,"69":0,"70":0,"71":0,"72":0,"73":0,"74":0},"f":{"0":1,"1":0,"2":0,"3":0,"4":2,"5":2,"6":0,"7":0,"8":0,"9":0,"10":0,"11":0,"12":2,"13":2,"14":0,"15":1,"16":1,"17":1,"18":0,"19":0,"20":1,"21":1,"22":0,"23":0,"24":0,"25":0,"26":0,"27":0},"b":{"0":[1,0],"1":[1,1],"2":[2,2],"3":[2,2],"4":[0,2],"5":[2,2],"6":[0,2],"7":[2,2],"8":[0,0],"9":[0,2],"10":[2,2],"11":[1,1],"12":[0,1],"13":[1,1],"14":[0,1],"15":[1,0],"16":[1,0],"17":[1,0],"18":[1,1],"19":[1,1],"20":[1,1],"21":[1,1],"22":[1,1],"23":[1,0],"24":[1,1],"25":[0,1],"26":[1,1],"27":[1,0],"28":[0,0],"29":[0,0],"30":[0,0],"31":[0,0],"32":[0,0],"33":[0,0],"34":[0,0],"35":[0,0],"36":[0,0],"37":[0,0],"38":[0,0],"39":[0,0]},"_coverageSchema":"332fd63041d2c1bcb487cc26dd0d5f7d97098a6c","hash":"ddff063ae5c8d04414284fe9b1461d4d5a0ae0c1","contentHash":"585bca2756a6d80c4747bf617579cb35_11.2.1"},"/Users/andeladeveloper/Documents/backhellobooks-copy/server/models/index.js":{"path":"/Users/andeladeveloper/Documents/backhellobooks-copy/server/models/index.js","statementMap":{"0":{"start":{"line":3,"column":0},"end":{"line":5,"column":3}},"1":{"start":{"line":7,"column":10},"end":{"line":7,"column":23}},"2":{"start":{"line":9,"column":11},"end":{"line":9,"column":38}},"3":{"start":{"line":11,"column":12},"end":{"line":11,"column":27}},"4":{"start":{"line":13,"column":13},"end":{"line":13,"column":42}},"5":{"start":{"line":15,"column":17},"end":{"line":15,"column":37}},"6":{"start":{"line":17,"column":18},"end":{"line":17,"column":52}},"7":{"start":{"line":19,"column":14},"end":{"line":19,"column":41}},"8":{"start":{"line":21,"column":15},"end":{"line":21,"column":46}},"9":{"start":{"line":23,"column":39},"end":{"line":23,"column":93}},"10":{"start":{"line":25,"column":15},"end":{"line":25,"column":55}},"11":{"start":{"line":26,"column":10},"end":{"line":26,"column":47}},"12":{"start":{"line":27,"column":13},"end":{"line":27,"column":34}},"13":{"start":{"line":28,"column":9},"end":{"line":28,"column":11}},"14":{"start":{"line":30,"column":16},"end":{"line":30,"column":22}},"15":{"start":{"line":31,"column":0},"end":{"line":35,"column":1}},"16":{"start":{"line":32,"column":2},"end":{"line":32,"column":63}},"17":{"start":{"line":34,"column":2},"end":{"line":34,"column":97}},"18":{"start":{"line":37,"column":0},"end":{"line":42,"column":3}},"19":{"start":{"line":38,"column":2},"end":{"line":38,"column":82}},"20":{"start":{"line":40,"column":14},"end":{"line":40,"column":68}},"21":{"start":{"line":41,"column":2},"end":{"line":41,"column":25}},"22":{"start":{"line":44,"column":0},"end":{"line":48,"column":3}},"23":{"start":{"line":45,"column":2},"end":{"line":47,"column":3}},"24":{"start":{"line":46,"column":4},"end":{"line":46,"column":32}},"25":{"start":{"line":50,"column":0},"end":{"line":50,"column":25}},"26":{"start":{"line":51,"column":0},"end":{"line":51,"column":35}},"27":{"start":{"line":55,"column":0},"end":{"line":55,"column":21}}},"fnMap":{"0":{"name":"_interopRequireDefault","decl":{"start":{"line":23,"column":9},"end":{"line":23,"column":31}},"loc":{"start":{"line":23,"column":37},"end":{"line":23,"column":95}},"line":23},"1":{"name":"(anonymous_1)","decl":{"start":{"line":37,"column":43},"end":{"line":37,"column":44}},"loc":{"start":{"line":37,"column":59},"end":{"line":39,"column":1}},"line":37},"2":{"name":"(anonymous_2)","decl":{"start":{"line":39,"column":11},"end":{"line":39,"column":12}},"loc":{"start":{"line":39,"column":27},"end":{"line":42,"column":1}},"line":39},"3":{"name":"(anonymous_3)","decl":{"start":{"line":44,"column":24},"end":{"line":44,"column":25}},"loc":{"start":{"line":44,"column":45},"end":{"line":48,"column":1}},"line":44}},"branchMap":{"0":{"loc":{"start":{"line":23,"column":46},"end":{"line":23,"column":92}},"type":"cond-expr","locations":[{"start":{"line":23,"column":70},"end":{"line":23,"column":73}},{"start":{"line":23,"column":76},"end":{"line":23,"column":92}}],"line":23},"1":{"loc":{"start":{"line":23,"column":46},"end":{"line":23,"column":67}},"type":"binary-expr","locations":[{"start":{"line":23,"column":46},"end":{"line":23,"column":49}},{"start":{"line":23,"column":53},"end":{"line":23,"column":67}}],"line":23},"2":{"loc":{"start":{"line":26,"column":10},"end":{"line":26,"column":47}},"type":"binary-expr","locations":[{"start":{"line":26,"column":10},"end":{"line":26,"column":30}},{"start":{"line":26,"column":34},"end":{"line":26,"column":47}}],"line":26},"3":{"loc":{"start":{"line":31,"column":0},"end":{"line":35,"column":1}},"type":"if","locations":[{"start":{"line":31,"column":0},"end":{"line":35,"column":1}},{"start":{"line":31,"column":0},"end":{"line":35,"column":1}}],"line":31},"4":{"loc":{"start":{"line":38,"column":9},"end":{"line":38,"column":81}},"type":"binary-expr","locations":[{"start":{"line":38,"column":9},"end":{"line":38,"column":32}},{"start":{"line":38,"column":36},"end":{"line":38,"column":53}},{"start":{"line":38,"column":57},"end":{"line":38,"column":81}}],"line":38},"5":{"loc":{"start":{"line":45,"column":2},"end":{"line":47,"column":3}},"type":"if","locations":[{"start":{"line":45,"column":2},"end":{"line":47,"column":3}},{"start":{"line":45,"column":2},"end":{"line":47,"column":3}}],"line":45}},"s":{"0":1,"1":1,"2":1,"3":1,"4":1,"5":1,"6":1,"7":1,"8":1,"9":4,"10":1,"11":1,"12":1,"13":1,"14":1,"15":1,"16":0,"17":1,"18":1,"19":5,"20":4,"21":4,"22":1,"23":4,"24":3,"25":1,"26":1,"27":1},"f":{"0":4,"1":5,"2":4,"3":4},"b":{"0":[0,4],"1":[4,4],"2":[1,1],"3":[0,1],"4":[5,5,4],"5":[3,1]},"_coverageSchema":"332fd63041d2c1bcb487cc26dd0d5f7d97098a6c","hash":"69bd9324e3f9f903b0891baf47a6dfc59a48f0e6","contentHash":"f4371cb6ff880a205681c944f4718377_11.2.1"},"/Users/andeladeveloper/Documents/backhellobooks-copy/server/config/config.js":{"path":"/Users/andeladeveloper/Documents/backhellobooks-copy/server/config/config.js","statementMap":{"0":{"start":{"line":3,"column":0},"end":{"line":33,"column":2}}},"fnMap":{},"branchMap":{},"s":{"0":1},"f":{},"b":{},"_coverageSchema":"332fd63041d2c1bcb487cc26dd0d5f7d97098a6c","hash":"b1e097d110ec5ceaa1353d99e912ed4b40043481","contentHash":"5c6e435cad472c010c400d2ff971186b_11.2.1"},"/Users/andeladeveloper/Documents/backhellobooks-copy/server/models/book.js":{"path":"/Users/andeladeveloper/Documents/backhellobooks-copy/server/models/book.js","statementMap":{"0":{"start":{"line":3,"column":0},"end":{"line":5,"column":3}},"1":{"start":{"line":7,"column":16},"end":{"line":7,"column":37}},"2":{"start":{"line":9,"column":17},"end":{"line":9,"column":50}},"3":{"start":{"line":11,"column":39},"end":{"line":11,"column":93}},"4":{"start":{"line":13,"column":0},"end":{"line":64,"column":2}},"5":{"start":{"line":14,"column":13},"end":{"line":61,"column":4}},"6":{"start":{"line":63,"column":2},"end":{"line":63,"column":14}}},"fnMap":{"0":{"name":"_interopRequireDefault","decl":{"start":{"line":11,"column":9},"end":{"line":11,"column":31}},"loc":{"start":{"line":11,"column":37},"end":{"line":11,"column":95}},"line":11},"1":{"name":"(anonymous_1)","decl":{"start":{"line":13,"column":18},"end":{"line":13,"column":19}},"loc":{"start":{"line":13,"column":50},"end":{"line":64,"column":1}},"line":13},"2":{"name":"associate","decl":{"start":{"line":59,"column":26},"end":{"line":59,"column":35}},"loc":{"start":{"line":59,"column":44},"end":{"line":59,"column":46}},"line":59}},"branchMap":{"0":{"loc":{"start":{"line":11,"column":46},"end":{"line":11,"column":92}},"type":"cond-expr","locations":[{"start":{"line":11,"column":70},"end":{"line":11,"column":73}},{"start":{"line":11,"column":76},"end":{"line":11,"column":92}}],"line":11},"1":{"loc":{"start":{"line":11,"column":46},"end":{"line":11,"column":67}},"type":"binary-expr","locations":[{"start":{"line":11,"column":46},"end":{"line":11,"column":49}},{"start":{"line":11,"column":53},"end":{"line":11,"column":67}}],"line":11}},"s":{"0":1,"1":1,"2":1,"3":1,"4":1,"5":1,"6":1},"f":{"0":1,"1":1,"2":1},"b":{"0":[1,0],"1":[1,1]},"_coverageSchema":"332fd63041d2c1bcb487cc26dd0d5f7d97098a6c","hash":"01cb339a7408bbaec9ba2e4e978807f09e116d6f","contentHash":"4e248d7a676950a1311ae178e00e35bf_11.2.1"},"/Users/andeladeveloper/Documents/backhellobooks-copy/server/models/category.js":{"path":"/Users/andeladeveloper/Documents/backhellobooks-copy/server/models/category.js","statementMap":{"0":{"start":{"line":3,"column":0},"end":{"line":5,"column":3}},"1":{"start":{"line":7,"column":0},"end":{"line":17,"column":2}},"2":{"start":{"line":8,"column":17},"end":{"line":14,"column":4}},"3":{"start":{"line":16,"column":2},"end":{"line":16,"column":18}}},"fnMap":{"0":{"name":"(anonymous_0)","decl":{"start":{"line":7,"column":18},"end":{"line":7,"column":19}},"loc":{"start":{"line":7,"column":50},"end":{"line":17,"column":1}},"line":7}},"branchMap":{},"s":{"0":1,"1":1,"2":1,"3":1},"f":{"0":1},"b":{},"_coverageSchema":"332fd63041d2c1bcb487cc26dd0d5f7d97098a6c","hash":"1d2f20df60075d17ea113e72a6a01e06390dc239","contentHash":"3c0a2fec5bb5cdffee1c0800b2a30793_11.2.1"},"/Users/andeladeveloper/Documents/backhellobooks-copy/server/models/borrowstatus.js":{"path":"/Users/andeladeveloper/Documents/backhellobooks-copy/server/models/borrowstatus.js","statementMap":{"0":{"start":{"line":3,"column":0},"end":{"line":5,"column":3}},"1":{"start":{"line":7,"column":0},"end":{"line":34,"column":2}},"2":{"start":{"line":8,"column":21},"end":{"line":27,"column":4}},"3":{"start":{"line":29,"column":2},"end":{"line":32,"column":4}},"4":{"start":{"line":30,"column":4},"end":{"line":30,"column":84}},"5":{"start":{"line":31,"column":4},"end":{"line":31,"column":84}},"6":{"start":{"line":33,"column":2},"end":{"line":33,"column":22}}},"fnMap":{"0":{"name":"(anonymous_0)","decl":{"start":{"line":7,"column":18},"end":{"line":7,"column":19}},"loc":{"start":{"line":7,"column":50},"end":{"line":34,"column":1}},"line":7},"1":{"name":"(anonymous_1)","decl":{"start":{"line":29,"column":27},"end":{"line":29,"column":28}},"loc":{"start":{"line":29,"column":45},"end":{"line":32,"column":3}},"line":29}},"branchMap":{},"s":{"0":1,"1":1,"2":1,"3":1,"4":1,"5":1,"6":1},"f":{"0":1,"1":1},"b":{},"_coverageSchema":"332fd63041d2c1bcb487cc26dd0d5f7d97098a6c","hash":"4ff0af733175f08b8b55725e6797e6739d627752","contentHash":"93e1b2f595aef5e858a8c981e7d04a12_11.2.1"},"/Users/andeladeveloper/Documents/backhellobooks-copy/server/models/user.js":{"path":"/Users/andeladeveloper/Documents/backhellobooks-copy/server/models/user.js","statementMap":{"0":{"start":{"line":3,"column":0},"end":{"line":5,"column":3}},"1":{"start":{"line":7,"column":20},"end":{"line":7,"column":45}},"2":{"start":{"line":9,"column":21},"end":{"line":9,"column":58}},"3":{"start":{"line":11,"column":39},"end":{"line":11,"column":93}},"4":{"start":{"line":13,"column":19},"end":{"line":13,"column":54}},"5":{"start":{"line":15,"column":0},"end":{"line":63,"column":2}},"6":{"start":{"line":16,"column":13},"end":{"line":58,"column":4}},"7":{"start":{"line":55,"column":8},"end":{"line":55,"column":61}},"8":{"start":{"line":59,"column":2},"end":{"line":61,"column":4}},"9":{"start":{"line":60,"column":4},"end":{"line":60,"column":65}},"10":{"start":{"line":62,"column":2},"end":{"line":62,"column":14}}},"fnMap":{"0":{"name":"_interopRequireDefault","decl":{"start":{"line":11,"column":9},"end":{"line":11,"column":31}},"loc":{"start":{"line":11,"column":37},"end":{"line":11,"column":95}},"line":11},"1":{"name":"(anonymous_1)","decl":{"start":{"line":15,"column":18},"end":{"line":15,"column":19}},"loc":{"start":{"line":15,"column":50},"end":{"line":63,"column":1}},"line":15},"2":{"name":"associate","decl":{"start":{"line":53,"column":26},"end":{"line":53,"column":35}},"loc":{"start":{"line":53,"column":44},"end":{"line":56,"column":7}},"line":53},"3":{"name":"(anonymous_3)","decl":{"start":{"line":59,"column":19},"end":{"line":59,"column":20}},"loc":{"start":{"line":59,"column":37},"end":{"line":61,"column":3}},"line":59}},"branchMap":{"0":{"loc":{"start":{"line":11,"column":46},"end":{"line":11,"column":92}},"type":"cond-expr","locations":[{"start":{"line":11,"column":70},"end":{"line":11,"column":73}},{"start":{"line":11,"column":76},"end":{"line":11,"column":92}}],"line":11},"1":{"loc":{"start":{"line":11,"column":46},"end":{"line":11,"column":67}},"type":"binary-expr","locations":[{"start":{"line":11,"column":46},"end":{"line":11,"column":49}},{"start":{"line":11,"column":53},"end":{"line":11,"column":67}}],"line":11}},"s":{"0":1,"1":1,"2":1,"3":1,"4":1,"5":1,"6":1,"7":0,"8":1,"9":1,"10":1},"f":{"0":1,"1":1,"2":0,"3":1},"b":{"0":[1,0],"1":[1,1]},"_coverageSchema":"332fd63041d2c1bcb487cc26dd0d5f7d97098a6c","hash":"4d999fd9ced54fc5b7bd6d4c3706ad9a5921cfb4","contentHash":"6f11a0d047fd24d03ae25311b845ce92_11.2.1"},"/Users/andeladeveloper/Documents/backhellobooks-copy/server/controllers/user.js":{"path":"/Users/andeladeveloper/Documents/backhellobooks-copy/server/controllers/user.js","statementMap":{"0":{"start":{"line":3,"column":0},"end":{"line":5,"column":3}},"1":{"start":{"line":7,"column":20},"end":{"line":7,"column":43}},"2":{"start":{"line":9,"column":21},"end":{"line":9,"column":58}},"3":{"start":{"line":11,"column":14},"end":{"line":11,"column":31}},"4":{"start":{"line":13,"column":15},"end":{"line":13,"column":46}},"5":{"start":{"line":15,"column":14},"end":{"line":15,"column":31}},"6":{"start":{"line":17,"column":15},"end":{"line":17,"column":46}},"7":{"start":{"line":19,"column":14},"end":{"line":19,"column":31}},"8":{"start":{"line":21,"column":15},"end":{"line":21,"column":46}},"9":{"start":{"line":23,"column":13},"end":{"line":23,"column":39}},"10":{"start":{"line":25,"column":14},"end":{"line":25,"column":44}},"11":{"start":{"line":27,"column":14},"end":{"line":27,"column":41}},"12":{"start":{"line":29,"column":39},"end":{"line":29,"column":93}},"13":{"start":{"line":31,"column":11},"end":{"line":31,"column":31}},"14":{"start":{"line":32,"column":11},"end":{"line":32,"column":31}},"15":{"start":{"line":33,"column":19},"end":{"line":33,"column":47}},"16":{"start":{"line":34,"column":0},"end":{"line":34,"column":26}},"17":{"start":{"line":35,"column":11},"end":{"line":35,"column":43}},"18":{"start":{"line":36,"column":13},"end":{"line":36,"column":37}},"19":{"start":{"line":39,"column":22},"end":{"line":54,"column":1}},"20":{"start":{"line":40,"column":19},"end":{"line":40,"column":73}},"21":{"start":{"line":41,"column":2},"end":{"line":44,"column":3}},"22":{"start":{"line":42,"column":25},"end":{"line":42,"column":94}},"23":{"start":{"line":43,"column":4},"end":{"line":43,"column":99}},"24":{"start":{"line":46,"column":2},"end":{"line":53,"column":5}},"25":{"start":{"line":47,"column":4},"end":{"line":51,"column":5}},"26":{"start":{"line":48,"column":6},"end":{"line":48,"column":32}},"27":{"start":{"line":50,"column":6},"end":{"line":50,"column":48}},"28":{"start":{"line":52,"column":4},"end":{"line":52,"column":34}},"29":{"start":{"line":56,"column":0},"end":{"line":339,"column":2}},"30":{"start":{"line":59,"column":16},"end":{"line":59,"column":30}},"31":{"start":{"line":60,"column":19},"end":{"line":60,"column":36}},"32":{"start":{"line":61,"column":4},"end":{"line":63,"column":5}},"33":{"start":{"line":62,"column":6},"end":{"line":62,"column":64}},"34":{"start":{"line":64,"column":4},"end":{"line":85,"column":7}},"35":{"start":{"line":65,"column":6},"end":{"line":82,"column":7}},"36":{"start":{"line":66,"column":8},"end":{"line":66,"column":66}},"37":{"start":{"line":68,"column":8},"end":{"line":81,"column":11}},"38":{"start":{"line":69,"column":10},"end":{"line":80,"column":13}},"39":{"start":{"line":77,"column":12},"end":{"line":77,"column":76}},"40":{"start":{"line":79,"column":12},"end":{"line":79,"column":47}},"41":{"start":{"line":84,"column":6},"end":{"line":84,"column":41}},"42":{"start":{"line":91,"column":16},"end":{"line":91,"column":30}},"43":{"start":{"line":92,"column":4},"end":{"line":116,"column":7}},"44":{"start":{"line":93,"column":6},"end":{"line":113,"column":7}},"45":{"start":{"line":94,"column":8},"end":{"line":94,"column":71}},"46":{"start":{"line":96,"column":8},"end":{"line":112,"column":11}},"47":{"start":{"line":97,"column":10},"end":{"line":111,"column":11}},"48":{"start":{"line":98,"column":26},"end":{"line":102,"column":71}},"49":{"start":{"line":103,"column":12},"end":{"line":108,"column":33}},"50":{"start":{"line":110,"column":12},"end":{"line":110,"column":75}},"51":{"start":{"line":115,"column":6},"end":{"line":115,"column":54}},"52":{"start":{"line":119,"column":20},"end":{"line":119,"column":34}},"53":{"start":{"line":120,"column":4},"end":{"line":122,"column":5}},"54":{"start":{"line":121,"column":6},"end":{"line":121,"column":64}},"55":{"start":{"line":123,"column":16},"end":{"line":123,"column":26}},"56":{"start":{"line":124,"column":23},"end":{"line":124,"column":63}},"57":{"start":{"line":125,"column":16},"end":{"line":125,"column":64}},"58":{"start":{"line":126,"column":4},"end":{"line":144,"column":7}},"59":{"start":{"line":129,"column":6},"end":{"line":141,"column":7}},"60":{"start":{"line":130,"column":8},"end":{"line":130,"column":80}},"61":{"start":{"line":132,"column":8},"end":{"line":140,"column":11}},"62":{"start":{"line":136,"column":31},"end":{"line":136,"column":105}},"63":{"start":{"line":137,"column":10},"end":{"line":137,"column":119}},"64":{"start":{"line":139,"column":10},"end":{"line":139,"column":45}},"65":{"start":{"line":143,"column":6},"end":{"line":143,"column":41}},"66":{"start":{"line":147,"column":19},"end":{"line":147,"column":36}},"67":{"start":{"line":148,"column":25},"end":{"line":148,"column":64}},"68":{"start":{"line":149,"column":4},"end":{"line":163,"column":7}},"69":{"start":{"line":152,"column":6},"end":{"line":154,"column":7}},"70":{"start":{"line":153,"column":8},"end":{"line":153,"column":91}},"71":{"start":{"line":155,"column":6},"end":{"line":155,"column":37}},"72":{"start":{"line":156,"column":6},"end":{"line":156,"column":37}},"73":{"start":{"line":157,"column":6},"end":{"line":157,"column":39}},"74":{"start":{"line":158,"column":6},"end":{"line":158,"column":18}},"75":{"start":{"line":159,"column":27},"end":{"line":159,"column":70}},"76":{"start":{"line":160,"column":6},"end":{"line":160,"column":89}},"77":{"start":{"line":162,"column":6},"end":{"line":162,"column":41}},"78":{"start":{"line":166,"column":19},"end":{"line":166,"column":36}},"79":{"start":{"line":167,"column":22},"end":{"line":167,"column":42}},"80":{"start":{"line":168,"column":25},"end":{"line":168,"column":67}},"81":{"start":{"line":169,"column":4},"end":{"line":191,"column":7}},"82":{"start":{"line":172,"column":6},"end":{"line":188,"column":7}},"83":{"start":{"line":173,"column":8},"end":{"line":173,"column":78}},"84":{"start":{"line":175,"column":8},"end":{"line":187,"column":11}},"85":{"start":{"line":176,"column":10},"end":{"line":186,"column":11}},"86":{"start":{"line":177,"column":12},"end":{"line":183,"column":15}},"87":{"start":{"line":180,"column":14},"end":{"line":180,"column":81}},"88":{"start":{"line":182,"column":14},"end":{"line":182,"column":73}},"89":{"start":{"line":185,"column":12},"end":{"line":185,"column":86}},"90":{"start":{"line":190,"column":6},"end":{"line":190,"column":41}},"91":{"start":{"line":197,"column":16},"end":{"line":197,"column":26}},"92":{"start":{"line":198,"column":18},"end":{"line":198,"column":66}},"93":{"start":{"line":200,"column":4},"end":{"line":233,"column":7}},"94":{"start":{"line":201,"column":6},"end":{"line":203,"column":7}},"95":{"start":{"line":202,"column":8},"end":{"line":202,"column":67}},"96":{"start":{"line":205,"column":6},"end":{"line":207,"column":7}},"97":{"start":{"line":206,"column":8},"end":{"line":206,"column":71}},"98":{"start":{"line":208,"column":6},"end":{"line":230,"column":9}},"99":{"start":{"line":211,"column":8},"end":{"line":227,"column":9}},"100":{"start":{"line":212,"column":10},"end":{"line":212,"column":95}},"101":{"start":{"line":215,"column":10},"end":{"line":215,"column":55}},"102":{"start":{"line":216,"column":10},"end":{"line":226,"column":13}},"103":{"start":{"line":223,"column":12},"end":{"line":223,"column":90}},"104":{"start":{"line":225,"column":12},"end":{"line":225,"column":47}},"105":{"start":{"line":229,"column":8},"end":{"line":229,"column":43}},"106":{"start":{"line":232,"column":6},"end":{"line":232,"column":41}},"107":{"start":{"line":239,"column":16},"end":{"line":239,"column":25}},"108":{"start":{"line":240,"column":16},"end":{"line":240,"column":26}},"109":{"start":{"line":241,"column":4},"end":{"line":264,"column":7}},"110":{"start":{"line":242,"column":6},"end":{"line":244,"column":7}},"111":{"start":{"line":243,"column":8},"end":{"line":243,"column":67}},"112":{"start":{"line":245,"column":6},"end":{"line":261,"column":9}},"113":{"start":{"line":246,"column":8},"end":{"line":248,"column":9}},"114":{"start":{"line":247,"column":10},"end":{"line":247,"column":83}},"115":{"start":{"line":249,"column":8},"end":{"line":249,"column":53}},"116":{"start":{"line":250,"column":8},"end":{"line":258,"column":11}},"117":{"start":{"line":254,"column":10},"end":{"line":254,"column":98}},"118":{"start":{"line":255,"column":10},"end":{"line":255,"column":75}},"119":{"start":{"line":257,"column":10},"end":{"line":257,"column":45}},"120":{"start":{"line":260,"column":8},"end":{"line":260,"column":43}},"121":{"start":{"line":263,"column":6},"end":{"line":263,"column":41}},"122":{"start":{"line":270,"column":17},"end":{"line":270,"column":41}},"123":{"start":{"line":271,"column":16},"end":{"line":271,"column":39}},"124":{"start":{"line":272,"column":4},"end":{"line":307,"column":7}},"125":{"start":{"line":273,"column":6},"end":{"line":304,"column":7}},"126":{"start":{"line":274,"column":8},"end":{"line":274,"column":67}},"127":{"start":{"line":276,"column":8},"end":{"line":303,"column":11}},"128":{"start":{"line":277,"column":10},"end":{"line":300,"column":11}},"129":{"start":{"line":278,"column":12},"end":{"line":278,"column":80}},"130":{"start":{"line":280,"column":12},"end":{"line":299,"column":15}},"131":{"start":{"line":288,"column":14},"end":{"line":296,"column":17}},"132":{"start":{"line":298,"column":14},"end":{"line":298,"column":49}},"133":{"start":{"line":302,"column":10},"end":{"line":302,"column":45}},"134":{"start":{"line":306,"column":6},"end":{"line":306,"column":41}},"135":{"start":{"line":313,"column":4},"end":{"line":337,"column":7}},"136":{"start":{"line":314,"column":6},"end":{"line":334,"column":7}},"137":{"start":{"line":315,"column":8},"end":{"line":315,"column":60}},"138":{"start":{"line":317,"column":8},"end":{"line":333,"column":11}},"139":{"start":{"line":318,"column":10},"end":{"line":330,"column":11}},"140":{"start":{"line":319,"column":12},"end":{"line":319,"column":80}},"141":{"start":{"line":321,"column":12},"end":{"line":329,"column":15}},"142":{"start":{"line":326,"column":14},"end":{"line":326,"column":70}},"143":{"start":{"line":328,"column":14},"end":{"line":328,"column":49}},"144":{"start":{"line":332,"column":10},"end":{"line":332,"column":45}},"145":{"start":{"line":336,"column":6},"end":{"line":336,"column":41}}},"fnMap":{"0":{"name":"_interopRequireDefault","decl":{"start":{"line":29,"column":9},"end":{"line":29,"column":31}},"loc":{"start":{"line":29,"column":37},"end":{"line":29,"column":95}},"line":29},"1":{"name":"checkReturnDate","decl":{"start":{"line":39,"column":31},"end":{"line":39,"column":46}},"loc":{"start":{"line":39,"column":91},"end":{"line":54,"column":1}},"line":39},"2":{"name":"(anonymous_2)","decl":{"start":{"line":46,"column":98},"end":{"line":46,"column":99}},"loc":{"start":{"line":46,"column":125},"end":{"line":53,"column":3}},"line":46},"3":{"name":"create","decl":{"start":{"line":58,"column":19},"end":{"line":58,"column":25}},"loc":{"start":{"line":58,"column":36},"end":{"line":86,"column":3}},"line":58},"4":{"name":"(anonymous_4)","decl":{"start":{"line":64,"column":51},"end":{"line":64,"column":52}},"loc":{"start":{"line":64,"column":67},"end":{"line":83,"column":5}},"line":64},"5":{"name":"(anonymous_5)","decl":{"start":{"line":68,"column":46},"end":{"line":68,"column":47}},"loc":{"start":{"line":68,"column":77},"end":{"line":81,"column":9}},"line":68},"6":{"name":"(anonymous_6)","decl":{"start":{"line":76,"column":18},"end":{"line":76,"column":19}},"loc":{"start":{"line":76,"column":30},"end":{"line":78,"column":11}},"line":76},"7":{"name":"(anonymous_7)","decl":{"start":{"line":78,"column":19},"end":{"line":78,"column":20}},"loc":{"start":{"line":78,"column":36},"end":{"line":80,"column":11}},"line":78},"8":{"name":"(anonymous_8)","decl":{"start":{"line":83,"column":13},"end":{"line":83,"column":14}},"loc":{"start":{"line":83,"column":30},"end":{"line":85,"column":5}},"line":83},"9":{"name":"login","decl":{"start":{"line":90,"column":18},"end":{"line":90,"column":23}},"loc":{"start":{"line":90,"column":34},"end":{"line":117,"column":3}},"line":90},"10":{"name":"(anonymous_10)","decl":{"start":{"line":92,"column":58},"end":{"line":92,"column":59}},"loc":{"start":{"line":92,"column":74},"end":{"line":114,"column":5}},"line":92},"11":{"name":"(anonymous_11)","decl":{"start":{"line":96,"column":67},"end":{"line":96,"column":68}},"loc":{"start":{"line":96,"column":90},"end":{"line":112,"column":9}},"line":96},"12":{"name":"(anonymous_12)","decl":{"start":{"line":114,"column":13},"end":{"line":114,"column":14}},"loc":{"start":{"line":114,"column":30},"end":{"line":116,"column":5}},"line":114},"13":{"name":"forgotPassword","decl":{"start":{"line":118,"column":27},"end":{"line":118,"column":41}},"loc":{"start":{"line":118,"column":52},"end":{"line":145,"column":3}},"line":118},"14":{"name":"(anonymous_14)","decl":{"start":{"line":128,"column":12},"end":{"line":128,"column":13}},"loc":{"start":{"line":128,"column":28},"end":{"line":142,"column":5}},"line":128},"15":{"name":"(anonymous_15)","decl":{"start":{"line":135,"column":16},"end":{"line":135,"column":17}},"loc":{"start":{"line":135,"column":28},"end":{"line":138,"column":9}},"line":135},"16":{"name":"(anonymous_16)","decl":{"start":{"line":138,"column":17},"end":{"line":138,"column":18}},"loc":{"start":{"line":138,"column":34},"end":{"line":140,"column":9}},"line":138},"17":{"name":"(anonymous_17)","decl":{"start":{"line":142,"column":13},"end":{"line":142,"column":14}},"loc":{"start":{"line":142,"column":30},"end":{"line":144,"column":5}},"line":142},"18":{"name":"resetPassword","decl":{"start":{"line":146,"column":26},"end":{"line":146,"column":39}},"loc":{"start":{"line":146,"column":50},"end":{"line":164,"column":3}},"line":146},"19":{"name":"(anonymous_19)","decl":{"start":{"line":151,"column":12},"end":{"line":151,"column":13}},"loc":{"start":{"line":151,"column":28},"end":{"line":161,"column":5}},"line":151},"20":{"name":"(anonymous_20)","decl":{"start":{"line":161,"column":13},"end":{"line":161,"column":14}},"loc":{"start":{"line":161,"column":30},"end":{"line":163,"column":5}},"line":161},"21":{"name":"changePassword","decl":{"start":{"line":165,"column":27},"end":{"line":165,"column":41}},"loc":{"start":{"line":165,"column":52},"end":{"line":192,"column":3}},"line":165},"22":{"name":"(anonymous_22)","decl":{"start":{"line":171,"column":12},"end":{"line":171,"column":13}},"loc":{"start":{"line":171,"column":28},"end":{"line":189,"column":5}},"line":171},"23":{"name":"(anonymous_23)","decl":{"start":{"line":175,"column":58},"end":{"line":175,"column":59}},"loc":{"start":{"line":175,"column":81},"end":{"line":187,"column":9}},"line":175},"24":{"name":"(anonymous_24)","decl":{"start":{"line":179,"column":20},"end":{"line":179,"column":21}},"loc":{"start":{"line":179,"column":32},"end":{"line":181,"column":13}},"line":179},"25":{"name":"(anonymous_25)","decl":{"start":{"line":181,"column":21},"end":{"line":181,"column":22}},"loc":{"start":{"line":181,"column":38},"end":{"line":183,"column":13}},"line":181},"26":{"name":"(anonymous_26)","decl":{"start":{"line":189,"column":13},"end":{"line":189,"column":14}},"loc":{"start":{"line":189,"column":30},"end":{"line":191,"column":5}},"line":189},"27":{"name":"borrowBook","decl":{"start":{"line":196,"column":23},"end":{"line":196,"column":33}},"loc":{"start":{"line":196,"column":44},"end":{"line":234,"column":3}},"line":196},"28":{"name":"(anonymous_28)","decl":{"start":{"line":200,"column":42},"end":{"line":200,"column":43}},"loc":{"start":{"line":200,"column":58},"end":{"line":231,"column":5}},"line":200},"29":{"name":"(anonymous_29)","decl":{"start":{"line":210,"column":18},"end":{"line":210,"column":19}},"loc":{"start":{"line":210,"column":42},"end":{"line":228,"column":7}},"line":210},"30":{"name":"(anonymous_30)","decl":{"start":{"line":222,"column":18},"end":{"line":222,"column":19}},"loc":{"start":{"line":222,"column":30},"end":{"line":224,"column":11}},"line":222},"31":{"name":"(anonymous_31)","decl":{"start":{"line":224,"column":19},"end":{"line":224,"column":20}},"loc":{"start":{"line":224,"column":36},"end":{"line":226,"column":11}},"line":224},"32":{"name":"(anonymous_32)","decl":{"start":{"line":228,"column":15},"end":{"line":228,"column":16}},"loc":{"start":{"line":228,"column":32},"end":{"line":230,"column":7}},"line":228},"33":{"name":"(anonymous_33)","decl":{"start":{"line":231,"column":13},"end":{"line":231,"column":14}},"loc":{"start":{"line":231,"column":30},"end":{"line":233,"column":5}},"line":231},"34":{"name":"returnBook","decl":{"start":{"line":238,"column":23},"end":{"line":238,"column":33}},"loc":{"start":{"line":238,"column":44},"end":{"line":265,"column":3}},"line":238},"35":{"name":"(anonymous_35)","decl":{"start":{"line":241,"column":42},"end":{"line":241,"column":43}},"loc":{"start":{"line":241,"column":58},"end":{"line":262,"column":5}},"line":241},"36":{"name":"(anonymous_36)","decl":{"start":{"line":245,"column":120},"end":{"line":245,"column":121}},"loc":{"start":{"line":245,"column":144},"end":{"line":259,"column":7}},"line":245},"37":{"name":"(anonymous_37)","decl":{"start":{"line":253,"column":16},"end":{"line":253,"column":17}},"loc":{"start":{"line":253,"column":28},"end":{"line":256,"column":9}},"line":253},"38":{"name":"(anonymous_38)","decl":{"start":{"line":256,"column":17},"end":{"line":256,"column":18}},"loc":{"start":{"line":256,"column":34},"end":{"line":258,"column":9}},"line":256},"39":{"name":"(anonymous_39)","decl":{"start":{"line":259,"column":15},"end":{"line":259,"column":16}},"loc":{"start":{"line":259,"column":32},"end":{"line":261,"column":7}},"line":259},"40":{"name":"(anonymous_40)","decl":{"start":{"line":262,"column":13},"end":{"line":262,"column":14}},"loc":{"start":{"line":262,"column":30},"end":{"line":264,"column":5}},"line":262},"41":{"name":"borrowHistory","decl":{"start":{"line":269,"column":26},"end":{"line":269,"column":39}},"loc":{"start":{"line":269,"column":50},"end":{"line":308,"column":3}},"line":269},"42":{"name":"(anonymous_42)","decl":{"start":{"line":272,"column":42},"end":{"line":272,"column":43}},"loc":{"start":{"line":272,"column":58},"end":{"line":305,"column":5}},"line":272},"43":{"name":"(anonymous_43)","decl":{"start":{"line":276,"column":77},"end":{"line":276,"column":78}},"loc":{"start":{"line":276,"column":101},"end":{"line":301,"column":9}},"line":276},"44":{"name":"(anonymous_44)","decl":{"start":{"line":287,"column":20},"end":{"line":287,"column":21}},"loc":{"start":{"line":287,"column":42},"end":{"line":297,"column":13}},"line":287},"45":{"name":"(anonymous_45)","decl":{"start":{"line":297,"column":21},"end":{"line":297,"column":22}},"loc":{"start":{"line":297,"column":38},"end":{"line":299,"column":13}},"line":297},"46":{"name":"(anonymous_46)","decl":{"start":{"line":301,"column":17},"end":{"line":301,"column":18}},"loc":{"start":{"line":301,"column":34},"end":{"line":303,"column":9}},"line":301},"47":{"name":"(anonymous_47)","decl":{"start":{"line":305,"column":13},"end":{"line":305,"column":14}},"loc":{"start":{"line":305,"column":30},"end":{"line":307,"column":5}},"line":305},"48":{"name":"booksNotReturned","decl":{"start":{"line":312,"column":29},"end":{"line":312,"column":45}},"loc":{"start":{"line":312,"column":56},"end":{"line":338,"column":3}},"line":312},"49":{"name":"(anonymous_49)","decl":{"start":{"line":313,"column":42},"end":{"line":313,"column":43}},"loc":{"start":{"line":313,"column":58},"end":{"line":335,"column":5}},"line":313},"50":{"name":"(anonymous_50)","decl":{"start":{"line":317,"column":77},"end":{"line":317,"column":78}},"loc":{"start":{"line":317,"column":101},"end":{"line":331,"column":9}},"line":317},"51":{"name":"(anonymous_51)","decl":{"start":{"line":325,"column":20},"end":{"line":325,"column":21}},"loc":{"start":{"line":325,"column":42},"end":{"line":327,"column":13}},"line":325},"52":{"name":"(anonymous_52)","decl":{"start":{"line":327,"column":21},"end":{"line":327,"column":22}},"loc":{"start":{"line":327,"column":38},"end":{"line":329,"column":13}},"line":327},"53":{"name":"(anonymous_53)","decl":{"start":{"line":331,"column":17},"end":{"line":331,"column":18}},"loc":{"start":{"line":331,"column":34},"end":{"line":333,"column":9}},"line":331},"54":{"name":"(anonymous_54)","decl":{"start":{"line":335,"column":13},"end":{"line":335,"column":14}},"loc":{"start":{"line":335,"column":30},"end":{"line":337,"column":5}},"line":335}},"branchMap":{"0":{"loc":{"start":{"line":29,"column":46},"end":{"line":29,"column":92}},"type":"cond-expr","locations":[{"start":{"line":29,"column":70},"end":{"line":29,"column":73}},{"start":{"line":29,"column":76},"end":{"line":29,"column":92}}],"line":29},"1":{"loc":{"start":{"line":29,"column":46},"end":{"line":29,"column":67}},"type":"binary-expr","locations":[{"start":{"line":29,"column":46},"end":{"line":29,"column":49}},{"start":{"line":29,"column":53},"end":{"line":29,"column":67}}],"line":29},"2":{"loc":{"start":{"line":41,"column":2},"end":{"line":44,"column":3}},"type":"if","locations":[{"start":{"line":41,"column":2},"end":{"line":44,"column":3}},{"start":{"line":41,"column":2},"end":{"line":44,"column":3}}],"line":41},"3":{"loc":{"start":{"line":47,"column":4},"end":{"line":51,"column":5}},"type":"if","locations":[{"start":{"line":47,"column":4},"end":{"line":51,"column":5}},{"start":{"line":47,"column":4},"end":{"line":51,"column":5}}],"line":47},"4":{"loc":{"start":{"line":61,"column":4},"end":{"line":63,"column":5}},"type":"if","locations":[{"start":{"line":61,"column":4},"end":{"line":63,"column":5}},{"start":{"line":61,"column":4},"end":{"line":63,"column":5}}],"line":61},"5":{"loc":{"start":{"line":65,"column":6},"end":{"line":82,"column":7}},"type":"if","locations":[{"start":{"line":65,"column":6},"end":{"line":82,"column":7}},{"start":{"line":65,"column":6},"end":{"line":82,"column":7}}],"line":65},"6":{"loc":{"start":{"line":93,"column":6},"end":{"line":113,"column":7}},"type":"if","locations":[{"start":{"line":93,"column":6},"end":{"line":113,"column":7}},{"start":{"line":93,"column":6},"end":{"line":113,"column":7}}],"line":93},"7":{"loc":{"start":{"line":97,"column":10},"end":{"line":111,"column":11}},"type":"if","locations":[{"start":{"line":97,"column":10},"end":{"line":111,"column":11}},{"start":{"line":97,"column":10},"end":{"line":111,"column":11}}],"line":97},"8":{"loc":{"start":{"line":120,"column":4},"end":{"line":122,"column":5}},"type":"if","locations":[{"start":{"line":120,"column":4},"end":{"line":122,"column":5}},{"start":{"line":120,"column":4},"end":{"line":122,"column":5}}],"line":120},"9":{"loc":{"start":{"line":129,"column":6},"end":{"line":141,"column":7}},"type":"if","locations":[{"start":{"line":129,"column":6},"end":{"line":141,"column":7}},{"start":{"line":129,"column":6},"end":{"line":141,"column":7}}],"line":129},"10":{"loc":{"start":{"line":133,"column":30},"end":{"line":133,"column":41}},"type":"binary-expr","locations":[{"start":{"line":133,"column":30},"end":{"line":133,"column":32}},{"start":{"line":133,"column":36},"end":{"line":133,"column":41}}],"line":133},"11":{"loc":{"start":{"line":134,"column":32},"end":{"line":134,"column":52}},"type":"binary-expr","locations":[{"start":{"line":134,"column":32},"end":{"line":134,"column":36}},{"start":{"line":134,"column":40},"end":{"line":134,"column":52}}],"line":134},"12":{"loc":{"start":{"line":152,"column":6},"end":{"line":154,"column":7}},"type":"if","locations":[{"start":{"line":152,"column":6},"end":{"line":154,"column":7}},{"start":{"line":152,"column":6},"end":{"line":154,"column":7}}],"line":152},"13":{"loc":{"start":{"line":172,"column":6},"end":{"line":188,"column":7}},"type":"if","locations":[{"start":{"line":172,"column":6},"end":{"line":188,"column":7}},{"start":{"line":172,"column":6},"end":{"line":188,"column":7}}],"line":172},"14":{"loc":{"start":{"line":176,"column":10},"end":{"line":186,"column":11}},"type":"if","locations":[{"start":{"line":176,"column":10},"end":{"line":186,"column":11}},{"start":{"line":176,"column":10},"end":{"line":186,"column":11}}],"line":176},"15":{"loc":{"start":{"line":178,"column":24},"end":{"line":178,"column":55}},"type":"binary-expr","locations":[{"start":{"line":178,"column":24},"end":{"line":178,"column":38}},{"start":{"line":178,"column":42},"end":{"line":178,"column":55}}],"line":178},"16":{"loc":{"start":{"line":201,"column":6},"end":{"line":203,"column":7}},"type":"if","locations":[{"start":{"line":201,"column":6},"end":{"line":203,"column":7}},{"start":{"line":201,"column":6},"end":{"line":203,"column":7}}],"line":201},"17":{"loc":{"start":{"line":205,"column":6},"end":{"line":207,"column":7}},"type":"if","locations":[{"start":{"line":205,"column":6},"end":{"line":207,"column":7}},{"start":{"line":205,"column":6},"end":{"line":207,"column":7}}],"line":205},"18":{"loc":{"start":{"line":211,"column":8},"end":{"line":227,"column":9}},"type":"if","locations":[{"start":{"line":211,"column":8},"end":{"line":227,"column":9}},{"start":{"line":211,"column":8},"end":{"line":227,"column":9}}],"line":211},"19":{"loc":{"start":{"line":242,"column":6},"end":{"line":244,"column":7}},"type":"if","locations":[{"start":{"line":242,"column":6},"end":{"line":244,"column":7}},{"start":{"line":242,"column":6},"end":{"line":244,"column":7}}],"line":242},"20":{"loc":{"start":{"line":246,"column":8},"end":{"line":248,"column":9}},"type":"if","locations":[{"start":{"line":246,"column":8},"end":{"line":248,"column":9}},{"start":{"line":246,"column":8},"end":{"line":248,"column":9}}],"line":246},"21":{"loc":{"start":{"line":251,"column":20},"end":{"line":251,"column":49}},"type":"binary-expr","locations":[{"start":{"line":251,"column":20},"end":{"line":251,"column":24}},{"start":{"line":251,"column":28},"end":{"line":251,"column":49}}],"line":251},"22":{"loc":{"start":{"line":270,"column":17},"end":{"line":270,"column":41}},"type":"binary-expr","locations":[{"start":{"line":270,"column":17},"end":{"line":270,"column":33}},{"start":{"line":270,"column":37},"end":{"line":270,"column":41}}],"line":270},"23":{"loc":{"start":{"line":271,"column":16},"end":{"line":271,"column":39}},"type":"binary-expr","locations":[{"start":{"line":271,"column":16},"end":{"line":271,"column":31}},{"start":{"line":271,"column":35},"end":{"line":271,"column":39}}],"line":271},"24":{"loc":{"start":{"line":273,"column":6},"end":{"line":304,"column":7}},"type":"if","locations":[{"start":{"line":273,"column":6},"end":{"line":304,"column":7}},{"start":{"line":273,"column":6},"end":{"line":304,"column":7}}],"line":273},"25":{"loc":{"start":{"line":277,"column":10},"end":{"line":
[...]
,"column":5}},"6":{"start":{"line":13,"column":4},"end":{"line":13,"column":27}}},"fnMap":{"0":{"name":"_interopRequireDefault","decl":{"start":{"line":7,"column":9},"end":{"line":7,"column":31}},"loc":{"start":{"line":7,"column":37},"end":{"line":7,"column":95}},"line":7},"1":{"name":"(anonymous_1)","decl":{"start":{"line":11,"column":23},"end":{"line":11,"column":24}},"loc":{"start":{"line":11,"column":35},"end":{"line":15,"column":1}},"line":11},"2":{"name":"(anonymous_2)","decl":{"start":{"line":12,"column":24},"end":{"line":12,"column":25}},"loc":{"start":{"line":12,"column":36},"end":{"line":14,"column":3}},"line":12}},"branchMap":{"0":{"loc":{"start":{"line":7,"column":46},"end":{"line":7,"column":92}},"type":"cond-expr","locations":[{"start":{"line":7,"column":70},"end":{"line":7,"column":73}},{"start":{"line":7,"column":76},"end":{"line":7,"column":92}}],"line":7},"1":{"loc":{"start":{"line":7,"column":46},"end":{"line":7,"column":67}},"type":"binary-expr","locations":[{"start":{"line":7,"column":46},"end":{"line":7,"column":49}},{"start":{"line":7,"column":53},"end":{"line":7,"column":67}}],"line":7}},"s":{"0":1,"1":1,"2":1,"3":1,"4":1,"5":1,"6":1},"f":{"0":1,"1":1,"2":1},"b":{"0":[0,1],"1":[1,1]},"_coverageSchema":"332fd63041d2c1bcb487cc26dd0d5f7d97098a6c","hash":"594db1da5289d3a9e290786289ae6908f364a089","contentHash":"58ce098a55238ea0080635cf993867f1_11.2.1"},"/Users/andeladeveloper/Documents/backhellobooks-copy/server/test/middleware.js":{"path":"/Users/andeladeveloper/Documents/backhellobooks-copy/server/test/middleware.js","statementMap":{"0":{"start":{"line":3,"column":12},"end":{"line":3,"column":27}},"1":{"start":{"line":5,"column":13},"end":{"line":5,"column":42}},"2":{"start":{"line":7,"column":17},"end":{"line":7,"column":37}},"3":{"start":{"line":9,"column":18},"end":{"line":9,"column":52}},"4":{"start":{"line":11,"column":14},"end":{"line":11,"column":31}},"5":{"start":{"line":13,"column":15},"end":{"line":13,"column":46}},"6":{"start":{"line":15,"column":11},"end":{"line":15,"column":28}},"7":{"start":{"line":17,"column":12},"end":{"line":17,"column":40}},"8":{"start":{"line":19,"column":39},"end":{"line":19,"column":93}},"9":{"start":{"line":21,"column":13},"end":{"line":21,"column":34}},"10":{"start":{"line":22,"column":0},"end":{"line":22,"column":26}},"11":{"start":{"line":25,"column":0},"end":{"line":84,"column":3}},"12":{"start":{"line":26,"column":18},"end":{"line":26,"column":40}},"13":{"start":{"line":27,"column":19},"end":{"line":27,"column":42}},"14":{"start":{"line":28,"column":21},"end":{"line":28,"column":36}},"15":{"start":{"line":32,"column":2},"end":{"line":40,"column":5}},"16":{"start":{"line":33,"column":4},"end":{"line":39,"column":7}},"17":{"start":{"line":34,"column":6},"end":{"line":38,"column":9}},"18":{"start":{"line":35,"column":8},"end":{"line":35,"column":42}},"19":{"start":{"line":36,"column":8},"end":{"line":36,"column":68}},"20":{"start":{"line":37,"column":8},"end":{"line":37,"column":15}},"21":{"start":{"line":44,"column":2},"end":{"line":52,"column":5}},"22":{"start":{"line":45,"column":4},"end":{"line":51,"column":7}},"23":{"start":{"line":46,"column":6},"end":{"line":50,"column":9}},"24":{"start":{"line":47,"column":8},"end":{"line":47,"column":42}},"25":{"start":{"line":48,"column":8},"end":{"line":48,"column":64}},"26":{"start":{"line":49,"column":8},"end":{"line":49,"column":15}},"27":{"start":{"line":55,"column":2},"end":{"line":62,"column":5}},"28":{"start":{"line":56,"column":4},"end":{"line":61,"column":7}},"29":{"start":{"line":57,"column":6},"end":{"line":60,"column":9}},"30":{"start":{"line":58,"column":8},"end":{"line":58,"column":42}},"31":{"start":{"line":59,"column":8},"end":{"line":59,"column":15}},"32":{"start":{"line":65,"column":2},"end":{"line":73,"column":5}},"33":{"start":{"line":66,"column":4},"end":{"line":72,"column":7}},"34":{"start":{"line":67,"column":6},"end":{"line":71,"column":9}},"35":{"start":{"line":68,"column":8},"end":{"line":68,"column":42}},"36":{"start":{"line":69,"column":8},"end":{"line":69,"column":64}},"37":{"start":{"line":70,"column":8},"end":{"line":70,"column":15}},"38":{"start":{"line":76,"column":2},"end":{"line":83,"column":5}},"39":{"start":{"line":77,"column":4},"end":{"line":82,"column":7}},"40":{"start":{"line":78,"column":6},"end":{"line":81,"column":9}},"41":{"start":{"line":79,"column":8},"end":{"line":79,"column":42}},"42":{"start":{"line":80,"column":8},"end":{"line":80,"column":15}}},"fnMap":{"0":{"name":"_interopRequireDefault","decl":{"start":{"line":19,"column":9},"end":{"line":19,"column":31}},"loc":{"start":{"line":19,"column":37},"end":{"line":19,"column":95}},"line":19},"1":{"name":"(anonymous_1)","decl":{"start":{"line":25,"column":23},"end":{"line":25,"column":24}},"loc":{"start":{"line":25,"column":35},"end":{"line":84,"column":1}},"line":25},"2":{"name":"(anonymous_2)","decl":{"start":{"line":32,"column":86},"end":{"line":32,"column":87}},"loc":{"start":{"line":32,"column":98},"end":{"line":40,"column":3}},"line":32},"3":{"name":"(anonymous_3)","decl":{"start":{"line":33,"column":36},"end":{"line":33,"column":37}},"loc":{"start":{"line":33,"column":52},"end":{"line":39,"column":5}},"line":33},"4":{"name":"(anonymous_4)","decl":{"start":{"line":34,"column":78},"end":{"line":34,"column":79}},"loc":{"start":{"line":34,"column":98},"end":{"line":38,"column":7}},"line":34},"5":{"name":"(anonymous_5)","decl":{"start":{"line":44,"column":76},"end":{"line":44,"column":77}},"loc":{"start":{"line":44,"column":88},"end":{"line":52,"column":3}},"line":44},"6":{"name":"(anonymous_6)","decl":{"start":{"line":45,"column":39},"end":{"line":45,"column":40}},"loc":{"start":{"line":45,"column":55},"end":{"line":51,"column":5}},"line":45},"7":{"name":"(anonymous_7)","decl":{"start":{"line":46,"column":114},"end":{"line":46,"column":115}},"loc":{"start":{"line":46,"column":134},"end":{"line":50,"column":7}},"line":46},"8":{"name":"(anonymous_8)","decl":{"start":{"line":55,"column":74},"end":{"line":55,"column":75}},"loc":{"start":{"line":55,"column":86},"end":{"line":62,"column":3}},"line":55},"9":{"name":"(anonymous_9)","decl":{"start":{"line":56,"column":55},"end":{"line":56,"column":56}},"loc":{"start":{"line":56,"column":71},"end":{"line":61,"column":5}},"line":56},"10":{"name":"(anonymous_10)","decl":{"start":{"line":57,"column":111},"end":{"line":57,"column":112}},"loc":{"start":{"line":57,"column":131},"end":{"line":60,"column":7}},"line":57},"11":{"name":"(anonymous_11)","decl":{"start":{"line":65,"column":75},"end":{"line":65,"column":76}},"loc":{"start":{"line":65,"column":87},"end":{"line":73,"column":3}},"line":65},"12":{"name":"(anonymous_12)","decl":{"start":{"line":66,"column":32},"end":{"line":66,"column":33}},"loc":{"start":{"line":66,"column":48},"end":{"line":72,"column":5}},"line":66},"13":{"name":"(anonymous_13)","decl":{"start":{"line":67,"column":119},"end":{"line":67,"column":120}},"loc":{"start":{"line":67,"column":139},"end":{"line":71,"column":7}},"line":67},"14":{"name":"(anonymous_14)","decl":{"start":{"line":76,"column":86},"end":{"line":76,"column":87}},"loc":{"start":{"line":76,"column":98},"end":{"line":83,"column":3}},"line":76},"15":{"name":"(anonymous_15)","decl":{"start":{"line":77,"column":62},"end":{"line":77,"column":63}},"loc":{"start":{"line":77,"column":78},"end":{"line":82,"column":5}},"line":77},"16":{"name":"(anonymous_16)","decl":{"start":{"line":78,"column":117},"end":{"line":78,"column":118}},"loc":{"start":{"line":78,"column":137},"end":{"line":81,"column":7}},"line":78}},"branchMap":{"0":{"loc":{"start":{"line":19,"column":46},"end":{"line":19,"column":92}},"type":"cond-expr","locations":[{"start":{"line":19,"column":70},"end":{"line":19,"column":73}},{"start":{"line":19,"column":76},"end":{"line":19,"column":92}}],"line":19},"1":{"loc":{"start":{"line":19,"column":46},"end":{"line":19,"column":67}},"type":"binary-expr","locations":[{"start":{"line":19,"column":46},"end":{"line":19,"column":49}},{"start":{"line":19,"column":53},"end":{"line":19,"column":67}}],"line":19}},"s":{"0":1,"1":1,"2":1,"3":1,"4":1,"5":1,"6":1,"7":1,"8":4,"9":1,"10":1,"11":1,"12":1,"13":1,"14":1,"15":1,"16":1,"17":1,"18":1,"19":1,"20":1,"21":1,"22":1,"23":1,"24":1,"25":1,"26":1,"27":1,"28":1,"29":1,"30":1,"31":1,"32":1,"33":1,"34":1,"35":1,"36":1,"37":1,"38":1,"39":1,"40":1,"41":1,"42":1},"f":{"0":4,"1":1,"2":1,"3":1,"4":1,"5":1,"6":1,"7":1,"8":1,"9":1,"10":1,"11":1,"12":1,"13":1,"14":1,"15":1,"16":1},"b":{"0":[0,4],"1":[4,4]},"_coverageSchema":"332fd63041d2c1bcb487cc26dd0d5f7d97098a6c","hash":"a803a798cd480a27632f8f9a7f516342a9d82767","contentHash":"6144a222c2b44f01e0d3a7c78bf58e2a_11.2.1"},"/Users/andeladeveloper/Documents/backhellobooks-copy/server/test/user.js":{"path":"/Users/andeladeveloper/Documents/backhellobooks-copy/server/test/user.js","statementMap":{"0":{"start":{"line":3,"column":12},"end":{"line":3,"column":27}},"1":{"start":{"line":5,"column":13},"end":{"line":5,"column":42}},"2":{"start":{"line":7,"column":17},"end":{"line":7,"column":37}},"3":{"start":{"line":9,"column":18},"end":{"line":9,"column":52}},"4":{"start":{"line":11,"column":14},"end":{"line":11,"column":31}},"5":{"start":{"line":13,"column":15},"end":{"line":13,"column":46}},"6":{"start":{"line":15,"column":14},"end":{"line":15,"column":31}},"7":{"start":{"line":17,"column":15},"end":{"line":17,"column":46}},"8":{"start":{"line":19,"column":17},"end":{"line":19,"column":38}},"9":{"start":{"line":21,"column":18},"end":{"line":21,"column":52}},"10":{"start":{"line":23,"column":11},"end":{"line":23,"column":28}},"11":{"start":{"line":25,"column":12},"end":{"line":25,"column":40}},"12":{"start":{"line":27,"column":39},"end":{"line":27,"column":93}},"13":{"start":{"line":29,"column":0},"end":{"line":29,"column":26}},"14":{"start":{"line":30,"column":11},"end":{"line":30,"column":43}},"15":{"start":{"line":31,"column":13},"end":{"line":31,"column":34}},"16":{"start":{"line":33,"column":0},"end":{"line":148,"column":3}},"17":{"start":{"line":34,"column":14},"end":{"line":34,"column":24}},"18":{"start":{"line":35,"column":16},"end":{"line":35,"column":61}},"19":{"start":{"line":36,"column":14},"end":{"line":36,"column":36}},"20":{"start":{"line":37,"column":16},"end":{"line":37,"column":47}},"21":{"start":{"line":38,"column":15},"end":{"line":38,"column":27}},"22":{"start":{"line":39,"column":17},"end":{"line":47,"column":3}},"23":{"start":{"line":40,"column":15},"end":{"line":40,"column":17}},"24":{"start":{"line":41,"column":19},"end":{"line":41,"column":83}},"25":{"start":{"line":43,"column":4},"end":{"line":45,"column":5}},"26":{"start":{"line":44,"column":6},"end":{"line":44,"column":75}},"27":{"start":{"line":46,"column":4},"end":{"line":46,"column":16}},"28":{"start":{"line":49,"column":2},"end":{"line":63,"column":5}},"29":{"start":{"line":50,"column":4},"end":{"line":62,"column":7}},"30":{"start":{"line":51,"column":17},"end":{"line":54,"column":7}},"31":{"start":{"line":55,"column":6},"end":{"line":61,"column":9}},"32":{"start":{"line":56,"column":8},"end":{"line":56,"column":34}},"33":{"start":{"line":57,"column":8},"end":{"line":57,"column":68}},"34":{"start":{"line":58,"column":8},"end":{"line":58,"column":42}},"35":{"start":{"line":59,"column":8},"end":{"line":59,"column":34}},"36":{"start":{"line":59,"column":17},"end":{"line":59,"column":34}},"37":{"start":{"line":60,"column":8},"end":{"line":60,"column":15}},"38":{"start":{"line":66,"column":2},"end":{"line":85,"column":5}},"39":{"start":{"line":67,"column":4},"end":{"line":84,"column":7}},"40":{"start":{"line":68,"column":25},"end":{"line":68,"column":70}},"41":{"start":{"line":69,"column":17},"end":{"line":76,"column":7}},"42":{"start":{"line":77,"column":6},"end":{"line":83,"column":9}},"43":{"start":{"line":78,"column":8},"end":{"line":78,"column":34}},"44":{"start":{"line":79,"column":8},"end":{"line":79,"column":42}},"45":{"start":{"line":80,"column":8},"end":{"line":80,"column":69}},"46":{"start":{"line":81,"column":8},"end":{"line":81,"column":34}},"47":{"start":{"line":81,"column":17},"end":{"line":81,"column":34}},"48":{"start":{"line":82,"column":8},"end":{"line":82,"column":15}},"49":{"start":{"line":106,"column":2},"end":{"line":124,"column":5}},"50":{"start":{"line":107,"column":4},"end":{"line":123,"column":7}},"51":{"start":{"line":108,"column":25},"end":{"line":115,"column":7}},"52":{"start":{"line":116,"column":6},"end":{"line":122,"column":9}},"53":{"start":{"line":117,"column":8},"end":{"line":117,"column":34}},"54":{"start":{"line":118,"column":8},"end":{"line":118,"column":42}},"55":{"start":{"line":119,"column":8},"end":{"line":119,"column":57}},"56":{"start":{"line":120,"column":8},"end":{"line":120,"column":34}},"57":{"start":{"line":120,"column":17},"end":{"line":120,"column":34}},"58":{"start":{"line":121,"column":8},"end":{"line":121,"column":15}},"59":{"start":{"line":126,"column":2},"end":{"line":135,"column":5}},"60":{"start":{"line":127,"column":4},"end":{"line":134,"column":7}},"61":{"start":{"line":128,"column":6},"end":{"line":133,"column":9}},"62":{"start":{"line":129,"column":8},"end":{"line":129,"column":48}},"63":{"start":{"line":130,"column":8},"end":{"line":130,"column":42}},"64":{"start":{"line":131,"column":8},"end":{"line":131,"column":34}},"65":{"start":{"line":131,"column":17},"end":{"line":131,"column":34}},"66":{"start":{"line":132,"column":8},"end":{"line":132,"column":15}},"67":{"start":{"line":137,"column":2},"end":{"line":147,"column":5}},"68":{"start":{"line":138,"column":4},"end":{"line":146,"column":7}},"69":{"start":{"line":139,"column":6},"end":{"line":145,"column":9}},"70":{"start":{"line":140,"column":8},"end":{"line":140,"column":42}},"71":{"start":{"line":141,"column":8},"end":{"line":141,"column":57}},"72":{"start":{"line":142,"column":8},"end":{"line":142,"column":34}},"73":{"start":{"line":143,"column":8},"end":{"line":143,"column":34}},"74":{"start":{"line":143,"column":17},"end":{"line":143,"column":34}},"75":{"start":{"line":144,"column":8},"end":{"line":144,"column":15}}},"fnMap":{"0":{"name":"_interopRequireDefault","decl":{"start":{"line":27,"column":9},"end":{"line":27,"column":31}},"loc":{"start":{"line":27,"column":37},"end":{"line":27,"column":95}},"line":27},"1":{"name":"(anonymous_1)","decl":{"start":{"line":33,"column":19},"end":{"line":33,"column":20}},"loc":{"start":{"line":33,"column":31},"end":{"line":148,"column":1}},"line":33},"2":{"name":"makeUser","decl":{"start":{"line":39,"column":26},"end":{"line":39,"column":34}},"loc":{"start":{"line":39,"column":37},"end":{"line":47,"column":3}},"line":39},"3":{"name":"(anonymous_3)","decl":{"start":{"line":49,"column":56},"end":{"line":49,"column":57}},"loc":{"start":{"line":49,"column":68},"end":{"line":63,"column":3}},"line":49},"4":{"name":"(anonymous_4)","decl":{"start":{"line":50,"column":50},"end":{"line":50,"column":51}},"loc":{"start":{"line":50,"column":66},"end":{"line":62,"column":5}},"line":50},"5":{"name":"(anonymous_5)","decl":{"start":{"line":55,"column":90},"end":{"line":55,"column":91}},"loc":{"start":{"line":55,"column":110},"end":{"line":61,"column":7}},"line":55},"6":{"name":"(anonymous_6)","decl":{"start":{"line":66,"column":48},"end":{"line":66,"column":49}},"loc":{"start":{"line":66,"column":60},"end":{"line":85,"column":3}},"line":66},"7":{"name":"(anonymous_7)","decl":{"start":{"line":67,"column":28},"end":{"line":67,"column":29}},"loc":{"start":{"line":67,"column":44},"end":{"line":84,"column":5}},"line":67},"8":{"name":"(anonymous_8)","decl":{"start":{"line":77,"column":90},"end":{"line":77,"column":91}},"loc":{"start":{"line":77,"column":110},"end":{"line":83,"column":7}},"line":77},"9":{"name":"(anonymous_9)","decl":{"start":{"line":106,"column":66},"end":{"line":106,"column":67}},"loc":{"start":{"line":106,"column":78},"end":{"line":124,"column":3}},"line":106},"10":{"name":"(anonymous_10)","decl":{"start":{"line":107,"column":70},"end":{"line":107,"column":71}},"loc":{"start":{"line":107,"column":86},"end":{"line":123,"column":5}},"line":107},"11":{"name":"(anonymous_11)","decl":{"start":{"line":116,"column":124},"end":{"line":116,"column":125}},"loc":{"start":{"line":116,"column":144},"end":{"line":122,"column":7}},"line":116},"12":{"name":"(anonymous_12)","decl":{"start":{"line":126,"column":79},"end":{"line":126,"column":80}},"loc":{"start":{"line":126,"column":91},"end":{"line":135,"column":3}},"line":126},"13":{"name":"(anonymous_13)","decl":{"start":{"line":127,"column":49},"end":{"line":127,"column":50}},"loc":{"start":{"line":127,"column":65},"end":{"line":134,"column":5}},"line":127},"14":{"name":"(anonymous_14)","decl":{"start":{"line":128,"column":128},"end":{"line":128,"column":129}},"loc":{"start":{"line":128,"column":148},"end":{"line":133,"column":7}},"line":128},"15":{"name":"(anonymous_15)","decl":{"start":{"line":137,"column":72},"end":{"line":137,"column":73}},"loc":{"start":{"line":137,"column":84},"end":{"line":147,"column":3}},"line":137},"16":{"name":"(anonymous_16)","decl":{"start":{"line":138,"column":23},"end":{"line":138,"column":24}},"loc":{"start":{"line":138,"column":39},"end":{"line":146,"column":5}},"line":138},"17":{"name":"(anonymous_17)","decl":{"start":{"line":139,"column":128},"end":{"line":139,"column":129}},"loc":{"start":{"line":139,"column":148},"end":{"line":145,"column":7}},"line":139}},"branchMap":{"0":{"loc":{"start":{"line":27,"column":46},"end":{"line":27,"column":92}},"type":"cond-expr","locations":[{"start":{"line":27,"column":70},"end":{"line":27,"column":73}},{"start":{"line":27,"column":76},"end":{"line":27,"column":92}}],"line":27},"1":{"loc":{"start":{"line":27,"column":46},"end":{"line":27,"column":67}},"type":"binary-expr","locations":[{"start":{"line":27,"column":46},"end":{"line":27,"column":49}},{"start":{"line":27,"column":53},"end":{"line":27,"column":67}}],"line":27},"2":{"loc":{"start":{"line":59,"column":8},"end":{"line":59,"column":34}},"type":"if","locations":[{"start":{"line":59,"column":8},"end":{"line":59,"column":34}},{"start":{"line":59,"column":8},"end":{"line":59,"column":34}}],"line":59},"3":{"loc":{"start":{"line":81,"column":8},"end":{"line":81,"column":34}},"type":"if","locations":[{"start":{"line":81,"column":8},"end":{"line":81,"column":34}},{"start":{"line":81,"column":8},"end":{"line":81,"column":34}}],"line":81},"4":{"loc":{"start":{"line":120,"column":8},"end":{"line":120,"column":34}},"type":"if","locations":[{"start":{"line":120,"column":8},"end":{"line":120,"column":34}},{"start":{"line":120,"column":8},"end":{"line":120,"column":34}}],"line":120},"5":{"loc":{"start":{"line":131,"column":8},"end":{"line":131,"column":34}},"type":"if","locations":[{"start":{"line":131,"column":8},"end":{"line":131,"column":34}},{"start":{"line":131,"column":8},"end":{"line":131,"column":34}}],"line":131},"6":{"loc":{"start":{"line":143,"column":8},"end":{"line":143,"column":34}},"type":"if","locations":[{"start":{"line":143,"column":8},"end":{"line":143,"column":34}},{"start":{"line":143,"column":8},"end":{"line":143,"column":34}}],"line":143}},"s":{"0":1,"1":1,"2":1,"3":1,"4":1,"5":1,"6":1,"7":1,"8":1,"9":1,"10":1,"11":1,"12":6,"13":1,"14":1,"15":1,"16":1,"17":1,"18":1,"19":1,"20":1,"21":1,"22":1,"23":2,"24":2,"25":2,"26":10,"27":2,"28":1,"29":1,"30":1,"31":1,"32":1,"33":1,"34":1,"35":1,"36":0,"37":1,"38":1,"39":1,"40":1,"41":1,"42":1,"43":1,"44":1,"45":1,"46":1,"47":0,"48":1,"49":1,"50":1,"51":1,"52":1,"53":1,"54":1,"55":1,"56":1,"57":0,"58":1,"59":1,"60":1,"61":1,"62":1,"63":1,"64":1,"65":0,"66":1,"67":1,"68":1,"69":1,"70":1,"71":1,"72":1,"73":1,"74":0,"75":1},"f":{"0":6,"1":1,"2":2,"3":1,"4":1,"5":1,"6":1,"7":1,"8":1,"9":1,"10":1,"11":1,"12":1,"13":1,"14":1,"15":1,"16":1,"17":1},"b":{"0":[0,6],"1":[6,6],"2":[0,1],"3":[0,1],"4":[0,1],"5":[0,1],"6":[0,1]},"_coverageSchema":"332fd63041d2c1bcb487cc26dd0d5f7d97098a6c","hash":"bf017b87142fb77fae35eedfe782ce8ae82ace39","contentHash":"f3aa6ba6ead94bf659fe57f6c9c4b6b9_11.2.1"}}