<?xml version="1.0" encoding="UTF-8"?>
<coverage generated="1512754252486" clover="3.2.0">
  <project timestamp="1512754252486" name="All files">
    <metrics statements="620" coveredstatements="181" conditionals="269" coveredconditionals="17" methods="232" coveredmethods="35" elements="1121" coveredelements="233" complexity="0" loc="620" ncloc="620" packages="14" files="43" classes="43">
      <package name="src.actions">
        <metrics statements="207" coveredstatements="80" conditionals="2" coveredconditionals="0" methods="117" coveredmethods="22"/>
        <file name="actionTypes.js" path="/Users/andeladeveloper/Documents/backhellobooks-copy/client/src/actions/actionTypes.js">
          <metrics statements="47" coveredstatements="47" conditionals="0" coveredconditionals="0" methods="0" coveredmethods="0"/>
          <line num="1" count="2" type="stmt"/>
          <line num="2" count="2" type="stmt"/>
          <line num="3" count="2" type="stmt"/>
          <line num="4" count="2" type="stmt"/>
          <line num="5" count="2" type="stmt"/>
          <line num="6" count="2" type="stmt"/>
          <line num="7" count="2" type="stmt"/>
          <line num="8" count="2" type="stmt"/>
          <line num="9" count="2" type="stmt"/>
          <line num="10" count="2" type="stmt"/>
          <line num="11" count="2" type="stmt"/>
          <line num="12" count="2" type="stmt"/>
          <line num="13" count="2" type="stmt"/>
          <line num="14" count="2" type="stmt"/>
          <line num="15" count="2" type="stmt"/>
          <line num="16" count="2" type="stmt"/>
          <line num="17" count="2" type="stmt"/>
          <line num="18" count="2" type="stmt"/>
          <line num="19" count="2" type="stmt"/>
          <line num="20" count="2" type="stmt"/>
          <line num="21" count="2" type="stmt"/>
          <line num="22" count="2" type="stmt"/>
          <line num="23" count="2" type="stmt"/>
          <line num="24" count="2" type="stmt"/>
          <line num="25" count="2" type="stmt"/>
          <line num="26" count="2" type="stmt"/>
          <line num="27" count="2" type="stmt"/>
          <line num="28" count="2" type="stmt"/>
          <line num="29" count="2" type="stmt"/>
          <line num="30" count="2" type="stmt"/>
          <line num="31" count="2" type="stmt"/>
          <line num="32" count="2" type="stmt"/>
          <line num="33" count="2" type="stmt"/>
          <line num="34" count="2" type="stmt"/>
          <line num="35" count="2" type="stmt"/>
          <line num="36" count="2" type="stmt"/>
          <line num="37" count="2" type="stmt"/>
          <line num="38" count="2" type="stmt"/>
          <line num="39" count="2" type="stmt"/>
          <line num="40" count="2" type="stmt"/>
          <line num="41" count="2" type="stmt"/>
          <line num="42" count="2" type="stmt"/>
          <line num="43" count="2" type="stmt"/>
          <line num="44" count="2" type="stmt"/>
          <line num="45" count="2" type="stmt"/>
          <line num="46" count="2" type="stmt"/>
          <line num="47" count="2" type="stmt"/>
        </file>
        <file name="authActions.js" path="/Users/andeladeveloper/Documents/backhellobooks-copy/client/src/actions/authActions.js">
          <metrics statements="47" coveredstatements="33" conditionals="0" coveredconditionals="0" methods="32" coveredmethods="22"/>
          <line num="24" count="2" type="stmt"/>
          <line num="36" count="1" type="stmt"/>
          <line num="48" count="1" type="stmt"/>
          <line num="62" count="1" type="stmt"/>
          <line num="74" count="1" type="stmt"/>
          <line num="86" count="0" type="stmt"/>
          <line num="98" count="1" type="stmt"/>
          <line num="110" count="0" type="stmt"/>
          <line num="122" count="0" type="stmt"/>
          <line num="134" count="0" type="stmt"/>
          <line num="146" count="1" type="stmt"/>
          <line num="147" count="1" type="stmt"/>
          <line num="148" count="1" type="stmt"/>
          <line num="149" count="1" type="stmt"/>
          <line num="150" count="1" type="stmt"/>
          <line num="151" count="1" type="stmt"/>
          <line num="162" count="2" type="stmt"/>
          <line num="164" count="1" type="stmt"/>
          <line num="165" count="1" type="stmt"/>
          <line num="166" count="1" type="stmt"/>
          <line num="167" count="1" type="stmt"/>
          <line num="168" count="1" type="stmt"/>
          <line num="169" count="1" type="stmt"/>
          <line num="172" count="1" type="stmt"/>
          <line num="173" count="1" type="stmt"/>
          <line num="184" count="2" type="stmt"/>
          <line num="186" count="1" type="stmt"/>
          <line num="187" count="1" type="stmt"/>
          <line num="188" count="1" type="stmt"/>
          <line num="191" count="1" type="stmt"/>
          <line num="192" count="1" type="stmt"/>
          <line num="203" count="2" type="stmt"/>
          <line num="205" count="1" type="stmt"/>
          <line num="206" count="1" type="stmt"/>
          <line num="209" count="0" type="stmt"/>
          <line num="210" count="0" type="stmt"/>
          <line num="220" count="2" type="stmt"/>
          <line num="222" count="1" type="stmt"/>
          <line num="223" count="1" type="stmt"/>
          <line num="226" count="0" type="stmt"/>
          <line num="227" count="0" type="stmt"/>
          <line num="239" count="0" type="stmt"/>
          <line num="241" count="0" type="stmt"/>
          <line num="242" count="0" type="stmt"/>
          <line num="243" count="0" type="stmt"/>
          <line num="246" count="0" type="stmt"/>
          <line num="247" count="0" type="stmt"/>
        </file>
        <file name="bookActions.js" path="/Users/andeladeveloper/Documents/backhellobooks-copy/client/src/actions/bookActions.js">
          <metrics statements="92" coveredstatements="0" conditionals="2" coveredconditionals="0" methods="69" coveredmethods="0"/>
          <line num="36" count="0" type="stmt"/>
          <line num="48" count="0" type="stmt"/>
          <line num="61" count="0" type="stmt"/>
          <line num="74" count="0" type="stmt"/>
          <line num="86" count="0" type="stmt"/>
          <line num="98" count="0" type="stmt"/>
          <line num="111" count="0" type="stmt"/>
          <line num="122" count="0" type="stmt"/>
          <line num="133" count="0" type="stmt"/>
          <line num="145" count="0" type="stmt"/>
          <line num="157" count="0" type="stmt"/>
          <line num="168" count="0" type="stmt"/>
          <line num="180" count="0" type="stmt"/>
          <line num="192" count="0" type="stmt"/>
          <line num="203" count="0" type="stmt"/>
          <line num="215" count="0" type="stmt"/>
          <line num="227" count="0" type="stmt"/>
          <line num="238" count="0" type="stmt"/>
          <line num="250" count="0" type="stmt"/>
          <line num="264" count="0" type="stmt"/>
          <line num="278" count="0" type="stmt"/>
          <line num="290" count="0" type="stmt"/>
          <line num="301" count="0" type="stmt"/>
          <line num="313" count="0" type="stmt"/>
          <line num="325" count="0" type="stmt"/>
          <line num="338" count="0" type="stmt"/>
          <line num="340" count="0" type="stmt"/>
          <line num="343" count="0" type="stmt"/>
          <line num="356" count="0" type="stmt"/>
          <line num="357" count="0" type="stmt"/>
          <line num="359" count="0" type="cond" truecount="0" falsecount="2"/>
          <line num="360" count="0" type="stmt"/>
          <line num="362" count="0" type="stmt"/>
          <line num="365" count="0" type="stmt"/>
          <line num="375" count="0" type="stmt"/>
          <line num="377" count="0" type="stmt"/>
          <line num="380" count="0" type="stmt"/>
          <line num="390" count="0" type="stmt"/>
          <line num="392" count="0" type="stmt"/>
          <line num="394" count="0" type="stmt"/>
          <line num="405" count="0" type="stmt"/>
          <line num="406" count="0" type="stmt"/>
          <line num="407" count="0" type="stmt"/>
          <line num="409" count="0" type="stmt"/>
          <line num="410" count="0" type="stmt"/>
          <line num="411" count="0" type="stmt"/>
          <line num="412" count="0" type="stmt"/>
          <line num="415" count="0" type="stmt"/>
          <line num="416" count="0" type="stmt"/>
          <line num="417" count="0" type="stmt"/>
          <line num="429" count="0" type="stmt"/>
          <line num="430" count="0" type="stmt"/>
          <line num="431" count="0" type="stmt"/>
          <line num="433" count="0" type="stmt"/>
          <line num="434" count="0" type="stmt"/>
          <line num="437" count="0" type="stmt"/>
          <line num="438" count="0" type="stmt"/>
          <line num="453" count="0" type="stmt"/>
          <line num="454" count="0" type="stmt"/>
          <line num="455" count="0" type="stmt"/>
          <line num="457" count="0" type="stmt"/>
          <line num="458" count="0" type="stmt"/>
          <line num="461" count="0" type="stmt"/>
          <line num="462" count="0" type="stmt"/>
          <line num="474" count="0" type="stmt"/>
          <line num="475" count="0" type="stmt"/>
          <line num="476" count="0" type="stmt"/>
          <line num="478" count="0" type="stmt"/>
          <line num="479" count="0" type="stmt"/>
          <line num="482" count="0" type="stmt"/>
          <line num="483" count="0" type="stmt"/>
          <line num="495" count="0" type="stmt"/>
          <line num="496" count="0" type="stmt"/>
          <line num="497" count="0" type="stmt"/>
          <line num="499" count="0" type="stmt"/>
          <line num="502" count="0" type="stmt"/>
          <line num="503" count="0" type="stmt"/>
          <line num="516" count="0" type="stmt"/>
          <line num="517" count="0" type="stmt"/>
          <line num="518" count="0" type="stmt"/>
          <line num="520" count="0" type="stmt"/>
          <line num="523" count="0" type="stmt"/>
          <line num="524" count="0" type="stmt"/>
          <line num="525" count="0" type="stmt"/>
          <line num="537" count="0" type="stmt"/>
          <line num="538" count="0" type="stmt"/>
          <line num="539" count="0" type="stmt"/>
          <line num="541" count="0" type="stmt"/>
          <line num="542" count="0" type="stmt"/>
          <line num="543" count="0" type="stmt"/>
          <line num="546" count="0" type="stmt"/>
          <line num="547" count="0" type="stmt"/>
        </file>
        <file name="categoryActions.js" path="/Users/andeladeveloper/Documents/backhellobooks-copy/client/src/actions/categoryActions.js">
          <metrics statements="21" coveredstatements="0" conditionals="0" coveredconditionals="0" methods="16" coveredmethods="0"/>
          <line num="16" count="0" type="stmt"/>
          <line num="28" count="0" type="stmt"/>
          <line num="40" count="0" type="stmt"/>
          <line num="54" count="0" type="stmt"/>
          <line num="65" count="0" type="stmt"/>
          <line num="67" count="0" type="stmt"/>
          <line num="68" count="0" type="stmt"/>
          <line num="70" count="0" type="stmt"/>
          <line num="81" count="0" type="stmt"/>
          <line num="82" count="0" type="stmt"/>
          <line num="83" count="0" type="stmt"/>
          <line num="85" count="0" type="stmt"/>
          <line num="86" count="0" type="stmt"/>
          <line num="89" count="0" type="stmt"/>
          <line num="102" count="0" type="stmt"/>
          <line num="103" count="0" type="stmt"/>
          <line num="104" count="0" type="stmt"/>
          <line num="106" count="0" type="stmt"/>
          <line num="107" count="0" type="stmt"/>
          <line num="110" count="0" type="stmt"/>
          <line num="111" count="0" type="stmt"/>
        </file>
      </package>
      <package name="src.components.auth">
        <metrics statements="71" coveredstatements="22" conditionals="36" coveredconditionals="0" methods="19" coveredmethods="0"/>
        <file name="auth.jsx" path="/Users/andeladeveloper/Documents/backhellobooks-copy/client/src/components/auth/auth.jsx">
          <metrics statements="22" coveredstatements="4" conditionals="6" coveredconditionals="0" methods="7" coveredmethods="0"/>
          <line num="10" count="1" type="stmt"/>
          <line num="29" count="0" type="stmt"/>
          <line num="30" count="0" type="stmt"/>
          <line num="39" count="0" type="stmt"/>
          <line num="40" count="0" type="stmt"/>
          <line num="41" count="0" type="stmt"/>
          <line num="51" count="0" type="stmt"/>
          <line num="61" count="0" type="stmt"/>
          <line num="62" count="0" type="cond" truecount="0" falsecount="2"/>
          <line num="63" count="0" type="stmt"/>
          <line num="64" count="0" type="stmt"/>
          <line num="66" count="0" type="stmt"/>
          <line num="77" count="0" type="stmt"/>
          <line num="78" count="0" type="stmt"/>
          <line num="88" count="0" type="stmt"/>
          <line num="89" count="0" type="cond" truecount="0" falsecount="2"/>
          <line num="90" count="0" type="stmt"/>
          <line num="100" count="0" type="stmt"/>
          <line num="101" count="0" type="cond" truecount="0" falsecount="2"/>
          <line num="114" count="1" type="stmt"/>
          <line num="116" count="1" type="stmt"/>
          <line num="119" count="1" type="stmt"/>
        </file>
        <file name="authForm.jsx" path="/Users/andeladeveloper/Documents/backhellobooks-copy/client/src/components/auth/authForm.jsx">
          <metrics statements="5" coveredstatements="3" conditionals="8" coveredconditionals="0" methods="1" coveredmethods="0"/>
          <line num="7" count="1" type="stmt"/>
          <line num="13" count="1" type="stmt"/>
          <line num="14" count="0" type="stmt"/>
          <line num="15" count="0" type="stmt"/>
          <line num="104" count="1" type="stmt"/>
        </file>
        <file name="changePasswordForm.jsx" path="/Users/andeladeveloper/Documents/backhellobooks-copy/client/src/components/auth/changePasswordForm.jsx">
          <metrics statements="5" coveredstatements="3" conditionals="6" coveredconditionals="0" methods="1" coveredmethods="0"/>
          <line num="7" count="1" type="stmt"/>
          <line num="16" count="1" type="stmt"/>
          <line num="17" count="0" type="cond" truecount="0" falsecount="2"/>
          <line num="18" count="0" type="stmt"/>
          <line num="71" count="1" type="stmt"/>
        </file>
        <file name="forgotPasswordForm.jsx" path="/Users/andeladeveloper/Documents/backhellobooks-copy/client/src/components/auth/forgotPasswordForm.jsx">
          <metrics statements="4" coveredstatements="3" conditionals="0" coveredconditionals="0" methods="1" coveredmethods="0"/>
          <line num="5" count="1" type="stmt"/>
          <line num="11" count="1" type="stmt"/>
          <line num="12" count="0" type="stmt"/>
          <line num="43" count="1" type="stmt"/>
        </file>
        <file name="password.jsx" path="/Users/andeladeveloper/Documents/backhellobooks-copy/client/src/components/auth/password.jsx">
          <metrics statements="30" coveredstatements="6" conditionals="12" coveredconditionals="0" methods="8" coveredmethods="0"/>
          <line num="12" count="1" type="stmt"/>
          <line num="32" count="0" type="stmt"/>
          <line num="33" count="0" type="stmt"/>
          <line num="41" count="0" type="stmt"/>
          <line num="42" count="0" type="stmt"/>
          <line num="43" count="0" type="stmt"/>
          <line num="44" count="0" type="stmt"/>
          <line num="54" count="0" type="stmt"/>
          <line num="65" count="0" type="stmt"/>
          <line num="66" count="0" type="cond" truecount="0" falsecount="2"/>
          <line num="67" count="0" type="stmt"/>
          <line num="68" count="0" type="stmt"/>
          <line num="70" count="0" type="stmt"/>
          <line num="80" count="0" type="stmt"/>
          <line num="81" count="0" type="cond" truecount="0" falsecount="2"/>
          <line num="82" count="0" type="stmt"/>
          <line num="93" count="0" type="stmt"/>
          <line num="94" count="0" type="stmt"/>
          <line num="104" count="0" type="stmt"/>
          <line num="105" count="0" type="cond" truecount="0" falsecount="2"/>
          <line num="106" count="0" type="stmt"/>
          <line num="117" count="0" type="stmt"/>
          <line num="118" count="0" type="stmt"/>
          <line num="119" count="0" type="stmt"/>
          <line num="121" count="0" type="stmt"/>
          <line num="149" count="1" type="stmt"/>
          <line num="155" count="1" type="stmt"/>
          <line num="159" count="1" type="stmt"/>
          <line num="161" count="1" type="stmt"/>
          <line num="163" count="1" type="stmt"/>
        </file>
        <file name="resetPasswordForm.jsx" path="/Users/andeladeveloper/Documents/backhellobooks-copy/client/src/components/auth/resetPasswordForm.jsx">
          <metrics statements="5" coveredstatements="3" conditionals="4" coveredconditionals="0" methods="1" coveredmethods="0"/>
          <line num="5" count="1" type="stmt"/>
          <line num="12" count="1" type="stmt"/>
          <line num="13" count="0" type="stmt"/>
          <line num="14" count="0" type="stmt"/>
          <line num="59" count="1" type="stmt"/>
        </file>
      </package>
      <package name="src.components.books">
        <metrics statements="124" coveredstatements="26" conditionals="66" coveredconditionals="0" methods="43" coveredmethods="0"/>
        <file name="allbooks.jsx" path="/Users/andeladeveloper/Documents/backhellobooks-copy/client/src/components/books/allbooks.jsx">
          <metrics statements="17" coveredstatements="5" conditionals="4" coveredconditionals="0" methods="5" coveredmethods="0"/>
          <line num="13" count="1" type="stmt"/>
          <line num="36" count="0" type="stmt"/>
          <line num="37" count="0" type="stmt"/>
          <line num="49" count="0" type="stmt"/>
          <line num="50" count="0" type="stmt"/>
          <line num="51" count="0" type="stmt"/>
          <line num="60" count="0" type="stmt"/>
          <line num="70" count="0" type="stmt"/>
          <line num="73" count="0" type="stmt"/>
          <line num="74" count="0" type="stmt"/>
          <line num="75" count="0" type="cond" truecount="0" falsecount="4"/>
          <line num="76" count="0" type="stmt"/>
          <line num="88" count="0" type="stmt"/>
          <line num="106" count="1" type="stmt"/>
          <line num="109" count="1" type="stmt"/>
          <line num="111" count="1" type="stmt"/>
          <line num="118" count="1" type="stmt"/>
        </file>
        <file name="bookForm.jsx" path="/Users/andeladeveloper/Documents/backhellobooks-copy/client/src/components/books/bookForm.jsx">
          <metrics statements="6" coveredstatements="3" conditionals="32" coveredconditionals="0" methods="2" coveredmethods="0"/>
          <line num="4" count="1" type="stmt"/>
          <line num="12" count="1" type="stmt"/>
          <line num="13" count="0" type="cond" truecount="0" falsecount="2"/>
          <line num="14" count="0" type="stmt"/>
          <line num="36" count="0" type="cond" truecount="0" falsecount="4"/>
          <line num="141" count="1" type="stmt"/>
        </file>
        <file name="bookcat.jsx" path="/Users/andeladeveloper/Documents/backhellobooks-copy/client/src/components/books/bookcat.jsx">
          <metrics statements="16" coveredstatements="5" conditionals="2" coveredconditionals="0" methods="5" coveredmethods="0"/>
          <line num="13" count="1" type="stmt"/>
          <line num="34" count="0" type="stmt"/>
          <line num="35" count="0" type="stmt"/>
          <line num="45" count="0" type="stmt"/>
          <line num="46" count="0" type="stmt"/>
          <line num="47" count="0" type="stmt"/>
          <line num="57" count="0" type="stmt"/>
          <line num="58" count="0" type="stmt"/>
          <line num="68" count="0" type="cond" truecount="0" falsecount="2"/>
          <line num="69" count="0" type="stmt"/>
          <line num="80" count="0" type="stmt"/>
          <line num="81" count="0" type="stmt"/>
          <line num="100" count="1" type="stmt"/>
          <line num="102" count="1" type="stmt"/>
          <line num="106" count="1" type="stmt"/>
          <line num="112" count="1" type="stmt"/>
        </file>
        <file name="booksList.jsx" path="/Users/andeladeveloper/Documents/backhellobooks-copy/client/src/components/books/booksList.jsx">
          <metrics statements="8" coveredstatements="3" conditionals="8" coveredconditionals="0" methods="2" coveredmethods="0"/>
          <line num="11" count="1" type="stmt"/>
          <line num="22" count="1" type="stmt"/>
          <line num="23" count="0" type="cond" truecount="0" falsecount="2"/>
          <line num="26" count="0" type="stmt"/>
          <line num="38" count="0" type="cond" truecount="0" falsecount="4"/>
          <line num="40" count="0" type="stmt"/>
          <line num="60" count="0" type="stmt"/>
          <line num="96" count="1" type="stmt"/>
        </file>
        <file name="categoryForm.jsx" path="/Users/andeladeveloper/Documents/backhellobooks-copy/client/src/components/books/categoryForm.jsx">
          <metrics statements="5" coveredstatements="3" conditionals="6" coveredconditionals="0" methods="1" coveredmethods="0"/>
          <line num="4" count="1" type="stmt"/>
          <line num="10" count="1" type="stmt"/>
          <line num="11" count="0" type="cond" truecount="0" falsecount="2"/>
          <line num="12" count="0" type="stmt"/>
          <line num="39" count="1" type="stmt"/>
        </file>
        <file name="commonActions.jsx" path="/Users/andeladeveloper/Documents/backhellobooks-copy/client/src/components/books/commonActions.jsx">
          <metrics statements="30" coveredstatements="0" conditionals="8" coveredconditionals="0" methods="12" coveredmethods="0"/>
          <line num="11" count="0" type="stmt"/>
          <line num="20" count="0" type="stmt"/>
          <line num="29" count="0" type="stmt"/>
          <line num="39" count="0" type="stmt"/>
          <line num="40" count="0" type="stmt"/>
          <line num="50" count="0" type="stmt"/>
          <line num="51" count="0" type="cond" truecount="0" falsecount="2"/>
          <line num="52" count="0" type="stmt"/>
          <line num="53" count="0" type="stmt"/>
          <line num="55" count="0" type="stmt"/>
          <line num="66" count="0" type="stmt"/>
          <line num="67" count="0" type="cond" truecount="0" falsecount="2"/>
          <line num="68" count="0" type="stmt"/>
          <line num="73" count="0" type="stmt"/>
          <line num="74" count="0" type="stmt"/>
          <line num="84" count="0" type="stmt"/>
          <line num="85" count="0" type="cond" truecount="0" falsecount="2"/>
          <line num="86" count="0" type="stmt"/>
          <line num="87" count="0" type="stmt"/>
          <line num="89" count="0" type="stmt"/>
          <line num="98" count="0" type="stmt"/>
          <line num="99" count="0" type="cond" truecount="0" falsecount="2"/>
          <line num="100" count="0" type="stmt"/>
          <line num="110" count="0" type="stmt"/>
          <line num="111" count="0" type="stmt"/>
          <line num="112" count="0" type="stmt"/>
          <line num="121" count="0" type="stmt"/>
          <line num="122" count="0" type="stmt"/>
          <line num="131" count="0" type="stmt"/>
          <line num="132" count="0" type="stmt"/>
        </file>
        <file name="getbook.jsx" path="/Users/andeladeveloper/Documents/backhellobooks-copy/client/src/components/books/getbook.jsx">
          <metrics statements="29" coveredstatements="4" conditionals="4" coveredconditionals="0" methods="10" coveredmethods="0"/>
          <line num="14" count="1" type="stmt"/>
          <line num="38" count="0" type="stmt"/>
          <line num="39" count="0" type="stmt"/>
          <line num="52" count="0" type="stmt"/>
          <line num="53" count="0" type="stmt"/>
          <line num="54" count="0" type="stmt"/>
          <line num="55" count="0" type="stmt"/>
          <line num="56" count="0" type="stmt"/>
          <line num="57" count="0" type="stmt"/>
          <line num="58" count="0" type="stmt"/>
          <line num="67" count="0" type="stmt"/>
          <line num="68" count="0" type="stmt"/>
          <line num="78" count="0" type="stmt"/>
          <line num="79" count="0" type="cond" truecount="0" falsecount="2"/>
          <line num="80" count="0" type="stmt"/>
          <line num="104" count="0" type="stmt"/>
          <line num="113" count="0" type="stmt"/>
          <line num="114" count="0" type="stmt"/>
          <line num="123" count="0" type="stmt"/>
          <line num="124" count="0" type="stmt"/>
          <line num="125" count="0" type="stmt"/>
          <line num="142" count="0" type="stmt"/>
          <line num="149" count="0" type="cond" truecount="0" falsecount="2"/>
          <line num="150" count="0" type="stmt"/>
          <line num="151" count="0" type="stmt"/>
          <line num="163" count="0" type="stmt"/>
          <line num="181" count="1" type="stmt"/>
          <line num="183" count="1" type="stmt"/>
          <line num="187" count="1" type="stmt"/>
        </file>
        <file name="viewbook.jsx" path="/Users/andeladeveloper/Documents/backhellobooks-copy/client/src/components/books/viewbook.jsx">
          <metrics statements="13" coveredstatements="3" conditionals="2" coveredconditionals="0" methods="6" coveredmethods="0"/>
          <line num="10" count="1" type="stmt"/>
          <line num="22" count="1" type="stmt"/>
          <line num="23" count="0" type="stmt"/>
          <line num="24" count="0" type="stmt"/>
          <line num="26" count="0" type="stmt"/>
          <line num="27" count="0" type="stmt"/>
          <line num="28" count="0" type="stmt"/>
          <line num="33" count="0" type="stmt"/>
          <line num="34" count="0" type="stmt"/>
          <line num="40" count="0" type="stmt"/>
          <line num="50" count="0" type="stmt"/>
          <line num="57" count="0" type="stmt"/>
          <line num="102" count="1" type="stmt"/>
        </file>
      </package>
      <package name="src.components.borrowed">
        <metrics statements="35" coveredstatements="6" conditionals="28" coveredconditionals="0" methods="13" coveredmethods="0"/>
        <file name="borrowed.jsx" path="/Users/andeladeveloper/Documents/backhellobooks-copy/client/src/components/borrowed/borrowed.jsx">
          <metrics statements="20" coveredstatements="3" conditionals="6" coveredconditionals="0" methods="7" coveredmethods="0"/>
          <line num="8" count="1" type="stmt"/>
          <line num="32" count="0" type="stmt"/>
          <line num="33" count="0" type="stmt"/>
          <line num="40" count="0" type="stmt"/>
          <line num="41" count="0" type="stmt"/>
          <line num="50" count="0" type="stmt"/>
          <line num="51" count="0" type="cond" truecount="0" falsecount="2"/>
          <line num="52" count="0" type="stmt"/>
          <line num="54" count="0" type="stmt"/>
          <line num="64" count="0" type="cond" truecount="0" falsecount="2"/>
          <line num="65" count="0" type="stmt"/>
          <line num="76" count="0" type="stmt"/>
          <line num="77" count="0" type="stmt"/>
          <line num="78" count="0" type="stmt"/>
          <line num="88" count="0" type="stmt"/>
          <line num="99" count="0" type="stmt"/>
          <line num="100" count="0" type="cond" truecount="0" falsecount="2"/>
          <line num="101" count="0" type="stmt"/>
          <line num="119" count="1" type="stmt"/>
          <line num="126" count="1" type="stmt"/>
        </file>
        <file name="userRecordsDisplay.jsx" path="/Users/andeladeveloper/Documents/backhellobooks-copy/client/src/components/borrowed/userRecordsDisplay.jsx">
          <metrics statements="15" coveredstatements="3" conditionals="22" coveredconditionals="0" methods="6" coveredmethods="0"/>
          <line num="11" count="1" type="stmt"/>
          <line num="20" count="1" type="stmt"/>
          <line num="21" count="0" type="stmt"/>
          <line num="22" count="0" type="cond" truecount="0" falsecount="2"/>
          <line num="24" count="0" type="stmt"/>
          <line num="36" count="0" type="stmt"/>
          <line num="41" count="0" type="stmt"/>
          <line num="42" count="0" type="cond" truecount="0" falsecount="2"/>
          <line num="44" count="0" type="stmt"/>
          <line num="45" count="0" type="stmt"/>
          <line num="48" count="0" type="stmt"/>
          <line num="55" count="0" type="stmt"/>
          <line num="68" count="0" type="stmt"/>
          <line num="82" count="0" type="stmt"/>
          <line num="101" count="1" type="stmt"/>
        </file>
      </package>
      <package name="src.components.common">
        <metrics statements="4" coveredstatements="4" conditionals="0" coveredconditionals="0" methods="2" coveredmethods="2"/>
        <file name="myroutes.jsx" path="/Users/andeladeveloper/Documents/backhellobooks-copy/client/src/components/common/myroutes.jsx">
          <metrics statements="2" coveredstatements="2" conditionals="0" coveredconditionals="0" methods="1" coveredmethods="1"/>
          <line num="14" count="1" type="stmt"/>
          <line num="15" count="1" type="stmt"/>
        </file>
        <file name="notfound.jsx" path="/Users/andeladeveloper/Documents/backhellobooks-copy/client/src/components/common/notfound.jsx">
          <metrics statements="2" coveredstatements="2" conditionals="0" coveredconditionals="0" methods="1" coveredmethods="1"/>
          <line num="7" count="1" type="stmt"/>
          <line num="8" count="1" type="stmt"/>
        </file>
      </package>
      <package name="src.components.header">
        <metrics statements="19" coveredstatements="3" conditionals="10" coveredconditionals="0" methods="6" coveredmethods="0"/>
        <file name="header.jsx" path="/Users/andeladeveloper/Documents/backhellobooks-copy/client/src/components/header/header.jsx">
          <metrics statements="19" coveredstatements="3" conditionals="10" coveredconditionals="0" methods="6" coveredmethods="0"/>
          <line num="23" count="0" type="stmt"/>
          <line num="24" count="0" type="stmt"/>
          <line num="35" count="0" type="stmt"/>
          <line num="44" count="0" type="stmt"/>
          <line num="45" count="0" type="stmt"/>
          <line num="53" count="0" type="stmt"/>
          <line num="54" count="0" type="cond" truecount="0" falsecount="2"/>
          <line num="55" count="0" type="stmt"/>
          <line num="56" count="0" type="stmt"/>
          <line num="58" count="0" type="cond" truecount="0" falsecount="4"/>
          <line num="60" count="0" type="stmt"/>
          <line num="68" count="0" type="stmt"/>
          <line num="74" count="0" type="stmt"/>
          <line num="80" count="0" type="stmt"/>
          <line num="108" count="0" type="stmt"/>
          <line num="114" count="0" type="stmt"/>
          <line num="139" count="1" type="stmt"/>
          <line num="140" count="1" type="stmt"/>
          <line num="148" count="1" type="stmt"/>
        </file>
      </package>
      <package name="src.components.sidebar">
        <metrics statements="25" coveredstatements="8" conditionals="10" coveredconditionals="0" methods="5" coveredmethods="0"/>
        <file name="showSidebar.jsx" path="/Users/andeladeveloper/Documents/backhellobooks-copy/client/src/components/sidebar/showSidebar.jsx">
          <metrics statements="11" coveredstatements="3" conditionals="10" coveredconditionals="0" methods="2" coveredmethods="0"/>
          <line num="5" count="1" type="stmt"/>
          <line num="12" count="1" type="stmt"/>
          <line num="13" count="0" type="cond" truecount="0" falsecount="2"/>
          <line num="14" count="0" type="cond" truecount="0" falsecount="2"/>
          <line num="15" count="0" type="stmt"/>
          <line num="16" count="0" type="cond" truecount="0" falsecount="4"/>
          <line num="18" count="0" type="stmt"/>
          <line num="24" count="0" type="stmt"/>
          <line num="30" count="0" type="stmt"/>
          <line num="36" count="0" type="stmt"/>
          <line num="70" count="1" type="stmt"/>
        </file>
        <file name="sidebar.jsx" path="/Users/andeladeveloper/Documents/backhellobooks-copy/client/src/components/sidebar/sidebar.jsx">
          <metrics statements="14" coveredstatements="5" conditionals="0" coveredconditionals="0" methods="3" coveredmethods="0"/>
          <line num="22" count="1" type="stmt"/>
          <line num="41" count="0" type="stmt"/>
          <line num="42" count="0" type="stmt"/>
          <line num="58" count="0" type="stmt"/>
          <line num="59" count="0" type="stmt"/>
          <line num="60" count="0" type="stmt"/>
          <line num="61" count="0" type="stmt"/>
          <line num="62" count="0" type="stmt"/>
          <line num="63" count="0" type="stmt"/>
          <line num="73" count="0" type="stmt"/>
          <line num="107" count="1" type="stmt"/>
          <line num="109" count="1" type="stmt"/>
          <line num="113" count="1" type="stmt"/>
          <line num="118" count="1" type="stmt"/>
        </file>
      </package>
      <package name="src.components.utils">
        <metrics statements="42" coveredstatements="0" conditionals="46" coveredconditionals="0" methods="4" coveredmethods="0"/>
        <file name="validateBook.js" path="/Users/andeladeveloper/Documents/backhellobooks-copy/client/src/components/utils/validateBook.js">
          <metrics statements="22" coveredstatements="0" conditionals="26" coveredconditionals="0" methods="1" coveredmethods="0"/>
          <line num="12" count="0" type="stmt"/>
          <line num="14" count="0" type="cond" truecount="0" falsecount="4"/>
          <line num="15" count="0" type="stmt"/>
          <line num="17" count="0" type="cond" truecount="0" falsecount="2"/>
          <line num="18" count="0" type="stmt"/>
          <line num="20" count="0" type="cond" truecount="0" falsecount="4"/>
          <line num="21" count="0" type="stmt"/>
          <line num="24" count="0" type="cond" truecount="0" falsecount="4"/>
          <line num="25" count="0" type="stmt"/>
          <line num="27" count="0" type="cond" truecount="0" falsecount="2"/>
          <line num="28" count="0" type="stmt"/>
          <line num="31" count="0" type="cond" truecount="0" falsecount="2"/>
          <line num="32" count="0" type="stmt"/>
          <line num="35" count="0" type="cond" truecount="0" falsecount="2"/>
          <line num="36" count="0" type="stmt"/>
          <line num="38" count="0" type="cond" truecount="0" falsecount="2"/>
          <line num="39" count="0" type="stmt"/>
          <line num="41" count="0" type="cond" truecount="0" falsecount="2"/>
          <line num="42" count="0" type="stmt"/>
          <line num="44" count="0" type="cond" truecount="0" falsecount="2"/>
          <line num="45" count="0" type="stmt"/>
          <line num="48" count="0" type="stmt"/>
        </file>
        <file name="validateCategory.js" path="/Users/andeladeveloper/Documents/backhellobooks-copy/client/src/components/utils/validateCategory.js">
          <metrics statements="4" coveredstatements="0" conditionals="4" coveredconditionals="0" methods="1" coveredmethods="0"/>
          <line num="12" count="0" type="stmt"/>
          <line num="14" count="0" type="cond" truecount="0" falsecount="4"/>
          <line num="15" count="0" type="stmt"/>
          <line num="18" count="0" type="stmt"/>
        </file>
        <file name="validatePassword.js" path="/Users/andeladeveloper/Documents/backhellobooks-copy/client/src/components/utils/validatePassword.js">
          <metrics statements="6" coveredstatements="0" conditionals="6" coveredconditionals="0" methods="1" coveredmethods="0"/>
          <line num="12" count="0" type="stmt"/>
          <line num="14" count="0" type="cond" truecount="0" falsecount="4"/>
          <line num="15" count="0" type="stmt"/>
          <line num="18" count="0" type="cond" truecount="0" falsecount="2"/>
          <line num="19" count="0" type="stmt"/>
          <line num="22" count="0" type="stmt"/>
        </file>
        <file name="validateSignUp.js" path="/Users/andeladeveloper/Documents/backhellobooks-copy/client/src/components/utils/validateSignUp.js">
          <metrics statements="10" coveredstatements="0" conditionals="10" coveredconditionals="0" methods="1" coveredmethods="0"/>
          <line num="12" count="0" type="stmt"/>
          <line num="14" count="0" type="cond" truecount="0" falsecount="4"/>
          <line num="15" count="0" type="stmt"/>
          <line num="17" count="0" type="cond" truecount="0" falsecount="2"/>
          <line num="18" count="0" type="stmt"/>
          <line num="21" count="0" type="cond" truecount="0" falsecount="2"/>
          <line num="22" count="0" type="stmt"/>
          <line num="25" count="0" type="cond" truecount="0" falsecount="2"/>
          <line num="26" count="0" type="stmt"/>
          <line num="29" count="0" type="stmt"/>
        </file>
      </package>
      <package name="src.helper">
        <metrics statements="20" coveredstatements="3" conditionals="8" coveredconditionals="0" methods="10" coveredmethods="1"/>
        <file name="adminAuth.js" path="/Users/andeladeveloper/Documents/backhellobooks-copy/client/src/helper/adminAuth.js">
          <metrics statements="10" coveredstatements="0" conditionals="4" coveredconditionals="0" methods="5" coveredmethods="0"/>
          <line num="27" count="0" type="cond" truecount="0" falsecount="2"/>
          <line num="28" count="0" type="stmt"/>
          <line num="32" count="0" type="stmt"/>
          <line num="43" count="0" type="cond" truecount="0" falsecount="2"/>
          <line num="44" count="0" type="stmt"/>
          <line num="55" count="0" type="stmt"/>
          <line num="61" count="0" type="stmt"/>
          <line num="66" count="0" type="stmt"/>
          <line num="77" count="0" type="stmt"/>
          <line num="82" count="0" type="stmt"/>
        </file>
        <file name="authenticate.js" path="/Users/andeladeveloper/Documents/backhellobooks-copy/client/src/helper/authenticate.js">
          <metrics statements="10" coveredstatements="3" conditionals="4" coveredconditionals="0" methods="5" coveredmethods="1"/>
          <line num="26" count="0" type="cond" truecount="0" falsecount="2"/>
          <line num="27" count="0" type="stmt"/>
          <line num="28" count="0" type="stmt"/>
          <line num="39" count="0" type="cond" truecount="0" falsecount="2"/>
          <line num="40" count="0" type="stmt"/>
          <line num="51" count="0" type="stmt"/>
          <line num="57" count="5" type="stmt"/>
          <line num="61" count="5" type="stmt"/>
          <line num="72" count="0" type="stmt"/>
          <line num="77" count="5" type="stmt"/>
        </file>
      </package>
      <package name="src.reducers">
        <metrics statements="55" coveredstatements="13" conditionals="59" coveredconditionals="14" methods="7" coveredmethods="6"/>
        <file name="auth.js" path="/Users/andeladeveloper/Documents/backhellobooks-copy/client/src/reducers/auth.js">
          <metrics statements="13" coveredstatements="2" conditionals="14" coveredconditionals="2" methods="1" coveredmethods="1"/>
          <line num="6" count="3" type="cond" truecount="1" falsecount="11"/>
          <line num="8" count="0" type="stmt"/>
          <line num="13" count="0" type="stmt"/>
          <line num="18" count="0" type="stmt"/>
          <line num="23" count="0" type="stmt"/>
          <line num="27" count="0" type="stmt"/>
          <line num="32" count="0" type="stmt"/>
          <line num="37" count="0" type="stmt"/>
          <line num="43" count="0" type="stmt"/>
          <line num="49" count="0" type="stmt"/>
          <line num="55" count="0" type="stmt"/>
          <line num="61" count="0" type="stmt"/>
          <line num="67" count="3" type="stmt"/>
        </file>
        <file name="book.js" path="/Users/andeladeveloper/Documents/backhellobooks-copy/client/src/reducers/book.js">
          <metrics statements="4" coveredstatements="2" conditionals="6" coveredconditionals="3" methods="1" coveredmethods="1"/>
          <line num="4" count="3" type="cond" truecount="1" falsecount="2"/>
          <line num="6" count="0" type="stmt"/>
          <line num="12" count="0" type="stmt"/>
          <line num="17" count="3" type="stmt"/>
        </file>
        <file name="books.js" path="/Users/andeladeveloper/Documents/backhellobooks-copy/client/src/reducers/books.js">
          <metrics statements="13" coveredstatements="2" conditionals="15" coveredconditionals="3" methods="1" coveredmethods="1"/>
          <line num="4" count="3" type="cond" truecount="1" falsecount="11"/>
          <line num="6" count="0" type="stmt"/>
          <line num="11" count="0" type="stmt"/>
          <line num="16" count="0" type="stmt"/>
          <line num="22" count="0" type="stmt"/>
          <line num="28" count="0" type="stmt"/>
          <line num="33" count="0" type="stmt"/>
          <line num="38" count="0" type="stmt"/>
          <line num="44" count="0" type="stmt"/>
          <line num="49" count="0" type="stmt"/>
          <line num="55" count="0" type="stmt"/>
          <line num="61" count="0" type="stmt"/>
          <line num="67" count="3" type="stmt"/>
        </file>
        <file name="booksCategory.js" path="/Users/andeladeveloper/Documents/backhellobooks-copy/client/src/reducers/booksCategory.js">
          <metrics statements="4" coveredstatements="2" conditionals="4" coveredconditionals="2" methods="1" coveredmethods="1"/>
          <line num="4" count="3" type="cond" truecount="1" falsecount="1"/>
          <line num="6" count="0" type="stmt"/>
          <line num="12" count="0" type="stmt"/>
          <line num="13" count="3" type="stmt"/>
        </file>
        <file name="borrowedBooks.js" path="/Users/andeladeveloper/Documents/backhellobooks-copy/client/src/reducers/borrowedBooks.js">
          <metrics statements="12" coveredstatements="2" conditionals="11" coveredconditionals="2" methods="2" coveredmethods="1"/>
          <line num="5" count="3" type="cond" truecount="1" falsecount="8"/>
          <line num="7" count="0" type="stmt"/>
          <line num="11" count="0" type="stmt"/>
          <line num="15" count="0" type="stmt"/>
          <line num="20" count="0" type="stmt"/>
          <line num="26" count="0" type="stmt"/>
          <line num="32" count="0" type="stmt"/>
          <line num="38" count="0" type="stmt"/>
          <line num="42" count="0" type="stmt"/>
          <line num="50" count="0" type="stmt"/>
          <line num="56" count="0" type="stmt"/>
          <line num="57" count="3" type="stmt"/>
        </file>
        <file name="categories.js" path="/Users/andeladeveloper/Documents/backhellobooks-copy/client/src/reducers/categories.js">
          <metrics statements="8" coveredstatements="2" conditionals="9" coveredconditionals="2" methods="1" coveredmethods="1"/>
          <line num="4" count="3" type="cond" truecount="1" falsecount="6"/>
          <line num="6" count="0" type="stmt"/>
          <line num="11" count="0" type="stmt"/>
          <line num="17" count="0" type="stmt"/>
          <line num="23" count="0" type="stmt"/>
          <line num="28" count="0" type="stmt"/>
          <line num="35" count="0" type="stmt"/>
          <line num="40" count="3" type="stmt"/>
        </file>
        <file name="rootReducer.js" path="/Users/andeladeveloper/Documents/backhellobooks-copy/client/src/reducers/rootReducer.js">
          <metrics statements="1" coveredstatements="1" conditionals="0" coveredconditionals="0" methods="0" coveredmethods="0"/>
          <line num="9" count="1" type="stmt"/>
        </file>
      </package>
      <package name="src.store">
        <metrics statements="2" coveredstatements="2" conditionals="2" coveredconditionals="1" methods="1" coveredmethods="1"/>
        <file name="store.js" path="/Users/andeladeveloper/Documents/backhellobooks-copy/client/src/store/store.js">
          <metrics statements="2" coveredstatements="2" conditionals="2" coveredconditionals="1" methods="1" coveredmethods="1"/>
          <line num="5" count="1" type="stmt"/>
          <line num="8" count="1" type="cond" truecount="1" falsecount="1"/>
        </file>
      </package>
      <package name="src.utils">
        <metrics statements="4" coveredstatements="4" conditionals="2" coveredconditionals="2" methods="1" coveredmethods="1"/>
        <file name="setAuthorizationToken.js" path="/Users/andeladeveloper/Documents/backhellobooks-copy/client/src/utils/setAuthorizationToken.js">
          <metrics statements="4" coveredstatements="4" conditionals="2" coveredconditionals="2" methods="1" coveredmethods="1"/>
          <line num="3" count="2" type="stmt"/>
          <line num="4" count="2" type="cond" truecount="2" falsecount="0"/>
          <line num="5" count="1" type="stmt"/>
          <line num="7" count="1" type="stmt"/>
        </file>
      </package>
      <package name="test">
        <metrics statements="2" coveredstatements="2" conditionals="0" coveredconditionals="0" methods="0" coveredmethods="0"/>
        <file name="jestsetup.js" path="/Users/andeladeveloper/Documents/backhellobooks-copy/client/test/jestsetup.js">
          <metrics statements="2" coveredstatements="2" conditionals="0" coveredconditionals="0" methods="0" coveredmethods="0"/>
          <line num="5" count="2" type="stmt"/>
          <line num="6" count="2" type="stmt"/>
        </file>
      </package>
      <package name="test.mock">
        <metrics statements="10" coveredstatements="8" conditionals="0" coveredconditionals="0" methods="4" coveredmethods="2"/>
        <file name="localStorage.js" path="/Users/andeladeveloper/Documents/backhellobooks-copy/client/test/mock/localStorage.js">
          <metrics statements="4" coveredstatements="2" conditionals="0" coveredconditionals="0" methods="4" coveredmethods="2"/>
          <line num="13" count="1" type="stmt"/>
          <line num="23" count="0" type="stmt"/>
          <line num="33" count="1" type="stmt"/>
          <line num="42" count="0" type="stmt"/>
        </file>
        <file name="user.js" path="/Users/andeladeveloper/Documents/backhellobooks-copy/client/test/mock/user.js">
          <metrics statements="6" coveredstatements="6" conditionals="0" coveredconditionals="0" methods="0" coveredmethods="0"/>
          <line num="1" count="1" type="stmt"/>
          <line num="10" count="1" type="stmt"/>
          <line num="14" count="1" type="stmt"/>
          <line num="18" count="1" type="stmt"/>
          <line num="22" count="1" type="stmt"/>
          <line num="26" count="1" type="stmt"/>
        </file>
      </package>
    </metrics>
  </project>
</coverage>
