{"/Users/andeladeveloper/Documents/backhellobooks-copy/client/src/actions/actionTypes.js": {"path":"/Users/andeladeveloper/Documents/backhellobooks-copy/client/src/actions/actionTypes.js","statementMap":{"0":{"start":{"line":1,"column":32},"end":{"line":1,"column":50}},"1":{"start":{"line":2,"column":34},"end":{"line":2,"column":54}},"2":{"start":{"line":3,"column":33},"end":{"line":3,"column":52}},"3":{"start":{"line":4,"column":36},"end":{"line":4,"column":58}},"4":{"start":{"line":5,"column":25},"end":{"line":5,"column":36}},"5":{"start":{"line":6,"column":24},"end":{"line":6,"column":34}},"6":{"start":{"line":7,"column":32},"end":{"line":7,"column":50}},"7":{"start":{"line":8,"column":24},"end":{"line":8,"column":34}},"8":{"start":{"line":9,"column":27},"end":{"line":9,"column":40}},"9":{"start":{"line":10,"column":23},"end":{"line":10,"column":32}},"10":{"start":{"line":11,"column":28},"end":{"line":11,"column":42}},"11":{"start":{"line":12,"column":28},"end":{"line":12,"column":42}},"12":{"start":{"line":13,"column":30},"end":{"line":13,"column":46}},"13":{"start":{"line":14,"column":38},"end":{"line":14,"column":62}},"14":{"start":{"line":15,"column":33},"end":{"line":15,"column":52}},"15":{"start":{"line":16,"column":34},"end":{"line":16,"column":54}},"16":{"start":{"line":17,"column":35},"end":{"line":17,"column":56}},"17":{"start":{"line":18,"column":35},"end":{"line":18,"column":56}},"18":{"start":{"line":19,"column":43},"end":{"line":19,"column":72}},"19":{"start":{"line":20,"column":44},"end":{"line":20,"column":74}},"20":{"start":{"line":21,"column":44},"end":{"line":21,"column":74}},"21":{"start":{"line":22,"column":36},"end":{"line":22,"column":58}},"22":{"start":{"line":23,"column":35},"end":{"line":23,"column":56}},"23":{"start":{"line":24,"column":39},"end":{"line":24,"column":64}},"24":{"start":{"line":25,"column":39},"end":{"line":25,"column":64}},"25":{"start":{"line":26,"column":39},"end":{"line":26,"column":64}},"26":{"start":{"line":27,"column":39},"end":{"line":27,"column":64}},"27":{"start":{"line":28,"column":38},"end":{"line":28,"column":62}},"28":{"start":{"line":29,"column":38},"end":{"line":29,"column":62}},"29":{"start":{"line":30,"column":32},"end":{"line":30,"column":50}},"30":{"start":{"line":31,"column":33},"end":{"line":31,"column":52}},"31":{"start":{"line":32,"column":33},"end":{"line":32,"column":52}},"32":{"start":{"line":33,"column":37},"end":{"line":33,"column":60}},"33":{"start":{"line":34,"column":38},"end":{"line":34,"column":57}},"34":{"start":{"line":35,"column":38},"end":{"line":35,"column":62}},"35":{"start":{"line":36,"column":34},"end":{"line":36,"column":54}},"36":{"start":{"line":37,"column":35},"end":{"line":37,"column":56}},"37":{"start":{"line":38,"column":35},"end":{"line":38,"column":56}},"38":{"start":{"line":39,"column":34},"end":{"line":39,"column":54}},"39":{"start":{"line":40,"column":35},"end":{"line":40,"column":56}},"40":{"start":{"line":41,"column":35},"end":{"line":41,"column":56}},"41":{"start":{"line":42,"column":34},"end":{"line":42,"column":54}},"42":{"start":{"line":43,"column":35},"end":{"line":43,"column":56}},"43":{"start":{"line":44,"column":35},"end":{"line":44,"column":56}},"44":{"start":{"line":45,"column":35},"end":{"line":45,"column":56}},"45":{"start":{"line":46,"column":36},"end":{"line":46,"column":58}},"46":{"start":{"line":47,"column":36},"end":{"line":47,"column":58}}},"fnMap":{},"branchMap":{},"s":{"0":2,"1":2,"2":2,"3":2,"4":2,"5":2,"6":2,"7":2,"8":2,"9":2,"10":2,"11":2,"12":2,"13":2,"14":2,"15":2,"16":2,"17":2,"18":2,"19":2,"20":2,"21":2,"22":2,"23":2,"24":2,"25":2,"26":2,"27":2,"28":2,"29":2,"30":2,"31":2,"32":2,"33":2,"34":2,"35":2,"36":2,"37":2,"38":2,"39":2,"40":2,"41":2,"42":2,"43":2,"44":2,"45":2,"46":2},"f":{},"b":{},"_coverageSchema":"332fd63041d2c1bcb487cc26dd0d5f7d97098a6c","hash":"36137f72b4dbdd299678f06102ca171d765d9f99"}
,"/Users/andeladeveloper/Documents/backhellobooks-copy/client/src/actions/authActions.js": {"path":"/Users/andeladeveloper/Documents/backhellobooks-copy/client/src/actions/authActions.js","statementMap":{"0":{"start":{"line":24,"column":2},"end":{"line":27,"column":4}},"1":{"start":{"line":36,"column":2},"end":{"line":39,"column":4}},"2":{"start":{"line":48,"column":2},"end":{"line":51,"column":4}},"3":{"start":{"line":62,"column":2},"end":{"line":65,"column":4}},"4":{"start":{"line":74,"column":2},"end":{"line":77,"column":4}},"5":{"start":{"line":86,"column":2},"end":{"line":89,"column":4}},"6":{"start":{"line":98,"column":2},"end":{"line":101,"column":4}},"7":{"start":{"line":110,"column":2},"end":{"line":113,"column":4}},"8":{"start":{"line":122,"column":2},"end":{"line":125,"column":4}},"9":{"start":{"line":134,"column":2},"end":{"line":137,"column":4}},"10":{"start":{"line":146,"column":2},"end":{"line":152,"column":4}},"11":{"start":{"line":147,"column":4},"end":{"line":147,"column":46}},"12":{"start":{"line":148,"column":4},"end":{"line":148,"column":33}},"13":{"start":{"line":149,"column":4},"end":{"line":149,"column":33}},"14":{"start":{"line":150,"column":4},"end":{"line":150,"column":28}},"15":{"start":{"line":151,"column":4},"end":{"line":151,"column":55}},"16":{"start":{"line":162,"column":2},"end":{"line":174,"column":7}},"17":{"start":{"line":162,"column":23},"end":{"line":174,"column":6}},"18":{"start":{"line":164,"column":20},"end":{"line":164,"column":39}},"19":{"start":{"line":165,"column":6},"end":{"line":165,"column":52}},"20":{"start":{"line":166,"column":6},"end":{"line":166,"column":35}},"21":{"start":{"line":167,"column":6},"end":{"line":167,"column":54}},"22":{"start":{"line":168,"column":6},"end":{"line":168,"column":42}},"23":{"start":{"line":169,"column":6},"end":{"line":169,"column":29}},"24":{"start":{"line":172,"column":6},"end":{"line":172,"column":63}},"25":{"start":{"line":173,"column":6},"end":{"line":173,"column":48}},"26":{"start":{"line":184,"column":2},"end":{"line":193,"column":7}},"27":{"start":{"line":184,"column":23},"end":{"line":193,"column":6}},"28":{"start":{"line":186,"column":6},"end":{"line":186,"column":50}},"29":{"start":{"line":187,"column":6},"end":{"line":187,"column":47}},"30":{"start":{"line":188,"column":6},"end":{"line":188,"column":29}},"31":{"start":{"line":191,"column":6},"end":{"line":191,"column":59}},"32":{"start":{"line":192,"column":6},"end":{"line":192,"column":48}},"33":{"start":{"line":203,"column":2},"end":{"line":211,"column":7}},"34":{"start":{"line":203,"column":23},"end":{"line":211,"column":6}},"35":{"start":{"line":205,"column":6},"end":{"line":205,"column":57}},"36":{"start":{"line":206,"column":6},"end":{"line":206,"column":44}},"37":{"start":{"line":209,"column":6},"end":{"line":209,"column":66}},"38":{"start":{"line":210,"column":6},"end":{"line":210,"column":48}},"39":{"start":{"line":220,"column":2},"end":{"line":228,"column":7}},"40":{"start":{"line":220,"column":23},"end":{"line":228,"column":6}},"41":{"start":{"line":222,"column":6},"end":{"line":222,"column":57}},"42":{"start":{"line":223,"column":6},"end":{"line":223,"column":44}},"43":{"start":{"line":226,"column":6},"end":{"line":226,"column":57}},"44":{"start":{"line":227,"column":6},"end":{"line":227,"column":48}},"45":{"start":{"line":239,"column":2},"end":{"line":248,"column":7}},"46":{"start":{"line":239,"column":23},"end":{"line":248,"column":6}},"47":{"start":{"line":241,"column":6},"end":{"line":241,"column":60}},"48":{"start":{"line":242,"column":6},"end":{"line":242,"column":44}},"49":{"start":{"line":243,"column":6},"end":{"line":243,"column":30}},"50":{"start":{"line":246,"column":6},"end":{"line":246,"column":62}},"51":{"start":{"line":247,"column":6},"end":{"line":247,"column":46}}},"fnMap":{"0":{"name":"setCurrentUser","decl":{"start":{"line":23,"column":16},"end":{"line":23,"column":30}},"loc":{"start":{"line":23,"column":37},"end":{"line":28,"column":1}},"line":23},"1":{"name":"setCurrentUserFails","decl":{"start":{"line":35,"column":16},"end":{"line":35,"column":35}},"loc":{"start":{"line":35,"column":43},"end":{"line":40,"column":1}},"line":35},"2":{"name":"setNewUser","decl":{"start":{"line":47,"column":16},"end":{"line":47,"column":26}},"loc":{"start":{"line":47,"column":36},"end":{"line":52,"column":1}},"line":47},"3":{"name":"setNewUserFails","decl":{"start":{"line":61,"column":16},"end":{"line":61,"column":31}},"loc":{"start":{"line":61,"column":40},"end":{"line":66,"column":1}},"line":61},"4":{"name":"setPasswordChange","decl":{"start":{"line":73,"column":16},"end":{"line":73,"column":33}},"loc":{"start":{"line":73,"column":43},"end":{"line":78,"column":1}},"line":73},"5":{"name":"setPasswordChangeFails","decl":{"start":{"line":85,"column":16},"end":{"line":85,"column":38}},"loc":{"start":{"line":85,"column":47},"end":{"line":90,"column":1}},"line":85},"6":{"name":"setforgotPassword","decl":{"start":{"line":97,"column":16},"end":{"line":97,"column":33}},"loc":{"start":{"line":97,"column":43},"end":{"line":102,"column":1}},"line":97},"7":{"name":"forgotPasswordFailure","decl":{"start":{"line":109,"column":16},"end":{"line":109,"column":37}},"loc":{"start":{"line":109,"column":46},"end":{"line":114,"column":1}},"line":109},"8":{"name":"resetPasswordSuccess","decl":{"start":{"line":121,"column":16},"end":{"line":121,"column":36}},"loc":{"start":{"line":121,"column":46},"end":{"line":126,"column":1}},"line":121},"9":{"name":"resetPasswordFailure","decl":{"start":{"line":133,"column":16},"end":{"line":133,"column":36}},"loc":{"start":{"line":133,"column":45},"end":{"line":138,"column":1}},"line":133},"10":{"name":"logout","decl":{"start":{"line":145,"column":16},"end":{"line":145,"column":22}},"loc":{"start":{"line":145,"column":32},"end":{"line":153,"column":1}},"line":145},"11":{"name":"(anonymous_11)","decl":{"start":{"line":146,"column":9},"end":{"line":146,"column":10}},"loc":{"start":{"line":146,"column":21},"end":{"line":152,"column":3}},"line":146},"12":{"name":"login","decl":{"start":{"line":161,"column":16},"end":{"line":161,"column":21}},"loc":{"start":{"line":161,"column":41},"end":{"line":175,"column":1}},"line":161},"13":{"name":"(anonymous_13)","decl":{"start":{"line":162,"column":9},"end":{"line":162,"column":10}},"loc":{"start":{"line":162,"column":23},"end":{"line":174,"column":6}},"line":162},"14":{"name":"(anonymous_14)","decl":{"start":{"line":163,"column":10},"end":{"line":163,"column":11}},"loc":{"start":{"line":163,"column":24},"end":{"line":170,"column":5}},"line":163},"15":{"name":"(anonymous_15)","decl":{"start":{"line":171,"column":11},"end":{"line":171,"column":12}},"loc":{"start":{"line":171,"column":20},"end":{"line":174,"column":5}},"line":171},"16":{"name":"signup","decl":{"start":{"line":183,"column":16},"end":{"line":183,"column":22}},"loc":{"start":{"line":183,"column":42},"end":{"line":194,"column":1}},"line":183},"17":{"name":"(anonymous_17)","decl":{"start":{"line":184,"column":9},"end":{"line":184,"column":10}},"loc":{"start":{"line":184,"column":23},"end":{"line":193,"column":6}},"line":184},"18":{"name":"(anonymous_18)","decl":{"start":{"line":185,"column":10},"end":{"line":185,"column":11}},"loc":{"start":{"line":185,"column":24},"end":{"line":189,"column":5}},"line":185},"19":{"name":"(anonymous_19)","decl":{"start":{"line":190,"column":11},"end":{"line":190,"column":12}},"loc":{"start":{"line":190,"column":20},"end":{"line":193,"column":5}},"line":190},"20":{"name":"changePassword","decl":{"start":{"line":202,"column":16},"end":{"line":202,"column":30}},"loc":{"start":{"line":202,"column":45},"end":{"line":212,"column":1}},"line":202},"21":{"name":"(anonymous_21)","decl":{"start":{"line":203,"column":9},"end":{"line":203,"column":10}},"loc":{"start":{"line":203,"column":23},"end":{"line":211,"column":6}},"line":203},"22":{"name":"(anonymous_22)","decl":{"start":{"line":204,"column":10},"end":{"line":204,"column":11}},"loc":{"start":{"line":204,"column":24},"end":{"line":207,"column":5}},"line":204},"23":{"name":"(anonymous_23)","decl":{"start":{"line":208,"column":11},"end":{"line":208,"column":12}},"loc":{"start":{"line":208,"column":20},"end":{"line":211,"column":5}},"line":208},"24":{"name":"forgotPassword","decl":{"start":{"line":219,"column":16},"end":{"line":219,"column":30}},"loc":{"start":{"line":219,"column":38},"end":{"line":229,"column":1}},"line":219},"25":{"name":"(anonymous_25)","decl":{"start":{"line":220,"column":9},"end":{"line":220,"column":10}},"loc":{"start":{"line":220,"column":23},"end":{"line":228,"column":6}},"line":220},"26":{"name":"(anonymous_26)","decl":{"start":{"line":221,"column":10},"end":{"line":221,"column":11}},"loc":{"start":{"line":221,"column":24},"end":{"line":224,"column":5}},"line":221},"27":{"name":"(anonymous_27)","decl":{"start":{"line":225,"column":11},"end":{"line":225,"column":12}},"loc":{"start":{"line":225,"column":20},"end":{"line":228,"column":5}},"line":225},"28":{"name":"resetPassword","decl":{"start":{"line":238,"column":16},"end":{"line":238,"column":29}},"loc":{"start":{"line":238,"column":52},"end":{"line":249,"column":1}},"line":238},"29":{"name":"(anonymous_29)","decl":{"start":{"line":239,"column":9},"end":{"line":239,"column":10}},"loc":{"start":{"line":239,"column":23},"end":{"line":248,"column":6}},"line":239},"30":{"name":"(anonymous_30)","decl":{"start":{"line":240,"column":10},"end":{"line":240,"column":11}},"loc":{"start":{"line":240,"column":24},"end":{"line":244,"column":5}},"line":240},"31":{"name":"(anonymous_31)","decl":{"start":{"line":245,"column":11},"end":{"line":245,"column":12}},"loc":{"start":{"line":245,"column":20},"end":{"line":248,"column":5}},"line":245}},"branchMap":{},"s":{"0":2,"1":1,"2":1,"3":1,"4":1,"5":0,"6":2,"7":0,"8":0,"9":0,"10":1,"11":1,"12":1,"13":1,"14":1,"15":1,"16":2,"17":2,"18":1,"19":1,"20":1,"21":1,"22":1,"23":1,"24":1,"25":1,"26":2,"27":2,"28":1,"29":1,"30":1,"31":1,"32":1,"33":2,"34":2,"35":1,"36":1,"37":0,"38":0,"39":2,"40":2,"41":2,"42":2,"43":0,"44":0,"45":0,"46":0,"47":0,"48":0,"49":0,"50":0,"51":0},"f":{"0":2,"1":1,"2":1,"3":1,"4":1,"5":0,"6":2,"7":0,"8":0,"9":0,"10":1,"11":1,"12":2,"13":2,"14":1,"15":1,"16":2,"17":2,"18":1,"19":1,"20":2,"21":2,"22":1,"23":0,"24":2,"25":2,"26":2,"27":0,"28":0,"29":0,"30":0,"31":0},"b":{},"_coverageSchema":"332fd63041d2c1bcb487cc26dd0d5f7d97098a6c","hash":"655513cd25965ed544466f0f9e8a6d2d7887fcdd"}
,"/Users/andeladeveloper/Documents/backhellobooks-copy/client/src/actions/bookActions.js": {"path":"/Users/andeladeveloper/Documents/backhellobooks-copy/client/src/actions/bookActions.js","statementMap":{"0":{"start":{"line":36,"column":2},"end":{"line":39,"column":4}},"1":{"start":{"line":48,"column":2},"end":{"line":50,"column":4}},"2":{"start":{"line":61,"column":2},"end":{"line":65,"column":4}},"3":{"start":{"line":74,"column":2},"end":{"line":77,"column":4}},"4":{"start":{"line":86,"column":2},"end":{"line":89,"column":4}},"5":{"start":{"line":98,"column":2},"end":{"line":101,"column":4}},"6":{"start":{"line":111,"column":2},"end":{"line":113,"column":4}},"7":{"start":{"line":122,"column":2},"end":{"line":124,"column":4}},"8":{"start":{"line":133,"column":2},"end":{"line":136,"column":4}},"9":{"start":{"line":145,"column":2},"end":{"line":148,"column":4}},"10":{"start":{"line":157,"column":2},"end":{"line":159,"column":4}},"11":{"start":{"line":168,"column":2},"end":{"line":171,"column":4}},"12":{"start":{"line":180,"column":2},"end":{"line":183,"column":4}},"13":{"start":{"line":192,"column":2},"end":{"line":194,"column":4}},"14":{"start":{"line":203,"column":2},"end":{"line":206,"column":4}},"15":{"start":{"line":215,"column":2},"end":{"line":218,"column":4}},"16":{"start":{"line":227,"column":2},"end":{"line":229,"column":4}},"17":{"start":{"line":238,"column":2},"end":{"line":241,"column":4}},"18":{"start":{"line":250,"column":2},"end":{"line":253,"column":4}},"19":{"start":{"line":264,"column":2},"end":{"line":268,"column":4}},"20":{"start":{"line":278,"column":2},"end":{"line":281,"column":4}},"21":{"start":{"line":290,"column":2},"end":{"line":292,"column":4}},"22":{"start":{"line":301,"column":2},"end":{"line":304,"column":4}},"23":{"start":{"line":313,"column":2},"end":{"line":316,"column":4}},"24":{"start":{"line":325,"column":2},"end":{"line":328,"column":4}},"25":{"start":{"line":338,"column":2},"end":{"line":344,"column":6}},"26":{"start":{"line":338,"column":23},"end":{"line":344,"column":5}},"27":{"start":{"line":340,"column":6},"end":{"line":340,"column":40}},"28":{"start":{"line":343,"column":6},"end":{"line":343,"column":11}},"29":{"start":{"line":356,"column":2},"end":{"line":366,"column":9}},"30":{"start":{"line":357,"column":4},"end":{"line":366,"column":8}},"31":{"start":{"line":359,"column":8},"end":{"line":361,"column":9}},"32":{"start":{"line":360,"column":10},"end":{"line":360,"column":65}},"33":{"start":{"line":362,"column":8},"end":{"line":362,"column":53}},"34":{"start":{"line":365,"column":8},"end":{"line":365,"column":52}},"35":{"start":{"line":375,"column":2},"end":{"line":381,"column":7}},"36":{"start":{"line":375,"column":23},"end":{"line":381,"column":6}},"37":{"start":{"line":377,"column":6},"end":{"line":377,"column":39}},"38":{"start":{"line":380,"column":6},"end":{"line":380,"column":45}},"39":{"start":{"line":390,"column":2},"end":{"line":394,"column":29}},"40":{"start":{"line":390,"column":23},"end":{"line":394,"column":28}},"41":{"start":{"line":392,"column":6},"end":{"line":392,"column":50}},"42":{"start":{"line":394,"column":22},"end":{"line":394,"column":27}},"43":{"start":{"line":405,"column":2},"end":{"line":419,"column":4}},"44":{"start":{"line":406,"column":4},"end":{"line":406,"column":31}},"45":{"start":{"line":407,"column":4},"end":{"line":418,"column":9}},"46":{"start":{"line":409,"column":21},"end":{"line":409,"column":40}},"47":{"start":{"line":410,"column":24},"end":{"line":410,"column":45}},"48":{"start":{"line":411,"column":8},"end":{"line":411,"column":51}},"49":{"start":{"line":412,"column":8},"end":{"line":412,"column":52}},"50":{"start":{"line":415,"column":23},"end":{"line":415,"column":40}},"51":{"start":{"line":416,"column":8},"end":{"line":416,"column":44}},"52":{"start":{"line":417,"column":8},"end":{"line":417,"column":46}},"53":{"start":{"line":429,"column":2},"end":{"line":440,"column":4}},"54":{"start":{"line":430,"column":4},"end":{"line":430,"column":30}},"55":{"start":{"line":431,"column":4},"end":{"line":439,"column":9}},"56":{"start":{"line":433,"column":8},"end":{"line":433,"column":69}},"57":{"start":{"line":434,"column":8},"end":{"line":434,"column":46}},"58":{"start":{"line":437,"column":8},"end":{"line":437,"column":45}},"59":{"start":{"line":438,"column":8},"end":{"line":438,"column":37}},"60":{"start":{"line":453,"column":2},"end":{"line":464,"column":4}},"61":{"start":{"line":454,"column":4},"end":{"line":454,"column":33}},"62":{"start":{"line":455,"column":4},"end":{"line":463,"column":9}},"63":{"start":{"line":457,"column":8},"end":{"line":457,"column":59}},"64":{"start":{"line":458,"column":8},"end":{"line":458,"column":46}},"65":{"start":{"line":461,"column":8},"end":{"line":461,"column":55}},"66":{"start":{"line":462,"column":8},"end":{"line":462,"column":50}},"67":{"start":{"line":474,"column":2},"end":{"line":485,"column":4}},"68":{"start":{"line":475,"column":4},"end":{"line":475,"column":33}},"69":{"start":{"line":476,"column":4},"end":{"line":484,"column":9}},"70":{"start":{"line":478,"column":8},"end":{"line":478,"column":44}},"71":{"start":{"line":479,"column":8},"end":{"line":479,"column":46}},"72":{"start":{"line":482,"column":8},"end":{"line":482,"column":50}},"73":{"start":{"line":483,"column":8},"end":{"line":483,"column":37}},"74":{"start":{"line":495,"column":2},"end":{"line":505,"column":4}},"75":{"start":{"line":496,"column":4},"end":{"line":496,"column":39}},"76":{"start":{"line":497,"column":4},"end":{"line":504,"column":9}},"77":{"start":{"line":499,"column":8},"end":{"line":499,"column":57}},"78":{"start":{"line":502,"column":8},"end":{"line":502,"column":61}},"79":{"start":{"line":503,"column":8},"end":{"line":503,"column":50}},"80":{"start":{"line":516,"column":2},"end":{"line":527,"column":4}},"81":{"start":{"line":517,"column":4},"end":{"line":517,"column":38}},"82":{"start":{"line":518,"column":4},"end":{"line":526,"column":9}},"83":{"start":{"line":520,"column":8},"end":{"line":520,"column":50}},"84":{"start":{"line":523,"column":8},"end":{"line":523,"column":25}},"85":{"start":{"line":524,"column":8},"end":{"line":524,"column":56}},"86":{"start":{"line":525,"column":8},"end":{"line":525,"column":37}},"87":{"start":{"line":537,"column":2},"end":{"line":549,"column":4}},"88":{"start":{"line":538,"column":4},"end":{"line":538,"column":33}},"89":{"start":{"line":539,"column":4},"end":{"line":548,"column":9}},"90":{"start":{"line":541,"column":8},"end":{"line":541,"column":44}},"91":{"start":{"line":542,"column":8},"end":{"line":542,"column":52}},"92":{"start":{"line":543,"column":8},"end":{"line":543,"column":31}},"93":{"start":{"line":546,"column":8},"end":{"line":546,"column":50}},"94":{"start":{"line":547,"column":8},"end":{"line":547,"column":37}}},"fnMap":{"0":{"name":"setBooks","decl":{"start":{"line":35,"column":16},"end":{"line":35,"column":24}},"loc":{"start":{"line":35,"column":32},"end":{"line":40,"column":1}},"line":35},"1":{"name":"addBookBegins","decl":{"start":{"line":47,"column":16},"end":{"line":47,"column":29}},"loc":{"start":{"line":47,"column":32},"end":{"line":51,"column":1}},"line":47},"2":{"name":"addBook","decl":{"start":{"line":60,"column":16},"end":{"line":60,"column":23}},"loc":{"start":{"line":60,"column":39},"end":{"line":66,"column":1}},"line":60},"3":{"name":"addBookFails","decl":{"start":{"line":73,"column":16},"end":{"line":73,"column":28}},"loc":{"start":{"line":73,"column":37},"end":{"line":78,"column":1}},"line":73},"4":{"name":"getBook","decl":{"start":{"line":85,"column":16},"end":{"line":85,"column":23}},"loc":{"start":{"line":85,"column":30},"end":{"line":90,"column":1}},"line":85},"5":{"name":"getBookFails","decl":{"start":{"line":97,"column":16},"end":{"line":97,"column":28}},"loc":{"start":{"line":97,"column":37},"end":{"line":102,"column":1}},"line":97},"6":{"name":"updateBookBegins","decl":{"start":{"line":110,"column":16},"end":{"line":110,"column":32}},"loc":{"start":{"line":110,"column":35},"end":{"line":114,"column":1}},"line":110},"7":{"name":"getBorrowedBooksBegins","decl":{"start":{"line":121,"column":16},"end":{"line":121,"column":38}},"loc":{"start":{"line":121,"column":41},"end":{"line":125,"column":1}},"line":121},"8":{"name":"getBorrowedBooksSuccess","decl":{"start":{"line":132,"column":16},"end":{"line":132,"column":39}},"loc":{"start":{"line":132,"column":47},"end":{"line":137,"column":1}},"line":132},"9":{"name":"getBorrowedBooksFailure","decl":{"start":{"line":144,"column":16},"end":{"line":144,"column":39}},"loc":{"start":{"line":144,"column":48},"end":{"line":149,"column":1}},"line":144},"10":{"name":"setBorrowHistoryBegin","decl":{"start":{"line":156,"column":16},"end":{"line":156,"column":37}},"loc":{"start":{"line":156,"column":40},"end":{"line":160,"column":1}},"line":156},"11":{"name":"setBorrowHistory","decl":{"start":{"line":167,"column":16},"end":{"line":167,"column":32}},"loc":{"start":{"line":167,"column":40},"end":{"line":172,"column":1}},"line":167},"12":{"name":"setBorrowHistoryFailure","decl":{"start":{"line":179,"column":16},"end":{"line":179,"column":39}},"loc":{"start":{"line":179,"column":48},"end":{"line":184,"column":1}},"line":179},"13":{"name":"borrowBookBegins","decl":{"start":{"line":191,"column":16},"end":{"line":191,"column":32}},"loc":{"start":{"line":191,"column":35},"end":{"line":195,"column":1}},"line":191},"14":{"name":"borrowBookSuccess","decl":{"start":{"line":202,"column":16},"end":{"line":202,"column":33}},"loc":{"start":{"line":202,"column":43},"end":{"line":207,"column":1}},"line":202},"15":{"name":"borrowBookFailure","decl":{"start":{"line":214,"column":16},"end":{"line":214,"column":33}},"loc":{"start":{"line":214,"column":42},"end":{"line":219,"column":1}},"line":214},"16":{"name":"returnBookBegins","decl":{"start":{"line":226,"column":16},"end":{"line":226,"column":32}},"loc":{"start":{"line":226,"column":35},"end":{"line":230,"column":1}},"line":226},"17":{"name":"returnBookSuccess","decl":{"start":{"line":237,"column":16},"end":{"line":237,"column":33}},"loc":{"start":{"line":237,"column":38},"end":{"line":242,"column":1}},"line":237},"18":{"name":"returnBookFailure","decl":{"start":{"line":249,"column":16},"end":{"line":249,"column":33}},"loc":{"start":{"line":249,"column":42},"end":{"line":254,"column":1}},"line":249},"19":{"name":"updateBookSuccess","decl":{"start":{"line":263,"column":16},"end":{"line":263,"column":33}},"loc":{"start":{"line":263,"column":49},"end":{"line":269,"column":1}},"line":263},"20":{"name":"updateBookFailure","decl":{"start":{"line":277,"column":16},"end":{"line":277,"column":33}},"loc":{"start":{"line":277,"column":42},"end":{"line":282,"column":1}},"line":277},"21":{"name":"deleteBookBegins","decl":{"start":{"line":289,"column":16},"end":{"line":289,"column":32}},"loc":{"start":{"line":289,"column":35},"end":{"line":293,"column":1}},"line":289},"22":{"name":"deleteBookSuccess","decl":{"start":{"line":300,"column":16},"end":{"line":300,"column":33}},"loc":{"start":{"line":300,"column":38},"end":{"line":305,"column":1}},"line":300},"23":{"name":"deleteBookFailure","decl":{"start":{"line":312,"column":16},"end":{"line":312,"column":33}},"loc":{"start":{"line":312,"column":42},"end":{"line":317,"column":1}},"line":312},"24":{"name":"getBooksByCategory","decl":{"start":{"line":324,"column":16},"end":{"line":324,"column":34}},"loc":{"start":{"line":324,"column":50},"end":{"line":329,"column":1}},"line":324},"25":{"name":"getBooks","decl":{"start":{"line":337,"column":16},"end":{"line":337,"column":24}},"loc":{"start":{"line":337,"column":40},"end":{"line":345,"column":1}},"line":337},"26":{"name":"(anonymous_26)","decl":{"start":{"line":338,"column":9},"end":{"line":338,"column":10}},"loc":{"start":{"line":338,"column":23},"end":{"line":344,"column":5}},"line":338},"27":{"name":"(anonymous_27)","decl":{"start":{"line":339,"column":10},"end":{"line":339,"column":11}},"loc":{"start":{"line":339,"column":24},"end":{"line":341,"column":5}},"line":339},"28":{"name":"(anonymous_28)","decl":{"start":{"line":342,"column":11},"end":{"line":342,"column":12}},"loc":{"start":{"line":343,"column":6},"end":{"line":343,"column":11}},"line":343},"29":{"name":"searchBook","decl":{"start":{"line":355,"column":16},"end":{"line":355,"column":26}},"loc":{"start":{"line":355,"column":64},"end":{"line":367,"column":1}},"line":355},"30":{"name":"(anonymous_30)","decl":{"start":{"line":356,"column":9},"end":{"line":356,"column":10}},"loc":{"start":{"line":357,"column":4},"end":{"line":366,"column":8}},"line":357},"31":{"name":"(anonymous_31)","decl":{"start":{"line":358,"column":12},"end":{"line":358,"column":13}},"loc":{"start":{"line":358,"column":26},"end":{"line":363,"column":7}},"line":358},"32":{"name":"(anonymous_32)","decl":{"start":{"line":364,"column":13},"end":{"line":364,"column":14}},"loc":{"start":{"line":364,"column":24},"end":{"line":366,"column":7}},"line":364},"33":{"name":"getBookById","decl":{"start":{"line":374,"column":16},"end":{"line":374,"column":27}},"loc":{"start":{"line":374,"column":36},"end":{"line":382,"column":1}},"line":374},"34":{"name":"(anonymous_34)","decl":{"start":{"line":375,"column":9},"end":{"line":375,"column":10}},"loc":{"start":{"line":375,"column":23},"end":{"line":381,"column":6}},"line":375},"35":{"name":"(anonymous_35)","decl":{"start":{"line":376,"column":10},"end":{"line":376,"column":11}},"loc":{"start":{"line":376,"column":24},"end":{"line":378,"column":5}},"line":376},"36":{"name":"(anonymous_36)","decl":{"start":{"line":379,"column":11},"end":{"line":379,"column":12}},"loc":{"start":{"line":379,"column":22},"end":{"line":381,"column":5}},"line":379},"37":{"name":"getBooksByCat","decl":{"start":{"line":389,"column":16},"end":{"line":389,"column":29}},"loc":{"start":{"line":389,"column":37},"end":{"line":395,"column":1}},"line":389},"38":{"name":"(anonymous_38)","decl":{"start":{"line":390,"column":9},"end":{"line":390,"column":10}},"loc":{"start":{"line":390,"column":23},"end":{"line":394,"column":28}},"line":390},"39":{"name":"(anonymous_39)","decl":{"start":{"line":391,"column":10},"end":{"line":391,"column":11}},"loc":{"start":{"line":391,"column":24},"end":{"line":393,"column":5}},"line":391},"40":{"name":"(anonymous_40)","decl":{"start":{"line":394,"column":11},"end":{"line":394,"column":12}},"loc":{"start":{"line":394,"column":22},"end":{"line":394,"column":27}},"line":394},"41":{"name":"updateBook","decl":{"start":{"line":404,"column":16},"end":{"line":404,"column":26}},"loc":{"start":{"line":404,"column":41},"end":{"line":420,"column":1}},"line":404},"42":{"name":"(anonymous_42)","decl":{"start":{"line":405,"column":9},"end":{"line":405,"column":10}},"loc":{"start":{"line":405,"column":23},"end":{"line":419,"column":3}},"line":405},"43":{"name":"(anonymous_43)","decl":{"start":{"line":408,"column":12},"end":{"line":408,"column":13}},"loc":{"start":{"line":408,"column":26},"end":{"line":413,"column":7}},"line":408},"44":{"name":"(anonymous_44)","decl":{"start":{"line":414,"column":13},"end":{"line":414,"column":14}},"loc":{"start":{"line":414,"column":22},"end":{"line":418,"column":7}},"line":414},"45":{"name":"saveBooks","decl":{"start":{"line":428,"column":16},"end":{"line":428,"column":25}},"loc":{"start":{"line":428,"column":41},"end":{"line":441,"column":1}},"line":428},"46":{"name":"(anonymous_46)","decl":{"start":{"line":429,"column":9},"end":{"line":429,"column":10}},"loc":{"start":{"line":429,"column":23},"end":{"line":440,"column":3}},"line":429},"47":{"name":"(anonymous_47)","decl":{"start":{"line":432,"column":12},"end":{"line":432,"column":13}},"loc":{"start":{"line":432,"column":26},"end":{"line":435,"column":7}},"line":432},"48":{"name":"(anonymous_48)","decl":{"start":{"line":436,"column":13},"end":{"line":436,"column":14}},"loc":{"start":{"line":436,"column":22},"end":{"line":439,"column":7}},"line":436},"49":{"name":"borrowBook","decl":{"start":{"line":452,"column":16},"end":{"line":452,"column":26}},"loc":{"start":{"line":452,"column":52},"end":{"line":465,"column":1}},"line":452},"50":{"name":"(anonymous_50)","decl":{"start":{"line":453,"column":9},"end":{"line":453,"column":10}},"loc":{"start":{"line":453,"column":23},"end":{"line":464,"column":3}},"line":453},"51":{"name":"(anonymous_51)","decl":{"start":{"line":456,"column":12},"end":{"line":456,"column":13}},"loc":{"start":{"line":456,"column":26},"end":{"line":459,"column":7}},"line":456},"52":{"name":"(anonymous_52)","decl":{"start":{"line":460,"column":13},"end":{"line":460,"column":14}},"loc":{"start":{"line":460,"column":22},"end":{"line":463,"column":7}},"line":460},"53":{"name":"returnBook","decl":{"start":{"line":473,"column":16},"end":{"line":473,"column":26}},"loc":{"start":{"line":473,"column":43},"end":{"line":486,"column":1}},"line":473},"54":{"name":"(anonymous_54)","decl":{"start":{"line":474,"column":9},"end":{"line":474,"column":10}},"loc":{"start":{"line":474,"column":23},"end":{"line":485,"column":3}},"line":474},"55":{"name":"(anonymous_55)","decl":{"start":{"line":477,"column":12},"end":{"line":477,"column":13}},"loc":{"start":{"line":477,"column":26},"end":{"line":480,"column":7}},"line":477},"56":{"name":"(anonymous_56)","decl":{"start":{"line":481,"column":13},"end":{"line":481,"column":14}},"loc":{"start":{"line":481,"column":22},"end":{"line":484,"column":7}},"line":481},"57":{"name":"fetchBorrowedBooks","decl":{"start":{"line":494,"column":16},"end":{"line":494,"column":34}},"loc":{"start":{"line":494,"column":43},"end":{"line":506,"column":1}},"line":494},"58":{"name":"(anonymous_58)","decl":{"start":{"line":495,"column":9},"end":{"line":495,"column":10}},"loc":{"start":{"line":495,"column":23},"end":{"line":505,"column":3}},"line":495},"59":{"name":"(anonymous_59)","decl":{"start":{"line":498,"column":12},"end":{"line":498,"column":13}},"loc":{"start":{"line":498,"column":26},"end":{"line":500,"column":7}},"line":498},"60":{"name":"(anonymous_60)","decl":{"start":{"line":501,"column":13},"end":{"line":501,"column":14}},"loc":{"start":{"line":501,"column":22},"end":{"line":504,"column":7}},"line":501},"61":{"name":"fetchBorrowHistory","decl":{"start":{"line":515,"column":16},"end":{"line":515,"column":34}},"loc":{"start":{"line":515,"column":58},"end":{"line":528,"column":1}},"line":515},"62":{"name":"(anonymous_62)","decl":{"start":{"line":516,"column":9},"end":{"line":516,"column":10}},"loc":{"start":{"line":516,"column":23},"end":{"line":527,"column":3}},"line":516},"63":{"name":"(anonymous_63)","decl":{"start":{"line":519,"column":12},"end":{"line":519,"column":13}},"loc":{"start":{"line":519,"column":26},"end":{"line":521,"column":7}},"line":519},"64":{"name":"(anonymous_64)","decl":{"start":{"line":522,"column":13},"end":{"line":522,"column":14}},"loc":{"start":{"line":522,"column":22},"end":{"line":526,"column":7}},"line":522},"65":{"name":"deleteBook","decl":{"start":{"line":536,"column":16},"end":{"line":536,"column":26}},"loc":{"start":{"line":536,"column":44},"end":{"line":550,"column":1}},"line":536},"66":{"name":"(anonymous_66)","decl":{"start":{"line":537,"column":9},"end":{"line":537,"column":10}},"loc":{"start":{"line":537,"column":23},"end":{"line":549,"column":3}},"line":537},"67":{"name":"(anonymous_67)","decl":{"start":{"line":540,"column":12},"end":{"line":540,"column":13}},"loc":{"start":{"line":540,"column":26},"end":{"line":544,"column":7}},"line":540},"68":{"name":"(anonymous_68)","decl":{"start":{"line":545,"column":13},"end":{"line":545,"column":14}},"loc":{"start":{"line":545,"column":22},"end":{"line":548,"column":7}},"line":545}},"branchMap":{"0":{"loc":{"start":{"line":359,"column":8},"end":{"line":361,"column":9}},"type":"if","locations":[{"start":{"line":359,"column":8},"end":{"line":361,"column":9}},{"start":{"line":359,"column":8},"end":{"line":361,"column":9}}],"line":359}},"s":{"0":0,"1":0,"2":0,"3":0,"4":0,"5":0,"6":0,"7":0,"8":0,"9":0,"10":0,"11":0,"12":0,"13":0,"14":0,"15":0,"16":0,"17":0,"18":0,"19":0,"20":0,"21":0,"22":0,"23":0,"24":0,"25":0,"26":0,"27":0,"28":0,"29":0,"30":0,"31":0,"32":0,"33":0,"34":0,"35":0,"36":0,"37":0,"38":0,"39":0,"40":0,"41":0,"42":0,"43":0,"44":0,"45":0,"46":0,"47":0,"48":0,"49":0,"50":0,"51":0,"52":0,"53":0,"54":0,"55":0,"56":0,"57":0,"58":0,"59":0,"60":0,"61":0,"62":0,"63":0,"64":0,"65":0,"66":0,"67":0,"68":0,"69":0,"70":0,"71":0,"72":0,"73":0,"74":0,"75":0,"76":0,"77":0,"78":0,"79":0,"80":0,"81":0,"82":0,"83":0,"84":0,"85":0,"86":0,"87":0,"88":0,"89":0,"90":0,"91":0,"92":0,"93":0,"94":0},"f":{"0":0,"1":0,"2":0,"3":0,"4":0,"5":0,"6":0,"7":0,"8":0,"9":0,"10":0,"11":0,"12":0,"13":0,"14":0,"15":0,"16":0,"17":0,"18":0,"19":0,"20":0,"21":0,"22":0,"23":0,"24":0,"25":0,"26":0,"27":0,"28":0,"29":0,"30":0,"31":0,"32":0,"33":0,"34":0,"35":0,"36":0,"37":0,"38":0,"39":0,"40":0,"41":0,"42":0,"43":0,"44":0,"45":0,"46":0,"47":0,"48":0,"49":0,"50":0,"51":0,"52":0,"53":0,"54":0,"55":0,"56":0,"57":0,"58":0,"59":0,"60":0,"61":0,"62":0,"63":0,"64":0,"65":0,"66":0,"67":0,"68":0},"b":{"0":[0,0]},"_coverageSchema":"332fd63041d2c1bcb487cc26dd0d5f7d97098a6c","hash":"3d2beefa1943e8d678f2801a6d9059ec9aba9cb7"}
,"/Users/andeladeveloper/Documents/backhellobooks-copy/client/src/actions/categoryActions.js": {"path":"/Users/andeladeveloper/Documents/backhellobooks-copy/client/src/actions/categoryActions.js","statementMap":{"0":{"start":{"line":16,"column":2},"end":{"line":19,"column":4}},"1":{"start":{"line":28,"column":2},"end":{"line":30,"column":4}},"2":{"start":{"line":40,"column":2},"end":{"line":44,"column":4}},"3":{"start":{"line":54,"column":2},"end":{"line":57,"column":4}},"4":{"start":{"line":65,"column":2},"end":{"line":70,"column":31}},"5":{"start":{"line":65,"column":21},"end":{"line":70,"column":30}},"6":{"start":{"line":67,"column":19},"end":{"line":67,"column":32}},"7":{"start":{"line":68,"column":6},"end":{"line":68,"column":34}},"8":{"start":{"line":70,"column":23},"end":{"line":70,"column":29}},"9":{"start":{"line":81,"column":2},"end":{"line":92,"column":4}},"10":{"start":{"line":82,"column":4},"end":{"line":82,"column":32}},"11":{"start":{"line":83,"column":4},"end":{"line":91,"column":9}},"12":{"start":{"line":85,"column":8},"end":{"line":85,"column":84}},"13":{"start":{"line":86,"column":8},"end":{"line":86,"column":46}},"14":{"start":{"line":89,"column":8},"end":{"line":89,"column":51}},"15":{"start":{"line":90,"column":8},"end":{"line":90,"column":50}},"16":{"start":{"line":103,"column":2},"end":{"line":112,"column":4}},"17":{"start":{"line":104,"column":4},"end":{"line":104,"column":49}},"18":{"start":{"line":105,"column":4},"end":{"line":111,"column":9}},"19":{"start":{"line":107,"column":8},"end":{"line":107,"column":76}},"20":{"start":{"line":110,"column":8},"end":{"line":110,"column":81}}},"fnMap":{"0":{"name":"setCategory","decl":{"start":{"line":15,"column":16},"end":{"line":15,"column":27}},"loc":{"start":{"line":15,"column":40},"end":{"line":20,"column":1}},"line":15},"1":{"name":"addCategoryBegins","decl":{"start":{"line":27,"column":16},"end":{"line":27,"column":33}},"loc":{"start":{"line":27,"column":36},"end":{"line":31,"column":1}},"line":27},"2":{"name":"addCategorySuccess","decl":{"start":{"line":39,"column":16},"end":{"line":39,"column":34}},"loc":{"start":{"line":39,"column":54},"end":{"line":45,"column":1}},"line":39},"3":{"name":"addCategoryFailure","decl":{"start":{"line":53,"column":16},"end":{"line":53,"column":34}},"loc":{"start":{"line":53,"column":43},"end":{"line":58,"column":1}},"line":53},"4":{"name":"getCategories","decl":{"start":{"line":64,"column":16},"end":{"line":64,"column":29}},"loc":{"start":{"line":64,"column":32},"end":{"line":71,"column":1}},"line":64},"5":{"name":"(anonymous_5)","decl":{"start":{"line":65,"column":9},"end":{"line":65,"column":10}},"loc":{"start":{"line":65,"column":21},"end":{"line":70,"column":30}},"line":65},"6":{"name":"(anonymous_6)","decl":{"start":{"line":66,"column":10},"end":{"line":66,"column":11}},"loc":{"start":{"line":66,"column":24},"end":{"line":69,"column":5}},"line":66},"7":{"name":"(anonymous_7)","decl":{"start":{"line":70,"column":11},"end":{"line":70,"column":12}},"loc":{"start":{"line":70,"column":23},"end":{"line":70,"column":29}},"line":70},"8":{"name":"saveCategory","decl":{"start":{"line":80,"column":16},"end":{"line":80,"column":28}},"loc":{"start":{"line":80,"column":35},"end":{"line":93,"column":1}},"line":80},"9":{"name":"(anonymous_9)","decl":{"start":{"line":81,"column":9},"end":{"line":81,"column":10}},"loc":{"start":{"line":81,"column":23},"end":{"line":92,"column":3}},"line":81},"10":{"name":"(anonymous_10)","decl":{"start":{"line":84,"column":12},"end":{"line":84,"column":13}},"loc":{"start":{"line":84,"column":26},"end":{"line":87,"column":7}},"line":84},"11":{"name":"(anonymous_11)","decl":{"start":{"line":88,"column":13},"end":{"line":88,"column":14}},"loc":{"start":{"line":88,"column":22},"end":{"line":91,"column":7}},"line":88},"12":{"name":"deleteCategory","decl":{"start":{"line":102,"column":16},"end":{"line":102,"column":30}},"loc":{"start":{"line":102,"column":35},"end":{"line":113,"column":1}},"line":102},"13":{"name":"(anonymous_13)","decl":{"start":{"line":103,"column":9},"end":{"line":103,"column":10}},"loc":{"start":{"line":103,"column":23},"end":{"line":112,"column":3}},"line":103},"14":{"name":"(anonymous_14)","decl":{"start":{"line":106,"column":12},"end":{"line":106,"column":13}},"loc":{"start":{"line":106,"column":26},"end":{"line":108,"column":7}},"line":106},"15":{"name":"(anonymous_15)","decl":{"start":{"line":109,"column":13},"end":{"line":109,"column":14}},"loc":{"start":{"line":109,"column":22},"end":{"line":111,"column":7}},"line":109}},"branchMap":{},"s":{"0":0,"1":0,"2":0,"3":0,"4":0,"5":0,"6":0,"7":0,"8":0,"9":0,"10":0,"11":0,"12":0,"13":0,"14":0,"15":0,"16":0,"17":0,"18":0,"19":0,"20":0},"f":{"0":0,"1":0,"2":0,"3":0,"4":0,"5":0,"6":0,"7":0,"8":0,"9":0,"10":0,"11":0,"12":0,"13":0,"14":0,"15":0},"b":{},"_coverageSchema":"332fd63041d2c1bcb487cc26dd0d5f7d97098a6c","hash":"e5607c34038906a688a9236e13e3cf77ae8abf36"}
,"/Users/andeladeveloper/Documents/backhellobooks-copy/client/src/components/auth/auth.jsx": {"path":"/Users/andeladeveloper/Documents/backhellobooks-copy/client/src/components/auth/auth.jsx","statementMap":{"0":{"start":{"line":10,"column":18},"end":{"line":15,"column":1}},"1":{"start":{"line":29,"column":4},"end":{"line":29,"column":17}},"2":{"start":{"line":30,"column":4},"end":{"line":38,"column":6}},"3":{"start":{"line":39,"column":4},"end":{"line":39,"column":45}},"4":{"start":{"line":40,"column":4},"end":{"line":40,"column":45}},"5":{"start":{"line":41,"column":4},"end":{"line":41,"column":45}},"6":{"start":{"line":51,"column":4},"end":{"line":51,"column":63}},"7":{"start":{"line":61,"column":32},"end":{"line":61,"column":63}},"8":{"start":{"line":62,"column":4},"end":{"line":65,"column":5}},"9":{"start":{"line":63,"column":6},"end":{"line":63,"column":32}},"10":{"start":{"line":64,"column":6},"end":{"line":64,"column":13}},"11":{"start":{"line":66,"column":4},"end":{"line":66,"column":19}},"12":{"start":{"line":77,"column":4},"end":{"line":77,"column":27}},"13":{"start":{"line":78,"column":4},"end":{"line":78,"column":101}},"14":{"start":{"line":88,"column":4},"end":{"line":88,"column":27}},"15":{"start":{"line":89,"column":4},"end":{"line":91,"column":5}},"16":{"start":{"line":90,"column":6},"end":{"line":90,"column":56}},"17":{"start":{"line":100,"column":23},"end":{"line":100,"column":54}},"18":{"start":{"line":101,"column":4},"end":{"line":110,"column":6}},"19":{"start":{"line":114,"column":0},"end":{"line":114,"column":35}},"20":{"start":{"line":116,"column":24},"end":{"line":118,"column":2}},"21":{"start":{"line":116,"column":34},"end":{"line":118,"column":1}},"22":{"start":{"line":119,"column":27},"end":{"line":119,"column":44}}},"fnMap":{"0":{"name":"(anonymous_0)","decl":{"start":{"line":28,"column":2},"end":{"line":28,"column":3}},"loc":{"start":{"line":28,"column":21},"end":{"line":42,"column":3}},"line":28},"1":{"name":"(anonymous_1)","decl":{"start":{"line":50,"column":2},"end":{"line":50,"column":3}},"loc":{"start":{"line":50,"column":18},"end":{"line":52,"column":3}},"line":50},"2":{"name":"(anonymous_2)","decl":{"start":{"line":60,"column":2},"end":{"line":60,"column":3}},"loc":{"start":{"line":60,"column":18},"end":{"line":67,"column":3}},"line":60},"3":{"name":"(anonymous_3)","decl":{"start":{"line":76,"column":2},"end":{"line":76,"column":3}},"loc":{"start":{"line":76,"column":18},"end":{"line":79,"column":3}},"line":76},"4":{"name":"(anonymous_4)","decl":{"start":{"line":87,"column":2},"end":{"line":87,"column":3}},"loc":{"start":{"line":87,"column":18},"end":{"line":92,"column":3}},"line":87},"5":{"name":"(anonymous_5)","decl":{"start":{"line":99,"column":2},"end":{"line":99,"column":3}},"loc":{"start":{"line":99,"column":11},"end":{"line":111,"column":3}},"line":99},"6":{"name":"(anonymous_6)","decl":{"start":{"line":116,"column":24},"end":{"line":116,"column":25}},"loc":{"start":{"line":116,"column":34},"end":{"line":118,"column":1}},"line":116}},"branchMap":{"0":{"loc":{"start":{"line":62,"column":4},"end":{"line":65,"column":5}},"type":"if","locations":[{"start":{"line":62,"column":4},"end":{"line":65,"column":5}},{"start":{"line":62,"column":4},"end":{"line":65,"column":5}}],"line":62},"1":{"loc":{"start":{"line":89,"column":4},"end":{"line":91,"column":5}},"type":"if","locations":[{"start":{"line":89,"column":4},"end":{"line":91,"column":5}},{"start":{"line":89,"column":4},"end":{"line":91,"column":5}}],"line":89},"2":{"loc":{"start":{"line":101,"column":11},"end":{"line":110,"column":5}},"type":"cond-expr","locations":[{"start":{"line":101,"column":24},"end":{"line":101,"column":48}},{"start":{"line":102,"column":6},"end":{"line":109,"column":12}}],"line":101}},"s":{"0":1,"1":0,"2":0,"3":0,"4":0,"5":0,"6":0,"7":0,"8":0,"9":0,"10":0,"11":0,"12":0,"13":0,"14":0,"15":0,"16":0,"17":0,"18":0,"19":1,"20":1,"21":0,"22":1},"f":{"0":0,"1":0,"2":0,"3":0,"4":0,"5":0,"6":0},"b":{"0":[0,0],"1":[0,0],"2":[0,0]},"_coverageSchema":"332fd63041d2c1bcb487cc26dd0d5f7d97098a6c","hash":"75c466d565820b4ff4f1edee0519897f2e633092"}
,"/Users/andeladeveloper/Documents/backhellobooks-copy/client/src/components/auth/authForm.jsx": {"path":"/Users/andeladeveloper/Documents/backhellobooks-copy/client/src/components/auth/authForm.jsx","statementMap":{"0":{"start":{"line":7,"column":18},"end":{"line":12,"column":1}},"1":{"start":{"line":13,"column":17},"end":{"line":102,"column":1}},"2":{"start":{"line":14,"column":17},"end":{"line":14,"column":29}},"3":{"start":{"line":15,"column":2},"end":{"line":101,"column":4}},"4":{"start":{"line":104,"column":0},"end":{"line":104,"column":31}}},"fnMap":{"0":{"name":"(anonymous_0)","decl":{"start":{"line":13,"column":17},"end":{"line":13,"column":18}},"loc":{"start":{"line":13,"column":28},"end":{"line":102,"column":1}},"line":13}},"branchMap":{"0":{"loc":{"start":{"line":65,"column":19},"end":{"line":65,"column":87}},"type":"binary-expr","locations":[{"start":{"line":65,"column":19},"end":{"line":65,"column":34}},{"start":{"line":65,"column":38},"end":{"line":65,"column":87}}],"line":65},"1":{"loc":{"start":{"line":76,"column":19},"end":{"line":76,"column":81}},"type":"binary-expr","locations":[{"start":{"line":76,"column":19},"end":{"line":76,"column":31}},{"start":{"line":76,"column":35},"end":{"line":76,"column":81}}],"line":76},"2":{"loc":{"start":{"line":79,"column":19},"end":{"line":79,"column":87}},"type":"binary-expr","locations":[{"start":{"line":79,"column":19},"end":{"line":79,"column":34}},{"start":{"line":79,"column":38},"end":{"line":79,"column":87}}],"line":79},"3":{"loc":{"start":{"line":90,"column":19},"end":{"line":90,"column":101}},"type":"binary-expr","locations":[{"start":{"line":90,"column":19},"end":{"line":90,"column":41}},{"start":{"line":90,"column":45},"end":{"line":90,"column":101}}],"line":90}},"s":{"0":1,"1":1,"2":0,"3":0,"4":1},"f":{"0":0},"b":{"0":[0,0],"1":[0,0],"2":[0,0],"3":[0,0]},"_coverageSchema":"332fd63041d2c1bcb487cc26dd0d5f7d97098a6c","hash":"acbe5d9667138713fcffa64b022133bc2d92c59d"}
,"/Users/andeladeveloper/Documents/backhellobooks-copy/client/src/components/auth/changePasswordForm.jsx": {"path":"/Users/andeladeveloper/Documents/backhellobooks-copy/client/src/components/auth/changePasswordForm.jsx","statementMap":{"0":{"start":{"line":7,"column":18},"end":{"line":15,"column":1}},"1":{"start":{"line":16,"column":21},"end":{"line":69,"column":1}},"2":{"start":{"line":17,"column":17},"end":{"line":17,"column":49}},"3":{"start":{"line":18,"column":2},"end":{"line":68,"column":4}},"4":{"start":{"line":71,"column":0},"end":{"line":71,"column":35}}},"fnMap":{"0":{"name":"(anonymous_0)","decl":{"start":{"line":16,"column":21},"end":{"line":16,"column":22}},"loc":{"start":{"line":16,"column":32},"end":{"line":69,"column":1}},"line":16}},"branchMap":{"0":{"loc":{"start":{"line":17,"column":17},"end":{"line":17,"column":49}},"type":"cond-expr","locations":[{"start":{"line":17,"column":32},"end":{"line":17,"column":44}},{"start":{"line":17,"column":47},"end":{"line":17,"column":49}}],"line":17},"1":{"loc":{"start":{"line":48,"column":19},"end":{"line":48,"column":93}},"type":"binary-expr","locations":[{"start":{"line":48,"column":19},"end":{"line":48,"column":37}},{"start":{"line":48,"column":41},"end":{"line":48,"column":93}}],"line":48},"2":{"loc":{"start":{"line":59,"column":19},"end":{"line":59,"column":101}},"type":"binary-expr","locations":[{"start":{"line":59,"column":19},"end":{"line":59,"column":41}},{"start":{"line":59,"column":45},"end":{"line":59,"column":101}}],"line":59}},"s":{"0":1,"1":1,"2":0,"3":0,"4":1},"f":{"0":0},"b":{"0":[0,0],"1":[0,0],"2":[0,0]},"_coverageSchema":"332fd63041d2c1bcb487cc26dd0d5f7d97098a6c","hash":"1c8afc20c1e7fd52271783810e5316e161277e62"}
,"/Users/andeladeveloper/Documents/backhellobooks-copy/client/src/components/auth/forgotPasswordForm.jsx": {"path":"/Users/andeladeveloper/Documents/backhellobooks-copy/client/src/components/auth/forgotPasswordForm.jsx","statementMap":{"0":{"start":{"line":5,"column":18},"end":{"line":10,"column":1}},"1":{"start":{"line":11,"column":27},"end":{"line":41,"column":1}},"2":{"start":{"line":12,"column":2},"end":{"line":40,"column":8}},"3":{"start":{"line":43,"column":0},"end":{"line":43,"column":41}}},"fnMap":{"0":{"name":"(anonymous_0)","decl":{"start":{"line":11,"column":27},"end":{"line":11,"column":28}},"loc":{"start":{"line":12,"column":2},"end":{"line":40,"column":8}},"line":12}},"branchMap":{},"s":{"0":1,"1":1,"2":0,"3":1},"f":{"0":0},"b":{},"_coverageSchema":"332fd63041d2c1bcb487cc26dd0d5f7d97098a6c","hash":"de8e7543422965d268e43101271e56ed0a271b60"}
,"/Users/andeladeveloper/Documents/backhellobooks-copy/client/src/components/auth/password.jsx": {"path":"/Users/andeladeveloper/Documents/backhellobooks-copy/client/src/components/auth/password.jsx","statementMap":{"0":{"start":{"line":12,"column":18},"end":{"line":18,"column":1}},"1":{"start":{"line":32,"column":4},"end":{"line":32,"column":17}},"2":{"start":{"line":33,"column":4},"end":{"line":40,"column":6}},"3":{"start":{"line":41,"column":4},"end":{"line":41,"column":45}},"4":{"start":{"line":42,"column":4},"end":{"line":42,"column":61}},"5":{"start":{"line":43,"column":4},"end":{"line":43,"column":61}},"6":{"start":{"line":44,"column":4},"end":{"line":44,"column":59}},"7":{"start":{"line":54,"column":4},"end":{"line":54,"column":55}},"8":{"start":{"line":65,"column":32},"end":{"line":65,"column":60}},"9":{"start":{"line":66,"column":4},"end":{"line":69,"column":5}},"10":{"start":{"line":67,"column":6},"end":{"line":67,"column":32}},"11":{"start":{"line":68,"column":6},"end":{"line":68,"column":13}},"12":{"start":{"line":70,"column":4},"end":{"line":70,"column":19}},"13":{"start":{"line":80,"column":4},"end":{"line":80,"column":23}},"14":{"start":{"line":81,"column":4},"end":{"line":83,"column":5}},"15":{"start":{"line":82,"column":6},"end":{"line":82,"column":71}},"16":{"start":{"line":93,"column":4},"end":{"line":93,"column":27}},"17":{"start":{"line":94,"column":4},"end":{"line":94,"column":42}},"18":{"start":{"line":104,"column":4},"end":{"line":104,"column":23}},"19":{"start":{"line":105,"column":4},"end":{"line":107,"column":5}},"20":{"start":{"line":106,"column":6},"end":{"line":106,"column":120}},"21":{"start":{"line":117,"column":27},"end":{"line":117,"column":44}},"22":{"start":{"line":118,"column":27},"end":{"line":118,"column":44}},"23":{"start":{"line":119,"column":26},"end":{"line":119,"column":48}},"24":{"start":{"line":121,"column":4},"end":{"line":145,"column":6}},"25":{"start":{"line":149,"column":0},"end":{"line":153,"column":2}},"26":{"start":{"line":155,"column":0},"end":{"line":157,"column":2}},"27":{"start":{"line":159,"column":27},"end":{"line":159,"column":76}},"28":{"start":{"line":161,"column":24},"end":{"line":161,"column":37}},"29":{"start":{"line":161,"column":34},"end":{"line":161,"column":36}},"30":{"start":{"line":163,"column":0},"end":{"line":163,"column":31}}},"fnMap":{"0":{"name":"(anonymous_0)","decl":{"start":{"line":31,"column":2},"end":{"line":31,"column":3}},"loc":{"start":{"line":31,"column":21},"end":{"line":45,"column":3}},"line":31},"1":{"name":"(anonymous_1)","decl":{"start":{"line":53,"column":2},"end":{"line":53,"column":3}},"loc":{"start":{"line":53,"column":14},"end":{"line":55,"column":3}},"line":53},"2":{"name":"(anonymous_2)","decl":{"start":{"line":64,"column":2},"end":{"line":64,"column":3}},"loc":{"start":{"line":64,"column":12},"end":{"line":71,"column":3}},"line":64},"3":{"name":"(anonymous_3)","decl":{"start":{"line":79,"column":2},"end":{"line":79,"column":3}},"loc":{"start":{"line":79,"column":22},"end":{"line":84,"column":3}},"line":79},"4":{"name":"(anonymous_4)","decl":{"start":{"line":92,"column":2},"end":{"line":92,"column":3}},"loc":{"start":{"line":92,"column":26},"end":{"line":95,"column":3}},"line":92},"5":{"name":"(anonymous_5)","decl":{"start":{"line":103,"column":2},"end":{"line":103,"column":3}},"loc":{"start":{"line":103,"column":21},"end":{"line":108,"column":3}},"line":103},"6":{"name":"(anonymous_6)","decl":{"start":{"line":116,"column":2},"end":{"line":116,"column":3}},"loc":{"start":{"line":116,"column":11},"end":{"line":146,"column":3}},"line":116},"7":{"name":"(anonymous_7)","decl":{"start":{"line":161,"column":24},"end":{"line":161,"column":25}},"loc":{"start":{"line":161,"column":34},"end":{"line":161,"column":36}},"line":161}},"branchMap":{"0":{"loc":{"start":{"line":66,"column":4},"end":{"line":69,"column":5}},"type":"if","locations":[{"start":{"line":66,"column":4},"end":{"line":69,"column":5}},{"start":{"line":66,"column":4},"end":{"line":69,"column":5}}],"line":66},"1":{"loc":{"start":{"line":81,"column":4},"end":{"line":83,"column":5}},"type":"if","locations":[{"start":{"line":81,"column":4},"end":{"line":83,"column":5}},{"start":{"line":81,"column":4},"end":{"line":83,"column":5}}],"line":81},"2":{"loc":{"start":{"line":105,"column":4},"end":{"line":107,"column":5}},"type":"if","locations":[{"start":{"line":105,"column":4},"end":{"line":107,"column":5}},{"start":{"line":105,"column":4},"end":{"line":107,"column":5}}],"line":105},"3":{"loc":{"start":{"line":123,"column":10},"end":{"line":128,"column":12}},"type":"binary-expr","locations":[{"start":{"line":123,"column":10},"end":{"line":123,"column":50}},{"start":{"line":124,"column":10},"end":{"line":128,"column":12}}],"line":123},"4":{"loc":{"start":{"line":129,"column":9},"end":{"line":134,"column":14}},"type":"binary-expr","locations":[{"start":{"line":129,"column":9},"end":{"line":129,"column":49}},{"start":{"line":130,"column":12},"end":{"line":134,"column":14}}],"line":129},"5":{"loc":{"start":{"line":135,"column":9},"end":{"line":140,"column":16}},"type":"binary-expr","locations":[{"start":{"line":135,"column":9},"end":{"line":135,"column":48}},{"start":{"line":136,"column":14},"end":{"line":140,"column":16}}],"line":135}},"s":{"0":1,"1":0,"2":0,"3":0,"4":0,"5":0,"6":0,"7":0,"8":0,"9":0,"10":0,"11":0,"12":0,"13":0,"14":0,"15":0,"16":0,"17":0,"18":0,"19":0,"20":0,"21":0,"22":0,"23":0,"24":0,"25":1,"26":1,"27":1,"28":1,"29":0,"30":1},"f":{"0":0,"1":0,"2":0,"3":0,"4":0,"5":0,"6":0,"7":0},"b":{"0":[0,0],"1":[0,0],"2":[0,0],"3":[0,0],"4":[0,0],"5":[0,0]},"_coverageSchema":"332fd63041d2c1bcb487cc26dd0d5f7d97098a6c","hash":"277b743d1702aacff64271666ff596a51c4c4938"}
,"/Users/andeladeveloper/Documents/backhellobooks-copy/client/src/components/auth/resetPasswordForm.jsx": {"path":"/Users/andeladeveloper/Documents/backhellobooks-copy/client/src/components/auth/resetPasswordForm.jsx","statementMap":{"0":{"start":{"line":5,"column":18},"end":{"line":11,"column":1}},"1":{"start":{"line":12,"column":26},"end":{"line":57,"column":1}},"2":{"start":{"line":13,"column":17},"end":{"line":13,"column":29}},"3":{"start":{"line":14,"column":2},"end":{"line":56,"column":4}},"4":{"start":{"line":59,"column":0},"end":{"line":59,"column":40}}},"fnMap":{"0":{"name":"(anonymous_0)","decl":{"start":{"line":12,"column":26},"end":{"line":12,"column":27}},"loc":{"start":{"line":12,"column":37},"end":{"line":57,"column":1}},"line":12}},"branchMap":{"0":{"loc":{"start":{"line":35,"column":17},"end":{"line":35,"column":93}},"type":"binary-expr","locations":[{"start":{"line":35,"column":17},"end":{"line":35,"column":35}},{"start":{"line":35,"column":39},"end":{"line":35,"column":93}}],"line":35},"1":{"loc":{"start":{"line":46,"column":17},"end":{"line":46,"column":101}},"type":"binary-expr","locations":[{"start":{"line":46,"column":17},"end":{"line":46,"column":39}},{"start":{"line":46,"column":43},"end":{"line":46,"column":101}}],"line":46}},"s":{"0":1,"1":1,"2":0,"3":0,"4":1},"f":{"0":0},"b":{"0":[0,0],"1":[0,0]},"_coverageSchema":"332fd63041d2c1bcb487cc26dd0d5f7d97098a6c","hash":"373d247a9825f5eb36d17a6c648e0cc1a0c918c0"}
,"/Users/andeladeveloper/Documents/backhellobooks-copy/client/src/components/books/allbooks.jsx": {"path":"/Users/andeladeveloper/Documents/backhellobooks-copy/client/src/components/books/allbooks.jsx","statementMap":{"0":{"start":{"line":13,"column":18},"end":{"line":20,"column":1}},"1":{"start":{"line":35,"column":4},"end":{"line":35,"column":17}},"2":{"start":{"line":36,"column":4},"end":{"line":47,"column":6}},"3":{"start":{"line":48,"column":4},"end":{"line":48,"column":48}},"4":{"start":{"line":49,"column":4},"end":{"line":49,"column":45}},"5":{"start":{"line":50,"column":4},"end":{"line":50,"column":40}},"6":{"start":{"line":59,"column":4},"end":{"line":59,"column":66}},"7":{"start":{"line":69,"column":4},"end":{"line":71,"column":7}},"8":{"start":{"line":72,"column":4},"end":{"line":72,"column":34}},"9":{"start":{"line":73,"column":4},"end":{"line":73,"column":36}},"10":{"start":{"line":74,"column":4},"end":{"line":79,"column":5}},"11":{"start":{"line":75,"column":6},"end":{"line":78,"column":9}},"12":{"start":{"line":87,"column":4},"end":{"line":101,"column":6}},"13":{"start":{"line":105,"column":0},"end":{"line":107,"column":2}},"14":{"start":{"line":108,"column":27},"end":{"line":108,"column":51}},"15":{"start":{"line":110,"column":24},"end":{"line":115,"column":2}},"16":{"start":{"line":110,"column":34},"end":{"line":115,"column":1}},"17":{"start":{"line":117,"column":0},"end":{"line":117,"column":28}}},"fnMap":{"0":{"name":"(anonymous_0)","decl":{"start":{"line":34,"column":2},"end":{"line":34,"column":3}},"loc":{"start":{"line":34,"column":21},"end":{"line":51,"column":3}},"line":34},"1":{"name":"(anonymous_1)","decl":{"start":{"line":58,"column":2},"end":{"line":58,"column":3}},"loc":{"start":{"line":58,"column":22},"end":{"line":60,"column":3}},"line":58},"2":{"name":"(anonymous_2)","decl":{"start":{"line":68,"column":2},"end":{"line":68,"column":3}},"loc":{"start":{"line":68,"column":39},"end":{"line":80,"column":3}},"line":68},"3":{"name":"(anonymous_3)","decl":{"start":{"line":86,"column":2},"end":{"line":86,"column":3}},"loc":{"start":{"line":86,"column":11},"end":{"line":102,"column":3}},"line":86},"4":{"name":"(anonymous_4)","decl":{"start":{"line":110,"column":24},"end":{"line":110,"column":25}},"loc":{"start":{"line":110,"column":34},"end":{"line":115,"column":1}},"line":110}},"branchMap":{"0":{"loc":{"start":{"line":74,"column":4},"end":{"line":79,"column":5}},"type":"if","locations":[{"start":{"line":74,"column":4},"end":{"line":79,"column":5}},{"start":{"line":74,"column":4},"end":{"line":79,"column":5}}],"line":74},"1":{"loc":{"start":{"line":74,"column":8},"end":{"line":74,"column":58}},"type":"binary-expr","locations":[{"start":{"line":74,"column":8},"end":{"line":74,"column":23}},{"start":{"line":74,"column":28},"end":{"line":74,"column":57}}],"line":74}},"s":{"0":1,"1":0,"2":0,"3":0,"4":0,"5":0,"6":0,"7":0,"8":0,"9":0,"10":0,"11":0,"12":0,"13":1,"14":1,"15":1,"16":0,"17":1},"f":{"0":0,"1":0,"2":0,"3":0,"4":0},"b":{"0":[0,0],"1":[0,0]},"_coverageSchema":"332fd63041d2c1bcb487cc26dd0d5f7d97098a6c","hash":"ffd241bb5fcdf67621573db1bb01acc40a845a1c"}
,"/Users/andeladeveloper/Documents/backhellobooks-copy/client/src/components/books/bookForm.jsx": {"path":"/Users/andeladeveloper/Documents/backhellobooks-copy/client/src/components/books/bookForm.jsx","statementMap":{"0":{"start":{"line":4,"column":18},"end":{"line":11,"column":1}},"1":{"start":{"line":12,"column":17},"end":{"line":139,"column":1}},"2":{"start":{"line":13,"column":17},"end":{"line":13,"column":49}},"3":{"start":{"line":14,"column":2},"end":{"line":138,"column":4}},"4":{"start":{"line":36,"column":22},"end":{"line":36,"column":116}},"5":{"start":{"line":141,"column":0},"end":{"line":141,"column":31}}},"fnMap":{"0":{"name":"(anonymous_0)","decl":{"start":{"line":12,"column":17},"end":{"line":12,"column":18}},"loc":{"start":{"line":12,"column":28},"end":{"line":139,"column":1}},"line":12},"1":{"name":"(anonymous_1)","decl":{"start":{"line":35,"column":41},"end":{"line":35,"column":42}},"loc":{"start":{"line":36,"column":22},"end":{"line":36,"column":116}},"line":36}},"branchMap":{"0":{"loc":{"start":{"line":13,"column":17},"end":{"line":13,"column":49}},"type":"cond-expr","locations":[{"start":{"line":13,"column":32},"end":{"line":13,"column":44}},{"start":{"line":13,"column":47},"end":{"line":13,"column":49}}],"line":13},"1":{"loc":{"start":{"line":34,"column":20},"end":{"line":37,"column":80}},"type":"cond-expr","locations":[{"start":{"line":35,"column":20},"end":{"line":37,"column":22}},{"start":{"line":37,"column":25},"end":{"line":37,"column":80}}],"line":34},"2":{"loc":{"start":{"line":34,"column":20},"end":{"line":34,"column":45}},"type":"binary-expr","locations":[{"start":{"line":34,"column":20},"end":{"line":34,"column":25}},{"start":{"line":34,"column":29},"end":{"line":34,"column":45}}],"line":34},"3":{"loc":{"start":{"line":36,"column":45},"end":{"line":36,"column":65}},"type":"binary-expr","locations":[{"start":{"line":36,"column":45},"end":{"line":36,"column":59}},{"start":{"line":36,"column":63},"end":{"line":36,"column":65}}],"line":36},"4":{"loc":{"start":{"line":36,"column":86},"end":{"line":36,"column":106}},"type":"binary-expr","locations":[{"start":{"line":36,"column":86},"end":{"line":36,"column":100}},{"start":{"line":36,"column":104},"end":{"line":36,"column":106}}],"line":36},"5":{"loc":{"start":{"line":41,"column":15},"end":{"line":41,"column":83}},"type":"binary-expr","locations":[{"start":{"line":41,"column":15},"end":{"line":41,"column":30}},{"start":{"line":41,"column":34},"end":{"line":41,"column":83}}],"line":41},"6":{"loc":{"start":{"line":51,"column":15},"end":{"line":51,"column":79}},"type":"binary-expr","locations":[{"start":{"line":51,"column":15},"end":{"line":51,"column":28}},{"start":{"line":51,"column":32},"end":{"line":51,"column":79}}],"line":51},"7":{"loc":{"start":{"line":61,"column":15},"end":{"line":61,"column":75}},"type":"binary-expr","locations":[{"start":{"line":61,"column":15},"end":{"line":61,"column":26}},{"start":{"line":61,"column":30},"end":{"line":61,"column":75}}],"line":61},"8":{"loc":{"start":{"line":73,"column":19},"end":{"line":73,"column":72}},"type":"binary-expr","locations":[{"start":{"line":73,"column":19},"end":{"line":73,"column":44}},{"start":{"line":73,"column":48},"end":{"line":73,"column":72}}],"line":73},"9":{"loc":{"start":{"line":75,"column":19},"end":{"line":75,"column":75}},"type":"binary-expr","locations":[{"start":{"line":75,"column":19},"end":{"line":75,"column":44}},{"start":{"line":75,"column":48},"end":{"line":75,"column":75}}],"line":75},"10":{"loc":{"start":{"line":79,"column":15},"end":{"line":79,"column":77}},"type":"binary-expr","locations":[{"start":{"line":79,"column":15},"end":{"line":79,"column":27}},{"start":{"line":79,"column":31},"end":{"line":79,"column":77}}],"line":79},"11":{"loc":{"start":{"line":90,"column":11},"end":{"line":90,"column":85}},"type":"binary-expr","locations":[{"start":{"line":90,"column":11},"end":{"line":90,"column":29}},{"start":{"line":90,"column":33},"end":{"line":90,"column":85}}],"line":90},"12":{"loc":{"start":{"line":100,"column":11},"end":{"line":100,"column":77}},"type":"binary-expr","locations":[{"start":{"line":100,"column":11},"end":{"line":100,"column":25}},{"start":{"line":100,"column":29},"end":{"line":100,"column":77}}],"line":100},"13":{"loc":{"start":{"line":110,"column":11},"end":{"line":110,"column":81}},"type":"binary-expr","locations":[{"start":{"line":110,"column":11},"end":{"line":110,"column":27}},{"start":{"line":110,"column":31},"end":{"line":110,"column":81}}],"line":110},"14":{"loc":{"start":{"line":120,"column":11},"end":{"line":120,"column":71}},"type":"binary-expr","locations":[{"start":{"line":120,"column":11},"end":{"line":120,"column":22}},{"start":{"line":120,"column":26},"end":{"line":120,"column":71}}],"line":120},"15":{"loc":{"start":{"line":131,"column":11},"end":{"line":131,"column":79}},"type":"binary-expr","locations":[{"start":{"line":131,"column":11},"end":{"line":131,"column":26}},{"start":{"line":131,"column":30},"end":{"line":131,"column":79}}],"line":131}},"s":{"0":1,"1":1,"2":0,"3":0,"4":0,"5":1},"f":{"0":0,"1":0},"b":{"0":[0,0],"1":[0,0],"2":[0,0],"3":[0,0],"4":[0,0],"5":[0,0],"6":[0,0],"7":[0,0],"8":[0,0],"9":[0,0],"10":[0,0],"11":[0,0],"12":[0,0],"13":[0,0],"14":[0,0],"15":[0,0]},"_coverageSchema":"332fd63041d2c1bcb487cc26dd0d5f7d97098a6c","hash":"a982acfc0ea0a0db3f2f48e02e0f194839b991c4"}
,"/Users/andeladeveloper/Documents/backhellobooks-copy/client/src/components/books/bookcat.jsx": {"path":"/Users/andeladeveloper/Documents/backhellobooks-copy/client/src/components/books/bookcat.jsx","statementMap":{"0":{"start":{"line":13,"column":18},"end":{"line":19,"column":1}},"1":{"start":{"line":34,"column":4},"end":{"line":34,"column":17}},"2":{"start":{"line":35,"column":4},"end":{"line":44,"column":6}},"3":{"start":{"line":45,"column":4},"end":{"line":45,"column":48}},"4":{"start":{"line":46,"column":4},"end":{"line":46,"column":40}},"5":{"start":{"line":47,"column":4},"end":{"line":47,"column":54}},"6":{"start":{"line":57,"column":4},"end":{"line":57,"column":36}},"7":{"start":{"line":58,"column":4},"end":{"line":58,"column":60}},"8":{"start":{"line":68,"column":4},"end":{"line":70,"column":5}},"9":{"start":{"line":69,"column":6},"end":{"line":69,"column":60}},"10":{"start":{"line":80,"column":18},"end":{"line":80,"column":47}},"11":{"start":{"line":81,"column":4},"end":{"line":96,"column":6}},"12":{"start":{"line":100,"column":0},"end":{"line":100,"column":30}},"13":{"start":{"line":102,"column":0},"end":{"line":104,"column":2}},"14":{"start":{"line":106,"column":24},"end":{"line":110,"column":2}},"15":{"start":{"line":106,"column":34},"end":{"line":110,"column":1}},"16":{"start":{"line":112,"column":27},"end":{"line":112,"column":56}}},"fnMap":{"0":{"name":"(anonymous_0)","decl":{"start":{"line":33,"column":2},"end":{"line":33,"column":3}},"loc":{"start":{"line":33,"column":21},"end":{"line":48,"column":3}},"line":33},"1":{"name":"(anonymous_1)","decl":{"start":{"line":56,"column":2},"end":{"line":56,"column":3}},"loc":{"start":{"line":56,"column":22},"end":{"line":59,"column":3}},"line":56},"2":{"name":"(anonymous_2)","decl":{"start":{"line":67,"column":2},"end":{"line":67,"column":3}},"loc":{"start":{"line":67,"column":39},"end":{"line":71,"column":3}},"line":67},"3":{"name":"(anonymous_3)","decl":{"start":{"line":79,"column":2},"end":{"line":79,"column":3}},"loc":{"start":{"line":79,"column":11},"end":{"line":97,"column":3}},"line":79},"4":{"name":"(anonymous_4)","decl":{"start":{"line":106,"column":24},"end":{"line":106,"column":25}},"loc":{"start":{"line":106,"column":34},"end":{"line":110,"column":1}},"line":106}},"branchMap":{"0":{"loc":{"start":{"line":68,"column":4},"end":{"line":70,"column":5}},"type":"if","locations":[{"start":{"line":68,"column":4},"end":{"line":70,"column":5}},{"start":{"line":68,"column":4},"end":{"line":70,"column":5}}],"line":68}},"s":{"0":1,"1":0,"2":0,"3":0,"4":0,"5":0,"6":0,"7":0,"8":0,"9":0,"10":0,"11":0,"12":1,"13":1,"14":1,"15":0,"16":1},"f":{"0":0,"1":0,"2":0,"3":0,"4":0},"b":{"0":[0,0]},"_coverageSchema":"332fd63041d2c1bcb487cc26dd0d5f7d97098a6c","hash":"7c69c8e0c31b667b82c4384ca25deb5a15e0df8e"}
,"/Users/andeladeveloper/Documents/backhellobooks-copy/client/src/components/books/booksList.jsx": {"path":"/Users/andeladeveloper/Documents/backhellobooks-copy/client/src/components/books/booksList.jsx","statementMap":{"0":{"start":{"line":11,"column":18},"end":{"line":21,"column":1}},"1":{"start":{"line":22,"column":17},"end":{"line":94,"column":1}},"2":{"start":{"line":23,"column":16},"end":{"line":23,"column":60}},"3":{"start":{"line":26,"column":4},"end":{"line":35,"column":37}},"4":{"start":{"line":38,"column":16},"end":{"line":58,"column":34}},"5":{"start":{"line":40,"column":6},"end":{"line":56,"column":12}},"6":{"start":{"line":60,"column":2},"end":{"line":93,"column":4}},"7":{"start":{"line":96,"column":0},"end":{"line":96,"column":31}}},"fnMap":{"0":{"name":"(anonymous_0)","decl":{"start":{"line":22,"column":17},"end":{"line":22,"column":18}},"loc":{"start":{"line":22,"column":28},"end":{"line":94,"column":1}},"line":22},"1":{"name":"(anonymous_1)","decl":{"start":{"line":39,"column":20},"end":{"line":39,"column":21}},"loc":{"start":{"line":40,"column":6},"end":{"line":56,"column":12}},"line":40}},"branchMap":{"0":{"loc":{"start":{"line":23,"column":16},"end":{"line":23,"column":60}},"type":"cond-expr","locations":[{"start":{"line":23,"column":30},"end":{"line":23,"column":41}},{"start":{"line":23,"column":44},"end":{"line":23,"column":60}}],"line":23},"1":{"loc":{"start":{"line":27,"column":17},"end":{"line":27,"column":62}},"type":"cond-expr","locations":[{"start":{"line":27,"column":44},"end":{"line":27,"column":52}},{"start":{"line":27,"column":55},"end":{"line":27,"column":62}}],"line":27},"2":{"loc":{"start":{"line":38,"column":16},"end":{"line":58,"column":34}},"type":"cond-expr","locations":[{"start":{"line":39,"column":4},"end":{"line":58,"column":6}},{"start":{"line":58,"column":9},"end":{"line":58,"column":34}}],"line":38},"3":{"loc":{"start":{"line":38,"column":16},"end":{"line":38,"column":49}},"type":"binary-expr","locations":[{"start":{"line":38,"column":16},"end":{"line":38,"column":27}},{"start":{"line":38,"column":31},"end":{"line":38,"column":49}}],"line":38}},"s":{"0":1,"1":1,"2":0,"3":0,"4":0,"5":0,"6":0,"7":1},"f":{"0":0,"1":0},"b":{"0":[0,0],"1":[0,0],"2":[0,0],"3":[0,0]},"_coverageSchema":"332fd63041d2c1bcb487cc26dd0d5f7d97098a6c","hash":"a119a4b77eb5ebe30108993e6e79c21aa820e727"}
,"/Users/andeladeveloper/Documents/backhellobooks-copy/client/src/components/books/categoryForm.jsx": {"path":"/Users/andeladeveloper/Documents/backhellobooks-copy/client/src/components/books/categoryForm.jsx","statementMap":{"0":{"start":{"line":4,"column":18},"end":{"line":9,"column":1}},"1":{"start":{"line":10,"column":21},"end":{"line":37,"column":1}},"2":{"start":{"line":11,"column":17},"end":{"line":11,"column":49}},"3":{"start":{"line":12,"column":2},"end":{"line":36,"column":4}},"4":{"start":{"line":39,"column":0},"end":{"line":39,"column":35}}},"fnMap":{"0":{"name":"(anonymous_0)","decl":{"start":{"line":10,"column":21},"end":{"line":10,"column":22}},"loc":{"start":{"line":10,"column":32},"end":{"line":37,"column":1}},"line":10}},"branchMap":{"0":{"loc":{"start":{"line":11,"column":17},"end":{"line":11,"column":49}},"type":"cond-expr","locations":[{"start":{"line":11,"column":32},"end":{"line":11,"column":44}},{"start":{"line":11,"column":47},"end":{"line":11,"column":49}}],"line":11},"1":{"loc":{"start":{"line":14,"column":8},"end":{"line":14,"column":78}},"type":"binary-expr","locations":[{"start":{"line":14,"column":8},"end":{"line":14,"column":19}},{"start":{"line":14,"column":23},"end":{"line":14,"column":78}}],"line":14},"2":{"loc":{"start":{"line":23,"column":23},"end":{"line":23,"column":53}},"type":"binary-expr","locations":[{"start":{"line":23,"column":23},"end":{"line":23,"column":47}},{"start":{"line":23,"column":51},"end":{"line":23,"column":53}}],"line":23}},"s":{"0":1,"1":1,"2":0,"3":0,"4":1},"f":{"0":0},"b":{"0":[0,0],"1":[0,0],"2":[0,0]},"_coverageSchema":"332fd63041d2c1bcb487cc26dd0d5f7d97098a6c","hash":"88c3ee75a2c95c9900bfd6e44f5216f1010d91c1"}
,"/Users/andeladeveloper/Documents/backhellobooks-copy/client/src/components/books/commonActions.jsx": {"path":"/Users/andeladeveloper/Documents/backhellobooks-copy/client/src/components/books/commonActions.jsx","statementMap":{"0":{"start":{"line":11,"column":2},"end":{"line":11,"column":61}},"1":{"start":{"line":20,"column":2},"end":{"line":35,"column":7}},"2":{"start":{"line":29,"column":6},"end":{"line":34,"column":9}},"3":{"start":{"line":39,"column":16},"end":{"line":39,"column":29}},"4":{"start":{"line":40,"column":2},"end":{"line":40,"column":30}},"5":{"start":{"line":50,"column":30},"end":{"line":50,"column":54}},"6":{"start":{"line":51,"column":2},"end":{"line":54,"column":3}},"7":{"start":{"line":52,"column":4},"end":{"line":52,"column":30}},"8":{"start":{"line":53,"column":4},"end":{"line":53,"column":11}},"9":{"start":{"line":55,"column":2},"end":{"line":55,"column":17}},"10":{"start":{"line":66,"column":2},"end":{"line":66,"column":25}},"11":{"start":{"line":67,"column":2},"end":{"line":69,"column":3}},"12":{"start":{"line":68,"column":4},"end":{"line":68,"column":57}},"13":{"start":{"line":73,"column":16},"end":{"line":73,"column":33}},"14":{"start":{"line":74,"column":2},"end":{"line":74,"column":34}},"15":{"start":{"line":84,"column":30},"end":{"line":84,"column":70}},"16":{"start":{"line":85,"column":2},"end":{"line":88,"column":3}},"17":{"start":{"line":86,"column":4},"end":{"line":86,"column":30}},"18":{"start":{"line":87,"column":4},"end":{"line":87,"column":11}},"19":{"start":{"line":89,"column":2},"end":{"line":89,"column":17}},"20":{"start":{"line":98,"column":2},"end":{"line":98,"column":25}},"21":{"start":{"line":99,"column":2},"end":{"line":101,"column":3}},"22":{"start":{"line":100,"column":4},"end":{"line":100,"column":63}},"23":{"start":{"line":110,"column":2},"end":{"line":110,"column":39}},"24":{"start":{"line":111,"column":17},"end":{"line":111,"column":52}},"25":{"start":{"line":112,"column":2},"end":{"line":112,"column":53}},"26":{"start":{"line":121,"column":2},"end":{"line":121,"column":25}},"27":{"start":{"line":122,"column":2},"end":{"line":122,"column":110}},"28":{"start":{"line":131,"column":2},"end":{"line":131,"column":25}},"29":{"start":{"line":132,"column":2},"end":{"line":132,"column":120}}},"fnMap":{"0":{"name":"onChange","decl":{"start":{"line":10,"column":16},"end":{"line":10,"column":24}},"loc":{"start":{"line":10,"column":32},"end":{"line":12,"column":1}},"line":10},"1":{"name":"openUploadWidget","decl":{"start":{"line":19,"column":16},"end":{"line":19,"column":32}},"loc":{"start":{"line":19,"column":35},"end":{"line":36,"column":1}},"line":19},"2":{"name":"(anonymous_2)","decl":{"start":{"line":28,"column":4},"end":{"line":28,"column":5}},"loc":{"start":{"line":28,"column":23},"end":{"line":35,"column":5}},"line":28},"3":{"name":"openAddBookModal","decl":{"start":{"line":38,"column":16},"end":{"line":38,"column":32}},"loc":{"start":{"line":38,"column":35},"end":{"line":41,"column":1}},"line":38},"4":{"name":"isBookValid","decl":{"start":{"line":49,"column":16},"end":{"line":49,"column":27}},"loc":{"start":{"line":49,"column":30},"end":{"line":56,"column":1}},"line":49},"5":{"name":"onAddBook","decl":{"start":{"line":65,"column":16},"end":{"line":65,"column":25}},"loc":{"start":{"line":65,"column":33},"end":{"line":70,"column":1}},"line":65},"6":{"name":"openAddCategoryModal","decl":{"start":{"line":72,"column":16},"end":{"line":72,"column":36}},"loc":{"start":{"line":72,"column":39},"end":{"line":75,"column":1}},"line":72},"7":{"name":"isCategoryValid","decl":{"start":{"line":83,"column":16},"end":{"line":83,"column":31}},"loc":{"start":{"line":83,"column":34},"end":{"line":90,"column":1}},"line":83},"8":{"name":"onSaveCategory","decl":{"start":{"line":97,"column":16},"end":{"line":97,"column":30}},"loc":{"start":{"line":97,"column":38},"end":{"line":102,"column":1}},"line":97},"9":{"name":"handleSelect","decl":{"start":{"line":109,"column":16},"end":{"line":109,"column":28}},"loc":{"start":{"line":109,"column":36},"end":{"line":113,"column":1}},"line":109},"10":{"name":"searchBooks","decl":{"start":{"line":120,"column":16},"end":{"line":120,"column":27}},"loc":{"start":{"line":120,"column":35},"end":{"line":123,"column":1}},"line":120},"11":{"name":"searchBookByCategory","decl":{"start":{"line":130,"column":16},"end":{"line":130,"column":36}},"loc":{"start":{"line":130,"column":44},"end":{"line":133,"column":1}},"line":130}},"branchMap":{"0":{"loc":{"start":{"line":51,"column":2},"end":{"line":54,"column":3}},"type":"if","locations":[{"start":{"line":51,"column":2},"end":{"line":54,"column":3}},{"start":{"line":51,"column":2},"end":{"line":54,"column":3}}],"line":51},"1":{"loc":{"start":{"line":67,"column":2},"end":{"line":69,"column":3}},"type":"if","locations":[{"start":{"line":67,"column":2},"end":{"line":69,"column":3}},{"start":{"line":67,"column":2},"end":{"line":69,"column":3}}],"line":67},"2":{"loc":{"start":{"line":85,"column":2},"end":{"line":88,"column":3}},"type":"if","locations":[{"start":{"line":85,"column":2},"end":{"line":88,"column":3}},{"start":{"line":85,"column":2},"end":{"line":88,"column":3}}],"line":85},"3":{"loc":{"start":{"line":99,"column":2},"end":{"line":101,"column":3}},"type":"if","locations":[{"start":{"line":99,"column":2},"end":{"line":101,"column":3}},{"start":{"line":99,"column":2},"end":{"line":101,"column":3}}],"line":99}},"s":{"0":0,"1":0,"2":0,"3":0,"4":0,"5":0,"6":0,"7":0,"8":0,"9":0,"10":0,"11":0,"12":0,"13":0,"14":0,"15":0,"16":0,"17":0,"18":0,"19":0,"20":0,"21":0,"22":0,"23":0,"24":0,"25":0,"26":0,"27":0,"28":0,"29":0},"f":{"0":0,"1":0,"2":0,"3":0,"4":0,"5":0,"6":0,"7":0,"8":0,"9":0,"10":0,"11":0},"b":{"0":[0,0],"1":[0,0],"2":[0,0],"3":[0,0]},"_coverageSchema":"332fd63041d2c1bcb487cc26dd0d5f7d97098a6c","hash":"deac561fabbb9f75eb78bc6246d90e7e3b535f50"}
,"/Users/andeladeveloper/Documents/backhellobooks-copy/client/src/components/books/getbook.jsx": {"path":"/Users/andeladeveloper/Documents/backhellobooks-copy/client/src/components/books/getbook.jsx","statementMap":{"0":{"start":{"line":14,"column":18},"end":{"line":24,"column":1}},"1":{"start":{"line":38,"column":4},"end":{"line":38,"column":17}},"2":{"start":{"line":39,"column":4},"end":{"line":51,"column":6}},"3":{"start":{"line":52,"column":4},"end":{"line":52,"column":49}},"4":{"start":{"line":53,"column":4},"end":{"line":53,"column":53}},"5":{"start":{"line":54,"column":4},"end":{"line":54,"column":63}},"6":{"start":{"line":55,"column":4},"end":{"line":55,"column":45}},"7":{"start":{"line":56,"column":4},"end":{"line":56,"column":48}},"8":{"start":{"line":57,"column":4},"end":{"line":57,"column":40}},"9":{"start":{"line":58,"column":4},"end":{"line":58,"column":56}},"10":{"start":{"line":67,"column":19},"end":{"line":67,"column":45}},"11":{"start":{"line":68,"column":4},"end":{"line":68,"column":35}},"12":{"start":{"line":78,"column":4},"end":{"line":78,"column":34}},"13":{"start":{"line":79,"column":4},"end":{"line":94,"column":5}},"14":{"start":{"line":80,"column":6},"end":{"line":93,"column":9}},"15":{"start":{"line":104,"column":4},"end":{"line":104,"column":62}},"16":{"start":{"line":113,"column":4},"end":{"line":113,"column":27}},"17":{"start":{"line":114,"column":4},"end":{"line":114,"column":66}},"18":{"start":{"line":123,"column":18},"end":{"line":123,"column":32}},"19":{"start":{"line":124,"column":4},"end":{"line":124,"column":33}},"20":{"start":{"line":125,"column":4},"end":{"line":137,"column":7}},"21":{"start":{"line":142,"column":4},"end":{"line":153,"column":9}},"22":{"start":{"line":149,"column":8},"end":{"line":152,"column":9}},"23":{"start":{"line":150,"column":10},"end":{"line":150,"column":60}},"24":{"start":{"line":151,"column":10},"end":{"line":151,"column":68}},"25":{"start":{"line":163,"column":4},"end":{"line":177,"column":6}},"26":{"start":{"line":181,"column":0},"end":{"line":181,"column":30}},"27":{"start":{"line":183,"column":0},"end":{"line":185,"column":2}},"28":{"start":{"line":187,"column":24},"end":{"line":191,"column":2}},"29":{"start":{"line":187,"column":34},"end":{"line":191,"column":1}}},"fnMap":{"0":{"name":"(anonymous_0)","decl":{"start":{"line":37,"column":2},"end":{"line":37,"column":3}},"loc":{"start":{"line":37,"column":21},"end":{"line":59,"column":3}},"line":37},"1":{"name":"(anonymous_1)","decl":{"start":{"line":66,"col
[...]
,"/Users/andeladeveloper/Documents/backhellobooks-copy/client/src/reducers/auth.js": {"path":"/Users/andeladeveloper/Documents/backhellobooks-copy/client/src/reducers/auth.js","statementMap":{"0":{"start":{"line":6,"column":2},"end":{"line":68,"column":3}},"1":{"start":{"line":8,"column":4},"end":{"line":11,"column":6}},"2":{"start":{"line":13,"column":4},"end":{"line":15,"column":6}},"3":{"start":{"line":18,"column":4},"end":{"line":20,"column":6}},"4":{"start":{"line":23,"column":4},"end":{"line":25,"column":6}},"5":{"start":{"line":27,"column":4},"end":{"line":29,"column":6}},"6":{"start":{"line":32,"column":4},"end":{"line":34,"column":6}},"7":{"start":{"line":37,"column":4},"end":{"line":40,"column":6}},"8":{"start":{"line":43,"column":4},"end":{"line":46,"column":6}},"9":{"start":{"line":49,"column":4},"end":{"line":52,"column":6}},"10":{"start":{"line":55,"column":4},"end":{"line":58,"column":6}},"11":{"start":{"line":61,"column":4},"end":{"line":65,"column":9}},"12":{"start":{"line":67,"column":11},"end":{"line":67,"column":24}}},"fnMap":{"0":{"name":"(anonymous_0)","decl":{"start":{"line":5,"column":15},"end":{"line":5,"column":16}},"loc":{"start":{"line":5,"column":95},"end":{"line":69,"column":1}},"line":5}},"branchMap":{"0":{"loc":{"start":{"line":5,"column":16},"end":{"line":5,"column":77}},"type":"default-arg","locations":[{"start":{"line":5,"column":24},"end":{"line":5,"column":77}}],"line":5},"1":{"loc":{"start":{"line":5,"column":79},"end":{"line":5,"column":90}},"type":"default-arg","locations":[{"start":{"line":5,"column":88},"end":{"line":5,"column":90}}],"line":5},"2":{"loc":{"start":{"line":6,"column":2},"end":{"line":68,"column":3}},"type":"switch","locations":[{"start":{"line":7,"column":2},"end":{"line":11,"column":6}},{"start":{"line":12,"column":2},"end":{"line":15,"column":6}},{"start":{"line":17,"column":2},"end":{"line":20,"column":6}},{"start":{"line":22,"column":2},"end":{"line":25,"column":6}},{"start":{"line":26,"column":2},"end":{"line":29,"column":6}},{"start":{"line":31,"column":2},"end":{"line":34,"column":6}},{"start":{"line":36,"column":2},"end":{"line":40,"column":6}},{"start":{"line":42,"column":2},"end":{"line":46,"column":6}},{"start":{"line":48,"column":2},"end":{"line":52,"column":6}},{"start":{"line":54,"column":2},"end":{"line":58,"column":6}},{"start":{"line":60,"column":2},"end":{"line":65,"column":9}},{"start":{"line":67,"column":2},"end":{"line":67,"column":24}}],"line":6}},"s":{"0":3,"1":0,"2":0,"3":0,"4":0,"5":0,"6":0,"7":0,"8":0,"9":0,"10":0,"11":0,"12":3},"f":{"0":3},"b":{"0":[3],"1":[0],"2":[0,0,0,0,0,0,0,0,0,0,0,3]},"_coverageSchema":"332fd63041d2c1bcb487cc26dd0d5f7d97098a6c","hash":"60c0a7d8aacd613621a9a49ff82510faa4317459"}
,"/Users/andeladeveloper/Documents/backhellobooks-copy/client/src/reducers/book.js": {"path":"/Users/andeladeveloper/Documents/backhellobooks-copy/client/src/reducers/book.js","statementMap":{"0":{"start":{"line":4,"column":2},"end":{"line":18,"column":3}},"1":{"start":{"line":6,"column":4},"end":{"line":9,"column":6}},"2":{"start":{"line":12,"column":4},"end":{"line":15,"column":6}},"3":{"start":{"line":17,"column":11},"end":{"line":17,"column":24}}},"fnMap":{"0":{"name":"(anonymous_0)","decl":{"start":{"line":3,"column":15},"end":{"line":3,"column":16}},"loc":{"start":{"line":3,"column":96},"end":{"line":19,"column":1}},"line":3}},"branchMap":{"0":{"loc":{"start":{"line":3,"column":16},"end":{"line":3,"column":67}},"type":"default-arg","locations":[{"start":{"line":3,"column":24},"end":{"line":3,"column":67}}],"line":3},"1":{"loc":{"start":{"line":3,"column":69},"end":{"line":3,"column":80}},"type":"default-arg","locations":[{"start":{"line":3,"column":78},"end":{"line":3,"column":80}}],"line":3},"2":{"loc":{"start":{"line":3,"column":82},"end":{"line":3,"column":91}},"type":"default-arg","locations":[{"start":{"line":3,"column":89},"end":{"line":3,"column":91}}],"line":3},"3":{"loc":{"start":{"line":4,"column":2},"end":{"line":18,"column":3}},"type":"switch","locations":[{"start":{"line":5,"column":2},"end":{"line":9,"column":6}},{"start":{"line":11,"column":2},"end":{"line":15,"column":6}},{"start":{"line":17,"column":2},"end":{"line":17,"column":24}}],"line":4}},"s":{"0":3,"1":0,"2":0,"3":3},"f":{"0":3},"b":{"0":[3],"1":[0],"2":[3],"3":[0,0,3]},"_coverageSchema":"332fd63041d2c1bcb487cc26dd0d5f7d97098a6c","hash":"3f4b1691efd7838b1914cc27fc887e865ce4996b"}
,"/Users/andeladeveloper/Documents/backhellobooks-copy/client/src/reducers/books.js": {"path":"/Users/andeladeveloper/Documents/backhellobooks-copy/client/src/reducers/books.js","statementMap":{"0":{"start":{"line":4,"column":2},"end":{"line":68,"column":3}},"1":{"start":{"line":6,"column":4},"end":{"line":8,"column":6}},"2":{"start":{"line":11,"column":4},"end":{"line":13,"column":6}},"3":{"start":{"line":16,"column":4},"end":{"line":19,"column":6}},"4":{"start":{"line":22,"column":4},"end":{"line":26,"column":6}},"5":{"start":{"line":28,"column":4},"end":{"line":30,"column":6}},"6":{"start":{"line":33,"column":4},"end":{"line":36,"column":6}},"7":{"start":{"line":38,"column":4},"end":{"line":41,"column":6}},"8":{"start":{"line":44,"column":4},"end":{"line":46,"column":6}},"9":{"start":{"line":49,"column":4},"end":{"line":52,"column":6}},"10":{"start":{"line":55,"column":4},"end":{"line":58,"column":6}},"11":{"start":{"line":61,"column":4},"end":{"line":65,"column":9}},"12":{"start":{"line":67,"column":11},"end":{"line":67,"column":24}}},"fnMap":{"0":{"name":"(anonymous_0)","decl":{"start":{"line":3,"column":15},"end":{"line":3,"column":16}},"loc":{"start":{"line":3,"column":113},"end":{"line":69,"column":1}},"line":3}},"branchMap":{"0":{"loc":{"start":{"line":3,"column":16},"end":{"line":3,"column":83}},"type":"default-arg","locations":[{"start":{"line":3,"column":24},"end":{"line":3,"column":83}}],"line":3},"1":{"loc":{"start":{"line":3,"column":85},"end":{"line":3,"column":96}},"type":"default-arg","locations":[{"start":{"line":3,"column":94},"end":{"line":3,"column":96}}],"line":3},"2":{"loc":{"start":{"line":3,"column":98},"end":{"line":3,"column":108}},"type":"default-arg","locations":[{"start":{"line":3,"column":106},"end":{"line":3,"column":108}}],"line":3},"3":{"loc":{"start":{"line":4,"column":2},"end":{"line":68,"column":3}},"type":"switch","locations":[{"start":{"line":5,"column":2},"end":{"line":8,"column":6}},{"start":{"line":10,"column":2},"end":{"line":13,"column":6}},{"start":{"line":15,"column":2},"end":{"line":19,"column":6}},{"start":{"line":21,"column":2},"end":{"line":26,"column":6}},{"start":{"line":27,"column":2},"end":{"line":30,"column":6}},{"start":{"line":32,"column":2},"end":{"line":36,"column":6}},{"start":{"line":37,"column":2},"end":{"line":41,"column":6}},{"start":{"line":43,"column":2},"end":{"line":46,"column":6}},{"start":{"line":48,"column":2},"end":{"line":52,"column":6}},{"start":{"line":54,"column":2},"end":{"line":58,"column":6}},{"start":{"line":60,"column":2},"end":{"line":65,"column":9}},{"start":{"line":67,"column":2},"end":{"line":67,"column":24}}],"line":4}},"s":{"0":3,"1":0,"2":0,"3":0,"4":0,"5":0,"6":0,"7":0,"8":0,"9":0,"10":0,"11":0,"12":3},"f":{"0":3},"b":{"0":[3],"1":[0],"2":[3],"3":[0,0,0,0,0,0,0,0,0,0,0,3]},"_coverageSchema":"332fd63041d2c1bcb487cc26dd0d5f7d97098a6c","hash":"3f4fdb53d3049fd73bb4edd11e3a71e14fd10758"}
,"/Users/andeladeveloper/Documents/backhellobooks-copy/client/src/reducers/booksCategory.js": {"path":"/Users/andeladeveloper/Documents/backhellobooks-copy/client/src/reducers/booksCategory.js","statementMap":{"0":{"start":{"line":4,"column":2},"end":{"line":14,"column":3}},"1":{"start":{"line":6,"column":4},"end":{"line":10,"column":6}},"2":{"start":{"line":12,"column":4},"end":{"line":12,"column":17}},"3":{"start":{"line":13,"column":11},"end":{"line":13,"column":24}}},"fnMap":{"0":{"name":"(anonymous_0)","decl":{"start":{"line":3,"column":15},"end":{"line":3,"column":16}},"loc":{"start":{"line":3,"column":104},"end":{"line":15,"column":1}},"line":3}},"branchMap":{"0":{"loc":{"start":{"line":3,"column":16},"end":{"line":3,"column":86}},"type":"default-arg","locations":[{"start":{"line":3,"column":24},"end":{"line":3,"column":86}}],"line":3},"1":{"loc":{"start":{"line":3,"column":88},"end":{"line":3,"column":99}},"type":"default-arg","locations":[{"start":{"line":3,"column":97},"end":{"line":3,"column":99}}],"line":3},"2":{"loc":{"start":{"line":4,"column":2},"end":{"line":14,"column":3}},"type":"switch","locations":[{"start":{"line":5,"column":2},"end":{"line":12,"column":17}},{"start":{"line":13,"column":2},"end":{"line":13,"column":24}}],"line":4}},"s":{"0":3,"1":0,"2":0,"3":3},"f":{"0":3},"b":{"0":[3],"1":[0],"2":[0,3]},"_coverageSchema":"332fd63041d2c1bcb487cc26dd0d5f7d97098a6c","hash":"3ddd17292cd813a75bbd9d1baa5fa66f9731d633"}
,"/Users/andeladeveloper/Documents/backhellobooks-copy/client/src/reducers/borrowedBooks.js": {"path":"/Users/andeladeveloper/Documents/backhellobooks-copy/client/src/reducers/borrowedBooks.js","statementMap":{"0":{"start":{"line":5,"column":2},"end":{"line":58,"column":3}},"1":{"start":{"line":7,"column":4},"end":{"line":9,"column":6}},"2":{"start":{"line":11,"column":4},"end":{"line":17,"column":6}},"3":{"start":{"line":15,"column":10},"end":{"line":15,"column":36}},"4":{"start":{"line":20,"column":4},"end":{"line":23,"column":6}},"5":{"start":{"line":26,"column":4},"end":{"line":29,"column":6}},"6":{"start":{"line":32,"column":4},"end":{"line":36,"column":6}},"7":{"start":{"line":38,"column":4},"end":{"line":40,"column":6}},"8":{"start":{"line":42,"column":4},"end":{"line":47,"column":6}},"9":{"start":{"line":50,"column":4},"end":{"line":54,"column":6}},"10":{"start":{"line":56,"column":4},"end":{"line":56,"column":17}},"11":{"start":{"line":57,"column":11},"end":{"line":57,"column":24}}},"fnMap":{"0":{"name":"(anonymous_0)","decl":{"start":{"line":4,"column":15},"end":{"line":4,"column":16}},"loc":{"start":{"line":4,"column":120},"end":{"line":59,"column":1}},"line":4},"1":{"name":"(anonymous_1)","decl":{"start":{"line":14,"column":72},"end":{"line":14,"column":73}},"loc":{"start":{"line":15,"column":10},"end":{"line":15,"column":36}},"line":15}},"branchMap":{"0":{"loc":{"start":{"line":4,"column":16},"end":{"line":4,"column":102}},"type":"default-arg","locations":[{"start":{"line":4,"column":24},"end":{"line":4,"column":102}}],"line":4},"1":{"loc":{"start":{"line":4,"column":104},"end":{"line":4,"column":115}},"type":"default-arg","locations":[{"start":{"line":4,"column":113},"end":{"line":4,"column":115}}],"line":4},"2":{"loc":{"start":{"line":5,"column":2},"end":{"line":58,"column":3}},"type":"switch","locations":[{"start":{"line":6,"column":2},"end":{"line":9,"column":6}},{"start":{"line":10,"column":2},"end":{"line":17,"column":6}},{"start":{"line":19,"column":2},"end":{"line":23,"column":6}},{"start":{"line":25,"column":2},"end":{"line":29,"column":6}},{"start":{"line":31,"column":2},"end":{"line":36,"column":6}},{"start":{"line":37,"column":2},"end":{"line":40,"column":6}},{"start":{"line":41,"column":2},"end":{"line":47,"column":6}},{"start":{"line":49,"column":2},"end":{"line":56,"column":17}},{"start":{"line":57,"column":2},"end":{"line":57,"column":24}}],"line":5}},"s":{"0":3,"1":0,"2":0,"3":0,"4":0,"5":0,"6":0,"7":0,"8":0,"9":0,"10":0,"11":3},"f":{"0":3,"1":0},"b":{"0":[3],"1":[0],"2":[0,0,0,0,0,0,0,0,3]},"_coverageSchema":"332fd63041d2c1bcb487cc26dd0d5f7d97098a6c","hash":"3e2a774a43209c2a36021067861ca9f293a098ef"}
,"/Users/andeladeveloper/Documents/backhellobooks-copy/client/src/reducers/categories.js": {"path":"/Users/andeladeveloper/Documents/backhellobooks-copy/client/src/reducers/categories.js","statementMap":{"0":{"start":{"line":4,"column":2},"end":{"line":41,"column":3}},"1":{"start":{"line":6,"column":4},"end":{"line":8,"column":6}},"2":{"start":{"line":11,"column":4},"end":{"line":14,"column":6}},"3":{"start":{"line":17,"column":4},"end":{"line":21,"column":6}},"4":{"start":{"line":23,"column":4},"end":{"line":25,"column":6}},"5":{"start":{"line":28,"column":4},"end":{"line":32,"column":6}},"6":{"start":{"line":35,"column":4},"end":{"line":38,"column":5}},"7":{"start":{"line":40,"column":11},"end":{"line":40,"column":24}}},"fnMap":{"0":{"name":"(anonymous_0)","decl":{"start":{"line":3,"column":15},"end":{"line":3,"column":16}},"loc":{"start":{"line":3,"column":101},"end":{"line":42,"column":1}},"line":3}},"branchMap":{"0":{"loc":{"start":{"line":3,"column":16},"end":{"line":3,"column":83}},"type":"default-arg","locations":[{"start":{"line":3,"column":24},"end":{"line":3,"column":83}}],"line":3},"1":{"loc":{"start":{"line":3,"column":85},"end":{"line":3,"column":96}},"type":"default-arg","locations":[{"start":{"line":3,"column":94},"end":{"line":3,"column":96}}],"line":3},"2":{"loc":{"start":{"line":4,"column":2},"end":{"line":41,"column":3}},"type":"switch","locations":[{"start":{"line":5,"column":2},"end":{"line":8,"column":6}},{"start":{"line":10,"column":2},"end":{"line":14,"column":6}},{"start":{"line":16,"column":2},"end":{"line":21,"column":6}},{"start":{"line":22,"column":2},"end":{"line":25,"column":6}},{"start":{"line":27,"column":2},"end":{"line":32,"column":6}},{"start":{"line":34,"column":2},"end":{"line":38,"column":5}},{"start":{"line":40,"column":2},"end":{"line":40,"column":24}}],"line":4}},"s":{"0":3,"1":0,"2":0,"3":0,"4":0,"5":0,"6":0,"7":3},"f":{"0":3},"b":{"0":[3],"1":[0],"2":[0,0,0,0,0,0,3]},"_coverageSchema":"332fd63041d2c1bcb487cc26dd0d5f7d97098a6c","hash":"7cd2c8d6a53c7b38bd4061bb726a793e591bf8e3"}
,"/Users/andeladeveloper/Documents/backhellobooks-copy/client/src/reducers/rootReducer.js": {"path":"/Users/andeladeveloper/Documents/backhellobooks-copy/client/src/reducers/rootReducer.js","statementMap":{"0":{"start":{"line":9,"column":20},"end":{"line":11,"column":1}}},"fnMap":{},"branchMap":{},"s":{"0":1},"f":{},"b":{},"_coverageSchema":"332fd63041d2c1bcb487cc26dd0d5f7d97098a6c","hash":"5fe0b4114239f56aad3453fbcf3642e7ca0a56be"}
,"/Users/andeladeveloper/Documents/backhellobooks-copy/client/src/store/store.js": {"path":"/Users/andeladeveloper/Documents/backhellobooks-copy/client/src/store/store.js","statementMap":{"0":{"start":{"line":5,"column":14},"end":{"line":10,"column":1}},"1":{"start":{"line":8,"column":65},"end":{"line":8,"column":66}}},"fnMap":{"0":{"name":"(anonymous_0)","decl":{"start":{"line":8,"column":60},"end":{"line":8,"column":61}},"loc":{"start":{"line":8,"column":65},"end":{"line":8,"column":66}},"line":8}},"branchMap":{"0":{"loc":{"start":{"line":8,"column":4},"end":{"line":8,"column":66}},"type":"cond-expr","locations":[{"start":{"line":8,"column":31},"end":{"line":8,"column":57}},{"start":{"line":8,"column":60},"end":{"line":8,"column":66}}],"line":8}},"s":{"0":1,"1":1},"f":{"0":1},"b":{"0":[0,1]},"_coverageSchema":"332fd63041d2c1bcb487cc26dd0d5f7d97098a6c","hash":"77724a2ba7c35010d2b79692fd77b4784e430ab7"}
,"/Users/andeladeveloper/Documents/backhellobooks-copy/client/src/utils/setAuthorizationToken.js": {"path":"/Users/andeladeveloper/Documents/backhellobooks-copy/client/src/utils/setAuthorizationToken.js","statementMap":{"0":{"start":{"line":3,"column":30},"end":{"line":9,"column":1}},"1":{"start":{"line":4,"column":2},"end":{"line":8,"column":3}},"2":{"start":{"line":5,"column":4},"end":{"line":5,"column":60}},"3":{"start":{"line":7,"column":4},"end":{"line":7,"column":59}}},"fnMap":{"0":{"name":"(anonymous_0)","decl":{"start":{"line":3,"column":30},"end":{"line":3,"column":31}},"loc":{"start":{"line":3,"column":41},"end":{"line":9,"column":1}},"line":3}},"branchMap":{"0":{"loc":{"start":{"line":4,"column":2},"end":{"line":8,"column":3}},"type":"if","locations":[{"start":{"line":4,"column":2},"end":{"line":8,"column":3}},{"start":{"line":4,"column":2},"end":{"line":8,"column":3}}],"line":4}},"s":{"0":2,"1":2,"2":1,"3":1},"f":{"0":2},"b":{"0":[1,1]},"_coverageSchema":"332fd63041d2c1bcb487cc26dd0d5f7d97098a6c","hash":"ce1b191acd48f4892be806cbe83e0783d7c72ed1"}
,"/Users/andeladeveloper/Documents/backhellobooks-copy/client/test/jestsetup.js": {"path":"/Users/andeladeveloper/Documents/backhellobooks-copy/client/test/jestsetup.js","statementMap":{"0":{"start":{"line":5,"column":0},"end":{"line":5,"column":35}},"1":{"start":{"line":6,"column":0},"end":{"line":6,"column":38}}},"fnMap":{},"branchMap":{},"s":{"0":2,"1":2},"f":{},"b":{},"_coverageSchema":"332fd63041d2c1bcb487cc26dd0d5f7d97098a6c","hash":"8204515d3a9bb32b72f9a59cf3519659ad59aa91"}
,"/Users/andeladeveloper/Documents/backhellobooks-copy/client/test/mock/localStorage.js": {"path":"/Users/andeladeveloper/Documents/backhellobooks-copy/client/test/mock/localStorage.js","statementMap":{"0":{"start":{"line":13,"column":4},"end":{"line":13,"column":57}},"1":{"start":{"line":23,"column":4},"end":{"line":23,"column":29}},"2":{"start":{"line":33,"column":4},"end":{"line":33,"column":29}},"3":{"start":{"line":42,"column":4},"end":{"line":42,"column":22}}},"fnMap":{"0":{"name":"(anonymous_0)","decl":{"start":{"line":12,"column":2},"end":{"line":12,"column":3}},"loc":{"start":{"line":12,"column":29},"end":{"line":14,"column":3}},"line":12},"1":{"name":"(anonymous_1)","decl":{"start":{"line":22,"column":2},"end":{"line":22,"column":3}},"loc":{"start":{"line":22,"column":22},"end":{"line":24,"column":3}},"line":22},"2":{"name":"(anonymous_2)","decl":{"start":{"line":32,"column":2},"end":{"line":32,"column":3}},"loc":{"start":{"line":32,"column":25},"end":{"line":34,"column":3}},"line":32},"3":{"name":"(anonymous_3)","decl":{"start":{"line":41,"column":2},"end":{"line":41,"column":3}},"loc":{"start":{"line":41,"column":17},"end":{"line":43,"column":3}},"line":41}},"branchMap":{},"s":{"0":1,"1":0,"2":1,"3":0},"f":{"0":1,"1":0,"2":1,"3":0},"b":{},"_coverageSchema":"332fd63041d2c1bcb487cc26dd0d5f7d97098a6c","hash":"b2c49245afd6699b1c39e988ba6910971949e5a4"}
,"/Users/andeladeveloper/Documents/backhellobooks-copy/client/test/mock/user.js": {"path":"/Users/andeladeveloper/Documents/backhellobooks-copy/client/test/mock/user.js","statementMap":{"0":{"start":{"line":1,"column":24},"end":{"line":8,"column":1}},"1":{"start":{"line":9,"column":37},"end":{"line":11,"column":1}},"2":{"start":{"line":13,"column":37},"end":{"line":15,"column":1}},"3":{"start":{"line":17,"column":38},"end":{"line":19,"column":1}},"4":{"start":{"line":21,"column":38},"end":{"line":23,"column":1}},"5":{"start":{"line":24,"column":37},"end":{"line":26,"column":1}},"6":{"start":{"line":28,"column":39},"end":{"line":30,"column":1}}},"fnMap":{},"branchMap":{},"s":{"0":1,"1":1,"2":1,"3":1,"4":1,"5":1,"6":1},"f":{},"b":{},"_coverageSchema":"332fd63041d2c1bcb487cc26dd0d5f7d97098a6c","hash":"f59c24a959332403f45a6b583a3f01ca06c97d0d"}
}
