TN:
SF:/Users/andeladeveloper/Documents/backhellobooks-copy/client/src/actions/actionTypes.js
FNF:0
FNH:0
DA:1,2
DA:2,2
DA:3,2
DA:4,2
DA:5,2
DA:6,2
DA:7,2
DA:8,2
DA:9,2
DA:10,2
DA:11,2
DA:12,2
DA:13,2
DA:14,2
DA:15,2
DA:16,2
DA:17,2
DA:18,2
DA:19,2
DA:20,2
DA:21,2
DA:22,2
DA:23,2
DA:24,2
DA:25,2
DA:26,2
DA:27,2
DA:28,2
DA:29,2
DA:30,2
DA:31,2
DA:32,2
DA:33,2
DA:34,2
DA:35,2
DA:36,2
DA:37,2
DA:38,2
DA:39,2
DA:40,2
DA:41,2
DA:42,2
DA:43,2
DA:44,2
DA:45,2
DA:46,2
DA:47,2
LF:47
LH:47
BRF:0
BRH:0
end_of_record
TN:
SF:/Users/andeladeveloper/Documents/backhellobooks-copy/client/src/actions/authActions.js
FN:23,setCurrentUser
FN:35,setCurrentUserFails
FN:47,setNewUser
FN:61,setNewUserFails
FN:73,setPasswordChange
FN:85,setPasswordChangeFails
FN:97,setforgotPassword
FN:109,forgotPasswordFailure
FN:121,resetPasswordSuccess
FN:133,resetPasswordFailure
FN:145,logout
FN:146,(anonymous_11)
FN:161,login
FN:162,(anonymous_13)
FN:163,(anonymous_14)
FN:171,(anonymous_15)
FN:183,signup
FN:184,(anonymous_17)
FN:185,(anonymous_18)
FN:190,(anonymous_19)
FN:202,changePassword
FN:203,(anonymous_21)
FN:204,(anonymous_22)
FN:208,(anonymous_23)
FN:219,forgotPassword
FN:220,(anonymous_25)
FN:221,(anonymous_26)
FN:225,(anonymous_27)
FN:238,resetPassword
FN:239,(anonymous_29)
FN:240,(anonymous_30)
FN:245,(anonymous_31)
FNF:32
FNH:22
FNDA:2,setCurrentUser
FNDA:1,setCurrentUserFails
FNDA:1,setNewUser
FNDA:1,setNewUserFails
FNDA:1,setPasswordChange
FNDA:0,setPasswordChangeFails
FNDA:1,setforgotPassword
FNDA:0,forgotPasswordFailure
FNDA:0,resetPasswordSuccess
FNDA:0,resetPasswordFailure
FNDA:1,logout
FNDA:1,(anonymous_11)
FNDA:2,login
FNDA:2,(anonymous_13)
FNDA:1,(anonymous_14)
FNDA:1,(anonymous_15)
FNDA:2,signup
FNDA:2,(anonymous_17)
FNDA:1,(anonymous_18)
FNDA:1,(anonymous_19)
FNDA:2,changePassword
FNDA:2,(anonymous_21)
FNDA:1,(anonymous_22)
FNDA:0,(anonymous_23)
FNDA:2,forgotPassword
FNDA:2,(anonymous_25)
FNDA:1,(anonymous_26)
FNDA:0,(anonymous_27)
FNDA:0,resetPassword
FNDA:0,(anonymous_29)
FNDA:0,(anonymous_30)
FNDA:0,(anonymous_31)
DA:24,2
DA:36,1
DA:48,1
DA:62,1
DA:74,1
DA:86,0
DA:98,1
DA:110,0
DA:122,0
DA:134,0
DA:146,1
DA:147,1
DA:148,1
DA:149,1
DA:150,1
DA:151,1
DA:162,2
DA:164,1
DA:165,1
DA:166,1
DA:167,1
DA:168,1
DA:169,1
DA:172,1
DA:173,1
DA:184,2
DA:186,1
DA:187,1
DA:188,1
DA:191,1
DA:192,1
DA:203,2
DA:205,1
DA:206,1
DA:209,0
DA:210,0
DA:220,2
DA:222,1
DA:223,1
DA:226,0
DA:227,0
DA:239,0
DA:241,0
DA:242,0
DA:243,0
DA:246,0
DA:247,0
LF:47
LH:33
BRF:0
BRH:0
end_of_record
TN:
SF:/Users/andeladeveloper/Documents/backhellobooks-copy/client/src/actions/bookActions.js
FN:35,setBooks
FN:47,addBookBegins
FN:60,addBook
FN:73,addBookFails
FN:85,getBook
FN:97,getBookFails
FN:110,updateBookBegins
FN:121,getBorrowedBooksBegins
FN:132,getBorrowedBooksSuccess
FN:144,getBorrowedBooksFailure
FN:156,setBorrowHistoryBegin
FN:167,setBorrowHistory
FN:179,setBorrowHistoryFailure
FN:191,borrowBookBegins
FN:202,borrowBookSuccess
FN:214,borrowBookFailure
FN:226,returnBookBegins
FN:237,returnBookSuccess
FN:249,returnBookFailure
FN:263,updateBookSuccess
FN:277,updateBookFailure
FN:289,deleteBookBegins
FN:300,deleteBookSuccess
FN:312,deleteBookFailure
FN:324,getBooksByCategory
FN:337,getBooks
FN:338,(anonymous_26)
FN:339,(anonymous_27)
FN:342,(anonymous_28)
FN:355,searchBook
FN:356,(anonymous_30)
FN:358,(anonymous_31)
FN:364,(anonymous_32)
FN:374,getBookById
FN:375,(anonymous_34)
FN:376,(anonymous_35)
FN:379,(anonymous_36)
FN:389,getBooksByCat
FN:390,(anonymous_38)
FN:391,(anonymous_39)
FN:394,(anonymous_40)
FN:404,updateBook
FN:405,(anonymous_42)
FN:408,(anonymous_43)
FN:414,(anonymous_44)
FN:428,saveBooks
FN:429,(anonymous_46)
FN:432,(anonymous_47)
FN:436,(anonymous_48)
FN:452,borrowBook
FN:453,(anonymous_50)
FN:456,(anonymous_51)
FN:460,(anonymous_52)
FN:473,returnBook
FN:474,(anonymous_54)
FN:477,(anonymous_55)
FN:481,(anonymous_56)
FN:494,fetchBorrowedBooks
FN:495,(anonymous_58)
FN:498,(anonymous_59)
FN:501,(anonymous_60)
FN:515,fetchBorrowHistory
FN:516,(anonymous_62)
FN:519,(anonymous_63)
FN:522,(anonymous_64)
FN:536,deleteBook
FN:537,(anonymous_66)
FN:540,(anonymous_67)
FN:545,(anonymous_68)
FNF:69
FNH:0
FNDA:0,setBooks
FNDA:0,addBookBegins
FNDA:0,addBook
FNDA:0,addBookFails
FNDA:0,getBook
FNDA:0,getBookFails
FNDA:0,updateBookBegins
FNDA:0,getBorrowedBooksBegins
FNDA:0,getBorrowedBooksSuccess
FNDA:0,getBorrowedBooksFailure
FNDA:0,setBorrowHistoryBegin
FNDA:0,setBorrowHistory
FNDA:0,setBorrowHistoryFailure
FNDA:0,borrowBookBegins
FNDA:0,borrowBookSuccess
FNDA:0,borrowBookFailure
FNDA:0,returnBookBegins
FNDA:0,returnBookSuccess
FNDA:0,returnBookFailure
FNDA:0,updateBookSuccess
FNDA:0,updateBookFailure
FNDA:0,deleteBookBegins
FNDA:0,deleteBookSuccess
FNDA:0,deleteBookFailure
FNDA:0,getBooksByCategory
FNDA:0,getBooks
FNDA:0,(anonymous_26)
FNDA:0,(anonymous_27)
FNDA:0,(anonymous_28)
FNDA:0,searchBook
FNDA:0,(anonymous_30)
FNDA:0,(anonymous_31)
FNDA:0,(anonymous_32)
FNDA:0,getBookById
FNDA:0,(anonymous_34)
FNDA:0,(anonymous_35)
FNDA:0,(anonymous_36)
FNDA:0,getBooksByCat
FNDA:0,(anonymous_38)
FNDA:0,(anonymous_39)
FNDA:0,(anonymous_40)
FNDA:0,updateBook
FNDA:0,(anonymous_42)
FNDA:0,(anonymous_43)
FNDA:0,(anonymous_44)
FNDA:0,saveBooks
FNDA:0,(anonymous_46)
FNDA:0,(anonymous_47)
FNDA:0,(anonymous_48)
FNDA:0,borrowBook
FNDA:0,(anonymous_50)
FNDA:0,(anonymous_51)
FNDA:0,(anonymous_52)
FNDA:0,returnBook
FNDA:0,(anonymous_54)
FNDA:0,(anonymous_55)
FNDA:0,(anonymous_56)
FNDA:0,fetchBorrowedBooks
FNDA:0,(anonymous_58)
FNDA:0,(anonymous_59)
FNDA:0,(anonymous_60)
FNDA:0,fetchBorrowHistory
FNDA:0,(anonymous_62)
FNDA:0,(anonymous_63)
FNDA:0,(anonymous_64)
FNDA:0,deleteBook
FNDA:0,(anonymous_66)
FNDA:0,(anonymous_67)
FNDA:0,(anonymous_68)
DA:36,0
DA:48,0
DA:61,0
DA:74,0
DA:86,0
DA:98,0
DA:111,0
DA:122,0
DA:133,0
DA:145,0
DA:157,0
DA:168,0
DA:180,0
DA:192,0
DA:203,0
DA:215,0
DA:227,0
DA:238,0
DA:250,0
DA:264,0
DA:278,0
DA:290,0
DA:301,0
DA:313,0
DA:325,0
DA:338,0
DA:340,0
DA:343,0
DA:356,0
DA:357,0
DA:359,0
DA:360,0
DA:362,0
DA:365,0
DA:375,0
DA:377,0
DA:380,0
DA:390,0
DA:392,0
DA:394,0
DA:405,0
DA:406,0
DA:407,0
DA:409,0
DA:410,0
DA:411,0
DA:412,0
DA:415,0
DA:416,0
DA:417,0
DA:429,0
DA:430,0
DA:431,0
DA:433,0
DA:434,0
DA:437,0
DA:438,0
DA:453,0
DA:454,0
DA:455,0
DA:457,0
DA:458,0
DA:461,0
DA:462,0
DA:474,0
DA:475,0
DA:476,0
DA:478,0
DA:479,0
DA:482,0
DA:483,0
DA:495,0
DA:496,0
DA:497,0
DA:499,0
DA:502,0
DA:503,0
DA:516,0
DA:517,0
DA:518,0
DA:520,0
DA:523,0
DA:524,0
DA:525,0
DA:537,0
DA:538,0
DA:539,0
DA:541,0
DA:542,0
DA:543,0
DA:546,0
DA:547,0
LF:92
LH:0
BRDA:359,0,0,0
BRDA:359,0,1,0
BRF:2
BRH:0
end_of_record
TN:
SF:/Users/andeladeveloper/Documents/backhellobooks-copy/client/src/actions/categoryActions.js
FN:15,setCategory
FN:27,addCategoryBegins
FN:39,addCategorySuccess
FN:53,addCategoryFailure
FN:64,getCategories
FN:65,(anonymous_5)
FN:66,(anonymous_6)
FN:70,(anonymous_7)
FN:80,saveCategory
FN:81,(anonymous_9)
FN:84,(anonymous_10)
FN:88,(anonymous_11)
FN:101,deleteCategory
FN:102,(anonymous_13)
FN:105,(anonymous_14)
FN:109,(anonymous_15)
FNF:16
FNH:0
FNDA:0,setCategory
FNDA:0,addCategoryBegins
FNDA:0,addCategorySuccess
FNDA:0,addCategoryFailure
FNDA:0,getCategories
FNDA:0,(anonymous_5)
FNDA:0,(anonymous_6)
FNDA:0,(anonymous_7)
FNDA:0,saveCategory
FNDA:0,(anonymous_9)
FNDA:0,(anonymous_10)
FNDA:0,(anonymous_11)
FNDA:0,deleteCategory
FNDA:0,(anonymous_13)
FNDA:0,(anonymous_14)
FNDA:0,(anonymous_15)
DA:16,0
DA:28,0
DA:40,0
DA:54,0
DA:65,0
DA:67,0
DA:68,0
DA:70,0
DA:81,0
DA:82,0
DA:83,0
DA:85,0
DA:86,0
DA:89,0
DA:102,0
DA:103,0
DA:104,0
DA:106,0
DA:107,0
DA:110,0
DA:111,0
LF:21
LH:0
BRF:0
BRH:0
end_of_record
TN:
SF:/Users/andeladeveloper/Documents/backhellobooks-copy/client/src/components/auth/auth.jsx
FN:28,(anonymous_0)
FN:50,(anonymous_1)
FN:60,(anonymous_2)
FN:76,(anonymous_3)
FN:87,(anonymous_4)
FN:99,(anonymous_5)
FN:116,(anonymous_6)
FNF:7
FNH:0
FNDA:0,(anonymous_0)
FNDA:0,(anonymous_1)
FNDA:0,(anonymous_2)
FNDA:0,(anonymous_3)
FNDA:0,(anonymous_4)
FNDA:0,(anonymous_5)
FNDA:0,(anonymous_6)
DA:10,1
DA:29,0
DA:30,0
DA:39,0
DA:40,0
DA:41,0
DA:51,0
DA:61,0
DA:62,0
DA:63,0
DA:64,0
DA:66,0
DA:77,0
DA:78,0
DA:88,0
DA:89,0
DA:90,0
DA:100,0
DA:101,0
DA:114,1
DA:116,1
DA:119,1
LF:22
LH:4
BRDA:62,0,0,0
BRDA:62,0,1,0
BRDA:89,1,0,0
BRDA:89,1,1,0
BRDA:101,2,0,0
BRDA:101,2,1,0
BRF:6
BRH:0
end_of_record
TN:
SF:/Users/andeladeveloper/Documents/backhellobooks-copy/client/src/components/auth/authForm.jsx
FN:13,(anonymous_0)
FNF:1
FNH:0
FNDA:0,(anonymous_0)
DA:7,1
DA:13,1
DA:14,0
DA:15,0
DA:104,1
LF:5
LH:3
BRDA:65,0,0,0
BRDA:65,0,1,0
BRDA:76,1,0,0
BRDA:76,1,1,0
BRDA:79,2,0,0
BRDA:79,2,1,0
BRDA:90,3,0,0
BRDA:90,3,1,0
BRF:8
BRH:0
end_of_record
TN:
SF:/Users/andeladeveloper/Documents/backhellobooks-copy/client/src/components/auth/changePasswordForm.jsx
FN:16,(anonymous_0)
FNF:1
FNH:0
FNDA:0,(anonymous_0)
DA:7,1
DA:16,1
DA:17,0
DA:18,0
DA:71,1
LF:5
LH:3
BRDA:17,0,0,0
BRDA:17,0,1,0
BRDA:48,1,0,0
BRDA:48,1,1,0
BRDA:59,2,0,0
BRDA:59,2,1,0
BRF:6
BRH:0
end_of_record
TN:
SF:/Users/andeladeveloper/Documents/backhellobooks-copy/client/src/components/auth/forgotPasswordForm.jsx
FN:11,(anonymous_0)
FNF:1
FNH:0
FNDA:0,(anonymous_0)
DA:5,1
DA:11,1
DA:12,0
DA:43,1
LF:4
LH:3
BRF:0
BRH:0
end_of_record
TN:
SF:/Users/andeladeveloper/Documents/backhellobooks-copy/client/src/components/auth/password.jsx
FN:31,(anonymous_0)
FN:53,(anonymous_1)
FN:64,(anonymous_2)
FN:79,(anonymous_3)
FN:92,(anonymous_4)
FN:103,(anonymous_5)
FN:116,(anonymous_6)
FN:161,(anonymous_7)
FNF:8
FNH:0
FNDA:0,(anonymous_0)
FNDA:0,(anonymous_1)
FNDA:0,(anonymous_2)
FNDA:0,(anonymous_3)
FNDA:0,(anonymous_4)
FNDA:0,(anonymous_5)
FNDA:0,(anonymous_6)
FNDA:0,(anonymous_7)
DA:12,1
DA:32,0
DA:33,0
DA:41,0
DA:42,0
DA:43,0
DA:44,0
DA:54,0
DA:65,0
DA:66,0
DA:67,0
DA:68,0
DA:70,0
DA:80,0
DA:81,0
DA:82,0
DA:93,0
DA:94,0
DA:104,0
DA:105,0
DA:106,0
DA:117,0
DA:118,0
DA:119,0
DA:121,0
DA:149,1
DA:155,1
DA:159,1
DA:161,1
DA:163,1
LF:30
LH:6
BRDA:66,0,0,0
BRDA:66,0,1,0
BRDA:81,1,0,0
BRDA:81,1,1,0
BRDA:105,2,0,0
BRDA:105,2,1,0
BRDA:123,3,0,0
BRDA:123,3,1,0
BRDA:129,4,0,0
BRDA:129,4,1,0
BRDA:135,5,0,0
BRDA:135,5,1,0
BRF:12
BRH:0
end_of_record
TN:
SF:/Users/andeladeveloper/Documents/backhellobooks-copy/client/src/components/auth/resetPasswordForm.jsx
FN:12,(anonymous_0)
FNF:1
FNH:0
FNDA:0,(anonymous_0)
DA:5,1
DA:12,1
DA:13,0
DA:14,0
DA:59,1
LF:5
LH:3
BRDA:35,0,0,0
BRDA:35,0,1,0
BRDA:46,1,0,0
BRDA:46,1,1,0
BRF:4
BRH:0
end_of_record
TN:
SF:/Users/andeladeveloper/Documents/backhellobooks-copy/client/src/components/books/allbooks.jsx
FN:35,(anonymous_0)
FN:59,(anonymous_1)
FN:69,(anonymous_2)
FN:87,(anonymous_3)
FN:111,(anonymous_4)
FNF:5
FNH:0
FNDA:0,(anonymous_0)
FNDA:0,(anonymous_1)
FNDA:0,(anonymous_2)
FNDA:0,(anonymous_3)
FNDA:0,(anonymous_4)
DA:13,1
DA:36,0
DA:37,0
DA:49,0
DA:50,0
DA:51,0
DA:60,0
DA:70,0
DA:73,0
DA:74,0
DA:75,0
DA:76,0
DA:88,0
DA:106,1
DA:109,1
DA:111,1
DA:118,1
LF:17
LH:5
BRDA:75,0,0,0
BRDA:75,0,1,0
BRDA:75,1,0,0
BRDA:75,1,1,0
BRF:4
BRH:0
end_of_record
TN:
SF:/Users/andeladeveloper/Documents/backhellobooks-copy/client/src/components/books/bookForm.jsx
FN:12,(anonymous_0)
FN:35,(anonymous_1)
FNF:2
FNH:0
FNDA:0,(anonymous_0)
FNDA:0,(anonymous_1)
DA:4,1
DA:12,1
DA:13,0
DA:14,0
DA:36,0
DA:141,1
LF:6
LH:3
BRDA:13,0,0,0
BRDA:13,0,1,0
BRDA:34,1,0,0
BRDA:34,1,1,0
BRDA:34,2,0,0
BRDA:34,2,1,0
BRDA:36,3,0,0
BRDA:36,3,1,0
BRDA:36,4,0,0
BRDA:36,4,1,0
BRDA:41,5,0,0
BRDA:41,5,1,0
BRDA:51,6,0,0
BRDA:51,6,1,0
BRDA:61,7,0,0
BRDA:61,7,1,0
BRDA:73,8,0,0
BRDA:73,8,1,0
BRDA:75,9,0,0
BRDA:75,9,1,0
BRDA:79,10,0,0
BRDA:79,10,1,0
BRDA:90,11,0,0
BRDA:90,11,1,0
BRDA:100,12,0,0
BRDA:100,12,1,0
BRDA:110,13,0,0
BRDA:110,13,1,0
BRDA:120,14,0,0
BRDA:120,14,1,0
BRDA:131,15,0,0
BRDA:131,15,1,0
BRF:32
BRH:0
end_of_record
TN:
SF:/Users/andeladeveloper/Documents/backhellobooks-copy/client/src/components/books/bookcat.jsx
FN:33,(anonymous_0)
FN:56,(anonymous_1)
FN:67,(anonymous_2)
FN:79,(anonymous_3)
FN:106,(anonymous_4)
FNF:5
FNH:0
FNDA:0,(anonymous_0)
FNDA:0,(anonymous_1)
FNDA:0,(anonymous_2)
FNDA:0,(anonymous_3)
FNDA:0,(anonymous_4)
DA:13,1
DA:34,0
DA:35,0
DA:45,0
DA:46,0
DA:47,0
DA:57,0
DA:58,0
DA:68,0
DA:69,0
DA:80,0
DA:81,0
DA:100,1
DA:102,1
DA:106,1
DA:112,1
LF:16
LH:5
BRDA:68,0,0,0
BRDA:68,0,1,0
BRF:2
BRH:0
end_of_record
TN:
SF:/Users/andeladeveloper/Documents/backhellobooks-copy/client/src/components/books/booksList.jsx
FN:22,(anonymous_0)
FN:39,(anonymous_1)
FNF:2
FNH:0
FNDA:0,(anonymous_0)
FNDA:0,(anonymous_1)
DA:11,1
DA:22,1
DA:23,0
DA:26,0
DA:38,0
DA:40,0
DA:60,0
DA:96,1
LF:8
LH:3
BRDA:23,0,0,0
BRDA:23,0,1,0
BRDA:27,1,0,0
BRDA:27,1,1,0
BRDA:38,2,0,0
BRDA:38,2,1,0
BRDA:38,3,0,0
BRDA:38,3,1,0
BRF:8
BRH:0
end_of_record
TN:
SF:/Users/andeladeveloper/Documents/backhellobooks-copy/client/src/components/books/categoryForm.jsx
FN:10,(anonymous_0)
FNF:1
FNH:0
FNDA:0,(anonymous_0)
DA:4,1
DA:10,1
DA:11,0
DA:12,0
DA:39,1
LF:5
LH:3
BRDA:11,0,0,0
BRDA:11,0,1,0
BRDA:14,1,0,0
BRDA:14,1,1,0
BRDA:23,2,0,0
BRDA:23,2,1,0
BRF:6
BRH:0
end_of_record
TN:
SF:/Users/andeladeveloper/Documents/backhellobooks-copy/client/src/components/books/commonActions.jsx
FN:10,onChange
FN:19,openUploadWidget
FN:28,(anonymous_2)
FN:38,openAddBookModal
FN:49,isBookValid
FN:65,onAddBook
FN:72,openAddCategoryModal
FN:83,isCategoryValid
FN:97,onSaveCategory
FN:109,handleSelect
FN:120,searchBooks
FN:130,searchBookByCategory
FNF:12
FNH:0
FNDA:0,onChange
FNDA:0,openUploadWidget
FNDA:0,(anonymous_2)
FNDA:0,openAddBookModal
FNDA:0,isBookValid
FNDA:0,onAddBook
FNDA:0,openAddCategoryModal
FNDA:0,isCategoryValid
FNDA:0,onSaveCategory
FNDA:0,handleSelect
FNDA:0,searchBooks
FNDA:0,searchBookByCategory
DA:11,0
DA:20,0
DA:29,0
DA:39,0
DA:40,0
DA:50,0
DA:51,0
DA:52,0
DA:53,0
DA:55,0
DA:66,0
DA:67,0
DA:68,0
DA:73,0
DA:74,0
DA:84,0
DA:85,0
DA:86,0
DA:87,0
DA:89,0
DA:98,0
DA:99,0
DA:100,0
DA:110,0
DA:111,0
DA:112,0
DA:121,0
DA:122,0
DA:131,0
DA:132,0
LF:30
LH:0
BRDA:51,0,0,0
BRDA:51,0,1,0
BRDA:67,1,0,0
BRDA:67,1,1,0
BRDA:85,2,0,0
BRDA:85,2,1,0
BRDA:99,3,0,0
BRDA:99,3,1,0
BRF:8
BRH:0
end_of_record
TN:
SF:/Users/andeladeveloper/Documents/backhellobooks-copy/client/src/components/books/getbook.jsx
FN:37,(anonymous_0)
FN:66,(anonymous_1)
FN:77,(anonymous_2)
FN:103,(anonymous_3)
FN:112,(anonymous_4)
FN:122,(anonymous_5)
FN:141,(anonymous_6)
FN:148,(anonymous_7)
FN:162,(anonymous_8)
FN:187,(anonymous_9)
FNF:10
FNH:0
FNDA:0,(anonymous_0)
FNDA:0,(anonymous_1)
FNDA:0,(anonymous_2)
FNDA:0,(anonymous_3)
FNDA:0,(anonymous_4)
FNDA:0,(anonymous_5)
FNDA:0,(anonymous_6)
FNDA:0,(anonymous_7)
FNDA:0,(anonymous_8)
FNDA:0,(anonymous_9)
DA:14,1
DA:38,0
DA:39,0
DA:52,0
DA:53,0
DA:54,0
DA:55,0
DA:56,0
DA:57,0
DA:58,0
DA:67,0
DA:68,0
DA:78,0
DA:79,0
DA:80,0
DA:104,0
DA:113,0
DA:114,0
DA:123,0
DA:124,0
DA:125,0
DA:142,0
DA:149,0
DA:150,0
DA:151,0
DA:163,0
DA:181,1
DA:183,1
DA:187,1
LF:29
LH:4
BRDA:79,0,0,0
BRDA:79,0,1,0
BRDA:149,1,0,0
BRDA:149,1,1,0
BRF:4
BRH:0
end_of_record
TN:
SF:/Users/andeladeveloper/Documents/backhellobooks-copy/client/src/components/books/viewbook.jsx
FN:22,(anonymous_0)
FN:26,(anonymous_1)
FN:28,(anonymous_2)
FN:33,(anonymous_3)
FN:40,(anonymous_4)
FN:50,(anonymous_5)
FNF:6
FNH:0
FNDA:0,(anonymous_0)
FNDA:0,(anonymous_1)
FNDA:0,(anonymous_2)
FNDA:0,(anonymous_3)
FNDA:0,(anonymous_4)
FNDA:0,(anonymous_5)
DA:10,1
DA:22,1
DA:23,0
DA:24,0
DA:26,0
DA:27,0
DA:28,0
DA:33,0
DA:34,0
DA:40,0
DA:50,0
DA:57,0
DA:102,1
LF:13
LH:3
BRDA:80,0,0,0
BRDA:80,0,1,0
BRF:2
BRH:0
end_of_record
TN:
SF:/Users/andeladeveloper/Documents/backhellobooks-copy/client/src/components/borrowed/borrowed.jsx
FN:31,(anonymous_0)
FN:49,(anonymous_1)
FN:63,(anonymous_2)
FN:75,(anonymous_3)
FN:87,(anonymous_4)
FN:98,(anonymous_5)
FN:119,(anonymous_6)
FNF:7
FNH:0
FNDA:0,(anonymous_0)
FNDA:0,(anonymous_1)
FNDA:0,(anonymous_2)
FNDA:0,(anonymous_3)
FNDA:0,(anonymous_4)
FNDA:0,(anonymous_5)
FNDA:0,(anonymous_6)
DA:8,1
DA:32,0
DA:33,0
DA:40,0
DA:41,0
DA:50,0
DA:51,0
DA:52,0
DA:54,0
DA:64,0
DA:65,0
DA:76,0
DA:77,0
DA:78,0
DA:88,0
DA:99,0
DA:100,0
DA:101,0
DA:119,1
DA:126,1
LF:20
LH:3
BRDA:51,0,0,0
BRDA:51,0,1,0
BRDA:64,1,0,0
BRDA:64,1,1,0
BRDA:100,2,0,0
BRDA:100,2,1,0
BRF:6
BRH:0
end_of_record
TN:
SF:/Users/andeladeveloper/Documents/backhellobooks-copy/client/src/components/borrowed/userRecordsDisplay.jsx
FN:20,(anonymous_0)
FN:36,(anonymous_1)
FN:41,(anonymous_2)
FN:44,(anonymous_3)
FN:48,(anonymous_4)
FN:67,(anonymous_5)
FNF:6
FNH:0
FNDA:0,(anonymous_0)
FNDA:0,(anonymous_1)
FNDA:0,(anonymous_2)
FNDA:0,(anonymous_3)
FNDA:0,(anonymous_4)
FNDA:0,(anonymous_5)
DA:11,1
DA:20,1
DA:21,0
DA:22,0
DA:24,0
DA:36,0
DA:41,0
DA:42,0
DA:44,0
DA:45,0
DA:48,0
DA:55,0
DA:68,0
DA:82,0
DA:101,1
LF:15
LH:3
BRDA:22,0,0,0
BRDA:22,0,1,0
BRDA:25,1,0,0
BRDA:25,1,1,0
BRDA:38,2,0,0
BRDA:38,2,1,0
BRDA:42,3,0,0
BRDA:42,3,1,0
BRDA:62,4,0,0
BRDA:62,4,1,0
BRDA:63,5,0,0
BRDA:63,5,1,0
BRDA:66,6,0,0
BRDA:66,6,1,0
BRDA:66,7,0,0
BRDA:66,7,1,0
BRDA:74,8,0,0
BRDA:74,8,1,0
BRDA:75,9,0,0
BRDA:75,9,1,0
BRDA:95,10,0,0
BRDA:95,10,1,0
BRF:22
BRH:0
end_of_record
TN:
SF:/Users/andeladeveloper/Documents/backhellobooks-copy/client/src/components/common/myroutes.jsx
FN:14,(anonymous_0)
FNF:1
FNH:1
FNDA:1,(anonymous_0)
DA:14,1
DA:15,1
LF:2
LH:2
BRF:0
BRH:0
end_of_record
TN:
SF:/Users/andeladeveloper/Documents/backhellobooks-copy/client/src/components/common/notfound.jsx
FN:7,(anonymous_0)
FNF:1
FNH:1
FNDA:1,(anonymous_0)
DA:7,1
DA:8,1
LF:2
LH:2
BRF:0
BRH:0
end_of_record
TN:
SF:/Users/andeladeveloper/Documents/backhellobooks-copy/client/src/components/header/header.jsx
FN:22,(anonymous_0)
FN:34,(anonymous_1)
FN:43,(anonymous_2)
FN:52,(anonymous_3)
FN:59,(anonymous_4)
FN:148,(anonymous_5)
FNF:6
FNH:0
FNDA:0,(anonymous_0)
FNDA:0,(anonymous_1)
FNDA:0,(anonymous_2)
FNDA:0,(anonymous_3)
FNDA:0,(anonymous_4)
FNDA:0,(anonymous_5)
DA:23,0
DA:24,0
DA:35,0
DA:44,0
DA:45,0
DA:53,0
DA:54,0
DA:55,0
DA:56,0
DA:58,0
DA:60,0
DA:68,0
DA:74,0
DA:80,0
DA:108,0
DA:114,0
DA:139,1
DA:140,1
DA:148,1
LF:19
LH:3
BRDA:54,0,0,0
BRDA:54,0,1,0
BRDA:58,1,0,0
BRDA:58,1,1,0
BRDA:58,2,0,0
BRDA:58,2,1,0
BRDA:99,3,0,0
BRDA:99,3,1,0
BRDA:131,4,0,0
BRDA:131,4,1,0
BRF:10
BRH:0
end_of_record
TN:
SF:/Users/andeladeveloper/Documents/backhellobooks-copy/client/src/components/sidebar/showSidebar.jsx
FN:12,(anonymous_0)
FN:17,(anonymous_1)
FNF:2
FNH:0
FNDA:0,(anonymous_0)
FNDA:0,(anonymous_1)
DA:5,1
DA:12,1
DA:13,0
DA:14,0
DA:15,0
DA:16,0
DA:18,0
DA:24,0
DA:30,0
DA:36,0
DA:70,1
LF:11
LH:3
BRDA:13,0,0,0
BRDA:13,0,1,0
BRDA:14,1,0,0
BRDA:14,1,1,0
BRDA:16,2,0,0
BRDA:16,2,1,0
BRDA:16,3,0,0
BRDA:16,3,1,0
BRDA:49,4,0,0
BRDA:49,4,1,0
BRF:10
BRH:0
end_of_record
TN:
SF:/Users/andeladeveloper/Documents/backhellobooks-copy/client/src/components/sidebar/sidebar.jsx
FN:40,(anonymous_0)
FN:72,(anonymous_1)
FN:113,(anonymous_2)
FNF:3
FNH:0
FNDA:0,(anonymous_0)
FNDA:0,(anonymous_1)
FNDA:0,(anonymous_2)
DA:22,1
DA:41,0
DA:42,0
DA:58,0
DA:59,0
DA:60,0
DA:61,0
DA:62,0
DA:63,0
DA:73,0
DA:107,1
DA:109,1
DA:113,1
DA:118,1
LF:14
LH:5
BRF:0
BRH:0
end_of_record
TN:
SF:/Users/andeladeveloper/Documents/backhellobooks-copy/client/src/components/utils/validateBook.js
FN:11,validateBook
FNF:1
FNH:0
FNDA:0,validateBook
DA:12,0
DA:14,0
DA:15,0
DA:17,0
DA:18,0
DA:20,0
DA:21,0
DA:24,0
DA:25,0
DA:27,0
DA:28,0
DA:31,0
DA:32,0
DA:35,0
DA:36,0
DA:38,0
DA:39,0
DA:41,0
DA:42,0
DA:44,0
DA:45,0
DA:48,0
LF:22
LH:0
BRDA:14,0,0,0
BRDA:14,0,1,0
BRDA:14,1,0,0
BRDA:14,1,1,0
BRDA:17,2,0,0
BRDA:17,2,1,0
BRDA:20,3,0,0
BRDA:20,3,1,0
BRDA:20,4,0,0
BRDA:20,4,1,0
BRDA:24,5,0,0
BRDA:24,5,1,0
BRDA:24,6,0,0
BRDA:24,6,1,0
BRDA:27,7,0,0
BRDA:27,7,1,0
BRDA:31,8,0,0
BRDA:31,8,1,0
BRDA:35,9,0,0
BRDA:35,9,1,0
BRDA:38,10,0,0
BRDA:38,10,1,0
BRDA:41,11,0,0
BRDA:41,11,1,0
BRDA:44,12,0,0
BRDA:44,12,1,0
BRF:26
BRH:0
end_of_record
TN:
SF:/Users/andeladeveloper/Documents/backhellobooks-copy/client/src/components/utils/validateCategory.js
FN:11,validateBook
FNF:1
FNH:0
FNDA:0,validateBook
DA:12,0
DA:14,0
DA:15,0
DA:18,0
LF:4
LH:0
BRDA:14,0,0,0
BRDA:14,0,1,0
BRDA:14,1,0,0
BRDA:14,1,1,0
BRF:4
BRH:0
end_of_record
TN:
SF:/Users/andeladeveloper/Documents/backhellobooks-copy/client/src/components/utils/validatePassword.js
FN:11,validateInput
FNF:1
FNH:0
FNDA:0,validateInput
DA:12,0
DA:14,0
DA:15,0
DA:18,0
DA:19,0
DA:22,0
LF:6
LH:0
BRDA:14,0,0,0
BRDA:14,0,1,0
BRDA:14,1,0,0
BRDA:14,1,1,0
BRDA:18,2,0,0
BRDA:18,2,1,0
BRF:6
BRH:0
end_of_record
TN:
SF:/Users/andeladeveloper/Documents/backhellobooks-copy/client/src/components/utils/validateSignUp.js
FN:11,validateInput
FNF:1
FNH:0
FNDA:0,validateInput
DA:12,0
DA:14,0
DA:15,0
DA:17,0
DA:18,0
DA:21,0
DA:22,0
DA:25,0
DA:26,0
DA:29,0
LF:10
LH:0
BRDA:14,0,0,0
BRDA:14,0,1,0
BRDA:14,1,0,0
BRDA:14,1,1,0
BRDA:17,2,0,0
BRDA:17,2,1,0
BRDA:21,3,0,0
BRDA:21,3,1,0
BRDA:25,4,0,0
BRDA:25,4,1,0
BRF:10
BRH:0
end_of_record
TN:
SF:/Users/andeladeveloper/Documents/backhellobooks-copy/client/src/helper/adminAuth.js
FN:13,AdminAuth
FN:26,(anonymous_1)
FN:42,(anonymous_2)
FN:54,(anonymous_3)
FN:76,mapStateToProps
FNF:5
FNH:0
FNDA:0,AdminAuth
FNDA:0,(anonymous_1)
FNDA:0,(anonymous_2)
FNDA:0,(anonymous_3)
FNDA:0,mapStateToProps
DA:27,0
DA:28,0
DA:32,0
DA:43,0
DA:44,0
DA:55,0
DA:61,0
DA:66,0
DA:77,0
DA:82,0
LF:10
LH:0
BRDA:27,0,0,0
BRDA:27,0,1,0
BRDA:43,1,0,0
BRDA:43,1,1,0
BRF:4
BRH:0
end_of_record
TN:
SF:/Users/andeladeveloper/Documents/backhellobooks-copy/client/src/helper/authenticate.js
FN:12,Authenticate
FN:25,(anonymous_1)
FN:38,(anonymous_2)
FN:50,(anonymous_3)
FN:71,mapStateToProps
FNF:5
FNH:1
FNDA:5,Authenticate
FNDA:0,(anonymous_1)
FNDA:0,(anonymous_2)
FNDA:0,(anonymous_3)
FNDA:0,mapStateToProps
DA:26,0
DA:27,0
DA:28,0
DA:39,0
DA:40,0
DA:51,0
DA:57,5
DA:61,5
DA:72,0
DA:77,5
LF:10
LH:3
BRDA:26,0,0,0
BRDA:26,0,1,0
BRDA:39,1,0,0
BRDA:39,1,1,0
BRF:4
BRH:0
end_of_record
TN:
SF:/Users/andeladeveloper/Documents/backhellobooks-copy/client/src/reducers/auth.js
FN:5,(anonymous_0)
FNF:1
FNH:1
FNDA:3,(anonymous_0)
DA:6,3
DA:8,0
DA:13,0
DA:18,0
DA:23,0
DA:27,0
DA:32,0
DA:37,0
DA:43,0
DA:49,0
DA:55,0
DA:61,0
DA:67,3
LF:13
LH:2
BRDA:5,0,0,3
BRDA:5,1,0,0
BRDA:6,2,0,0
BRDA:6,2,1,0
BRDA:6,2,2,0
BRDA:6,2,3,0
BRDA:6,2,4,0
BRDA:6,2,5,0
BRDA:6,2,6,0
BRDA:6,2,7,0
BRDA:6,2,8,0
BRDA:6,2,9,0
BRDA:6,2,10,0
BRDA:6,2,11,3
BRF:14
BRH:2
end_of_record
TN:
SF:/Users/andeladeveloper/Documents/backhellobooks-copy/client/src/reducers/book.js
FN:3,(anonymous_0)
FNF:1
FNH:1
FNDA:3,(anonymous_0)
DA:4,3
DA:6,0
DA:12,0
DA:17,3
LF:4
LH:2
BRDA:3,0,0,3
BRDA:3,1,0,0
BRDA:3,2,0,3
BRDA:4,3,0,0
BRDA:4,3,1,0
BRDA:4,3,2,3
BRF:6
BRH:3
end_of_record
TN:
SF:/Users/andeladeveloper/Documents/backhellobooks-copy/client/src/reducers/books.js
FN:3,(anonymous_0)
FNF:1
FNH:1
FNDA:3,(anonymous_0)
DA:4,3
DA:6,0
DA:11,0
DA:16,0
DA:22,0
DA:28,0
DA:33,0
DA:38,0
DA:44,0
DA:49,0
DA:55,0
DA:61,0
DA:67,3
LF:13
LH:2
BRDA:3,0,0,3
BRDA:3,1,0,0
BRDA:3,2,0,3
BRDA:4,3,0,0
BRDA:4,3,1,0
BRDA:4,3,2,0
BRDA:4,3,3,0
BRDA:4,3,4,0
BRDA:4,3,5,0
BRDA:4,3,6,0
BRDA:4,3,7,0
BRDA:4,3,8,0
BRDA:4,3,9,0
BRDA:4,3,10,0
BRDA:4,3,11,3
BRF:15
BRH:3
end_of_record
TN:
SF:/Users/andeladeveloper/Documents/backhellobooks-copy/client/src/reducers/booksCategory.js
FN:3,(anonymous_0)
FNF:1
FNH:1
FNDA:3,(anonymous_0)
DA:4,3
DA:6,0
DA:12,0
DA:13,3
LF:4
LH:2
BRDA:3,0,0,3
BRDA:3,1,0,0
BRDA:4,2,0,0
BRDA:4,2,1,3
BRF:4
BRH:2
end_of_record
TN:
SF:/Users/andeladeveloper/Documents/backhellobooks-copy/client/src/reducers/borrowedBooks.js
FN:4,(anonymous_0)
FN:14,(anonymous_1)
FNF:2
FNH:1
FNDA:3,(anonymous_0)
FNDA:0,(anonymous_1)
DA:5,3
DA:7,0
DA:11,0
DA:15,0
DA:20,0
DA:26,0
DA:32,0
DA:38,0
DA:42,0
DA:50,0
DA:56,0
DA:57,3
LF:12
LH:2
BRDA:4,0,0,3
BRDA:4,1,0,0
BRDA:5,2,0,0
BRDA:5,2,1,0
BRDA:5,2,2,0
BRDA:5,2,3,0
BRDA:5,2,4,0
BRDA:5,2,5,0
BRDA:5,2,6,0
BRDA:5,2,7,0
BRDA:5,2,8,3
BRF:11
BRH:2
end_of_record
TN:
SF:/Users/andeladeveloper/Documents/backhellobooks-copy/client/src/reducers/categories.js
FN:3,(anonymous_0)
FNF:1
FNH:1
FNDA:3,(anonymous_0)
DA:4,3
DA:6,0
DA:11,0
DA:17,0
DA:23,0
DA:28,0
DA:35,0
DA:40,3
LF:8
LH:2
BRDA:3,0,0,3
BRDA:3,1,0,0
BRDA:4,2,0,0
BRDA:4,2,1,0
BRDA:4,2,2,0
BRDA:4,2,3,0
BRDA:4,2,4,0
BRDA:4,2,5,0
BRDA:4,2,6,3
BRF:9
BRH:2
end_of_record
TN:
SF:/Users/andeladeveloper/Documents/backhellobooks-copy/client/src/reducers/rootReducer.js
FNF:0
FNH:0
DA:9,1
LF:1
LH:1
BRF:0
BRH:0
end_of_record
TN:
SF:/Users/andeladeveloper/Documents/backhellobooks-copy/client/src/store/store.js
FN:8,(anonymous_0)
FNF:1
FNH:1
FNDA:1,(anonymous_0)
DA:5,1
DA:8,1
LF:2
LH:2
BRDA:8,0,0,0
BRDA:8,0,1,1
BRF:2
BRH:1
end_of_record
TN:
SF:/Users/andeladeveloper/Documents/backhellobooks-copy/client/src/utils/setAuthorizationToken.js
FN:3,(anonymous_0)
FNF:1
FNH:1
FNDA:2,(anonymous_0)
DA:3,2
DA:4,2
DA:5,1
DA:7,1
LF:4
LH:4
BRDA:4,0,0,1
BRDA:4,0,1,1
BRF:2
BRH:2
end_of_record
TN:
SF:/Users/andeladeveloper/Documents/backhellobooks-copy/client/test/jestsetup.js
FNF:0
FNH:0
DA:5,2
DA:6,2
LF:2
LH:2
BRF:0
BRH:0
end_of_record
TN:
SF:/Users/andeladeveloper/Documents/backhellobooks-copy/client/test/mock/localStorage.js
FN:12,(anonymous_0)
FN:22,(anonymous_1)
FN:32,(anonymous_2)
FN:41,(anonymous_3)
FNF:4
FNH:2
FNDA:1,(anonymous_0)
FNDA:0,(anonymous_1)
FNDA:1,(anonymous_2)
FNDA:0,(anonymous_3)
DA:13,1
DA:23,0
DA:33,1
DA:42,0
LF:4
LH:2
BRF:0
BRH:0
end_of_record
TN:
SF:/Users/andeladeveloper/Documents/backhellobooks-copy/client/test/mock/user.js
FNF:0
FNH:0
DA:1,1
DA:10,1
DA:14,1
DA:18,1
DA:22,1
DA:26,1
LF:6
LH:6
BRF:0
BRH:0
end_of_record
